<?xml version="1.0" encoding="UTF-8"?>
<testsuites name="AccountSystem01-02-03-04" time="63" tests="4" failures="0" errors="0">
   <testsuite name="AccountSystem01-02-03-04" tests="4" failures="0" errors="0" time="63" timestamp="2019-04-03 14:43:56" hostname="Ninja - AnhNVSE63446" id="Test Suites/AccountSystem01-02-03-04">
      <properties>
         <property name="deviceName" value=""/>
         <property name="devicePlatform" value=""/>
         <property name="logFolder" value="C:\\Users\\pc\\HelpdeskAutomation\\Reports\\AccountSystem01-02-03-04\\20190403_144348"/>
         <property name="logFiles" value="C:\\Users\\pc\\HelpdeskAutomation\\Reports\\AccountSystem01-02-03-04\\20190403_144348\\execution0.log"/>
         <property name="attachments" value=""/>
         <property name="hostName" value="Ninja - AnhNVSE63446"/>
         <property name="os" value="Windows 10 64bit"/>
         <property name="katalonVersion" value="6.0.5.4"/>
         <property name="browser" value="Chrome 73.0.3683.86"/>
         <property name="hostAddress" value="192.168.175.1"/>
         <property name="sessionId" value="d31f120838c628b4a3f2752cf875663a"/>
         <property name="seleniumVersion" value="3.7.1"/>
         <property name="proxyInformation" value="ProxyInformation{proxyOption=NO_PROXY, proxyServerType=HTTP, password=, proxyServerAddress=, proxyServerPort=0}"/>
         <property name="platform" value="Windows 10"/>
      </properties>
      <testcase name="Test Cases/AccountSystem/AccountSystem-01" classname="Test Cases/AccountSystem/AccountSystem-01" status="PASSED">
         <system-out><![CDATA[2019-04-03 14:43:56 - [TEST_CASE][PASSED] - Test Cases/AccountSystem/AccountSystem-01: Test Cases/AccountSystem/AccountSystem-01

2019-04-03 14:43:57 - [TEST_STEP][PASSED] - openBrowser(""): Browser is opened with url: ''

2019-04-03 14:43:58 - [MESSAGE][INFO] - Starting 'Chrome' driver

2019-04-03 14:43:58 - [MESSAGE][INFO] - Action delay is set to 0 seconds

2019-04-03 14:44:03 - [MESSAGE][PASSED] - Browser is opened with url: ''

2019-04-03 14:44:03 - [TEST_STEP][PASSED] - navigateToUrl(url): Navigate to 'http://helpdesk.wisky.vn' successfully

2019-04-03 14:44:05 - [MESSAGE][PASSED] - Navigate to 'http://helpdesk.wisky.vn' successfully

2019-04-03 14:44:05 - [TEST_STEP][PASSED] - setText(findTestObject("Object Repository/AccountSystem/AccountSystem-01/Page_ODTS System/input_ODTS_username"), "admin01"): Text 'admin01' is set on object 'Object Repository/AccountSystem/AccountSystem-01/Page_ODTS System/input_ODTS_username'

2019-04-03 14:44:05 - [MESSAGE][PASSED] - Text 'admin01' is set on object 'Object Repository/AccountSystem/AccountSystem-01/Page_ODTS System/input_ODTS_username'

2019-04-03 14:44:05 - [TEST_STEP][PASSED] - setEncryptedText(findTestObject("Object Repository/AccountSystem/AccountSystem-01/Page_ODTS System/input_ODTS_password"), "aeHFOx8jV/A="): Text ****** has been set on object 'Object Repository/AccountSystem/AccountSystem-01/Page_ODTS System/input_ODTS_password'

2019-04-03 14:44:06 - [MESSAGE][PASSED] - Text ****** has been set on object 'Object Repository/AccountSystem/AccountSystem-01/Page_ODTS System/input_ODTS_password'

2019-04-03 14:44:06 - [TEST_STEP][PASSED] - click(findTestObject("Object Repository/AccountSystem/AccountSystem-01/Page_ODTS System/button_ng Nhp")): Object: 'Object Repository/AccountSystem/AccountSystem-01/Page_ODTS System/button_ng Nhp' is clicked on

2019-04-03 14:44:06 - [MESSAGE][PASSED] - Object: 'Object Repository/AccountSystem/AccountSystem-01/Page_ODTS System/button_ng Nhp' is clicked on

2019-04-03 14:44:06 - [TEST_STEP][PASSED] - click(findTestObject("Object Repository/AccountSystem/AccountSystem-01/Page_ODTS System/a_H Thng Ti Khon")): Object: 'Object Repository/AccountSystem/AccountSystem-01/Page_ODTS System/a_H Thng Ti Khon' is clicked on

2019-04-03 14:44:08 - [MESSAGE][PASSED] - Object: 'Object Repository/AccountSystem/AccountSystem-01/Page_ODTS System/a_H Thng Ti Khon' is clicked on

2019-04-03 14:44:08 - [TEST_STEP][PASSED] - click(findTestObject("Object Repository/AccountSystem/AccountSystem-01/Page_ODTS System/button_To Ti Khon")): Object: 'Object Repository/AccountSystem/AccountSystem-01/Page_ODTS System/button_To Ti Khon' is clicked on

2019-04-03 14:44:08 - [MESSAGE][PASSED] - Object: 'Object Repository/AccountSystem/AccountSystem-01/Page_ODTS System/button_To Ti Khon' is clicked on

2019-04-03 14:44:08 - [TEST_STEP][PASSED] - waitForAlert(1): No alert found after 1 second(s).

2019-04-03 14:44:09 - [MESSAGE][WARNING] - No alert found after 1 second(s).

2019-04-03 14:44:09 - [TEST_STEP][PASSED] - click(findTestObject("Object Repository/AccountSystem/AccountSystem-01/Page_ODTS System/span_--Chn quyn ti khon--")): Object: 'Object Repository/AccountSystem/AccountSystem-01/Page_ODTS System/span_--Chn quyn ti khon--' is clicked on

2019-04-03 14:44:09 - [MESSAGE][PASSED] - Object: 'Object Repository/AccountSystem/AccountSystem-01/Page_ODTS System/span_--Chn quyn ti khon--' is clicked on

2019-04-03 14:44:09 - [TEST_STEP][PASSED] - setText(findTestObject("Object Repository/AccountSystem/AccountSystem-01/Page_ODTS System/input_ng_select2-search__field"), "Admin"): Text 'Admin' is set on object 'Object Repository/AccountSystem/AccountSystem-01/Page_ODTS System/input_ng_select2-search__field'

2019-04-03 14:44:10 - [MESSAGE][PASSED] - Text 'Admin' is set on object 'Object Repository/AccountSystem/AccountSystem-01/Page_ODTS System/input_ng_select2-search__field'

2019-04-03 14:44:10 - [TEST_STEP][PASSED] - sendKeys(findTestObject("Object Repository/AccountSystem/AccountSystem-01/Page_ODTS System/input_ng_select2-search__field"), Keys.chord(ENTER)): Keys 'ENTER + ' sent to object: 'Object Repository/AccountSystem/AccountSystem-01/Page_ODTS System/input_ng_select2-search__field'

2019-04-03 14:44:10 - [MESSAGE][PASSED] - Keys 'ENTER + ' sent to object: 'Object Repository/AccountSystem/AccountSystem-01/Page_ODTS System/input_ng_select2-search__field'

2019-04-03 14:44:10 - [TEST_STEP][PASSED] - waitForAlert(1): No alert found after 1 second(s).

2019-04-03 14:44:11 - [MESSAGE][WARNING] - No alert found after 1 second(s).

2019-04-03 14:44:11 - [TEST_STEP][PASSED] - setText(findTestObject("Object Repository/AccountSystem/AccountSystem-01/Page_ODTS System/input_Tn ng Nhp_accNameCreate"), "anhtest"): Text 'anhtest' is set on object 'Object Repository/AccountSystem/AccountSystem-01/Page_ODTS System/input_Tn ng Nhp_accNameCreate'

2019-04-03 14:44:11 - [MESSAGE][PASSED] - Text 'anhtest' is set on object 'Object Repository/AccountSystem/AccountSystem-01/Page_ODTS System/input_Tn ng Nhp_accNameCreate'

2019-04-03 14:44:11 - [TEST_STEP][PASSED] - waitForAlert(1): No alert found after 1 second(s).

2019-04-03 14:44:12 - [MESSAGE][WARNING] - No alert found after 1 second(s).

2019-04-03 14:44:12 - [TEST_STEP][PASSED] - setEncryptedText(findTestObject("Object Repository/AccountSystem/AccountSystem-01/Page_ODTS System/input_Mt Khu_accPassCreate"), "aeHFOx8jV/A="): Text ****** has been set on object 'Object Repository/AccountSystem/AccountSystem-01/Page_ODTS System/input_Mt Khu_accPassCreate'

2019-04-03 14:44:12 - [MESSAGE][PASSED] - Text ****** has been set on object 'Object Repository/AccountSystem/AccountSystem-01/Page_ODTS System/input_Mt Khu_accPassCreate'

2019-04-03 14:44:12 - [TEST_STEP][PASSED] - waitForAlert(1): No alert found after 1 second(s).

2019-04-03 14:44:13 - [MESSAGE][WARNING] - No alert found after 1 second(s).

2019-04-03 14:44:13 - [TEST_STEP][PASSED] - CDATE = SimpleDateFormat(HH:mm dd/MM/yyyy).format(getInstance().getTime()): null

2019-04-03 14:44:14 - [TEST_STEP][PASSED] - writer = null: null

2019-04-03 14:44:14 - [TEST_STEP][PASSED] - writer2 = null: null

2019-04-03 14:44:14 - [TEST_STEP][PASSED] - fileNameCre = "creDateAccountSystem.txt": null

2019-04-03 14:44:14 - [TEST_STEP][PASSED] - fileNameUp = "upDateAccountSystem.txt": null

2019-04-03 14:44:14 - [TEST_STEP][PASSED] - workingDirectory = System.getProperty("user.dir"): null

2019-04-03 14:44:14 - [TEST_STEP][PASSED] - absoluteFilePathCre = workingDirectory + separator + fileNameCre: null

2019-04-03 14:44:14 - [TEST_STEP][PASSED] - absoluteFilePathUp = workingDirectory + separator + fileNameUp: null

2019-04-03 14:44:14 - [TEST_STEP][PASSED] - try: null

2019-04-03 14:44:14 - [TEST_STEP][PASSED] - writer = new java.io.BufferedWriter(new java.io.OutputStreamWriter(new java.io.FileOutputStream(absoluteFilePathCre), utf-8)): null

2019-04-03 14:44:14 - [TEST_STEP][PASSED] - writer.write(CDATE): null

2019-04-03 14:44:14 - [TEST_STEP][PASSED] - writer2 = new java.io.BufferedWriter(new java.io.OutputStreamWriter(new java.io.FileOutputStream(absoluteFilePathUp), utf-8)): null

2019-04-03 14:44:14 - [TEST_STEP][PASSED] - writer2.write(CDATE): null

2019-04-03 14:44:14 - [TEST_STEP][PASSED] - Finally: null

2019-04-03 14:44:14 - [TEST_STEP][PASSED] - try: null

2019-04-03 14:44:14 - [TEST_STEP][PASSED] - writer.close(): null

2019-04-03 14:44:14 - [TEST_STEP][PASSED] - writer2.close(): null

2019-04-03 14:44:14 - [TEST_STEP][PASSED] - click(findTestObject("Object Repository/AccountSystem/AccountSystem-01/Page_ODTS System/button_To Mi")): Object: 'Object Repository/AccountSystem/AccountSystem-01/Page_ODTS System/button_To Mi' is clicked on

2019-04-03 14:44:14 - [MESSAGE][PASSED] - Object: 'Object Repository/AccountSystem/AccountSystem-01/Page_ODTS System/button_To Mi' is clicked on

2019-04-03 14:44:14 - [TEST_STEP][PASSED] - waitForAlert(1): No alert found after 1 second(s).

2019-04-03 14:44:15 - [MESSAGE][WARNING] - No alert found after 1 second(s).

2019-04-03 14:44:15 - [TEST_STEP][PASSED] - click(findTestObject("Object Repository/AccountSystem/AccountSystem-01/Page_ODTS System/button_OK")): Object: 'Object Repository/AccountSystem/AccountSystem-01/Page_ODTS System/button_OK' is clicked on

2019-04-03 14:44:15 - [MESSAGE][PASSED] - Object: 'Object Repository/AccountSystem/AccountSystem-01/Page_ODTS System/button_OK' is clicked on

2019-04-03 14:44:15 - [TEST_STEP][PASSED] - click(findTestObject("Object Repository/AccountSystem/AccountSystem-01/Page_ODTS System/fieldSearch2")): Object: 'Object Repository/AccountSystem/AccountSystem-01/Page_ODTS System/fieldSearch2' is clicked on

2019-04-03 14:44:16 - [MESSAGE][PASSED] - Object: 'Object Repository/AccountSystem/AccountSystem-01/Page_ODTS System/fieldSearch2' is clicked on

2019-04-03 14:44:16 - [TEST_STEP][PASSED] - setText(findTestObject("Object Repository/AccountSystem/AccountSystem-01/Page_ODTS System/input"), "admin anhtest"): Text 'admin anhtest' is set on object 'Object Repository/AccountSystem/AccountSystem-01/Page_ODTS System/input'

2019-04-03 14:44:17 - [MESSAGE][PASSED] - Text 'admin anhtest' is set on object 'Object Repository/AccountSystem/AccountSystem-01/Page_ODTS System/input'

2019-04-03 14:44:17 - [TEST_STEP][PASSED] - verifyElementText(findTestObject("Object Repository/AccountSystem/AccountSystem-01/Page_ODTS System/td_Admin"), "Admin"): Actual text and expected text of test object 'Object Repository/AccountSystem/AccountSystem-01/Page_ODTS System/td_Admin' are matched.

2019-04-03 14:44:17 - [MESSAGE][PASSED] - Actual text and expected text of test object 'Object Repository/AccountSystem/AccountSystem-01/Page_ODTS System/td_Admin' are matched.

2019-04-03 14:44:17 - [TEST_STEP][PASSED] - verifyElementText(findTestObject("Object Repository/AccountSystem/AccountSystem-01/Page_ODTS System/td_anhtest"), "anhtest"): Actual text and expected text of test object 'Object Repository/AccountSystem/AccountSystem-01/Page_ODTS System/td_anhtest' are matched.

2019-04-03 14:44:17 - [MESSAGE][PASSED] - Actual text and expected text of test object 'Object Repository/AccountSystem/AccountSystem-01/Page_ODTS System/td_anhtest' are matched.

2019-04-03 14:44:17 - [TEST_STEP][PASSED] - verifyElementText(findTestObject("Object Repository/AccountSystem/AccountSystem-01/Page_ODTS System/td_1109 01032019"), CDATE): Actual text and expected text of test object 'Object Repository/AccountSystem/AccountSystem-01/Page_ODTS System/td_1109 01032019' are matched.

2019-04-03 14:44:17 - [MESSAGE][PASSED] - Actual text and expected text of test object 'Object Repository/AccountSystem/AccountSystem-01/Page_ODTS System/td_1109 01032019' are matched.

2019-04-03 14:44:17 - [TEST_STEP][PASSED] - closeBrowser(): Browser is closed

2019-04-03 14:44:18 - [MESSAGE][PASSED] - Browser is closed]]></system-out>
         <system-err><![CDATA[]]></system-err>
      </testcase>
      <testcase name="Test Cases/AccountSystem/AccountSystem-02" classname="Test Cases/AccountSystem/AccountSystem-02" status="PASSED">
         <system-out><![CDATA[2019-04-03 14:44:18 - [TEST_CASE][PASSED] - Test Cases/AccountSystem/AccountSystem-02: Test Cases/AccountSystem/AccountSystem-02

2019-04-03 14:44:19 - [TEST_STEP][PASSED] - openBrowser(""): Browser is opened with url: ''

2019-04-03 14:44:19 - [MESSAGE][INFO] - Starting 'Chrome' driver

2019-04-03 14:44:21 - [MESSAGE][PASSED] - Browser is opened with url: ''

2019-04-03 14:44:21 - [TEST_STEP][PASSED] - navigateToUrl(url): Navigate to 'http://helpdesk.wisky.vn' successfully

2019-04-03 14:44:23 - [MESSAGE][PASSED] - Navigate to 'http://helpdesk.wisky.vn' successfully

2019-04-03 14:44:23 - [TEST_STEP][PASSED] - setText(findTestObject("Object Repository/AccountSystem/AccountSystem-02/Page_ODTS System/input_ODTS_username"), "admin01"): Text 'admin01' is set on object 'Object Repository/AccountSystem/AccountSystem-02/Page_ODTS System/input_ODTS_username'

2019-04-03 14:44:24 - [MESSAGE][PASSED] - Text 'admin01' is set on object 'Object Repository/AccountSystem/AccountSystem-02/Page_ODTS System/input_ODTS_username'

2019-04-03 14:44:24 - [TEST_STEP][PASSED] - setEncryptedText(findTestObject("Object Repository/AccountSystem/AccountSystem-02/Page_ODTS System/input_ODTS_password"), "aeHFOx8jV/A="): Text ****** has been set on object 'Object Repository/AccountSystem/AccountSystem-02/Page_ODTS System/input_ODTS_password'

2019-04-03 14:44:24 - [MESSAGE][PASSED] - Text ****** has been set on object 'Object Repository/AccountSystem/AccountSystem-02/Page_ODTS System/input_ODTS_password'

2019-04-03 14:44:24 - [TEST_STEP][PASSED] - click(findTestObject("Object Repository/AccountSystem/AccountSystem-02/Page_ODTS System/button_ng Nhp")): Object: 'Object Repository/AccountSystem/AccountSystem-02/Page_ODTS System/button_ng Nhp' is clicked on

2019-04-03 14:44:24 - [MESSAGE][PASSED] - Object: 'Object Repository/AccountSystem/AccountSystem-02/Page_ODTS System/button_ng Nhp' is clicked on

2019-04-03 14:44:24 - [TEST_STEP][PASSED] - click(findTestObject("Object Repository/AccountSystem/AccountSystem-02/Page_ODTS System/a_H Thng Ti Khon")): Object: 'Object Repository/AccountSystem/AccountSystem-02/Page_ODTS System/a_H Thng Ti Khon' is clicked on

2019-04-03 14:44:26 - [MESSAGE][PASSED] - Object: 'Object Repository/AccountSystem/AccountSystem-02/Page_ODTS System/a_H Thng Ti Khon' is clicked on

2019-04-03 14:44:26 - [TEST_STEP][PASSED] - click(findTestObject("Object Repository/AccountSystem/AccountSystem-02/Page_ODTS System/fieldSearch2")): Object: 'Object Repository/AccountSystem/AccountSystem-02/Page_ODTS System/fieldSearch2' is clicked on

2019-04-03 14:44:27 - [MESSAGE][PASSED] - Object: 'Object Repository/AccountSystem/AccountSystem-02/Page_ODTS System/fieldSearch2' is clicked on

2019-04-03 14:44:27 - [TEST_STEP][PASSED] - setText(findTestObject("Object Repository/AccountSystem/AccountSystem-02/Page_ODTS System/input"), "admin anhtest"): Text 'admin anhtest' is set on object 'Object Repository/AccountSystem/AccountSystem-02/Page_ODTS System/input'

2019-04-03 14:44:27 - [MESSAGE][PASSED] - Text 'admin anhtest' is set on object 'Object Repository/AccountSystem/AccountSystem-02/Page_ODTS System/input'

2019-04-03 14:44:27 - [TEST_STEP][PASSED] - click(findTestObject("Object Repository/AccountSystem/AccountSystem-02/Page_ODTS System/button_anhtest_btn btn-info fa")): Object: 'Object Repository/AccountSystem/AccountSystem-02/Page_ODTS System/button_anhtest_btn btn-info fa' is clicked on

2019-04-03 14:44:27 - [MESSAGE][PASSED] - Object: 'Object Repository/AccountSystem/AccountSystem-02/Page_ODTS System/button_anhtest_btn btn-info fa' is clicked on

2019-04-03 14:44:27 - [TEST_STEP][PASSED] - waitForAlert(1): No alert found after 1 second(s).

2019-04-03 14:44:28 - [MESSAGE][WARNING] - No alert found after 1 second(s).

2019-04-03 14:44:28 - [TEST_STEP][PASSED] - verifyElementText(findTestObject("Object Repository/AccountSystem/AccountSystem-02/Page_ODTS System/p_Admin"), "Admin"): Actual text and expected text of test object 'Object Repository/AccountSystem/AccountSystem-02/Page_ODTS System/p_Admin' are matched.

2019-04-03 14:44:28 - [MESSAGE][PASSED] - Actual text and expected text of test object 'Object Repository/AccountSystem/AccountSystem-02/Page_ODTS System/p_Admin' are matched.

2019-04-03 14:44:28 - [TEST_STEP][PASSED] - verifyElementText(findTestObject("Object Repository/AccountSystem/AccountSystem-02/Page_ODTS System/p_anhtest"), "anhtest"): Actual text and expected text of test object 'Object Repository/AccountSystem/AccountSystem-02/Page_ODTS System/p_anhtest' are matched.

2019-04-03 14:44:29 - [MESSAGE][PASSED] - Actual text and expected text of test object 'Object Repository/AccountSystem/AccountSystem-02/Page_ODTS System/p_anhtest' are matched.

2019-04-03 14:44:29 - [TEST_STEP][PASSED] - CDATE = null: null

2019-04-03 14:44:29 - [TEST_STEP][PASSED] - UDATE = null: null

2019-04-03 14:44:29 - [TEST_STEP][PASSED] - br = null: null

2019-04-03 14:44:29 - [TEST_STEP][PASSED] - fileNameCre = "creDateAccountSystem.txt": null

2019-04-03 14:44:29 - [TEST_STEP][PASSED] - fileNameUp = "upDateAccountSystem.txt": null

2019-04-03 14:44:29 - [TEST_STEP][PASSED] - workingDirectory = System.getProperty("user.dir"): null

2019-04-03 14:44:29 - [TEST_STEP][PASSED] - absoluteFilePathCre = workingDirectory + separator + fileNameCre: null

2019-04-03 14:44:29 - [TEST_STEP][PASSED] - absoluteFilePathUp = workingDirectory + separator + fileNameUp: null

2019-04-03 14:44:29 - [TEST_STEP][PASSED] - try: null

2019-04-03 14:44:29 - [TEST_STEP][PASSED] - br = new java.io.BufferedReader(new java.io.FileReader(absoluteFilePathCre)): null

2019-04-03 14:44:29 - [TEST_STEP][PASSED] - sCurrentLine = <not implemented yet for class: org.codehaus.groovy.ast.expr.EmptyExpression>: null

2019-04-03 14:44:29 - [TEST_STEP][PASSED] - while (sCurrentLine = br.readLine() != null): null

2019-04-03 14:44:29 - [TEST_STEP][PASSED] - CDATE = sCurrentLine: null

2019-04-03 14:44:29 - [TEST_STEP][PASSED] - br = new java.io.BufferedReader(new java.io.FileReader(absoluteFilePathUp)): null

2019-04-03 14:44:29 - [TEST_STEP][PASSED] - sCurrentLine: null

2019-04-03 14:44:29 - [TEST_STEP][PASSED] - while (sCurrentLine = br.readLine() != null): null

2019-04-03 14:44:29 - [TEST_STEP][PASSED] - UDATE = sCurrentLine: null

2019-04-03 14:44:29 - [TEST_STEP][PASSED] - Finally: null

2019-04-03 14:44:29 - [TEST_STEP][PASSED] - br.close(): null

2019-04-03 14:44:29 - [TEST_STEP][PASSED] - verifyElementText(findTestObject("Object Repository/AccountSystem/AccountSystem-02/Page_ODTS System/p_1118 01032019"), CDATE): Actual text and expected text of test object 'Object Repository/AccountSystem/AccountSystem-02/Page_ODTS System/p_1118 01032019' are matched.

2019-04-03 14:44:29 - [MESSAGE][PASSED] - Actual text and expected text of test object 'Object Repository/AccountSystem/AccountSystem-02/Page_ODTS System/p_1118 01032019' are matched.

2019-04-03 14:44:29 - [TEST_STEP][PASSED] - verifyElementText(findTestObject("Object Repository/AccountSystem/AccountSystem-02/Page_ODTS System/p_1118 01032019_1"), UDATE): Actual text and expected text of test object 'Object Repository/AccountSystem/AccountSystem-02/Page_ODTS System/p_1118 01032019_1' are matched.

2019-04-03 14:44:29 - [MESSAGE][PASSED] - Actual text and expected text of test object 'Object Repository/AccountSystem/AccountSystem-02/Page_ODTS System/p_1118 01032019_1' are matched.

2019-04-03 14:44:29 - [TEST_STEP][PASSED] - click(findTestObject("Object Repository/AccountSystem/AccountSystem-02/Page_ODTS System/button_ng")): Object: 'Object Repository/AccountSystem/AccountSystem-02/Page_ODTS System/button_ng' is clicked on

2019-04-03 14:44:29 - [MESSAGE][PASSED] - Object: 'Object Repository/AccountSystem/AccountSystem-02/Page_ODTS System/button_ng' is clicked on

2019-04-03 14:44:29 - [TEST_STEP][PASSED] - closeBrowser(): Browser is closed

2019-04-03 14:44:30 - [MESSAGE][PASSED] - Browser is closed]]></system-out>
         <system-err><![CDATA[]]></system-err>
      </testcase>
      <testcase name="Test Cases/AccountSystem/AccountSystem-03" classname="Test Cases/AccountSystem/AccountSystem-03" status="PASSED">
         <system-out><![CDATA[2019-04-03 14:44:30 - [TEST_CASE][PASSED] - Test Cases/AccountSystem/AccountSystem-03: Test Cases/AccountSystem/AccountSystem-03

2019-04-03 14:44:30 - [TEST_STEP][PASSED] - openBrowser(""): Browser is opened with url: ''

2019-04-03 14:44:30 - [MESSAGE][INFO] - Starting 'Chrome' driver

2019-04-03 14:44:32 - [MESSAGE][PASSED] - Browser is opened with url: ''

2019-04-03 14:44:32 - [TEST_STEP][PASSED] - navigateToUrl(url): Navigate to 'http://helpdesk.wisky.vn' successfully

2019-04-03 14:44:34 - [MESSAGE][PASSED] - Navigate to 'http://helpdesk.wisky.vn' successfully

2019-04-03 14:44:34 - [TEST_STEP][PASSED] - setText(findTestObject("Object Repository/AccountSystem/AccountSystem-03/Page_ODTS System/input_ODTS_username"), "admin01"): Text 'admin01' is set on object 'Object Repository/AccountSystem/AccountSystem-03/Page_ODTS System/input_ODTS_username'

2019-04-03 14:44:34 - [MESSAGE][PASSED] - Text 'admin01' is set on object 'Object Repository/AccountSystem/AccountSystem-03/Page_ODTS System/input_ODTS_username'

2019-04-03 14:44:34 - [TEST_STEP][PASSED] - setEncryptedText(findTestObject("Object Repository/AccountSystem/AccountSystem-03/Page_ODTS System/input_ODTS_password"), "aeHFOx8jV/A="): Text ****** has been set on object 'Object Repository/AccountSystem/AccountSystem-03/Page_ODTS System/input_ODTS_password'

2019-04-03 14:44:34 - [MESSAGE][PASSED] - Text ****** has been set on object 'Object Repository/AccountSystem/AccountSystem-03/Page_ODTS System/input_ODTS_password'

2019-04-03 14:44:34 - [TEST_STEP][PASSED] - click(findTestObject("Object Repository/AccountSystem/AccountSystem-03/Page_ODTS System/button_ng Nhp")): Object: 'Object Repository/AccountSystem/AccountSystem-03/Page_ODTS System/button_ng Nhp' is clicked on

2019-04-03 14:44:34 - [MESSAGE][PASSED] - Object: 'Object Repository/AccountSystem/AccountSystem-03/Page_ODTS System/button_ng Nhp' is clicked on

2019-04-03 14:44:34 - [TEST_STEP][PASSED] - click(findTestObject("Object Repository/AccountSystem/AccountSystem-03/Page_ODTS System/a_H Thng Ti Khon")): Object: 'Object Repository/AccountSystem/AccountSystem-03/Page_ODTS System/a_H Thng Ti Khon' is clicked on

2019-04-03 14:44:36 - [MESSAGE][PASSED] - Object: 'Object Repository/AccountSystem/AccountSystem-03/Page_ODTS System/a_H Thng Ti Khon' is clicked on

2019-04-03 14:44:36 - [TEST_STEP][PASSED] - click(findTestObject("Object Repository/AccountSystem/AccountSystem-03/Page_ODTS System/fieldSearch2")): Object: 'Object Repository/AccountSystem/AccountSystem-03/Page_ODTS System/fieldSearch2' is clicked on

2019-04-03 14:44:37 - [MESSAGE][PASSED] - Object: 'Object Repository/AccountSystem/AccountSystem-03/Page_ODTS System/fieldSearch2' is clicked on

2019-04-03 14:44:37 - [TEST_STEP][PASSED] - setText(findTestObject("Object Repository/AccountSystem/AccountSystem-03/Page_ODTS System/input"), "admin anhtest"): Text 'admin anhtest' is set on object 'Object Repository/AccountSystem/AccountSystem-03/Page_ODTS System/input'

2019-04-03 14:44:37 - [MESSAGE][PASSED] - Text 'admin anhtest' is set on object 'Object Repository/AccountSystem/AccountSystem-03/Page_ODTS System/input'

2019-04-03 14:44:37 - [TEST_STEP][PASSED] - click(findTestObject("Object Repository/AccountSystem/AccountSystem-03/Page_ODTS System/button_anhtest_btn btn-warning")): Object: 'Object Repository/AccountSystem/AccountSystem-03/Page_ODTS System/button_anhtest_btn btn-warning' is clicked on

2019-04-03 14:44:38 - [MESSAGE][PASSED] - Object: 'Object Repository/AccountSystem/AccountSystem-03/Page_ODTS System/button_anhtest_btn btn-warning' is clicked on

2019-04-03 14:44:38 - [TEST_STEP][PASSED] - waitForAlert(1): No alert found after 1 second(s).

2019-04-03 14:44:39 - [MESSAGE][WARNING] - No alert found after 1 second(s).

2019-04-03 14:44:39 - [TEST_STEP][PASSED] - setText(findTestObject("Object Repository/AccountSystem/AccountSystem-03/Page_ODTS System/input_Tn ng Nhp_accNameEdit"), "anhtest22"): Text 'anhtest22' is set on object 'Object Repository/AccountSystem/AccountSystem-03/Page_ODTS System/input_Tn ng Nhp_accNameEdit'

2019-04-03 14:44:39 - [MESSAGE][PASSED] - Text 'anhtest22' is set on object 'Object Repository/AccountSystem/AccountSystem-03/Page_ODTS System/input_Tn ng Nhp_accNameEdit'

2019-04-03 14:44:39 - [TEST_STEP][PASSED] - waitForAlert(1): No alert found after 1 second(s).

2019-04-03 14:44:40 - [MESSAGE][WARNING] - No alert found after 1 second(s).

2019-04-03 14:44:40 - [TEST_STEP][PASSED] - UDATE = SimpleDateFormat(HH:mm dd/MM/yyyy).format(getInstance().getTime()): null

2019-04-03 14:44:40 - [TEST_STEP][PASSED] - writer = null: null

2019-04-03 14:44:40 - [TEST_STEP][PASSED] - fileNameCre = "creDateAccountSystem.txt": null

2019-04-03 14:44:40 - [TEST_STEP][PASSED] - fileNameUp = "upDateAccountSystem.txt": null

2019-04-03 14:44:40 - [TEST_STEP][PASSED] - workingDirectory = System.getProperty("user.dir"): null

2019-04-03 14:44:40 - [TEST_STEP][PASSED] - absoluteFilePathCre = workingDirectory + separator + fileNameCre: null

2019-04-03 14:44:40 - [TEST_STEP][PASSED] - absoluteFilePathUp = workingDirectory + separator + fileNameUp: null

2019-04-03 14:44:40 - [TEST_STEP][PASSED] - try: null

2019-04-03 14:44:40 - [TEST_STEP][PASSED] - writer = new java.io.BufferedWriter(new java.io.OutputStreamWriter(new java.io.FileOutputStream(absoluteFilePathUp), utf-8)): null

2019-04-03 14:44:40 - [TEST_STEP][PASSED] - writer.write(UDATE): null

2019-04-03 14:44:40 - [TEST_STEP][PASSED] - Finally: null

2019-04-03 14:44:40 - [TEST_STEP][PASSED] - try: null

2019-04-03 14:44:40 - [TEST_STEP][PASSED] - writer.close(): null

2019-04-03 14:44:40 - [TEST_STEP][PASSED] - click(findTestObject("Object Repository/AccountSystem/AccountSystem-03/Page_ODTS System/button_Cp Nht")): Object: 'Object Repository/AccountSystem/AccountSystem-03/Page_ODTS System/button_Cp Nht' is clicked on

2019-04-03 14:44:40 - [MESSAGE][PASSED] - Object: 'Object Repository/AccountSystem/AccountSystem-03/Page_ODTS System/button_Cp Nht' is clicked on

2019-04-03 14:44:40 - [TEST_STEP][PASSED] - waitForAlert(1): No alert found after 1 second(s).

2019-04-03 14:44:41 - [MESSAGE][WARNING] - No alert found after 1 second(s).

2019-04-03 14:44:41 - [TEST_STEP][PASSED] - click(findTestObject("Object Repository/AccountSystem/AccountSystem-03/Page_ODTS System/button_OK")): Object: 'Object Repository/AccountSystem/AccountSystem-03/Page_ODTS System/button_OK' is clicked on

2019-04-03 14:44:41 - [MESSAGE][PASSED] - Object: 'Object Repository/AccountSystem/AccountSystem-03/Page_ODTS System/button_OK' is clicked on

2019-04-03 14:44:41 - [TEST_STEP][PASSED] - click(findTestObject("Object Repository/AccountSystem/AccountSystem-03/Page_ODTS System/button_anhtest22_btn btn-info")): Object: 'Object Repository/AccountSystem/AccountSystem-03/Page_ODTS System/button_anhtest22_btn btn-info' is clicked on

2019-04-03 14:44:42 - [MESSAGE][PASSED] - Object: 'Object Repository/AccountSystem/AccountSystem-03/Page_ODTS System/button_anhtest22_btn btn-info' is clicked on

2019-04-03 14:44:42 - [TEST_STEP][PASSED] - waitForAlert(1): No alert found after 1 second(s).

2019-04-03 14:44:43 - [MESSAGE][WARNING] - No alert found after 1 second(s).

2019-04-03 14:44:43 - [TEST_STEP][PASSED] - verifyElementText(findTestObject("Object Repository/AccountSystem/AccountSystem-03/Page_ODTS System/p_Admin"), "Admin"): Actual text and expected text of test object 'Object Repository/AccountSystem/AccountSystem-03/Page_ODTS System/p_Admin' are matched.

2019-04-03 14:44:43 - [MESSAGE][PASSED] - Actual text and expected text of test object 'Object Repository/AccountSystem/AccountSystem-03/Page_ODTS System/p_Admin' are matched.

2019-04-03 14:44:43 - [TEST_STEP][PASSED] - verifyElementText(findTestObject("Object Repository/AccountSystem/AccountSystem-03/Page_ODTS System/p_anhtest22"), "anhtest22"): Actual text and expected text of test object 'Object Repository/AccountSystem/AccountSystem-03/Page_ODTS System/p_anhtest22' are matched.

2019-04-03 14:44:43 - [MESSAGE][PASSED] - Actual text and expected text of test object 'Object Repository/AccountSystem/AccountSystem-03/Page_ODTS System/p_anhtest22' are matched.

2019-04-03 14:44:43 - [TEST_STEP][PASSED] - CDATE = null: null

2019-04-03 14:44:43 - [TEST_STEP][PASSED] - br = null: null

2019-04-03 14:44:43 - [TEST_STEP][PASSED] - try: null

2019-04-03 14:44:43 - [TEST_STEP][PASSED] - br = new java.io.BufferedReader(new java.io.FileReader(absoluteFilePathCre)): null

2019-04-03 14:44:43 - [TEST_STEP][PASSED] - sCurrentLine = <not implemented yet for class: org.codehaus.groovy.ast.expr.EmptyExpression>: null

2019-04-03 14:44:43 - [TEST_STEP][PASSED] - while (sCurrentLine = br.readLine() != null): null

2019-04-03 14:44:43 - [TEST_STEP][PASSED] - CDATE = sCurrentLine: null

2019-04-03 14:44:43 - [TEST_STEP][PASSED] - Finally: null

2019-04-03 14:44:43 - [TEST_STEP][PASSED] - br.close(): null

2019-04-03 14:44:43 - [TEST_STEP][PASSED] - verifyElementText(findTestObject("Object Repository/AccountSystem/AccountSystem-03/Page_ODTS System/p_1118 01032019"), CDATE): Actual text and expected text of test object 'Object Repository/AccountSystem/AccountSystem-03/Page_ODTS System/p_1118 01032019' are matched.

2019-04-03 14:44:43 - [MESSAGE][PASSED] - Actual text and expected text of test object 'Object Repository/AccountSystem/AccountSystem-03/Page_ODTS System/p_1118 01032019' are matched.

2019-04-03 14:44:43 - [TEST_STEP][PASSED] - verifyElementText(findTestObject("Object Repository/AccountSystem/AccountSystem-03/Page_ODTS System/p_1124 01032019"), UDATE): Actual text and expected text of test object 'Object Repository/AccountSystem/AccountSystem-03/Page_ODTS System/p_1124 01032019' are matched.

2019-04-03 14:44:43 - [MESSAGE][PASSED] - Actual text and expected text of test object 'Object Repository/AccountSystem/AccountSystem-03/Page_ODTS System/p_1124 01032019' are matched.

2019-04-03 14:44:43 - [TEST_STEP][PASSED] - click(findTestObject("Object Repository/AccountSystem/AccountSystem-03/Page_ODTS System/button_ng")): Object: 'Object Repository/AccountSystem/AccountSystem-03/Page_ODTS System/button_ng' is clicked on

2019-04-03 14:44:44 - [MESSAGE][PASSED] - Object: 'Object Repository/AccountSystem/AccountSystem-03/Page_ODTS System/button_ng' is clicked on

2019-04-03 14:44:44 - [TEST_STEP][PASSED] - closeBrowser(): Browser is closed

2019-04-03 14:44:44 - [MESSAGE][PASSED] - Browser is closed]]></system-out>
         <system-err><![CDATA[]]></system-err>
      </testcase>
      <testcase name="Test Cases/AccountSystem/AccountSystem-04" classname="Test Cases/AccountSystem/AccountSystem-04" status="PASSED">
         <system-out><![CDATA[2019-04-03 14:44:44 - [TEST_CASE][PASSED] - Test Cases/AccountSystem/AccountSystem-04: Test Cases/AccountSystem/AccountSystem-04

2019-04-03 14:44:45 - [TEST_STEP][PASSED] - openBrowser(""): Browser is opened with url: ''

2019-04-03 14:44:45 - [MESSAGE][INFO] - Starting 'Chrome' driver

2019-04-03 14:44:47 - [MESSAGE][PASSED] - Browser is opened with url: ''

2019-04-03 14:44:47 - [TEST_STEP][PASSED] - navigateToUrl(url): Navigate to 'http://helpdesk.wisky.vn' successfully

2019-04-03 14:44:50 - [MESSAGE][PASSED] - Navigate to 'http://helpdesk.wisky.vn' successfully

2019-04-03 14:44:50 - [TEST_STEP][PASSED] - setText(findTestObject("Object Repository/AccountSystem/AccountSystem-04/Page_ODTS System/input_ODTS_username"), "admin01"): Text 'admin01' is set on object 'Object Repository/AccountSystem/AccountSystem-04/Page_ODTS System/input_ODTS_username'

2019-04-03 14:44:50 - [MESSAGE][PASSED] - Text 'admin01' is set on object 'Object Repository/AccountSystem/AccountSystem-04/Page_ODTS System/input_ODTS_username'

2019-04-03 14:44:50 - [TEST_STEP][PASSED] - setEncryptedText(findTestObject("Object Repository/AccountSystem/AccountSystem-04/Page_ODTS System/input_ODTS_password"), "aeHFOx8jV/A="): Text ****** has been set on object 'Object Repository/AccountSystem/AccountSystem-04/Page_ODTS System/input_ODTS_password'

2019-04-03 14:44:50 - [MESSAGE][PASSED] - Text ****** has been set on object 'Object Repository/AccountSystem/AccountSystem-04/Page_ODTS System/input_ODTS_password'

2019-04-03 14:44:50 - [TEST_STEP][PASSED] - click(findTestObject("Object Repository/AccountSystem/AccountSystem-04/Page_ODTS System/button_ng Nhp")): Object: 'Object Repository/AccountSystem/AccountSystem-04/Page_ODTS System/button_ng Nhp' is clicked on

2019-04-03 14:44:51 - [MESSAGE][PASSED] - Object: 'Object Repository/AccountSystem/AccountSystem-04/Page_ODTS System/button_ng Nhp' is clicked on

2019-04-03 14:44:51 - [TEST_STEP][PASSED] - click(findTestObject("Object Repository/AccountSystem/AccountSystem-04/Page_ODTS System/a_H Thng Ti Khon")): Object: 'Object Repository/AccountSystem/AccountSystem-04/Page_ODTS System/a_H Thng Ti Khon' is clicked on

2019-04-03 14:44:54 - [MESSAGE][PASSED] - Object: 'Object Repository/AccountSystem/AccountSystem-04/Page_ODTS System/a_H Thng Ti Khon' is clicked on

2019-04-03 14:44:54 - [TEST_STEP][PASSED] - click(findTestObject("Object Repository/AccountSystem/AccountSystem-04/Page_ODTS System/fieldSearch2")): Object: 'Object Repository/AccountSystem/AccountSystem-04/Page_ODTS System/fieldSearch2' is clicked on

2019-04-03 14:44:54 - [MESSAGE][PASSED] - Object: 'Object Repository/AccountSystem/AccountSystem-04/Page_ODTS System/fieldSearch2' is clicked on

2019-04-03 14:44:54 - [TEST_STEP][PASSED] - setText(findTestObject("Object Repository/AccountSystem/AccountSystem-04/Page_ODTS System/input"), "admin anhtest22"): Text 'admin anhtest22' is set on object 'Object Repository/AccountSystem/AccountSystem-04/Page_ODTS System/input'

2019-04-03 14:44:55 - [MESSAGE][PASSED] - Text 'admin anhtest22' is set on object 'Object Repository/AccountSystem/AccountSystem-04/Page_ODTS System/input'

2019-04-03 14:44:55 - [TEST_STEP][PASSED] - click(findTestObject("Object Repository/AccountSystem/AccountSystem-04/Page_ODTS System/button_anhtest22_btn btn-dange")): Object: 'Object Repository/AccountSystem/AccountSystem-04/Page_ODTS System/button_anhtest22_btn btn-dange' is clicked on

2019-04-03 14:44:55 - [MESSAGE][PASSED] - Object: 'Object Repository/AccountSystem/AccountSystem-04/Page_ODTS System/button_anhtest22_btn btn-dange' is clicked on

2019-04-03 14:44:55 - [TEST_STEP][PASSED] - waitForAlert(1): No alert found after 1 second(s).

2019-04-03 14:44:56 - [MESSAGE][WARNING] - No alert found after 1 second(s).

2019-04-03 14:44:56 - [TEST_STEP][PASSED] - fileNameCre = "creDateAccountSystem.txt": null

2019-04-03 14:44:56 - [TEST_STEP][PASSED] - fileNameUp = "upDateAccountSystem.txt": null

2019-04-03 14:44:56 - [TEST_STEP][PASSED] - workingDirectory = System.getProperty("user.dir"): null

2019-04-03 14:44:56 - [TEST_STEP][PASSED] - absoluteFilePathCre = workingDirectory + separator + fileNameCre: null

2019-04-03 14:44:56 - [TEST_STEP][PASSED] - absoluteFilePathUp = workingDirectory + separator + fileNameUp: null

2019-04-03 14:44:56 - [TEST_STEP][PASSED] - writer2 = new java.io.PrintWriter(absoluteFilePathCre): null

2019-04-03 14:44:56 - [TEST_STEP][PASSED] - writer2.print(""): null

2019-04-03 14:44:56 - [TEST_STEP][PASSED] - writer2.close(): null

2019-04-03 14:44:56 - [TEST_STEP][PASSED] - writer = new java.io.PrintWriter(absoluteFilePathUp): null

2019-04-03 14:44:56 - [TEST_STEP][PASSED] - writer.print(""): null

2019-04-03 14:44:56 - [TEST_STEP][PASSED] - writer.close(): null

2019-04-03 14:44:56 - [TEST_STEP][PASSED] - click(findTestObject("Object Repository/AccountSystem/AccountSystem-04/Page_ODTS System/button_Chp Nhn Xa")): Object: 'Object Repository/AccountSystem/AccountSystem-04/Page_ODTS System/button_Chp Nhn Xa' is clicked on

2019-04-03 14:44:56 - [MESSAGE][PASSED] - Object: 'Object Repository/AccountSystem/AccountSystem-04/Page_ODTS System/button_Chp Nhn Xa' is clicked on

2019-04-03 14:44:56 - [TEST_STEP][PASSED] - waitForAlert(1): No alert found after 1 second(s).

2019-04-03 14:44:57 - [MESSAGE][WARNING] - No alert found after 1 second(s).

2019-04-03 14:44:57 - [TEST_STEP][PASSED] - click(findTestObject("Object Repository/AccountSystem/AccountSystem-04/Page_ODTS System/button_OK")): Object: 'Object Repository/AccountSystem/AccountSystem-04/Page_ODTS System/button_OK' is clicked on

2019-04-03 14:44:58 - [MESSAGE][PASSED] - Object: 'Object Repository/AccountSystem/AccountSystem-04/Page_ODTS System/button_OK' is clicked on

2019-04-03 14:44:58 - [TEST_STEP][PASSED] - waitForAlert(1): No alert found after 1 second(s).

2019-04-03 14:44:59 - [MESSAGE][WARNING] - No alert found after 1 second(s).

2019-04-03 14:44:59 - [TEST_STEP][PASSED] - verifyElementVisible(findTestObject("Object Repository/AccountSystem/AccountSystem-04/Page_ODTS System/td_Khng c d liu ph hp")): Object 'Object Repository/AccountSystem/AccountSystem-04/Page_ODTS System/td_Khng c d liu ph hp' is visible

2019-04-03 14:44:59 - [MESSAGE][PASSED] - Object 'Object Repository/AccountSystem/AccountSystem-04/Page_ODTS System/td_Khng c d liu ph hp' is visible

2019-04-03 14:44:59 - [TEST_STEP][PASSED] - closeBrowser(): Browser is closed

2019-04-03 14:44:59 - [MESSAGE][PASSED] - Browser is closed]]></system-out>
         <system-err><![CDATA[]]></system-err>
      </testcase>
      <system-out><![CDATA[2019-04-03 14:43:56 - [TEST_SUITE][PASSED] - AccountSystem01-02-03-04: Test Cases/AccountSystem/AccountSystem-04]]></system-out>
      <system-err><![CDATA[]]></system-err>
   </testsuite>
</testsuites>
