<?xml version="1.0" encoding="UTF-8"?>
<testsuites name="TypeOfService01-02-03-04" time="61" tests="4" failures="0" errors="0">
   <testsuite name="TypeOfService01-02-03-04" tests="4" failures="0" errors="0" time="61" timestamp="2019-04-03 16:38:15" hostname="Ninja - AnhNVSE63446" id="Test Suites/TypeOfService01-02-03-04">
      <properties>
         <property name="deviceName" value=""/>
         <property name="devicePlatform" value=""/>
         <property name="logFolder" value="C:\\Users\\pc\\HelpdeskAutomation\\Reports\\TypeOfService01-02-03-04\\20190403_163808"/>
         <property name="logFiles" value="C:\\Users\\pc\\HelpdeskAutomation\\Reports\\TypeOfService01-02-03-04\\20190403_163808\\execution0.log"/>
         <property name="attachments" value=""/>
         <property name="hostName" value="Ninja - AnhNVSE63446"/>
         <property name="os" value="Windows 10 64bit"/>
         <property name="katalonVersion" value="6.0.5.4"/>
         <property name="browser" value="Chrome 73.0.3683.86"/>
         <property name="hostAddress" value="192.168.175.1"/>
         <property name="sessionId" value="4d73d031d3f0290015fbe467915bd72d"/>
         <property name="seleniumVersion" value="3.7.1"/>
         <property name="proxyInformation" value="ProxyInformation{proxyOption=NO_PROXY, proxyServerType=HTTP, password=, proxyServerAddress=, proxyServerPort=0}"/>
         <property name="platform" value="Windows 10"/>
      </properties>
      <testcase name="Test Cases/TypeOfService/Type of service-01" classname="Test Cases/TypeOfService/Type of service-01" status="PASSED">
         <system-out><![CDATA[2019-04-03 16:38:16 - [TEST_CASE][PASSED] - Test Cases/TypeOfService/Type of service-01: Test Cases/TypeOfService/Type of service-01

2019-04-03 16:38:16 - [TEST_STEP][PASSED] - openBrowser(""): Browser is opened with url: ''

2019-04-03 16:38:17 - [MESSAGE][INFO] - Starting 'Chrome' driver

2019-04-03 16:38:17 - [MESSAGE][INFO] - Action delay is set to 0 seconds

2019-04-03 16:38:22 - [MESSAGE][PASSED] - Browser is opened with url: ''

2019-04-03 16:38:22 - [TEST_STEP][PASSED] - navigateToUrl(url): Navigate to 'http://helpdesk.wisky.vn' successfully

2019-04-03 16:38:24 - [MESSAGE][PASSED] - Navigate to 'http://helpdesk.wisky.vn' successfully

2019-04-03 16:38:24 - [TEST_STEP][PASSED] - setText(findTestObject("TypeOfService/Type of service-01/Page_ODTS System/input_ODTS_username"), "admin01"): Text 'admin01' is set on object 'Object Repository/TypeOfService/Type of service-01/Page_ODTS System/input_ODTS_username'

2019-04-03 16:38:25 - [MESSAGE][PASSED] - Text 'admin01' is set on object 'Object Repository/TypeOfService/Type of service-01/Page_ODTS System/input_ODTS_username'

2019-04-03 16:38:25 - [TEST_STEP][PASSED] - setEncryptedText(findTestObject("TypeOfService/Type of service-01/Page_ODTS System/input_ODTS_password"), "aeHFOx8jV/A="): Text ****** has been set on object 'Object Repository/TypeOfService/Type of service-01/Page_ODTS System/input_ODTS_password'

2019-04-03 16:38:25 - [MESSAGE][PASSED] - Text ****** has been set on object 'Object Repository/TypeOfService/Type of service-01/Page_ODTS System/input_ODTS_password'

2019-04-03 16:38:25 - [TEST_STEP][PASSED] - click(findTestObject("TypeOfService/Type of service-01/Page_ODTS System/button_ng Nhp")): Object: 'Object Repository/TypeOfService/Type of service-01/Page_ODTS System/button_ng Nhp' is clicked on

2019-04-03 16:38:25 - [MESSAGE][PASSED] - Object: 'Object Repository/TypeOfService/Type of service-01/Page_ODTS System/button_ng Nhp' is clicked on

2019-04-03 16:38:25 - [TEST_STEP][PASSED] - click(findTestObject("TypeOfService/Type of service-01/Page_ODTS System/a_Loi Dch V")): Object: 'Object Repository/TypeOfService/Type of service-01/Page_ODTS System/a_Loi Dch V' is clicked on

2019-04-03 16:38:27 - [MESSAGE][PASSED] - Object: 'Object Repository/TypeOfService/Type of service-01/Page_ODTS System/a_Loi Dch V' is clicked on

2019-04-03 16:38:27 - [TEST_STEP][PASSED] - waitForAlert(1): No alert found after 1 second(s).

2019-04-03 16:38:28 - [MESSAGE][WARNING] - No alert found after 1 second(s).

2019-04-03 16:38:28 - [TEST_STEP][PASSED] - click(findTestObject("TypeOfService/Type of service-01/Page_ODTS System/button_To Loi Dch V")): Object: 'Object Repository/TypeOfService/Type of service-01/Page_ODTS System/button_To Loi Dch V' is clicked on

2019-04-03 16:38:28 - [MESSAGE][PASSED] - Object: 'Object Repository/TypeOfService/Type of service-01/Page_ODTS System/button_To Loi Dch V' is clicked on

2019-04-03 16:38:28 - [TEST_STEP][PASSED] - waitForAlert(1): No alert found after 1 second(s).

2019-04-03 16:38:29 - [MESSAGE][WARNING] - No alert found after 1 second(s).

2019-04-03 16:38:29 - [TEST_STEP][PASSED] - setText(findTestObject("TypeOfService/Type of service-01/Page_ODTS System/input_Tn Dch V_stsNameCreate"), "anhtest"): Text 'anhtest' is set on object 'Object Repository/TypeOfService/Type of service-01/Page_ODTS System/input_Tn Dch V_stsNameCreate'

2019-04-03 16:38:29 - [MESSAGE][PASSED] - Text 'anhtest' is set on object 'Object Repository/TypeOfService/Type of service-01/Page_ODTS System/input_Tn Dch V_stsNameCreate'

2019-04-03 16:38:29 - [TEST_STEP][PASSED] - waitForAlert(1): No alert found after 1 second(s).

2019-04-03 16:38:30 - [MESSAGE][WARNING] - No alert found after 1 second(s).

2019-04-03 16:38:30 - [TEST_STEP][PASSED] - setText(findTestObject("TypeOfService/Type of service-01/Page_ODTS System/input_M T_sisDescriptionCreate"), "hihi"): Text 'hihi' is set on object 'Object Repository/TypeOfService/Type of service-01/Page_ODTS System/input_M T_sisDescriptionCreate'

2019-04-03 16:38:31 - [MESSAGE][PASSED] - Text 'hihi' is set on object 'Object Repository/TypeOfService/Type of service-01/Page_ODTS System/input_M T_sisDescriptionCreate'

2019-04-03 16:38:31 - [TEST_STEP][PASSED] - CDATE = SimpleDateFormat(dd/MM/yyyy).format(getInstance().getTime()): null

2019-04-03 16:38:31 - [TEST_STEP][PASSED] - writer = null: null

2019-04-03 16:38:31 - [TEST_STEP][PASSED] - writer2 = null: null

2019-04-03 16:38:31 - [TEST_STEP][PASSED] - fileNameCre = "creDateTypeOfService.txt": null

2019-04-03 16:38:31 - [TEST_STEP][PASSED] - fileNameUp = "upDateTypeOfService.txt": null

2019-04-03 16:38:31 - [TEST_STEP][PASSED] - workingDirectory = System.getProperty("user.dir"): null

2019-04-03 16:38:31 - [TEST_STEP][PASSED] - absoluteFilePathCre = workingDirectory + separator + fileNameCre: null

2019-04-03 16:38:31 - [TEST_STEP][PASSED] - absoluteFilePathUp = workingDirectory + separator + fileNameUp: null

2019-04-03 16:38:31 - [TEST_STEP][PASSED] - try: null

2019-04-03 16:38:31 - [TEST_STEP][PASSED] - writer = new java.io.BufferedWriter(new java.io.OutputStreamWriter(new java.io.FileOutputStream(absoluteFilePathCre), utf-8)): null

2019-04-03 16:38:31 - [TEST_STEP][PASSED] - writer.write(CDATE): null

2019-04-03 16:38:31 - [TEST_STEP][PASSED] - writer2 = new java.io.BufferedWriter(new java.io.OutputStreamWriter(new java.io.FileOutputStream(absoluteFilePathUp), utf-8)): null

2019-04-03 16:38:31 - [TEST_STEP][PASSED] - writer2.write(CDATE): null

2019-04-03 16:38:31 - [TEST_STEP][PASSED] - Finally: null

2019-04-03 16:38:31 - [TEST_STEP][PASSED] - try: null

2019-04-03 16:38:31 - [TEST_STEP][PASSED] - writer.close(): null

2019-04-03 16:38:31 - [TEST_STEP][PASSED] - writer2.close(): null

2019-04-03 16:38:31 - [TEST_STEP][PASSED] - waitForAlert(1): No alert found after 1 second(s).

2019-04-03 16:38:32 - [MESSAGE][WARNING] - No alert found after 1 second(s).

2019-04-03 16:38:32 - [TEST_STEP][PASSED] - click(findTestObject("TypeOfService/Type of service-01/Page_ODTS System/button_To Mi")): Object: 'Object Repository/TypeOfService/Type of service-01/Page_ODTS System/button_To Mi' is clicked on

2019-04-03 16:38:32 - [MESSAGE][PASSED] - Object: 'Object Repository/TypeOfService/Type of service-01/Page_ODTS System/button_To Mi' is clicked on

2019-04-03 16:38:32 - [TEST_STEP][PASSED] - waitForAlert(1): No alert found after 1 second(s).

2019-04-03 16:38:33 - [MESSAGE][WARNING] - No alert found after 1 second(s).

2019-04-03 16:38:33 - [TEST_STEP][PASSED] - click(findTestObject("TypeOfService/Type of service-01/Page_ODTS System/button_OK")): Object: 'Object Repository/TypeOfService/Type of service-01/Page_ODTS System/button_OK' is clicked on

2019-04-03 16:38:33 - [MESSAGE][PASSED] - Object: 'Object Repository/TypeOfService/Type of service-01/Page_ODTS System/button_OK' is clicked on

2019-04-03 16:38:33 - [TEST_STEP][PASSED] - click(findTestObject("TypeOfService/Type of service-01/Page_ODTS System/fieldSearch")): Object: 'Object Repository/TypeOfService/Type of service-01/Page_ODTS System/fieldSearch' is clicked on

2019-04-03 16:38:34 - [MESSAGE][PASSED] - Object: 'Object Repository/TypeOfService/Type of service-01/Page_ODTS System/fieldSearch' is clicked on

2019-04-03 16:38:34 - [TEST_STEP][PASSED] - setText(findTestObject("TypeOfService/Type of service-01/Page_ODTS System/input"), "anhtest"): Text 'anhtest' is set on object 'Object Repository/TypeOfService/Type of service-01/Page_ODTS System/input'

2019-04-03 16:38:34 - [MESSAGE][PASSED] - Text 'anhtest' is set on object 'Object Repository/TypeOfService/Type of service-01/Page_ODTS System/input'

2019-04-03 16:38:34 - [TEST_STEP][PASSED] - verifyElementText(findTestObject("TypeOfService/Type of service-01/Page_ODTS System/td_anhtest"), "anhtest"): Actual text and expected text of test object 'Object Repository/TypeOfService/Type of service-01/Page_ODTS System/td_anhtest' are matched.

2019-04-03 16:38:34 - [MESSAGE][PASSED] - Actual text and expected text of test object 'Object Repository/TypeOfService/Type of service-01/Page_ODTS System/td_anhtest' are matched.

2019-04-03 16:38:34 - [TEST_STEP][PASSED] - verifyElementText(findTestObject("TypeOfService/Type of service-01/Page_ODTS System/td_hihi"), "hihi"): Actual text and expected text of test object 'Object Repository/TypeOfService/Type of service-01/Page_ODTS System/td_hihi' are matched.

2019-04-03 16:38:34 - [MESSAGE][PASSED] - Actual text and expected text of test object 'Object Repository/TypeOfService/Type of service-01/Page_ODTS System/td_hihi' are matched.

2019-04-03 16:38:34 - [TEST_STEP][PASSED] - verifyElementText(findTestObject("TypeOfService/Type of service-01/Page_ODTS System/td_25022019"), CDATE): Actual text and expected text of test object 'Object Repository/TypeOfService/Type of service-01/Page_ODTS System/td_25022019' are matched.

2019-04-03 16:38:34 - [MESSAGE][PASSED] - Actual text and expected text of test object 'Object Repository/TypeOfService/Type of service-01/Page_ODTS System/td_25022019' are matched.

2019-04-03 16:38:34 - [TEST_STEP][PASSED] - closeBrowser(): Browser is closed

2019-04-03 16:38:35 - [MESSAGE][PASSED] - Browser is closed]]></system-out>
         <system-err><![CDATA[]]></system-err>
      </testcase>
      <testcase name="Test Cases/TypeOfService/Type of service-02" classname="Test Cases/TypeOfService/Type of service-02" status="PASSED">
         <system-out><![CDATA[2019-04-03 16:38:35 - [TEST_CASE][PASSED] - Test Cases/TypeOfService/Type of service-02: Test Cases/TypeOfService/Type of service-02

2019-04-03 16:38:35 - [TEST_STEP][PASSED] - openBrowser(""): Browser is opened with url: ''

2019-04-03 16:38:35 - [MESSAGE][INFO] - Starting 'Chrome' driver

2019-04-03 16:38:38 - [MESSAGE][PASSED] - Browser is opened with url: ''

2019-04-03 16:38:38 - [TEST_STEP][PASSED] - navigateToUrl(url): Navigate to 'http://helpdesk.wisky.vn' successfully

2019-04-03 16:38:41 - [MESSAGE][PASSED] - Navigate to 'http://helpdesk.wisky.vn' successfully

2019-04-03 16:38:41 - [TEST_STEP][PASSED] - setText(findTestObject("TypeOfService/Type of service-02/Page_ODTS System/input_ODTS_username"), "admin01"): Text 'admin01' is set on object 'Object Repository/TypeOfService/Type of service-02/Page_ODTS System/input_ODTS_username'

2019-04-03 16:38:41 - [MESSAGE][PASSED] - Text 'admin01' is set on object 'Object Repository/TypeOfService/Type of service-02/Page_ODTS System/input_ODTS_username'

2019-04-03 16:38:41 - [TEST_STEP][PASSED] - setEncryptedText(findTestObject("TypeOfService/Type of service-02/Page_ODTS System/input_ODTS_password"), "aeHFOx8jV/A="): Text ****** has been set on object 'Object Repository/TypeOfService/Type of service-02/Page_ODTS System/input_ODTS_password'

2019-04-03 16:38:41 - [MESSAGE][PASSED] - Text ****** has been set on object 'Object Repository/TypeOfService/Type of service-02/Page_ODTS System/input_ODTS_password'

2019-04-03 16:38:41 - [TEST_STEP][PASSED] - click(findTestObject("TypeOfService/Type of service-02/Page_ODTS System/button_ng Nhp")): Object: 'Object Repository/TypeOfService/Type of service-02/Page_ODTS System/button_ng Nhp' is clicked on

2019-04-03 16:38:42 - [MESSAGE][PASSED] - Object: 'Object Repository/TypeOfService/Type of service-02/Page_ODTS System/button_ng Nhp' is clicked on

2019-04-03 16:38:42 - [TEST_STEP][PASSED] - click(findTestObject("TypeOfService/Type of service-02/Page_ODTS System/a_Loi Dch V")): Object: 'Object Repository/TypeOfService/Type of service-02/Page_ODTS System/a_Loi Dch V' is clicked on

2019-04-03 16:38:44 - [MESSAGE][PASSED] - Object: 'Object Repository/TypeOfService/Type of service-02/Page_ODTS System/a_Loi Dch V' is clicked on

2019-04-03 16:38:44 - [TEST_STEP][PASSED] - click(findTestObject("TypeOfService/Type of service-02/Page_ODTS System/fieldSearch")): Object: 'Object Repository/TypeOfService/Type of service-02/Page_ODTS System/fieldSearch' is clicked on

2019-04-03 16:38:44 - [MESSAGE][PASSED] - Object: 'Object Repository/TypeOfService/Type of service-02/Page_ODTS System/fieldSearch' is clicked on

2019-04-03 16:38:44 - [TEST_STEP][PASSED] - setText(findTestObject("TypeOfService/Type of service-02/Page_ODTS System/input"), "anhtest"): Text 'anhtest' is set on object 'Object Repository/TypeOfService/Type of service-02/Page_ODTS System/input'

2019-04-03 16:38:45 - [MESSAGE][PASSED] - Text 'anhtest' is set on object 'Object Repository/TypeOfService/Type of service-02/Page_ODTS System/input'

2019-04-03 16:38:45 - [TEST_STEP][PASSED] - click(findTestObject("TypeOfService/Type of service-02/Page_ODTS System/button_Xem Dch V_btn btn-info")): Object: 'Object Repository/TypeOfService/Type of service-02/Page_ODTS System/button_Xem Dch V_btn btn-info' is clicked on

2019-04-03 16:38:45 - [MESSAGE][PASSED] - Object: 'Object Repository/TypeOfService/Type of service-02/Page_ODTS System/button_Xem Dch V_btn btn-info' is clicked on

2019-04-03 16:38:45 - [TEST_STEP][PASSED] - waitForAlert(1): No alert found after 1 second(s).

2019-04-03 16:38:46 - [MESSAGE][WARNING] - No alert found after 1 second(s).

2019-04-03 16:38:46 - [TEST_STEP][PASSED] - verifyElementText(findTestObject("TypeOfService/Type of service-02/Page_ODTS System/p_anhtest"), "anhtest"): Actual text and expected text of test object 'Object Repository/TypeOfService/Type of service-02/Page_ODTS System/p_anhtest' are matched.

2019-04-03 16:38:46 - [MESSAGE][PASSED] - Actual text and expected text of test object 'Object Repository/TypeOfService/Type of service-02/Page_ODTS System/p_anhtest' are matched.

2019-04-03 16:38:46 - [TEST_STEP][PASSED] - verifyElementText(findTestObject("TypeOfService/Type of service-02/Page_ODTS System/p_hihi"), "hihi"): Actual text and expected text of test object 'Object Repository/TypeOfService/Type of service-02/Page_ODTS System/p_hihi' are matched.

2019-04-03 16:38:46 - [MESSAGE][PASSED] - Actual text and expected text of test object 'Object Repository/TypeOfService/Type of service-02/Page_ODTS System/p_hihi' are matched.

2019-04-03 16:38:46 - [TEST_STEP][PASSED] - CDATE = null: null

2019-04-03 16:38:46 - [TEST_STEP][PASSED] - UDATE = null: null

2019-04-03 16:38:46 - [TEST_STEP][PASSED] - br = null: null

2019-04-03 16:38:46 - [TEST_STEP][PASSED] - fileNameCre = "creDateTypeOfService.txt": null

2019-04-03 16:38:46 - [TEST_STEP][PASSED] - fileNameUp = "upDateTypeOfService.txt": null

2019-04-03 16:38:46 - [TEST_STEP][PASSED] - workingDirectory = System.getProperty("user.dir"): null

2019-04-03 16:38:46 - [TEST_STEP][PASSED] - absoluteFilePathCre = workingDirectory + separator + fileNameCre: null

2019-04-03 16:38:46 - [TEST_STEP][PASSED] - absoluteFilePathUp = workingDirectory + separator + fileNameUp: null

2019-04-03 16:38:46 - [TEST_STEP][PASSED] - try: null

2019-04-03 16:38:46 - [TEST_STEP][PASSED] - br = new java.io.BufferedReader(new java.io.FileReader(absoluteFilePathCre)): null

2019-04-03 16:38:46 - [TEST_STEP][PASSED] - sCurrentLine = <not implemented yet for class: org.codehaus.groovy.ast.expr.EmptyExpression>: null

2019-04-03 16:38:46 - [TEST_STEP][PASSED] - while (sCurrentLine = br.readLine() != null): null

2019-04-03 16:38:46 - [TEST_STEP][PASSED] - CDATE = sCurrentLine: null

2019-04-03 16:38:46 - [TEST_STEP][PASSED] - br = new java.io.BufferedReader(new java.io.FileReader(absoluteFilePathUp)): null

2019-04-03 16:38:46 - [TEST_STEP][PASSED] - sCurrentLine: null

2019-04-03 16:38:46 - [TEST_STEP][PASSED] - while (sCurrentLine = br.readLine() != null): null

2019-04-03 16:38:46 - [TEST_STEP][PASSED] - UDATE = sCurrentLine: null

2019-04-03 16:38:46 - [TEST_STEP][PASSED] - Finally: null

2019-04-03 16:38:46 - [TEST_STEP][PASSED] - br.close(): null

2019-04-03 16:38:46 - [TEST_STEP][PASSED] - verifyElementText(findTestObject("TypeOfService/Type of service-02/Page_ODTS System/p_25022019"), CDATE): Actual text and expected text of test object 'Object Repository/TypeOfService/Type of service-02/Page_ODTS System/p_25022019' are matched.

2019-04-03 16:38:46 - [MESSAGE][PASSED] - Actual text and expected text of test object 'Object Repository/TypeOfService/Type of service-02/Page_ODTS System/p_25022019' are matched.

2019-04-03 16:38:46 - [TEST_STEP][PASSED] - verifyElementText(findTestObject("TypeOfService/Type of service-02/Page_ODTS System/p_25022019_1"), UDATE): Actual text and expected text of test object 'Object Repository/TypeOfService/Type of service-02/Page_ODTS System/p_25022019_1' are matched.

2019-04-03 16:38:46 - [MESSAGE][PASSED] - Actual text and expected text of test object 'Object Repository/TypeOfService/Type of service-02/Page_ODTS System/p_25022019_1' are matched.

2019-04-03 16:38:46 - [TEST_STEP][PASSED] - click(findTestObject("TypeOfService/Type of service-02/Page_ODTS System/button_ng")): Object: 'Object Repository/TypeOfService/Type of service-02/Page_ODTS System/button_ng' is clicked on

2019-04-03 16:38:46 - [MESSAGE][PASSED] - Object: 'Object Repository/TypeOfService/Type of service-02/Page_ODTS System/button_ng' is clicked on

2019-04-03 16:38:46 - [TEST_STEP][PASSED] - closeBrowser(): Browser is closed

2019-04-03 16:38:47 - [MESSAGE][PASSED] - Browser is closed]]></system-out>
         <system-err><![CDATA[]]></system-err>
      </testcase>
      <testcase name="Test Cases/TypeOfService/Type of service-03" classname="Test Cases/TypeOfService/Type of service-03" status="PASSED">
         <system-out><![CDATA[2019-04-03 16:38:47 - [TEST_CASE][PASSED] - Test Cases/TypeOfService/Type of service-03: Test Cases/TypeOfService/Type of service-03

2019-04-03 16:38:47 - [TEST_STEP][PASSED] - openBrowser(""): Browser is opened with url: ''

2019-04-03 16:38:47 - [MESSAGE][INFO] - Starting 'Chrome' driver

2019-04-03 16:38:50 - [MESSAGE][PASSED] - Browser is opened with url: ''

2019-04-03 16:38:50 - [TEST_STEP][PASSED] - navigateToUrl(url): Navigate to 'http://helpdesk.wisky.vn' successfully

2019-04-03 16:38:52 - [MESSAGE][PASSED] - Navigate to 'http://helpdesk.wisky.vn' successfully

2019-04-03 16:38:52 - [TEST_STEP][PASSED] - setText(findTestObject("TypeOfService/Type of service-03/Page_ODTS System/input_ODTS_username"), "admin01"): Text 'admin01' is set on object 'Object Repository/TypeOfService/Type of service-03/Page_ODTS System/input_ODTS_username'

2019-04-03 16:38:53 - [MESSAGE][PASSED] - Text 'admin01' is set on object 'Object Repository/TypeOfService/Type of service-03/Page_ODTS System/input_ODTS_username'

2019-04-03 16:38:53 - [TEST_STEP][PASSED] - setEncryptedText(findTestObject("TypeOfService/Type of service-03/Page_ODTS System/input_ODTS_password"), "aeHFOx8jV/A="): Text ****** has been set on object 'Object Repository/TypeOfService/Type of service-03/Page_ODTS System/input_ODTS_password'

2019-04-03 16:38:53 - [MESSAGE][PASSED] - Text ****** has been set on object 'Object Repository/TypeOfService/Type of service-03/Page_ODTS System/input_ODTS_password'

2019-04-03 16:38:53 - [TEST_STEP][PASSED] - click(findTestObject("TypeOfService/Type of service-03/Page_ODTS System/button_ng Nhp")): Object: 'Object Repository/TypeOfService/Type of service-03/Page_ODTS System/button_ng Nhp' is clicked on

2019-04-03 16:38:53 - [MESSAGE][PASSED] - Object: 'Object Repository/TypeOfService/Type of service-03/Page_ODTS System/button_ng Nhp' is clicked on

2019-04-03 16:38:53 - [TEST_STEP][PASSED] - click(findTestObject("TypeOfService/Type of service-03/Page_ODTS System/a_Loi Dch V")): Object: 'Object Repository/TypeOfService/Type of service-03/Page_ODTS System/a_Loi Dch V' is clicked on

2019-04-03 16:38:55 - [MESSAGE][PASSED] - Object: 'Object Repository/TypeOfService/Type of service-03/Page_ODTS System/a_Loi Dch V' is clicked on

2019-04-03 16:38:55 - [TEST_STEP][PASSED] - click(findTestObject("TypeOfService/Type of service-03/Page_ODTS System/fieldSearch")): Object: 'Object Repository/TypeOfService/Type of service-03/Page_ODTS System/fieldSearch' is clicked on

2019-04-03 16:38:56 - [MESSAGE][PASSED] - Object: 'Object Repository/TypeOfService/Type of service-03/Page_ODTS System/fieldSearch' is clicked on

2019-04-03 16:38:56 - [TEST_STEP][PASSED] - setText(findTestObject("TypeOfService/Type of service-03/Page_ODTS System/input"), "anhtest"): Text 'anhtest' is set on object 'Object Repository/TypeOfService/Type of service-03/Page_ODTS System/input'

2019-04-03 16:38:56 - [MESSAGE][PASSED] - Text 'anhtest' is set on object 'Object Repository/TypeOfService/Type of service-03/Page_ODTS System/input'

2019-04-03 16:38:56 - [TEST_STEP][PASSED] - click(findTestObject("TypeOfService/Type of service-03/Page_ODTS System/button_Xem Dch V_btn btn-warni")): Object: 'Object Repository/TypeOfService/Type of service-03/Page_ODTS System/button_Xem Dch V_btn btn-warni' is clicked on

2019-04-03 16:38:56 - [MESSAGE][PASSED] - Object: 'Object Repository/TypeOfService/Type of service-03/Page_ODTS System/button_Xem Dch V_btn btn-warni' is clicked on

2019-04-03 16:38:56 - [TEST_STEP][PASSED] - waitForAlert(1): No alert found after 1 second(s).

2019-04-03 16:38:57 - [MESSAGE][WARNING] - No alert found after 1 second(s).

2019-04-03 16:38:57 - [TEST_STEP][PASSED] - setText(findTestObject("TypeOfService/Type of service-03/Page_ODTS System/input_Tn Loi Dch V_stsNameEdit"), "anhtest22"): Text 'anhtest22' is set on object 'Object Repository/TypeOfService/Type of service-03/Page_ODTS System/input_Tn Loi Dch V_stsNameEdit'

2019-04-03 16:38:57 - [MESSAGE][PASSED] - Text 'anhtest22' is set on object 'Object Repository/TypeOfService/Type of service-03/Page_ODTS System/input_Tn Loi Dch V_stsNameEdit'

2019-04-03 16:38:57 - [TEST_STEP][PASSED] - waitForAlert(1): No alert found after 1 second(s).

2019-04-03 16:38:58 - [MESSAGE][WARNING] - No alert found after 1 second(s).

2019-04-03 16:38:58 - [TEST_STEP][PASSED] - setText(findTestObject("TypeOfService/Type of service-03/Page_ODTS System/input_M T_stsDescriptionEdit"), "hihi22"): Text 'hihi22' is set on object 'Object Repository/TypeOfService/Type of service-03/Page_ODTS System/input_M T_stsDescriptionEdit'

2019-04-03 16:38:58 - [MESSAGE][PASSED] - Text 'hihi22' is set on object 'Object Repository/TypeOfService/Type of service-03/Page_ODTS System/input_M T_stsDescriptionEdit'

2019-04-03 16:38:58 - [TEST_STEP][PASSED] - UDATE = SimpleDateFormat(dd/MM/yyyy).format(getInstance().getTime()): null

2019-04-03 16:38:58 - [TEST_STEP][PASSED] - writer = null: null

2019-04-03 16:38:58 - [TEST_STEP][PASSED] - fileNameCre = "creDateTypeOfService.txt": null

2019-04-03 16:38:58 - [TEST_STEP][PASSED] - fileNameUp = "upDateTypeOfService.txt": null

2019-04-03 16:38:58 - [TEST_STEP][PASSED] - workingDirectory = System.getProperty("user.dir"): null

2019-04-03 16:38:58 - [TEST_STEP][PASSED] - absoluteFilePathCre = workingDirectory + separator + fileNameCre: null

2019-04-03 16:38:58 - [TEST_STEP][PASSED] - absoluteFilePathUp = workingDirectory + separator + fileNameUp: null

2019-04-03 16:38:58 - [TEST_STEP][PASSED] - try: null

2019-04-03 16:38:58 - [TEST_STEP][PASSED] - writer = new java.io.BufferedWriter(new java.io.OutputStreamWriter(new java.io.FileOutputStream(absoluteFilePathUp), utf-8)): null

2019-04-03 16:38:58 - [TEST_STEP][PASSED] - writer.write(UDATE): null

2019-04-03 16:38:58 - [TEST_STEP][PASSED] - Finally: null

2019-04-03 16:38:58 - [TEST_STEP][PASSED] - try: null

2019-04-03 16:38:58 - [TEST_STEP][PASSED] - writer.close(): null

2019-04-03 16:38:58 - [TEST_STEP][PASSED] - waitForAlert(1): No alert found after 1 second(s).

2019-04-03 16:38:59 - [MESSAGE][WARNING] - No alert found after 1 second(s).

2019-04-03 16:38:59 - [TEST_STEP][PASSED] - click(findTestObject("TypeOfService/Type of service-03/Page_ODTS System/button_Cp Nht")): Object: 'Object Repository/TypeOfService/Type of service-03/Page_ODTS System/button_Cp Nht' is clicked on

2019-04-03 16:39:00 - [MESSAGE][PASSED] - Object: 'Object Repository/TypeOfService/Type of service-03/Page_ODTS System/button_Cp Nht' is clicked on

2019-04-03 16:39:00 - [TEST_STEP][PASSED] - waitForAlert(1): No alert found after 1 second(s).

2019-04-03 16:39:01 - [MESSAGE][WARNING] - No alert found after 1 second(s).

2019-04-03 16:39:01 - [TEST_STEP][PASSED] - click(findTestObject("TypeOfService/Type of service-03/Page_ODTS System/button_OK")): Object: 'Object Repository/TypeOfService/Type of service-03/Page_ODTS System/button_OK' is clicked on

2019-04-03 16:39:01 - [MESSAGE][PASSED] - Object: 'Object Repository/TypeOfService/Type of service-03/Page_ODTS System/button_OK' is clicked on

2019-04-03 16:39:01 - [TEST_STEP][PASSED] - waitForAlert(1): No alert found after 1 second(s).

2019-04-03 16:39:02 - [MESSAGE][WARNING] - No alert found after 1 second(s).

2019-04-03 16:39:02 - [TEST_STEP][PASSED] - click(findTestObject("TypeOfService/Type of service-03/Page_ODTS System/button_Xem Dch V_btn btn-info")): Object: 'Object Repository/TypeOfService/Type of service-03/Page_ODTS System/button_Xem Dch V_btn btn-info' is clicked on

2019-04-03 16:39:02 - [MESSAGE][PASSED] - Object: 'Object Repository/TypeOfService/Type of service-03/Page_ODTS System/button_Xem Dch V_btn btn-info' is clicked on

2019-04-03 16:39:02 - [TEST_STEP][PASSED] - waitForAlert(1): No alert found after 1 second(s).

2019-04-03 16:39:03 - [MESSAGE][WARNING] - No alert found after 1 second(s).

2019-04-03 16:39:03 - [TEST_STEP][PASSED] - verifyElementText(findTestObject("TypeOfService/Type of service-03/Page_ODTS System/p_anhtest22"), "anhtest22"): Actual text and expected text of test object 'Object Repository/TypeOfService/Type of service-03/Page_ODTS System/p_anhtest22' are matched.

2019-04-03 16:39:03 - [MESSAGE][PASSED] - Actual text and expected text of test object 'Object Repository/TypeOfService/Type of service-03/Page_ODTS System/p_anhtest22' are matched.

2019-04-03 16:39:03 - [TEST_STEP][PASSED] - verifyElementText(findTestObject("TypeOfService/Type of service-03/Page_ODTS System/p_hihi22"), "hihi22"): Actual text and expected text of test object 'Object Repository/TypeOfService/Type of service-03/Page_ODTS System/p_hihi22' are matched.

2019-04-03 16:39:03 - [MESSAGE][PASSED] - Actual text and expected text of test object 'Object Repository/TypeOfService/Type of service-03/Page_ODTS System/p_hihi22' are matched.

2019-04-03 16:39:03 - [TEST_STEP][PASSED] - CDATE = null: null

2019-04-03 16:39:03 - [TEST_STEP][PASSED] - br = null: null

2019-04-03 16:39:03 - [TEST_STEP][PASSED] - try: null

2019-04-03 16:39:03 - [TEST_STEP][PASSED] - br = new java.io.BufferedReader(new java.io.FileReader(absoluteFilePathCre)): null

2019-04-03 16:39:03 - [TEST_STEP][PASSED] - sCurrentLine = <not implemented yet for class: org.codehaus.groovy.ast.expr.EmptyExpression>: null

2019-04-03 16:39:03 - [TEST_STEP][PASSED] - while (sCurrentLine = br.readLine() != null): null

2019-04-03 16:39:03 - [TEST_STEP][PASSED] - CDATE = sCurrentLine: null

2019-04-03 16:39:03 - [TEST_STEP][PASSED] - Finally: null

2019-04-03 16:39:03 - [TEST_STEP][PASSED] - br.close(): null

2019-04-03 16:39:03 - [TEST_STEP][PASSED] - verifyElementText(findTestObject("TypeOfService/Type of service-03/Page_ODTS System/p_25022019"), CDATE): Actual text and expected text of test object 'Object Repository/TypeOfService/Type of service-03/Page_ODTS System/p_25022019' are matched.

2019-04-03 16:39:03 - [MESSAGE][PASSED] - Actual text and expected text of test object 'Object Repository/TypeOfService/Type of service-03/Page_ODTS System/p_25022019' are matched.

2019-04-03 16:39:03 - [TEST_STEP][PASSED] - verifyElementText(findTestObject("TypeOfService/Type of service-03/Page_ODTS System/p_25022019_1"), UDATE): Actual text and expected text of test object 'Object Repository/TypeOfService/Type of service-03/Page_ODTS System/p_25022019_1' are matched.

2019-04-03 16:39:03 - [MESSAGE][PASSED] - Actual text and expected text of test object 'Object Repository/TypeOfService/Type of service-03/Page_ODTS System/p_25022019_1' are matched.

2019-04-03 16:39:03 - [TEST_STEP][PASSED] - click(findTestObject("TypeOfService/Type of service-03/Page_ODTS System/button_ng")): Object: 'Object Repository/TypeOfService/Type of service-03/Page_ODTS System/button_ng' is clicked on

2019-04-03 16:39:04 - [MESSAGE][PASSED] - Object: 'Object Repository/TypeOfService/Type of service-03/Page_ODTS System/button_ng' is clicked on

2019-04-03 16:39:04 - [TEST_STEP][PASSED] - closeBrowser(): Browser is closed

2019-04-03 16:39:05 - [MESSAGE][PASSED] - Browser is closed]]></system-out>
         <system-err><![CDATA[]]></system-err>
      </testcase>
      <testcase name="Test Cases/TypeOfService/Type of service-04" classname="Test Cases/TypeOfService/Type of service-04" status="PASSED">
         <system-out><![CDATA[2019-04-03 16:39:05 - [TEST_CASE][PASSED] - Test Cases/TypeOfService/Type of service-04: Test Cases/TypeOfService/Type of service-04

2019-04-03 16:39:05 - [TEST_STEP][PASSED] - openBrowser(""): Browser is opened with url: ''

2019-04-03 16:39:05 - [MESSAGE][INFO] - Starting 'Chrome' driver

2019-04-03 16:39:08 - [MESSAGE][PASSED] - Browser is opened with url: ''

2019-04-03 16:39:08 - [TEST_STEP][PASSED] - navigateToUrl(url): Navigate to 'http://helpdesk.wisky.vn' successfully

2019-04-03 16:39:10 - [MESSAGE][PASSED] - Navigate to 'http://helpdesk.wisky.vn' successfully

2019-04-03 16:39:10 - [TEST_STEP][PASSED] - setText(findTestObject("TypeOfService/Type of service-04/Page_ODTS System/input_ODTS_username"), "admin01"): Text 'admin01' is set on object 'Object Repository/TypeOfService/Type of service-04/Page_ODTS System/input_ODTS_username'

2019-04-03 16:39:10 - [MESSAGE][PASSED] - Text 'admin01' is set on object 'Object Repository/TypeOfService/Type of service-04/Page_ODTS System/input_ODTS_username'

2019-04-03 16:39:10 - [TEST_STEP][PASSED] - setEncryptedText(findTestObject("TypeOfService/Type of service-04/Page_ODTS System/input_ODTS_password"), "aeHFOx8jV/A="): Text ****** has been set on object 'Object Repository/TypeOfService/Type of service-04/Page_ODTS System/input_ODTS_password'

2019-04-03 16:39:10 - [MESSAGE][PASSED] - Text ****** has been set on object 'Object Repository/TypeOfService/Type of service-04/Page_ODTS System/input_ODTS_password'

2019-04-03 16:39:10 - [TEST_STEP][PASSED] - click(findTestObject("TypeOfService/Type of service-04/Page_ODTS System/button_ng Nhp")): Object: 'Object Repository/TypeOfService/Type of service-04/Page_ODTS System/button_ng Nhp' is clicked on

2019-04-03 16:39:11 - [MESSAGE][PASSED] - Object: 'Object Repository/TypeOfService/Type of service-04/Page_ODTS System/button_ng Nhp' is clicked on

2019-04-03 16:39:11 - [TEST_STEP][PASSED] - click(findTestObject("TypeOfService/Type of service-04/Page_ODTS System/a_Loi Dch V")): Object: 'Object Repository/TypeOfService/Type of service-04/Page_ODTS System/a_Loi Dch V' is clicked on

2019-04-03 16:39:13 - [MESSAGE][PASSED] - Object: 'Object Repository/TypeOfService/Type of service-04/Page_ODTS System/a_Loi Dch V' is clicked on

2019-04-03 16:39:13 - [TEST_STEP][PASSED] - click(findTestObject("TypeOfService/Type of service-04/Page_ODTS System/fieldSearch")): Object: 'Object Repository/TypeOfService/Type of service-04/Page_ODTS System/fieldSearch' is clicked on

2019-04-03 16:39:13 - [MESSAGE][PASSED] - Object: 'Object Repository/TypeOfService/Type of service-04/Page_ODTS System/fieldSearch' is clicked on

2019-04-03 16:39:13 - [TEST_STEP][PASSED] - setText(findTestObject("TypeOfService/Type of service-04/Page_ODTS System/input"), "anhtest22"): Text 'anhtest22' is set on object 'Object Repository/TypeOfService/Type of service-04/Page_ODTS System/input'

2019-04-03 16:39:13 - [MESSAGE][PASSED] - Text 'anhtest22' is set on object 'Object Repository/TypeOfService/Type of service-04/Page_ODTS System/input'

2019-04-03 16:39:13 - [TEST_STEP][PASSED] - waitForAlert(1): No alert found after 1 second(s).

2019-04-03 16:39:14 - [MESSAGE][WARNING] - No alert found after 1 second(s).

2019-04-03 16:39:14 - [TEST_STEP][PASSED] - click(findTestObject("TypeOfService/Type of service-04/Page_ODTS System/button_Xem Dch V_btn btn-dange")): Object: 'Object Repository/TypeOfService/Type of service-04/Page_ODTS System/button_Xem Dch V_btn btn-dange' is clicked on

2019-04-03 16:39:14 - [MESSAGE][PASSED] - Object: 'Object Repository/TypeOfService/Type of service-04/Page_ODTS System/button_Xem Dch V_btn btn-dange' is clicked on

2019-04-03 16:39:14 - [TEST_STEP][PASSED] - click(findTestObject("TypeOfService/Type of service-04/Page_ODTS System/button_Chp Nhn Xa")): Object: 'Object Repository/TypeOfService/Type of service-04/Page_ODTS System/button_Chp Nhn Xa' is clicked on

2019-04-03 16:39:15 - [MESSAGE][PASSED] - Object: 'Object Repository/TypeOfService/Type of service-04/Page_ODTS System/button_Chp Nhn Xa' is clicked on

2019-04-03 16:39:15 - [TEST_STEP][PASSED] - waitForAlert(1): No alert found after 1 second(s).

2019-04-03 16:39:16 - [MESSAGE][WARNING] - No alert found after 1 second(s).

2019-04-03 16:39:16 - [TEST_STEP][PASSED] - click(findTestObject("TypeOfService/Type of service-04/Page_ODTS System/button_OK")): Object: 'Object Repository/TypeOfService/Type of service-04/Page_ODTS System/button_OK' is clicked on

2019-04-03 16:39:16 - [MESSAGE][PASSED] - Object: 'Object Repository/TypeOfService/Type of service-04/Page_ODTS System/button_OK' is clicked on

2019-04-03 16:39:16 - [TEST_STEP][PASSED] - verifyElementVisible(findTestObject("TypeOfService/Type of service-04/Page_ODTS System/td_Khng c d liu ph hp")): Object 'Object Repository/TypeOfService/Type of service-04/Page_ODTS System/td_Khng c d liu ph hp' is visible

2019-04-03 16:39:16 - [MESSAGE][PASSED] - Object 'Object Repository/TypeOfService/Type of service-04/Page_ODTS System/td_Khng c d liu ph hp' is visible

2019-04-03 16:39:16 - [TEST_STEP][PASSED] - fileNameCre = "creDateTypeOfService.txt": null

2019-04-03 16:39:16 - [TEST_STEP][PASSED] - fileNameUp = "upDateTypeOfService.txt": null

2019-04-03 16:39:16 - [TEST_STEP][PASSED] - workingDirectory = System.getProperty("user.dir"): null

2019-04-03 16:39:16 - [TEST_STEP][PASSED] - absoluteFilePathCre = workingDirectory + separator + fileNameCre: null

2019-04-03 16:39:16 - [TEST_STEP][PASSED] - absoluteFilePathUp = workingDirectory + separator + fileNameUp: null

2019-04-03 16:39:16 - [TEST_STEP][PASSED] - writer2 = new java.io.PrintWriter(absoluteFilePathCre): null

2019-04-03 16:39:16 - [TEST_STEP][PASSED] - writer2.print(""): null

2019-04-03 16:39:16 - [TEST_STEP][PASSED] - writer2.close(): null

2019-04-03 16:39:16 - [TEST_STEP][PASSED] - writer = new java.io.PrintWriter(absoluteFilePathUp): null

2019-04-03 16:39:16 - [TEST_STEP][PASSED] - writer.print(""): null

2019-04-03 16:39:16 - [TEST_STEP][PASSED] - writer.close(): null

2019-04-03 16:39:16 - [TEST_STEP][PASSED] - closeBrowser(): Browser is closed

2019-04-03 16:39:17 - [MESSAGE][PASSED] - Browser is closed]]></system-out>
         <system-err><![CDATA[]]></system-err>
      </testcase>
      <system-out><![CDATA[2019-04-03 16:38:15 - [TEST_SUITE][PASSED] - TypeOfService01-02-03-04: Test Cases/TypeOfService/Type of service-04]]></system-out>
      <system-err><![CDATA[]]></system-err>
   </testsuite>
</testsuites>
