<?xml version="1.0" encoding="UTF-8"?>
<testsuites name="TypeOfService01-02-03-04" time="59" tests="4" failures="0" errors="0">
   <testsuite name="TypeOfService01-02-03-04" tests="4" failures="0" errors="0" time="59" timestamp="2019-02-25 11:51:59" hostname="Ninja - AnhNVSE63446" id="Test Suites/TypeOfService01-02-03-04">
      <properties>
         <property name="deviceName" value=""/>
         <property name="devicePlatform" value=""/>
         <property name="logFolder" value="C:\\Users\\pc\\Katalon Studio\\Helpdesk\\Reports\\TypeOfService01-02-03-04\\20190225_115152"/>
         <property name="logFiles" value="C:\\Users\\pc\\Katalon Studio\\Helpdesk\\Reports\\TypeOfService01-02-03-04\\20190225_115152\\execution0.log"/>
         <property name="attachments" value=""/>
         <property name="hostName" value="Ninja - AnhNVSE63446"/>
         <property name="os" value="Windows 10 64bit"/>
         <property name="katalonVersion" value="5.10.0.1"/>
         <property name="browser" value="Chrome 72.0.3626.119"/>
         <property name="hostAddress" value="192.168.175.1"/>
         <property name="sessionId" value="36efa1d1d55a577b92779a40ae57e1b5"/>
         <property name="seleniumVersion" value="3.7.1"/>
         <property name="proxyInformation" value="ProxyInformation{proxyOption=NO_PROXY, proxyServerType=HTTP, password=, proxyServerAddress=, proxyServerPort=0}"/>
         <property name="platform" value="Windows 10"/>
      </properties>
      <testcase name="Test Cases/TypeOfService/typeOfService01" classname="Test Cases/TypeOfService/typeOfService01" status="PASSED">
         <system-out><![CDATA[2019-02-25 11:51:59 - [TEST_CASE][PASSED] - Test Cases/TypeOfService/typeOfService01: Test Cases/TypeOfService/typeOfService01

2019-02-25 11:52:00 - [TEST_STEP][PASSED] - openBrowser(""): Browser is opened with url: ''

2019-02-25 11:52:01 - [MESSAGE][INFO] - Starting 'Chrome' driver

2019-02-25 11:52:01 - [MESSAGE][INFO] - Action delay is set to 0 seconds

2019-02-25 11:52:05 - [MESSAGE][PASSED] - Browser is opened with url: ''

2019-02-25 11:52:05 - [TEST_STEP][PASSED] - navigateToUrl("http://helpdesk.wisky.vn/"): Navigate to 'http://helpdesk.wisky.vn/' successfully

2019-02-25 11:52:07 - [MESSAGE][PASSED] - Navigate to 'http://helpdesk.wisky.vn/' successfully

2019-02-25 11:52:07 - [TEST_STEP][PASSED] - setText(findTestObject("Object Repository/TypeOfService/TypeOfService01/Page_ODTS System/input_ODTS_username"), "admin01"): Text 'admin01' is set on object 'Object Repository/TypeOfService/TypeOfService01/Page_ODTS System/input_ODTS_username'

2019-02-25 11:52:07 - [MESSAGE][PASSED] - Text 'admin01' is set on object 'Object Repository/TypeOfService/TypeOfService01/Page_ODTS System/input_ODTS_username'

2019-02-25 11:52:07 - [TEST_STEP][PASSED] - setEncryptedText(findTestObject("Object Repository/TypeOfService/TypeOfService01/Page_ODTS System/input_ODTS_password"), "aeHFOx8jV/A="): Text ****** has been set on object 'Object Repository/TypeOfService/TypeOfService01/Page_ODTS System/input_ODTS_password'

2019-02-25 11:52:08 - [MESSAGE][PASSED] - Text ****** has been set on object 'Object Repository/TypeOfService/TypeOfService01/Page_ODTS System/input_ODTS_password'

2019-02-25 11:52:08 - [TEST_STEP][PASSED] - click(findTestObject("Object Repository/TypeOfService/TypeOfService01/Page_ODTS System/button_ng Nhp")): Object: 'Object Repository/TypeOfService/TypeOfService01/Page_ODTS System/button_ng Nhp' is clicked on

2019-02-25 11:52:08 - [MESSAGE][PASSED] - Object: 'Object Repository/TypeOfService/TypeOfService01/Page_ODTS System/button_ng Nhp' is clicked on

2019-02-25 11:52:08 - [TEST_STEP][PASSED] - click(findTestObject("Object Repository/TypeOfService/TypeOfService01/Page_ODTS System/a_Loi Dch V")): Object: 'Object Repository/TypeOfService/TypeOfService01/Page_ODTS System/a_Loi Dch V' is clicked on

2019-02-25 11:52:10 - [MESSAGE][PASSED] - Object: 'Object Repository/TypeOfService/TypeOfService01/Page_ODTS System/a_Loi Dch V' is clicked on

2019-02-25 11:52:10 - [TEST_STEP][PASSED] - waitForAlert(1): No alert found after 1 second(s).

2019-02-25 11:52:12 - [MESSAGE][WARNING] - No alert found after 1 second(s).

2019-02-25 11:52:12 - [TEST_STEP][PASSED] - click(findTestObject("Object Repository/TypeOfService/TypeOfService01/Page_ODTS System/button_To Loi Dch V")): Object: 'Object Repository/TypeOfService/TypeOfService01/Page_ODTS System/button_To Loi Dch V' is clicked on

2019-02-25 11:52:12 - [MESSAGE][PASSED] - Object: 'Object Repository/TypeOfService/TypeOfService01/Page_ODTS System/button_To Loi Dch V' is clicked on

2019-02-25 11:52:12 - [TEST_STEP][PASSED] - waitForAlert(1): No alert found after 1 second(s).

2019-02-25 11:52:13 - [MESSAGE][WARNING] - No alert found after 1 second(s).

2019-02-25 11:52:13 - [TEST_STEP][PASSED] - setText(findTestObject("Object Repository/TypeOfService/TypeOfService01/Page_ODTS System/input_Tn Dch V_stsNameCreate"), "anhtest"): Text 'anhtest' is set on object 'Object Repository/TypeOfService/TypeOfService01/Page_ODTS System/input_Tn Dch V_stsNameCreate'

2019-02-25 11:52:13 - [MESSAGE][PASSED] - Text 'anhtest' is set on object 'Object Repository/TypeOfService/TypeOfService01/Page_ODTS System/input_Tn Dch V_stsNameCreate'

2019-02-25 11:52:13 - [TEST_STEP][PASSED] - waitForAlert(1): No alert found after 1 second(s).

2019-02-25 11:52:14 - [MESSAGE][WARNING] - No alert found after 1 second(s).

2019-02-25 11:52:14 - [TEST_STEP][PASSED] - setText(findTestObject("Object Repository/TypeOfService/TypeOfService01/Page_ODTS System/input_M T_sisDescriptionCreate"), "hihi"): Text 'hihi' is set on object 'Object Repository/TypeOfService/TypeOfService01/Page_ODTS System/input_M T_sisDescriptionCreate'

2019-02-25 11:52:15 - [MESSAGE][PASSED] - Text 'hihi' is set on object 'Object Repository/TypeOfService/TypeOfService01/Page_ODTS System/input_M T_sisDescriptionCreate'

2019-02-25 11:52:15 - [TEST_STEP][PASSED] - CDATE = SimpleDateFormat(dd/MM/yyyy).format(getInstance().getTime()): null

2019-02-25 11:52:15 - [TEST_STEP][PASSED] - writer = null: null

2019-02-25 11:52:15 - [TEST_STEP][PASSED] - writer2 = null: null

2019-02-25 11:52:15 - [TEST_STEP][PASSED] - try: null

2019-02-25 11:52:15 - [TEST_STEP][PASSED] - writer = new java.io.BufferedWriter(new java.io.OutputStreamWriter(new java.io.FileOutputStream(C:\Users\pc\Katalon Studio\Helpdesk\creDateTypeOfService.txt), utf-8)): null

2019-02-25 11:52:15 - [TEST_STEP][PASSED] - writer.write(CDATE): null

2019-02-25 11:52:15 - [TEST_STEP][PASSED] - writer2 = new java.io.BufferedWriter(new java.io.OutputStreamWriter(new java.io.FileOutputStream(C:\Users\pc\Katalon Studio\Helpdesk\upDateTypeOfService.txt), utf-8)): null

2019-02-25 11:52:15 - [TEST_STEP][PASSED] - writer2.write(CDATE): null

2019-02-25 11:52:15 - [TEST_STEP][PASSED] - Finally: null

2019-02-25 11:52:15 - [TEST_STEP][PASSED] - try: null

2019-02-25 11:52:15 - [TEST_STEP][PASSED] - writer.close(): null

2019-02-25 11:52:15 - [TEST_STEP][PASSED] - writer2.close(): null

2019-02-25 11:52:15 - [TEST_STEP][PASSED] - waitForAlert(1): No alert found after 1 second(s).

2019-02-25 11:52:16 - [MESSAGE][WARNING] - No alert found after 1 second(s).

2019-02-25 11:52:16 - [TEST_STEP][PASSED] - click(findTestObject("Object Repository/TypeOfService/TypeOfService01/Page_ODTS System/button_To Mi")): Object: 'Object Repository/TypeOfService/TypeOfService01/Page_ODTS System/button_To Mi' is clicked on

2019-02-25 11:52:16 - [MESSAGE][PASSED] - Object: 'Object Repository/TypeOfService/TypeOfService01/Page_ODTS System/button_To Mi' is clicked on

2019-02-25 11:52:16 - [TEST_STEP][PASSED] - waitForAlert(1): No alert found after 1 second(s).

2019-02-25 11:52:17 - [MESSAGE][WARNING] - No alert found after 1 second(s).

2019-02-25 11:52:17 - [TEST_STEP][PASSED] - click(findTestObject("Object Repository/TypeOfService/TypeOfService01/Page_ODTS System/button_OK")): Object: 'Object Repository/TypeOfService/TypeOfService01/Page_ODTS System/button_OK' is clicked on

2019-02-25 11:52:17 - [MESSAGE][PASSED] - Object: 'Object Repository/TypeOfService/TypeOfService01/Page_ODTS System/button_OK' is clicked on

2019-02-25 11:52:17 - [TEST_STEP][PASSED] - click(findTestObject("Object Repository/TypeOfService/TypeOfService01/Page_ODTS System/fieldSearch")): Object: 'Object Repository/TypeOfService/TypeOfService01/Page_ODTS System/fieldSearch' is clicked on

2019-02-25 11:52:18 - [MESSAGE][PASSED] - Object: 'Object Repository/TypeOfService/TypeOfService01/Page_ODTS System/fieldSearch' is clicked on

2019-02-25 11:52:18 - [TEST_STEP][PASSED] - setText(findTestObject("Object Repository/TypeOfService/TypeOfService01/Page_ODTS System/input"), "anhtest"): Text 'anhtest' is set on object 'Object Repository/TypeOfService/TypeOfService01/Page_ODTS System/input'

2019-02-25 11:52:18 - [MESSAGE][PASSED] - Text 'anhtest' is set on object 'Object Repository/TypeOfService/TypeOfService01/Page_ODTS System/input'

2019-02-25 11:52:18 - [TEST_STEP][PASSED] - verifyElementText(findTestObject("Object Repository/TypeOfService/TypeOfService01/Page_ODTS System/td_anhtest"), "anhtest"): Actual text and expected text of test object 'Object Repository/TypeOfService/TypeOfService01/Page_ODTS System/td_anhtest' are matched.

2019-02-25 11:52:18 - [MESSAGE][PASSED] - Actual text and expected text of test object 'Object Repository/TypeOfService/TypeOfService01/Page_ODTS System/td_anhtest' are matched.

2019-02-25 11:52:18 - [TEST_STEP][PASSED] - verifyElementText(findTestObject("Object Repository/TypeOfService/TypeOfService01/Page_ODTS System/td_hihi"), "hihi"): Actual text and expected text of test object 'Object Repository/TypeOfService/TypeOfService01/Page_ODTS System/td_hihi' are matched.

2019-02-25 11:52:18 - [MESSAGE][PASSED] - Actual text and expected text of test object 'Object Repository/TypeOfService/TypeOfService01/Page_ODTS System/td_hihi' are matched.

2019-02-25 11:52:18 - [TEST_STEP][PASSED] - verifyElementText(findTestObject("Object Repository/TypeOfService/TypeOfService01/Page_ODTS System/td_25022019"), CDATE): Actual text and expected text of test object 'Object Repository/TypeOfService/TypeOfService01/Page_ODTS System/td_25022019' are matched.

2019-02-25 11:52:19 - [MESSAGE][PASSED] - Actual text and expected text of test object 'Object Repository/TypeOfService/TypeOfService01/Page_ODTS System/td_25022019' are matched.

2019-02-25 11:52:19 - [TEST_STEP][PASSED] - closeBrowser(): Browser is closed

2019-02-25 11:52:19 - [MESSAGE][PASSED] - Browser is closed]]></system-out>
         <system-err><![CDATA[]]></system-err>
      </testcase>
      <testcase name="Test Cases/TypeOfService/typeOfService02" classname="Test Cases/TypeOfService/typeOfService02" status="PASSED">
         <system-out><![CDATA[2019-02-25 11:52:19 - [TEST_CASE][PASSED] - Test Cases/TypeOfService/typeOfService02: Test Cases/TypeOfService/typeOfService02

2019-02-25 11:52:20 - [TEST_STEP][PASSED] - openBrowser(""): Browser is opened with url: ''

2019-02-25 11:52:20 - [MESSAGE][INFO] - Starting 'Chrome' driver

2019-02-25 11:52:23 - [MESSAGE][PASSED] - Browser is opened with url: ''

2019-02-25 11:52:23 - [TEST_STEP][PASSED] - navigateToUrl("http://helpdesk.wisky.vn/"): Navigate to 'http://helpdesk.wisky.vn/' successfully

2019-02-25 11:52:24 - [MESSAGE][PASSED] - Navigate to 'http://helpdesk.wisky.vn/' successfully

2019-02-25 11:52:24 - [TEST_STEP][PASSED] - setText(findTestObject("Object Repository/TypeOfService/TypeOfService02/Page_ODTS System/input_ODTS_username"), "admin01"): Text 'admin01' is set on object 'Object Repository/TypeOfService/TypeOfService02/Page_ODTS System/input_ODTS_username'

2019-02-25 11:52:25 - [MESSAGE][PASSED] - Text 'admin01' is set on object 'Object Repository/TypeOfService/TypeOfService02/Page_ODTS System/input_ODTS_username'

2019-02-25 11:52:25 - [TEST_STEP][PASSED] - setEncryptedText(findTestObject("Object Repository/TypeOfService/TypeOfService02/Page_ODTS System/input_ODTS_password"), "aeHFOx8jV/A="): Text ****** has been set on object 'Object Repository/TypeOfService/TypeOfService02/Page_ODTS System/input_ODTS_password'

2019-02-25 11:52:25 - [MESSAGE][PASSED] - Text ****** has been set on object 'Object Repository/TypeOfService/TypeOfService02/Page_ODTS System/input_ODTS_password'

2019-02-25 11:52:25 - [TEST_STEP][PASSED] - click(findTestObject("Object Repository/TypeOfService/TypeOfService02/Page_ODTS System/button_ng Nhp")): Object: 'Object Repository/TypeOfService/TypeOfService02/Page_ODTS System/button_ng Nhp' is clicked on

2019-02-25 11:52:25 - [MESSAGE][PASSED] - Object: 'Object Repository/TypeOfService/TypeOfService02/Page_ODTS System/button_ng Nhp' is clicked on

2019-02-25 11:52:25 - [TEST_STEP][PASSED] - click(findTestObject("Object Repository/TypeOfService/TypeOfService02/Page_ODTS System/a_Loi Dch V")): Object: 'Object Repository/TypeOfService/TypeOfService02/Page_ODTS System/a_Loi Dch V' is clicked on

2019-02-25 11:52:27 - [MESSAGE][PASSED] - Object: 'Object Repository/TypeOfService/TypeOfService02/Page_ODTS System/a_Loi Dch V' is clicked on

2019-02-25 11:52:27 - [TEST_STEP][PASSED] - click(findTestObject("Object Repository/TypeOfService/TypeOfService02/Page_ODTS System/fieldSearch")): Object: 'Object Repository/TypeOfService/TypeOfService02/Page_ODTS System/fieldSearch' is clicked on

2019-02-25 11:52:28 - [MESSAGE][PASSED] - Object: 'Object Repository/TypeOfService/TypeOfService02/Page_ODTS System/fieldSearch' is clicked on

2019-02-25 11:52:28 - [TEST_STEP][PASSED] - setText(findTestObject("Object Repository/TypeOfService/TypeOfService02/Page_ODTS System/input"), "anhtest"): Text 'anhtest' is set on object 'Object Repository/TypeOfService/TypeOfService02/Page_ODTS System/input'

2019-02-25 11:52:28 - [MESSAGE][PASSED] - Text 'anhtest' is set on object 'Object Repository/TypeOfService/TypeOfService02/Page_ODTS System/input'

2019-02-25 11:52:28 - [TEST_STEP][PASSED] - click(findTestObject("Object Repository/TypeOfService/TypeOfService02/Page_ODTS System/button_Xem Dch V_btn btn-info")): Object: 'Object Repository/TypeOfService/TypeOfService02/Page_ODTS System/button_Xem Dch V_btn btn-info' is clicked on

2019-02-25 11:52:28 - [MESSAGE][PASSED] - Object: 'Object Repository/TypeOfService/TypeOfService02/Page_ODTS System/button_Xem Dch V_btn btn-info' is clicked on

2019-02-25 11:52:28 - [TEST_STEP][PASSED] - waitForAlert(1): No alert found after 1 second(s).

2019-02-25 11:52:29 - [MESSAGE][WARNING] - No alert found after 1 second(s).

2019-02-25 11:52:29 - [TEST_STEP][PASSED] - verifyElementText(findTestObject("Object Repository/TypeOfService/TypeOfService02/Page_ODTS System/p_anhtest"), "anhtest"): Actual text and expected text of test object 'Object Repository/TypeOfService/TypeOfService02/Page_ODTS System/p_anhtest' are matched.

2019-02-25 11:52:29 - [MESSAGE][PASSED] - Actual text and expected text of test object 'Object Repository/TypeOfService/TypeOfService02/Page_ODTS System/p_anhtest' are matched.

2019-02-25 11:52:29 - [TEST_STEP][PASSED] - verifyElementText(findTestObject("Object Repository/TypeOfService/TypeOfService02/Page_ODTS System/p_hihi"), "hihi"): Actual text and expected text of test object 'Object Repository/TypeOfService/TypeOfService02/Page_ODTS System/p_hihi' are matched.

2019-02-25 11:52:29 - [MESSAGE][PASSED] - Actual text and expected text of test object 'Object Repository/TypeOfService/TypeOfService02/Page_ODTS System/p_hihi' are matched.

2019-02-25 11:52:29 - [TEST_STEP][PASSED] - CDATE = null: null

2019-02-25 11:52:29 - [TEST_STEP][PASSED] - UDATE = null: null

2019-02-25 11:52:29 - [TEST_STEP][PASSED] - br = null: null

2019-02-25 11:52:29 - [TEST_STEP][PASSED] - try: null

2019-02-25 11:52:29 - [TEST_STEP][PASSED] - br = new java.io.BufferedReader(new java.io.FileReader(C:\Users\pc\Katalon Studio\Helpdesk\creDateTypeOfService.txt)): null

2019-02-25 11:52:29 - [TEST_STEP][PASSED] - sCurrentLine = <not implemented yet for class: org.codehaus.groovy.ast.expr.EmptyExpression>: null

2019-02-25 11:52:29 - [TEST_STEP][PASSED] - while (sCurrentLine = br.readLine() != null): null

2019-02-25 11:52:29 - [TEST_STEP][PASSED] - CDATE = sCurrentLine: null

2019-02-25 11:52:29 - [TEST_STEP][PASSED] - br = new java.io.BufferedReader(new java.io.FileReader(C:\Users\pc\Katalon Studio\Helpdesk\upDateTypeOfService.txt)): null

2019-02-25 11:52:29 - [TEST_STEP][PASSED] - sCurrentLine: null

2019-02-25 11:52:29 - [TEST_STEP][PASSED] - while (sCurrentLine = br.readLine() != null): null

2019-02-25 11:52:29 - [TEST_STEP][PASSED] - UDATE = sCurrentLine: null

2019-02-25 11:52:29 - [TEST_STEP][PASSED] - Finally: null

2019-02-25 11:52:29 - [TEST_STEP][PASSED] - br.close(): null

2019-02-25 11:52:29 - [TEST_STEP][PASSED] - verifyElementText(findTestObject("Object Repository/TypeOfService/TypeOfService02/Page_ODTS System/p_25022019"), CDATE): Actual text and expected text of test object 'Object Repository/TypeOfService/TypeOfService02/Page_ODTS System/p_25022019' are matched.

2019-02-25 11:52:30 - [MESSAGE][PASSED] - Actual text and expected text of test object 'Object Repository/TypeOfService/TypeOfService02/Page_ODTS System/p_25022019' are matched.

2019-02-25 11:52:30 - [TEST_STEP][PASSED] - verifyElementText(findTestObject("Object Repository/TypeOfService/TypeOfService02/Page_ODTS System/p_25022019_1"), UDATE): Actual text and expected text of test object 'Object Repository/TypeOfService/TypeOfService02/Page_ODTS System/p_25022019_1' are matched.

2019-02-25 11:52:30 - [MESSAGE][PASSED] - Actual text and expected text of test object 'Object Repository/TypeOfService/TypeOfService02/Page_ODTS System/p_25022019_1' are matched.

2019-02-25 11:52:30 - [TEST_STEP][PASSED] - click(findTestObject("Object Repository/TypeOfService/TypeOfService02/Page_ODTS System/button_ng")): Object: 'Object Repository/TypeOfService/TypeOfService02/Page_ODTS System/button_ng' is clicked on

2019-02-25 11:52:30 - [MESSAGE][PASSED] - Object: 'Object Repository/TypeOfService/TypeOfService02/Page_ODTS System/button_ng' is clicked on

2019-02-25 11:52:30 - [TEST_STEP][PASSED] - closeBrowser(): Browser is closed

2019-02-25 11:52:31 - [MESSAGE][PASSED] - Browser is closed]]></system-out>
         <system-err><![CDATA[]]></system-err>
      </testcase>
      <testcase name="Test Cases/TypeOfService/typeOfService03" classname="Test Cases/TypeOfService/typeOfService03" status="PASSED">
         <system-out><![CDATA[2019-02-25 11:52:31 - [TEST_CASE][PASSED] - Test Cases/TypeOfService/typeOfService03: Test Cases/TypeOfService/typeOfService03

2019-02-25 11:52:31 - [TEST_STEP][PASSED] - openBrowser(""): Browser is opened with url: ''

2019-02-25 11:52:31 - [MESSAGE][INFO] - Starting 'Chrome' driver

2019-02-25 11:52:34 - [MESSAGE][PASSED] - Browser is opened with url: ''

2019-02-25 11:52:34 - [TEST_STEP][PASSED] - navigateToUrl("http://helpdesk.wisky.vn/"): Navigate to 'http://helpdesk.wisky.vn/' successfully

2019-02-25 11:52:36 - [MESSAGE][PASSED] - Navigate to 'http://helpdesk.wisky.vn/' successfully

2019-02-25 11:52:36 - [TEST_STEP][PASSED] - setText(findTestObject("Object Repository/TypeOfService/TypeOfService03/Page_ODTS System/input_ODTS_username"), "admin01"): Text 'admin01' is set on object 'Object Repository/TypeOfService/TypeOfService03/Page_ODTS System/input_ODTS_username'

2019-02-25 11:52:36 - [MESSAGE][PASSED] - Text 'admin01' is set on object 'Object Repository/TypeOfService/TypeOfService03/Page_ODTS System/input_ODTS_username'

2019-02-25 11:52:36 - [TEST_STEP][PASSED] - setEncryptedText(findTestObject("Object Repository/TypeOfService/TypeOfService03/Page_ODTS System/input_ODTS_password"), "aeHFOx8jV/A="): Text ****** has been set on object 'Object Repository/TypeOfService/TypeOfService03/Page_ODTS System/input_ODTS_password'

2019-02-25 11:52:36 - [MESSAGE][PASSED] - Text ****** has been set on object 'Object Repository/TypeOfService/TypeOfService03/Page_ODTS System/input_ODTS_password'

2019-02-25 11:52:36 - [TEST_STEP][PASSED] - click(findTestObject("Object Repository/TypeOfService/TypeOfService03/Page_ODTS System/button_ng Nhp")): Object: 'Object Repository/TypeOfService/TypeOfService03/Page_ODTS System/button_ng Nhp' is clicked on

2019-02-25 11:52:36 - [MESSAGE][PASSED] - Object: 'Object Repository/TypeOfService/TypeOfService03/Page_ODTS System/button_ng Nhp' is clicked on

2019-02-25 11:52:36 - [TEST_STEP][PASSED] - click(findTestObject("Object Repository/TypeOfService/TypeOfService03/Page_ODTS System/a_Loi Dch V")): Object: 'Object Repository/TypeOfService/TypeOfService03/Page_ODTS System/a_Loi Dch V' is clicked on

2019-02-25 11:52:38 - [MESSAGE][PASSED] - Object: 'Object Repository/TypeOfService/TypeOfService03/Page_ODTS System/a_Loi Dch V' is clicked on

2019-02-25 11:52:38 - [TEST_STEP][PASSED] - click(findTestObject("Object Repository/TypeOfService/TypeOfService03/Page_ODTS System/fieldSearch")): Object: 'Object Repository/TypeOfService/TypeOfService03/Page_ODTS System/fieldSearch' is clicked on

2019-02-25 11:52:38 - [MESSAGE][PASSED] - Object: 'Object Repository/TypeOfService/TypeOfService03/Page_ODTS System/fieldSearch' is clicked on

2019-02-25 11:52:38 - [TEST_STEP][PASSED] - setText(findTestObject("Object Repository/TypeOfService/TypeOfService03/Page_ODTS System/input"), "anhtest"): Text 'anhtest' is set on object 'Object Repository/TypeOfService/TypeOfService03/Page_ODTS System/input'

2019-02-25 11:52:39 - [MESSAGE][PASSED] - Text 'anhtest' is set on object 'Object Repository/TypeOfService/TypeOfService03/Page_ODTS System/input'

2019-02-25 11:52:39 - [TEST_STEP][PASSED] - click(findTestObject("Object Repository/TypeOfService/TypeOfService03/Page_ODTS System/button_Xem Dch V_btn btn-warni")): Object: 'Object Repository/TypeOfService/TypeOfService03/Page_ODTS System/button_Xem Dch V_btn btn-warni' is clicked on

2019-02-25 11:52:39 - [MESSAGE][PASSED] - Object: 'Object Repository/TypeOfService/TypeOfService03/Page_ODTS System/button_Xem Dch V_btn btn-warni' is clicked on

2019-02-25 11:52:39 - [TEST_STEP][PASSED] - waitForAlert(1): No alert found after 1 second(s).

2019-02-25 11:52:40 - [MESSAGE][WARNING] - No alert found after 1 second(s).

2019-02-25 11:52:40 - [TEST_STEP][PASSED] - setText(findTestObject("Object Repository/TypeOfService/TypeOfService03/Page_ODTS System/input_Tn Loi Dch V_stsNameEdit"), "anhtest22"): Text 'anhtest22' is set on object 'Object Repository/TypeOfService/TypeOfService03/Page_ODTS System/input_Tn Loi Dch V_stsNameEdit'

2019-02-25 11:52:40 - [MESSAGE][PASSED] - Text 'anhtest22' is set on object 'Object Repository/TypeOfService/TypeOfService03/Page_ODTS System/input_Tn Loi Dch V_stsNameEdit'

2019-02-25 11:52:40 - [TEST_STEP][PASSED] - waitForAlert(1): No alert found after 1 second(s).

2019-02-25 11:52:41 - [MESSAGE][WARNING] - No alert found after 1 second(s).

2019-02-25 11:52:41 - [TEST_STEP][PASSED] - setText(findTestObject("Object Repository/TypeOfService/TypeOfService03/Page_ODTS System/input_M T_stsDescriptionEdit"), "hihi22"): Text 'hihi22' is set on object 'Object Repository/TypeOfService/TypeOfService03/Page_ODTS System/input_M T_stsDescriptionEdit'

2019-02-25 11:52:41 - [MESSAGE][PASSED] - Text 'hihi22' is set on object 'Object Repository/TypeOfService/TypeOfService03/Page_ODTS System/input_M T_stsDescriptionEdit'

2019-02-25 11:52:41 - [TEST_STEP][PASSED] - UDATE = SimpleDateFormat(dd/MM/yyyy).format(getInstance().getTime()): null

2019-02-25 11:52:41 - [TEST_STEP][PASSED] - writer = null: null

2019-02-25 11:52:41 - [TEST_STEP][PASSED] - try: null

2019-02-25 11:52:41 - [TEST_STEP][PASSED] - writer = new java.io.BufferedWriter(new java.io.OutputStreamWriter(new java.io.FileOutputStream(C:\Users\pc\Katalon Studio\Helpdesk\upDateTypeOfService.txt), utf-8)): null

2019-02-25 11:52:41 - [TEST_STEP][PASSED] - writer.print(""): null

2019-02-25 11:52:41 - [TEST_STEP][PASSED] - writer.write(UDATE): null

2019-02-25 11:52:41 - [TEST_STEP][PASSED] - Finally: null

2019-02-25 11:52:41 - [TEST_STEP][PASSED] - try: null

2019-02-25 11:52:41 - [TEST_STEP][PASSED] - writer.close(): null

2019-02-25 11:52:41 - [TEST_STEP][PASSED] - waitForAlert(1): No alert found after 1 second(s).

2019-02-25 11:52:42 - [MESSAGE][WARNING] - No alert found after 1 second(s).

2019-02-25 11:52:42 - [TEST_STEP][PASSED] - click(findTestObject("Object Repository/TypeOfService/TypeOfService03/Page_ODTS System/button_Cp Nht")): Object: 'Object Repository/TypeOfService/TypeOfService03/Page_ODTS System/button_Cp Nht' is clicked on

2019-02-25 11:52:42 - [MESSAGE][PASSED] - Object: 'Object Repository/TypeOfService/TypeOfService03/Page_ODTS System/button_Cp Nht' is clicked on

2019-02-25 11:52:42 - [TEST_STEP][PASSED] - waitForAlert(1): No alert found after 1 second(s).

2019-02-25 11:52:44 - [MESSAGE][WARNING] - No alert found after 1 second(s).

2019-02-25 11:52:44 - [TEST_STEP][PASSED] - click(findTestObject("Object Repository/TypeOfService/TypeOfService03/Page_ODTS System/button_OK")): Object: 'Object Repository/TypeOfService/TypeOfService03/Page_ODTS System/button_OK' is clicked on

2019-02-25 11:52:44 - [MESSAGE][PASSED] - Object: 'Object Repository/TypeOfService/TypeOfService03/Page_ODTS System/button_OK' is clicked on

2019-02-25 11:52:44 - [TEST_STEP][PASSED] - waitForAlert(1): No alert found after 1 second(s).

2019-02-25 11:52:45 - [MESSAGE][WARNING] - No alert found after 1 second(s).

2019-02-25 11:52:45 - [TEST_STEP][PASSED] - click(findTestObject("Object Repository/TypeOfService/TypeOfService03/Page_ODTS System/button_Xem Dch V_btn btn-info")): Object: 'Object Repository/TypeOfService/TypeOfService03/Page_ODTS System/button_Xem Dch V_btn btn-info' is clicked on

2019-02-25 11:52:45 - [MESSAGE][PASSED] - Object: 'Object Repository/TypeOfService/TypeOfService03/Page_ODTS System/button_Xem Dch V_btn btn-info' is clicked on

2019-02-25 11:52:45 - [TEST_STEP][PASSED] - waitForAlert(1): No alert found after 1 second(s).

2019-02-25 11:52:46 - [MESSAGE][WARNING] - No alert found after 1 second(s).

2019-02-25 11:52:46 - [TEST_STEP][PASSED] - verifyElementText(findTestObject("Object Repository/TypeOfService/TypeOfService03/Page_ODTS System/p_anhtest22"), "anhtest22"): Actual text and expected text of test object 'Object Repository/TypeOfService/TypeOfService03/Page_ODTS System/p_anhtest22' are matched.

2019-02-25 11:52:46 - [MESSAGE][PASSED] - Actual text and expected text of test object 'Object Repository/TypeOfService/TypeOfService03/Page_ODTS System/p_anhtest22' are matched.

2019-02-25 11:52:46 - [TEST_STEP][PASSED] - verifyElementText(findTestObject("Object Repository/TypeOfService/TypeOfService03/Page_ODTS System/p_hihi22"), "hihi22"): Actual text and expected text of test object 'Object Repository/TypeOfService/TypeOfService03/Page_ODTS System/p_hihi22' are matched.

2019-02-25 11:52:46 - [MESSAGE][PASSED] - Actual text and expected text of test object 'Object Repository/TypeOfService/TypeOfService03/Page_ODTS System/p_hihi22' are matched.

2019-02-25 11:52:46 - [TEST_STEP][PASSED] - CDATE = null: null

2019-02-25 11:52:46 - [TEST_STEP][PASSED] - br = null: null

2019-02-25 11:52:46 - [TEST_STEP][PASSED] - try: null

2019-02-25 11:52:46 - [TEST_STEP][PASSED] - br = new java.io.BufferedReader(new java.io.FileReader(C:\Users\pc\Katalon Studio\Helpdesk\creDateTypeOfService.txt)): null

2019-02-25 11:52:46 - [TEST_STEP][PASSED] - sCurrentLine = <not implemented yet for class: org.codehaus.groovy.ast.expr.EmptyExpression>: null

2019-02-25 11:52:46 - [TEST_STEP][PASSED] - while (sCurrentLine = br.readLine() != null): null

2019-02-25 11:52:46 - [TEST_STEP][PASSED] - CDATE = sCurrentLine: null

2019-02-25 11:52:46 - [TEST_STEP][PASSED] - Finally: null

2019-02-25 11:52:46 - [TEST_STEP][PASSED] - br.close(): null

2019-02-25 11:52:46 - [TEST_STEP][PASSED] - verifyElementText(findTestObject("Object Repository/TypeOfService/TypeOfService03/Page_ODTS System/p_25022019"), CDATE): Actual text and expected text of test object 'Object Repository/TypeOfService/TypeOfService03/Page_ODTS System/p_25022019' are matched.

2019-02-25 11:52:46 - [MESSAGE][PASSED] - Actual text and expected text of test object 'Object Repository/TypeOfService/TypeOfService03/Page_ODTS System/p_25022019' are matched.

2019-02-25 11:52:46 - [TEST_STEP][PASSED] - verifyElementText(findTestObject("Object Repository/TypeOfService/TypeOfService03/Page_ODTS System/p_25022019_1"), UDATE): Actual text and expected text of test object 'Object Repository/TypeOfService/TypeOfService03/Page_ODTS System/p_25022019_1' are matched.

2019-02-25 11:52:46 - [MESSAGE][PASSED] - Actual text and expected text of test object 'Object Repository/TypeOfService/TypeOfService03/Page_ODTS System/p_25022019_1' are matched.

2019-02-25 11:52:46 - [TEST_STEP][PASSED] - click(findTestObject("Object Repository/TypeOfService/TypeOfService03/Page_ODTS System/button_ng")): Object: 'Object Repository/TypeOfService/TypeOfService03/Page_ODTS System/button_ng' is clicked on

2019-02-25 11:52:46 - [MESSAGE][PASSED] - Object: 'Object Repository/TypeOfService/TypeOfService03/Page_ODTS System/button_ng' is clicked on

2019-02-25 11:52:46 - [TEST_STEP][PASSED] - closeBrowser(): Browser is closed

2019-02-25 11:52:47 - [MESSAGE][PASSED] - Browser is closed]]></system-out>
         <system-err><![CDATA[]]></system-err>
      </testcase>
      <testcase name="Test Cases/TypeOfService/typeOfService04" classname="Test Cases/TypeOfService/typeOfService04" status="PASSED">
         <system-out><![CDATA[2019-02-25 11:52:47 - [TEST_CASE][PASSED] - Test Cases/TypeOfService/typeOfService04: Test Cases/TypeOfService/typeOfService04

2019-02-25 11:52:48 - [TEST_STEP][PASSED] - openBrowser(""): Browser is opened with url: ''

2019-02-25 11:52:48 - [MESSAGE][INFO] - Starting 'Chrome' driver

2019-02-25 11:52:50 - [MESSAGE][PASSED] - Browser is opened with url: ''

2019-02-25 11:52:50 - [TEST_STEP][PASSED] - navigateToUrl("http://helpdesk.wisky.vn/"): Navigate to 'http://helpdesk.wisky.vn/' successfully

2019-02-25 11:52:52 - [MESSAGE][PASSED] - Navigate to 'http://helpdesk.wisky.vn/' successfully

2019-02-25 11:52:52 - [TEST_STEP][PASSED] - setText(findTestObject("Object Repository/TypeOfService/TypeOfService04/Page_ODTS System/input_ODTS_username"), "admin01"): Text 'admin01' is set on object 'Object Repository/TypeOfService/TypeOfService04/Page_ODTS System/input_ODTS_username'

2019-02-25 11:52:52 - [MESSAGE][PASSED] - Text 'admin01' is set on object 'Object Repository/TypeOfService/TypeOfService04/Page_ODTS System/input_ODTS_username'

2019-02-25 11:52:52 - [TEST_STEP][PASSED] - setEncryptedText(findTestObject("Object Repository/TypeOfService/TypeOfService04/Page_ODTS System/input_ODTS_password"), "aeHFOx8jV/A="): Text ****** has been set on object 'Object Repository/TypeOfService/TypeOfService04/Page_ODTS System/input_ODTS_password'

2019-02-25 11:52:52 - [MESSAGE][PASSED] - Text ****** has been set on object 'Object Repository/TypeOfService/TypeOfService04/Page_ODTS System/input_ODTS_password'

2019-02-25 11:52:52 - [TEST_STEP][PASSED] - click(findTestObject("Object Repository/TypeOfService/TypeOfService04/Page_ODTS System/button_ng Nhp")): Object: 'Object Repository/TypeOfService/TypeOfService04/Page_ODTS System/button_ng Nhp' is clicked on

2019-02-25 11:52:52 - [MESSAGE][PASSED] - Object: 'Object Repository/TypeOfService/TypeOfService04/Page_ODTS System/button_ng Nhp' is clicked on

2019-02-25 11:52:52 - [TEST_STEP][PASSED] - click(findTestObject("Object Repository/TypeOfService/TypeOfService04/Page_ODTS System/a_Loi Dch V")): Object: 'Object Repository/TypeOfService/TypeOfService04/Page_ODTS System/a_Loi Dch V' is clicked on

2019-02-25 11:52:55 - [MESSAGE][PASSED] - Object: 'Object Repository/TypeOfService/TypeOfService04/Page_ODTS System/a_Loi Dch V' is clicked on

2019-02-25 11:52:55 - [TEST_STEP][PASSED] - click(findTestObject("Object Repository/TypeOfService/TypeOfService04/Page_ODTS System/fieldSearch")): Object: 'Object Repository/TypeOfService/TypeOfService04/Page_ODTS System/fieldSearch' is clicked on

2019-02-25 11:52:55 - [MESSAGE][PASSED] - Object: 'Object Repository/TypeOfService/TypeOfService04/Page_ODTS System/fieldSearch' is clicked on

2019-02-25 11:52:55 - [TEST_STEP][PASSED] - setText(findTestObject("Object Repository/TypeOfService/TypeOfService04/Page_ODTS System/input"), "anhtest22"): Text 'anhtest22' is set on object 'Object Repository/TypeOfService/TypeOfService04/Page_ODTS System/input'

2019-02-25 11:52:55 - [MESSAGE][PASSED] - Text 'anhtest22' is set on object 'Object Repository/TypeOfService/TypeOfService04/Page_ODTS System/input'

2019-02-25 11:52:55 - [TEST_STEP][PASSED] - waitForAlert(1): No alert found after 1 second(s).

2019-02-25 11:52:56 - [MESSAGE][WARNING] - No alert found after 1 second(s).

2019-02-25 11:52:56 - [TEST_STEP][PASSED] - click(findTestObject("Object Repository/TypeOfService/TypeOfService04/Page_ODTS System/button_Xem Dch V_btn btn-dange")): Object: 'Object Repository/TypeOfService/TypeOfService04/Page_ODTS System/button_Xem Dch V_btn btn-dange' is clicked on

2019-02-25 11:52:56 - [MESSAGE][PASSED] - Object: 'Object Repository/TypeOfService/TypeOfService04/Page_ODTS System/button_Xem Dch V_btn btn-dange' is clicked on

2019-02-25 11:52:56 - [TEST_STEP][PASSED] - click(findTestObject("Object Repository/TypeOfService/TypeOfService04/Page_ODTS System/button_Chp Nhn Xa")): Object: 'Object Repository/TypeOfService/TypeOfService04/Page_ODTS System/button_Chp Nhn Xa' is clicked on

2019-02-25 11:52:57 - [MESSAGE][PASSED] - Object: 'Object Repository/TypeOfService/TypeOfService04/Page_ODTS System/button_Chp Nhn Xa' is clicked on

2019-02-25 11:52:57 - [TEST_STEP][PASSED] - waitForAlert(1): No alert found after 1 second(s).

2019-02-25 11:52:58 - [MESSAGE][WARNING] - No alert found after 1 second(s).

2019-02-25 11:52:58 - [TEST_STEP][PASSED] - click(findTestObject("Object Repository/TypeOfService/TypeOfService04/Page_ODTS System/button_OK")): Object: 'Object Repository/TypeOfService/TypeOfService04/Page_ODTS System/button_OK' is clicked on

2019-02-25 11:52:58 - [MESSAGE][PASSED] - Object: 'Object Repository/TypeOfService/TypeOfService04/Page_ODTS System/button_OK' is clicked on

2019-02-25 11:52:58 - [TEST_STEP][PASSED] - verifyElementVisible(findTestObject("Object Repository/TypeOfService/TypeOfService04/Page_ODTS System/td_Khng c d liu ph hp")): Object 'Object Repository/TypeOfService/TypeOfService04/Page_ODTS System/td_Khng c d liu ph hp' is visible

2019-02-25 11:52:58 - [MESSAGE][PASSED] - Object 'Object Repository/TypeOfService/TypeOfService04/Page_ODTS System/td_Khng c d liu ph hp' is visible

2019-02-25 11:52:58 - [TEST_STEP][PASSED] - writer2 = new java.io.PrintWriter(C:\Users\pc\Katalon Studio\Helpdesk\creDateTypeOfService.txt): null

2019-02-25 11:52:58 - [TEST_STEP][PASSED] - writer2.print(""): null

2019-02-25 11:52:58 - [TEST_STEP][PASSED] - writer2.close(): null

2019-02-25 11:52:58 - [TEST_STEP][PASSED] - writer = new java.io.PrintWriter(C:\Users\pc\Katalon Studio\Helpdesk\upDateTypeOfService.txt): null

2019-02-25 11:52:58 - [TEST_STEP][PASSED] - writer.print(""): null

2019-02-25 11:52:58 - [TEST_STEP][PASSED] - writer.close(): null

2019-02-25 11:52:58 - [TEST_STEP][PASSED] - closeBrowser(): Browser is closed

2019-02-25 11:52:58 - [MESSAGE][PASSED] - Browser is closed]]></system-out>
         <system-err><![CDATA[]]></system-err>
      </testcase>
      <system-out><![CDATA[2019-02-25 11:51:59 - [TEST_SUITE][PASSED] - TypeOfService01-02-03-04: Test Cases/TypeOfService/typeOfService04]]></system-out>
      <system-err><![CDATA[]]></system-err>
   </testsuite>
</testsuites>
