<?xml version="1.0" encoding="UTF-8"?>
<testsuites name="Company14-15-16-17" time="93" tests="4" failures="0" errors="0">
   <testsuite name="Company14-15-16-17" tests="4" failures="0" errors="0" time="93" timestamp="2019-04-03 16:16:11" hostname="Ninja - AnhNVSE63446" id="Test Suites/Company14-15-16-17">
      <properties>
         <property name="deviceName" value=""/>
         <property name="devicePlatform" value=""/>
         <property name="logFolder" value="C:\\Users\\pc\\HelpdeskAutomation\\Reports\\Company14-15-16-17\\20190403_161604"/>
         <property name="logFiles" value="C:\\Users\\pc\\HelpdeskAutomation\\Reports\\Company14-15-16-17\\20190403_161604\\execution0.log"/>
         <property name="attachments" value=""/>
         <property name="hostName" value="Ninja - AnhNVSE63446"/>
         <property name="os" value="Windows 10 64bit"/>
         <property name="katalonVersion" value="6.0.5.4"/>
         <property name="browser" value="Chrome 73.0.3683.86"/>
         <property name="hostAddress" value="192.168.175.1"/>
         <property name="sessionId" value="a8565177809c358a77595e631ebb9063"/>
         <property name="seleniumVersion" value="3.7.1"/>
         <property name="proxyInformation" value="ProxyInformation{proxyOption=NO_PROXY, proxyServerType=HTTP, password=, proxyServerAddress=, proxyServerPort=0}"/>
         <property name="platform" value="Windows 10"/>
      </properties>
      <testcase name="Test Cases/Company/Company-14" classname="Test Cases/Company/Company-14" status="PASSED">
         <system-out><![CDATA[2019-04-03 16:16:12 - [TEST_CASE][PASSED] - Test Cases/Company/Company-14: Test Cases/Company/Company-14

2019-04-03 16:16:12 - [TEST_STEP][PASSED] - openBrowser(""): Browser is opened with url: ''

2019-04-03 16:16:13 - [MESSAGE][INFO] - Starting 'Chrome' driver

2019-04-03 16:16:13 - [MESSAGE][INFO] - Action delay is set to 0 seconds

2019-04-03 16:16:16 - [MESSAGE][PASSED] - Browser is opened with url: ''

2019-04-03 16:16:16 - [TEST_STEP][PASSED] - navigateToUrl(url): Navigate to 'http://helpdesk.wisky.vn' successfully

2019-04-03 16:16:18 - [MESSAGE][PASSED] - Navigate to 'http://helpdesk.wisky.vn' successfully

2019-04-03 16:16:18 - [TEST_STEP][PASSED] - setText(findTestObject("Company/Company-14/Page_ODTS System/input_ODTS_username"), "admin01"): Text 'admin01' is set on object 'Object Repository/Company/Company-14/Page_ODTS System/input_ODTS_username'

2019-04-03 16:16:18 - [MESSAGE][PASSED] - Text 'admin01' is set on object 'Object Repository/Company/Company-14/Page_ODTS System/input_ODTS_username'

2019-04-03 16:16:18 - [TEST_STEP][PASSED] - setEncryptedText(findTestObject("Company/Company-14/Page_ODTS System/input_ODTS_password"), "aeHFOx8jV/A="): Text ****** has been set on object 'Object Repository/Company/Company-14/Page_ODTS System/input_ODTS_password'

2019-04-03 16:16:18 - [MESSAGE][PASSED] - Text ****** has been set on object 'Object Repository/Company/Company-14/Page_ODTS System/input_ODTS_password'

2019-04-03 16:16:18 - [TEST_STEP][PASSED] - click(findTestObject("Company/Company-14/Page_ODTS System/button_ng Nhp")): Object: 'Object Repository/Company/Company-14/Page_ODTS System/button_ng Nhp' is clicked on

2019-04-03 16:16:19 - [MESSAGE][PASSED] - Object: 'Object Repository/Company/Company-14/Page_ODTS System/button_ng Nhp' is clicked on

2019-04-03 16:16:19 - [TEST_STEP][PASSED] - click(findTestObject("Company/Company-14/Page_ODTS System/a_Cng Ty")): Object: 'Object Repository/Company/Company-14/Page_ODTS System/a_Cng Ty' is clicked on

2019-04-03 16:16:22 - [MESSAGE][PASSED] - Object: 'Object Repository/Company/Company-14/Page_ODTS System/a_Cng Ty' is clicked on

2019-04-03 16:16:22 - [TEST_STEP][PASSED] - click(findTestObject("Company/Company-14/Page_ODTS System/a_Xem Hp ng")): Object: 'Object Repository/Company/Company-14/Page_ODTS System/a_Xem Hp ng' is clicked on

2019-04-03 16:16:23 - [MESSAGE][PASSED] - Object: 'Object Repository/Company/Company-14/Page_ODTS System/a_Xem Hp ng' is clicked on

2019-04-03 16:16:23 - [TEST_STEP][PASSED] - waitForAlert(1): No alert found after 1 second(s).

2019-04-03 16:16:24 - [MESSAGE][WARNING] - No alert found after 1 second(s).

2019-04-03 16:16:24 - [TEST_STEP][PASSED] - click(findTestObject("Company/Company-14/Page_ODTS System/button_To Hp ng")): Object: 'Object Repository/Company/Company-14/Page_ODTS System/button_To Hp ng' is clicked on

2019-04-03 16:16:24 - [MESSAGE][PASSED] - Object: 'Object Repository/Company/Company-14/Page_ODTS System/button_To Hp ng' is clicked on

2019-04-03 16:16:24 - [TEST_STEP][PASSED] - waitForAlert(1): No alert found after 1 second(s).

2019-04-03 16:16:25 - [MESSAGE][WARNING] - No alert found after 1 second(s).

2019-04-03 16:16:25 - [TEST_STEP][PASSED] - setText(findTestObject("Company/Company-14/Page_ODTS System/input_M T Hp ng_conNameCreate"), "anhtest"): Text 'anhtest' is set on object 'Object Repository/Company/Company-14/Page_ODTS System/input_M T Hp ng_conNameCreate'

2019-04-03 16:16:25 - [MESSAGE][PASSED] - Text 'anhtest' is set on object 'Object Repository/Company/Company-14/Page_ODTS System/input_M T Hp ng_conNameCreate'

2019-04-03 16:16:25 - [TEST_STEP][PASSED] - click(findTestObject("Company/Company-14/Page_ODTS System/ul_Dch V ng K_select2-selectio")): Object: 'Object Repository/Company/Company-14/Page_ODTS System/ul_Dch V ng K_select2-selectio' is clicked on

2019-04-03 16:16:25 - [MESSAGE][PASSED] - Object: 'Object Repository/Company/Company-14/Page_ODTS System/ul_Dch V ng K_select2-selectio' is clicked on

2019-04-03 16:16:25 - [TEST_STEP][PASSED] - setText(findTestObject("Company/Company-14/Page_ODTS System/input_Dch V ng K_select2-searc"), "WIFI"): Text 'WIFI' is set on object 'Object Repository/Company/Company-14/Page_ODTS System/input_Dch V ng K_select2-searc'

2019-04-03 16:16:26 - [MESSAGE][PASSED] - Text 'WIFI' is set on object 'Object Repository/Company/Company-14/Page_ODTS System/input_Dch V ng K_select2-searc'

2019-04-03 16:16:26 - [TEST_STEP][PASSED] - sendKeys(findTestObject("Company/Company-14/Page_ODTS System/input_Dch V ng K_select2-searc"), Keys.chord(ENTER)): Keys 'ENTER + ' sent to object: 'Object Repository/Company/Company-14/Page_ODTS System/input_Dch V ng K_select2-searc'

2019-04-03 16:16:26 - [MESSAGE][PASSED] - Keys 'ENTER + ' sent to object: 'Object Repository/Company/Company-14/Page_ODTS System/input_Dch V ng K_select2-searc'

2019-04-03 16:16:26 - [TEST_STEP][PASSED] - click(findTestObject("Company/Company-14/Page_ODTS System/input_Ngy Bt u_createDate")): Object: 'Object Repository/Company/Company-14/Page_ODTS System/input_Ngy Bt u_createDate' is clicked on

2019-04-03 16:16:26 - [MESSAGE][PASSED] - Object: 'Object Repository/Company/Company-14/Page_ODTS System/input_Ngy Bt u_createDate' is clicked on

2019-04-03 16:16:26 - [TEST_STEP][PASSED] - click(findTestObject("Company/Company-14/Page_ODTS System/th_February 2019")): Object: 'Object Repository/Company/Company-14/Page_ODTS System/th_February 2019' is clicked on

2019-04-03 16:16:26 - [MESSAGE][PASSED] - Object: 'Object Repository/Company/Company-14/Page_ODTS System/th_February 2019' is clicked on

2019-04-03 16:16:26 - [TEST_STEP][PASSED] - click(findTestObject("Company/Company-14/Page_ODTS System/span_Feb")): Object: 'Object Repository/Company/Company-14/Page_ODTS System/span_Feb' is clicked on

2019-04-03 16:16:26 - [MESSAGE][PASSED] - Object: 'Object Repository/Company/Company-14/Page_ODTS System/span_Feb' is clicked on

2019-04-03 16:16:26 - [TEST_STEP][PASSED] - click(findTestObject("Company/Company-14/Page_ODTS System/td_5")): Object: 'Object Repository/Company/Company-14/Page_ODTS System/td_5' is clicked on

2019-04-03 16:16:26 - [MESSAGE][PASSED] - Object: 'Object Repository/Company/Company-14/Page_ODTS System/td_5' is clicked on

2019-04-03 16:16:26 - [TEST_STEP][PASSED] - click(findTestObject("Company/Company-14/Page_ODTS System/input_Ngy Kt Thc_endDate")): Object: 'Object Repository/Company/Company-14/Page_ODTS System/input_Ngy Kt Thc_endDate' is clicked on

2019-04-03 16:16:26 - [MESSAGE][PASSED] - Object: 'Object Repository/Company/Company-14/Page_ODTS System/input_Ngy Kt Thc_endDate' is clicked on

2019-04-03 16:16:26 - [TEST_STEP][PASSED] - click(findTestObject("Company/Company-14/Page_ODTS System/th_February 2019")): Object: 'Object Repository/Company/Company-14/Page_ODTS System/th_February 2019' is clicked on

2019-04-03 16:16:26 - [MESSAGE][PASSED] - Object: 'Object Repository/Company/Company-14/Page_ODTS System/th_February 2019' is clicked on

2019-04-03 16:16:26 - [TEST_STEP][PASSED] - click(findTestObject("Company/Company-14/Page_ODTS System/span_Apr")): Object: 'Object Repository/Company/Company-14/Page_ODTS System/span_Apr' is clicked on

2019-04-03 16:16:27 - [MESSAGE][PASSED] - Object: 'Object Repository/Company/Company-14/Page_ODTS System/span_Apr' is clicked on

2019-04-03 16:16:27 - [TEST_STEP][PASSED] - click(findTestObject("Company/Company-14/Page_ODTS System/td_25")): Object: 'Object Repository/Company/Company-14/Page_ODTS System/td_25' is clicked on

2019-04-03 16:16:27 - [MESSAGE][PASSED] - Object: 'Object Repository/Company/Company-14/Page_ODTS System/td_25' is clicked on

2019-04-03 16:16:27 - [TEST_STEP][PASSED] - setText(findTestObject("Company/Company-14/Page_ODTS System/input_Gi Hp ng_price"), "200"): Text '200' is set on object 'Object Repository/Company/Company-14/Page_ODTS System/input_Gi Hp ng_price'

2019-04-03 16:16:27 - [MESSAGE][PASSED] - Text '200' is set on object 'Object Repository/Company/Company-14/Page_ODTS System/input_Gi Hp ng_price'

2019-04-03 16:16:27 - [TEST_STEP][PASSED] - click(findTestObject("Company/Company-14/Page_ODTS System/button_To Mi")): Object: 'Object Repository/Company/Company-14/Page_ODTS System/button_To Mi' is clicked on

2019-04-03 16:16:27 - [MESSAGE][PASSED] - Object: 'Object Repository/Company/Company-14/Page_ODTS System/button_To Mi' is clicked on

2019-04-03 16:16:27 - [TEST_STEP][PASSED] - CDATE = SimpleDateFormat(dd/MM/yyyy).format(getInstance().getTime()): null

2019-04-03 16:16:27 - [TEST_STEP][PASSED] - writer = null: null

2019-04-03 16:16:27 - [TEST_STEP][PASSED] - fileNameCre = "creDateContract.txt": null

2019-04-03 16:16:27 - [TEST_STEP][PASSED] - workingDirectory = System.getProperty("user.dir"): null

2019-04-03 16:16:27 - [TEST_STEP][PASSED] - absoluteFilePathCre = workingDirectory + separator + fileNameCre: null

2019-04-03 16:16:27 - [TEST_STEP][PASSED] - try: null

2019-04-03 16:16:27 - [TEST_STEP][PASSED] - writer = new java.io.BufferedWriter(new java.io.OutputStreamWriter(new java.io.FileOutputStream(absoluteFilePathCre), utf-8)): null

2019-04-03 16:16:27 - [TEST_STEP][PASSED] - writer.write(CDATE): null

2019-04-03 16:16:27 - [TEST_STEP][PASSED] - Finally: null

2019-04-03 16:16:27 - [TEST_STEP][PASSED] - try: null

2019-04-03 16:16:27 - [TEST_STEP][PASSED] - writer.close(): null

2019-04-03 16:16:27 - [TEST_STEP][PASSED] - waitForAlert(1): No alert found after 1 second(s).

2019-04-03 16:16:28 - [MESSAGE][WARNING] - No alert found after 1 second(s).

2019-04-03 16:16:28 - [TEST_STEP][PASSED] - click(findTestObject("Company/Company-14/Page_ODTS System/button_OK")): Object: 'Object Repository/Company/Company-14/Page_ODTS System/button_OK' is clicked on

2019-04-03 16:16:28 - [MESSAGE][PASSED] - Object: 'Object Repository/Company/Company-14/Page_ODTS System/button_OK' is clicked on

2019-04-03 16:16:28 - [TEST_STEP][PASSED] - waitForAlert(1): No alert found after 1 second(s).

2019-04-03 16:16:29 - [MESSAGE][WARNING] - No alert found after 1 second(s).

2019-04-03 16:16:29 - [TEST_STEP][PASSED] - click(findTestObject("Company/Company-14/Page_ODTS System/fieldSearch")): Object: 'Object Repository/Company/Company-14/Page_ODTS System/fieldSearch' is clicked on

2019-04-03 16:16:29 - [MESSAGE][PASSED] - Object: 'Object Repository/Company/Company-14/Page_ODTS System/fieldSearch' is clicked on

2019-04-03 16:16:29 - [TEST_STEP][PASSED] - setText(findTestObject("Company/Company-14/Page_ODTS System/input"), "25/04/2019"): Text '25/04/2019' is set on object 'Object Repository/Company/Company-14/Page_ODTS System/input'

2019-04-03 16:16:30 - [MESSAGE][PASSED] - Text '25/04/2019' is set on object 'Object Repository/Company/Company-14/Page_ODTS System/input'

2019-04-03 16:16:30 - [TEST_STEP][PASSED] - verifyElementText(findTestObject("Company/Company-14/Page_ODTS System/td_Passio"), "Passio"): Actual text and expected text of test object 'Object Repository/Company/Company-14/Page_ODTS System/td_Passio' are matched.

2019-04-03 16:16:30 - [MESSAGE][PASSED] - Actual text and expected text of test object 'Object Repository/Company/Company-14/Page_ODTS System/td_Passio' are matched.

2019-04-03 16:16:30 - [TEST_STEP][PASSED] - verifyElementText(findTestObject("Company/Company-14/Page_ODTS System/td_05022019"), "05/02/2019"): Actual text and expected text of test object 'Object Repository/Company/Company-14/Page_ODTS System/td_05022019' are matched.

2019-04-03 16:16:30 - [MESSAGE][PASSED] - Actual text and expected text of test object 'Object Repository/Company/Company-14/Page_ODTS System/td_05022019' are matched.

2019-04-03 16:16:30 - [TEST_STEP][PASSED] - verifyElementText(findTestObject("Company/Company-14/Page_ODTS System/td_25042019"), "25/04/2019"): Actual text and expected text of test object 'Object Repository/Company/Company-14/Page_ODTS System/td_25042019' are matched.

2019-04-03 16:16:30 - [MESSAGE][PASSED] - Actual text and expected text of test object 'Object Repository/Company/Company-14/Page_ODTS System/td_25042019' are matched.

2019-04-03 16:16:30 - [TEST_STEP][PASSED] - verifyElementText(findTestObject("Company/Company-14/Page_ODTS System/td_200"), "200"): Actual text and expected text of test object 'Object Repository/Company/Company-14/Page_ODTS System/td_200' are matched.

2019-04-03 16:16:30 - [MESSAGE][PASSED] - Actual text and expected text of test object 'Object Repository/Company/Company-14/Page_ODTS System/td_200' are matched.

2019-04-03 16:16:30 - [TEST_STEP][PASSED] - EXPIREDDATE = getText(findTestObject("Company/Company-14/Page_ODTS System/td_25042019")): Text of object 'Object Repository/Company/Company-14/Page_ODTS System/td_25042019' is: '25/04/2019'

2019-04-03 16:16:30 - [MESSAGE][PASSED] - Text of object 'Object Repository/Company/Company-14/Page_ODTS System/td_25042019' is: '25/04/2019'

2019-04-03 16:16:30 - [TEST_STEP][PASSED] - CDATE1 = SimpleDateFormat(dd/MM/yyyy).parse(CDATE): null

2019-04-03 16:16:30 - [TEST_STEP][PASSED] - EXPIREDDATE1 = SimpleDateFormat(dd/MM/yyyy).parse(EXPIREDDATE): null

2019-04-03 16:16:30 - [TEST_STEP][PASSED] - CDATE2 = SimpleDateFormat(yyyy/MM/dd).format(CDATE1): null

2019-04-03 16:16:30 - [TEST_STEP][PASSED] - EXPIREDDATE2 = SimpleDateFormat(yyyy/MM/dd).format(EXPIREDDATE1): null

2019-04-03 16:16:30 - [TEST_STEP][PASSED] - if (EXPIREDDATE2.compareTo(CDATE2) >= 0): Actual text and expected text of test object 'Object Repository/Company/Company-14/Page_ODTS System/span_Cn Hn Hp ng' are matched.

2019-04-03 16:16:30 - [TEST_STEP][PASSED] - verifyElementText(findTestObject("Company/Company-14/Page_ODTS System/span_Cn Hn Hp ng"), "Còn Hạn Hợp Đồng"): Actual text and expected text of test object 'Object Repository/Company/Company-14/Page_ODTS System/span_Cn Hn Hp ng' are matched.

2019-04-03 16:16:30 - [MESSAGE][PASSED] - Actual text and expected text of test object 'Object Repository/Company/Company-14/Page_ODTS System/span_Cn Hn Hp ng' are matched.

2019-04-03 16:16:30 - [TEST_STEP][PASSED] - closeBrowser(): Browser is closed

2019-04-03 16:16:31 - [MESSAGE][PASSED] - Browser is closed]]></system-out>
         <system-err><![CDATA[]]></system-err>
      </testcase>
      <testcase name="Test Cases/Company/Company-15" classname="Test Cases/Company/Company-15" status="PASSED">
         <system-out><![CDATA[2019-04-03 16:16:31 - [TEST_CASE][PASSED] - Test Cases/Company/Company-15: Test Cases/Company/Company-15

2019-04-03 16:16:31 - [TEST_STEP][PASSED] - openBrowser(""): Browser is opened with url: ''

2019-04-03 16:16:31 - [MESSAGE][INFO] - Starting 'Chrome' driver

2019-04-03 16:16:33 - [MESSAGE][PASSED] - Browser is opened with url: ''

2019-04-03 16:16:33 - [TEST_STEP][PASSED] - navigateToUrl(url): Navigate to 'http://helpdesk.wisky.vn' successfully

2019-04-03 16:16:35 - [MESSAGE][PASSED] - Navigate to 'http://helpdesk.wisky.vn' successfully

2019-04-03 16:16:35 - [TEST_STEP][PASSED] - setText(findTestObject("Company/Company-15/Page_ODTS System/input_ODTS_username"), "admin01"): Text 'admin01' is set on object 'Object Repository/Company/Company-15/Page_ODTS System/input_ODTS_username'

2019-04-03 16:16:35 - [MESSAGE][PASSED] - Text 'admin01' is set on object 'Object Repository/Company/Company-15/Page_ODTS System/input_ODTS_username'

2019-04-03 16:16:35 - [TEST_STEP][PASSED] - setEncryptedText(findTestObject("Company/Company-15/Page_ODTS System/input_ODTS_password"), "aeHFOx8jV/A="): Text ****** has been set on object 'Object Repository/Company/Company-15/Page_ODTS System/input_ODTS_password'

2019-04-03 16:16:35 - [MESSAGE][PASSED] - Text ****** has been set on object 'Object Repository/Company/Company-15/Page_ODTS System/input_ODTS_password'

2019-04-03 16:16:35 - [TEST_STEP][PASSED] - click(findTestObject("Company/Company-15/Page_ODTS System/button_ng Nhp")): Object: 'Object Repository/Company/Company-15/Page_ODTS System/button_ng Nhp' is clicked on

2019-04-03 16:16:35 - [MESSAGE][PASSED] - Object: 'Object Repository/Company/Company-15/Page_ODTS System/button_ng Nhp' is clicked on

2019-04-03 16:16:35 - [TEST_STEP][PASSED] - click(findTestObject("Company/Company-15/Page_ODTS System/a_Cng Ty")): Object: 'Object Repository/Company/Company-15/Page_ODTS System/a_Cng Ty' is clicked on

2019-04-03 16:16:37 - [MESSAGE][PASSED] - Object: 'Object Repository/Company/Company-15/Page_ODTS System/a_Cng Ty' is clicked on

2019-04-03 16:16:37 - [TEST_STEP][PASSED] - click(findTestObject("Company/Company-15/Page_ODTS System/a_Xem Hp ng")): Object: 'Object Repository/Company/Company-15/Page_ODTS System/a_Xem Hp ng' is clicked on

2019-04-03 16:16:38 - [MESSAGE][PASSED] - Object: 'Object Repository/Company/Company-15/Page_ODTS System/a_Xem Hp ng' is clicked on

2019-04-03 16:16:38 - [TEST_STEP][PASSED] - waitForAlert(1): No alert found after 1 second(s).

2019-04-03 16:16:39 - [MESSAGE][WARNING] - No alert found after 1 second(s).

2019-04-03 16:16:39 - [TEST_STEP][PASSED] - click(findTestObject("Company/Company-15/Page_ODTS System/fieldSearch")): Object: 'Object Repository/Company/Company-15/Page_ODTS System/fieldSearch' is clicked on

2019-04-03 16:16:39 - [MESSAGE][PASSED] - Object: 'Object Repository/Company/Company-15/Page_ODTS System/fieldSearch' is clicked on

2019-04-03 16:16:39 - [TEST_STEP][PASSED] - setText(findTestObject("Company/Company-15/Page_ODTS System/input"), "25/04/2019"): Text '25/04/2019' is set on object 'Object Repository/Company/Company-15/Page_ODTS System/input'

2019-04-03 16:16:40 - [MESSAGE][PASSED] - Text '25/04/2019' is set on object 'Object Repository/Company/Company-15/Page_ODTS System/input'

2019-04-03 16:16:40 - [TEST_STEP][PASSED] - click(findTestObject("Company/Company-15/Page_ODTS System/button_Cn Hn Hp ng_btn btn-inf")): Object: 'Object Repository/Company/Company-15/Page_ODTS System/button_Cn Hn Hp ng_btn btn-inf' is clicked on

2019-04-03 16:16:40 - [MESSAGE][PASSED] - Object: 'Object Repository/Company/Company-15/Page_ODTS System/button_Cn Hn Hp ng_btn btn-inf' is clicked on

2019-04-03 16:16:40 - [TEST_STEP][PASSED] - waitForAlert(2): No alert found after 2 second(s).

2019-04-03 16:16:42 - [MESSAGE][WARNING] - No alert found after 2 second(s).

2019-04-03 16:16:42 - [TEST_STEP][PASSED] - verifyElementText(findTestObject("Company/Company-15/Page_ODTS System/p_Passio"), "Passio"): Actual text and expected text of test object 'Object Repository/Company/Company-15/Page_ODTS System/p_Passio' are matched.

2019-04-03 16:16:42 - [MESSAGE][PASSED] - Actual text and expected text of test object 'Object Repository/Company/Company-15/Page_ODTS System/p_Passio' are matched.

2019-04-03 16:16:42 - [TEST_STEP][PASSED] - EXPIREDDATE = getText(findTestObject("Company/Company-15/Page_ODTS System/p_25042019")): Text of object 'Object Repository/Company/Company-15/Page_ODTS System/p_25042019' is: '25/04/2019'

2019-04-03 16:16:42 - [MESSAGE][PASSED] - Text of object 'Object Repository/Company/Company-15/Page_ODTS System/p_25042019' is: '25/04/2019'

2019-04-03 16:16:42 - [TEST_STEP][PASSED] - DATE = SimpleDateFormat(dd/MM/yyyy).format(getInstance().getTime()): null

2019-04-03 16:16:42 - [TEST_STEP][PASSED] - DATE1 = SimpleDateFormat(dd/MM/yyyy).parse(DATE): null

2019-04-03 16:16:42 - [TEST_STEP][PASSED] - EXPIREDDATE1 = SimpleDateFormat(dd/MM/yyyy).parse(EXPIREDDATE): null

2019-04-03 16:16:42 - [TEST_STEP][PASSED] - DATE2 = SimpleDateFormat(yyyy/MM/dd).format(DATE1): null

2019-04-03 16:16:42 - [TEST_STEP][PASSED] - EXPIREDDATE2 = SimpleDateFormat(yyyy/MM/dd).format(EXPIREDDATE1): null

2019-04-03 16:16:42 - [TEST_STEP][PASSED] - if (EXPIREDDATE2.compareTo(DATE2) >= 0): Actual text and expected text of test object 'Object Repository/Company/Company-15/Page_ODTS System/p_Cn Hn Hp ng' are matched.

2019-04-03 16:16:42 - [TEST_STEP][PASSED] - verifyElementText(findTestObject("Company/Company-15/Page_ODTS System/p_Cn Hn Hp ng"), "Còn Hạn Hợp Đồng"): Actual text and expected text of test object 'Object Repository/Company/Company-15/Page_ODTS System/p_Cn Hn Hp ng' are matched.

2019-04-03 16:16:42 - [MESSAGE][PASSED] - Actual text and expected text of test object 'Object Repository/Company/Company-15/Page_ODTS System/p_Cn Hn Hp ng' are matched.

2019-04-03 16:16:42 - [TEST_STEP][PASSED] - verifyElementText(findTestObject("Company/Company-15/Page_ODTS System/p_05022019"), "05/02/2019"): Actual text and expected text of test object 'Object Repository/Company/Company-15/Page_ODTS System/p_05022019' are matched.

2019-04-03 16:16:42 - [MESSAGE][PASSED] - Actual text and expected text of test object 'Object Repository/Company/Company-15/Page_ODTS System/p_05022019' are matched.

2019-04-03 16:16:42 - [TEST_STEP][PASSED] - verifyElementText(findTestObject("Company/Company-15/Page_ODTS System/p_25042019"), "25/04/2019"): Actual text and expected text of test object 'Object Repository/Company/Company-15/Page_ODTS System/p_25042019' are matched.

2019-04-03 16:16:42 - [MESSAGE][PASSED] - Actual text and expected text of test object 'Object Repository/Company/Company-15/Page_ODTS System/p_25042019' are matched.

2019-04-03 16:16:42 - [TEST_STEP][PASSED] - verifyElementText(findTestObject("Company/Company-15/Page_ODTS System/td_1"), "1"): Actual text and expected text of test object 'Object Repository/Company/Company-15/Page_ODTS System/td_1' are matched.

2019-04-03 16:16:42 - [MESSAGE][PASSED] - Actual text and expected text of test object 'Object Repository/Company/Company-15/Page_ODTS System/td_1' are matched.

2019-04-03 16:16:42 - [TEST_STEP][PASSED] - verifyElementText(findTestObject("Company/Company-15/Page_ODTS System/td_WIFI"), "Wifi Marketing"): Actual text and expected text of test object 'Object Repository/Company/Company-15/Page_ODTS System/td_WIFI' are matched.

2019-04-03 16:16:42 - [MESSAGE][PASSED] - Actual text and expected text of test object 'Object Repository/Company/Company-15/Page_ODTS System/td_WIFI' are matched.

2019-04-03 16:16:42 - [TEST_STEP][PASSED] - verifyElementText(findTestObject("Company/Company-15/Page_ODTS System/p_anhtest"), "anhtest"): Actual text and expected text of test object 'Object Repository/Company/Company-15/Page_ODTS System/p_anhtest' are matched.

2019-04-03 16:16:42 - [MESSAGE][PASSED] - Actual text and expected text of test object 'Object Repository/Company/Company-15/Page_ODTS System/p_anhtest' are matched.

2019-04-03 16:16:42 - [TEST_STEP][PASSED] - date1 = SimpleDateFormat(dd/MM/yyyy).parse(EXPIREDDATE): null

2019-04-03 16:16:42 - [TEST_STEP][PASSED] - date2 = SimpleDateFormat(dd/MM/yyyy).parse(DATE): null

2019-04-03 16:16:42 - [TEST_STEP][PASSED] - between = DAYS.between(date2.toInstant(), date1.toInstant()): null

2019-04-03 16:16:43 - [TEST_STEP][PASSED] - if (between > 0): Actual text and expected text of test object 'Object Repository/Company/Company-15/Page_ODTS System/p_Cn 62 ngy' are matched.

2019-04-03 16:16:43 - [TEST_STEP][PASSED] - verifyElementText(findTestObject("Company/Company-15/Page_ODTS System/p_Cn 62 ngy"), "Còn " + between + " ngày"): Actual text and expected text of test object 'Object Repository/Company/Company-15/Page_ODTS System/p_Cn 62 ngy' are matched.

2019-04-03 16:16:43 - [MESSAGE][PASSED] - Actual text and expected text of test object 'Object Repository/Company/Company-15/Page_ODTS System/p_Cn 62 ngy' are matched.

2019-04-03 16:16:43 - [TEST_STEP][PASSED] - verifyElementText(findTestObject("Company/Company-15/Page_ODTS System/p_200 VN"), "200 VNĐ"): Actual text and expected text of test object 'Object Repository/Company/Company-15/Page_ODTS System/p_200 VN' are matched.

2019-04-03 16:16:43 - [MESSAGE][PASSED] - Actual text and expected text of test object 'Object Repository/Company/Company-15/Page_ODTS System/p_200 VN' are matched.

2019-04-03 16:16:43 - [TEST_STEP][PASSED] - CDATE = null: null

2019-04-03 16:16:43 - [TEST_STEP][PASSED] - br = null: null

2019-04-03 16:16:43 - [TEST_STEP][PASSED] - fileNameCre = "creDateContract.txt": null

2019-04-03 16:16:43 - [TEST_STEP][PASSED] - workingDirectory = System.getProperty("user.dir"): null

2019-04-03 16:16:43 - [TEST_STEP][PASSED] - absoluteFilePathCre = workingDirectory + separator + fileNameCre: null

2019-04-03 16:16:43 - [TEST_STEP][PASSED] - try: null

2019-04-03 16:16:43 - [TEST_STEP][PASSED] - br = new java.io.BufferedReader(new java.io.FileReader(absoluteFilePathCre)): null

2019-04-03 16:16:43 - [TEST_STEP][PASSED] - sCurrentLine = <not implemented yet for class: org.codehaus.groovy.ast.expr.EmptyExpression>: null

2019-04-03 16:16:43 - [TEST_STEP][PASSED] - while (sCurrentLine = br.readLine() != null): null

2019-04-03 16:16:43 - [TEST_STEP][PASSED] - CDATE = sCurrentLine: null

2019-04-03 16:16:43 - [TEST_STEP][PASSED] - Finally: null

2019-04-03 16:16:43 - [TEST_STEP][PASSED] - br.close(): null

2019-04-03 16:16:43 - [TEST_STEP][PASSED] - verifyElementText(findTestObject("Company/Company-15/Page_ODTS System/p_22022019"), CDATE): Actual text and expected text of test object 'Object Repository/Company/Company-15/Page_ODTS System/p_22022019' are matched.

2019-04-03 16:16:43 - [MESSAGE][PASSED] - Actual text and expected text of test object 'Object Repository/Company/Company-15/Page_ODTS System/p_22022019' are matched.

2019-04-03 16:16:43 - [TEST_STEP][PASSED] - click(findTestObject("Company/Company-15/Page_ODTS System/button_ng")): Object: 'Object Repository/Company/Company-15/Page_ODTS System/button_ng' is clicked on

2019-04-03 16:16:43 - [MESSAGE][PASSED] - Object: 'Object Repository/Company/Company-15/Page_ODTS System/button_ng' is clicked on

2019-04-03 16:16:43 - [TEST_STEP][PASSED] - closeBrowser(): Browser is closed

2019-04-03 16:16:44 - [MESSAGE][PASSED] - Browser is closed]]></system-out>
         <system-err><![CDATA[]]></system-err>
      </testcase>
      <testcase name="Test Cases/Company/Company-16" classname="Test Cases/Company/Company-16" status="PASSED">
         <system-out><![CDATA[2019-04-03 16:16:44 - [TEST_CASE][PASSED] - Test Cases/Company/Company-16: Test Cases/Company/Company-16

2019-04-03 16:16:44 - [TEST_STEP][PASSED] - openBrowser(""): Browser is opened with url: ''

2019-04-03 16:16:44 - [MESSAGE][INFO] - Starting 'Chrome' driver

2019-04-03 16:16:46 - [MESSAGE][PASSED] - Browser is opened with url: ''

2019-04-03 16:16:46 - [TEST_STEP][PASSED] - navigateToUrl(url): Navigate to 'http://helpdesk.wisky.vn' successfully

2019-04-03 16:16:48 - [MESSAGE][PASSED] - Navigate to 'http://helpdesk.wisky.vn' successfully

2019-04-03 16:16:48 - [TEST_STEP][PASSED] - setText(findTestObject("Company/Company-16/Page_ODTS System/input_ODTS_username"), "admin01"): Text 'admin01' is set on object 'Object Repository/Company/Company-16/Page_ODTS System/input_ODTS_username'

2019-04-03 16:16:48 - [MESSAGE][PASSED] - Text 'admin01' is set on object 'Object Repository/Company/Company-16/Page_ODTS System/input_ODTS_username'

2019-04-03 16:16:48 - [TEST_STEP][PASSED] - setEncryptedText(findTestObject("Company/Company-16/Page_ODTS System/input_ODTS_password"), "aeHFOx8jV/A="): Text ****** has been set on object 'Object Repository/Company/Company-16/Page_ODTS System/input_ODTS_password'

2019-04-03 16:16:48 - [MESSAGE][PASSED] - Text ****** has been set on object 'Object Repository/Company/Company-16/Page_ODTS System/input_ODTS_password'

2019-04-03 16:16:48 - [TEST_STEP][PASSED] - click(findTestObject("Company/Company-16/Page_ODTS System/button_ng Nhp")): Object: 'Object Repository/Company/Company-16/Page_ODTS System/button_ng Nhp' is clicked on

2019-04-03 16:16:49 - [MESSAGE][PASSED] - Object: 'Object Repository/Company/Company-16/Page_ODTS System/button_ng Nhp' is clicked on

2019-04-03 16:16:49 - [TEST_STEP][PASSED] - click(findTestObject("Company/Company-16/Page_ODTS System/a_Cng Ty")): Object: 'Object Repository/Company/Company-16/Page_ODTS System/a_Cng Ty' is clicked on

2019-04-03 16:16:50 - [MESSAGE][PASSED] - Object: 'Object Repository/Company/Company-16/Page_ODTS System/a_Cng Ty' is clicked on

2019-04-03 16:16:50 - [TEST_STEP][PASSED] - waitForAlert(1): No alert found after 1 second(s).

2019-04-03 16:16:52 - [MESSAGE][WARNING] - No alert found after 1 second(s).

2019-04-03 16:16:52 - [TEST_STEP][PASSED] - click(findTestObject("Company/Company-16/Page_ODTS System/a_Xem Hp ng")): Object: 'Object Repository/Company/Company-16/Page_ODTS System/a_Xem Hp ng' is clicked on

2019-04-03 16:16:52 - [MESSAGE][PASSED] - Object: 'Object Repository/Company/Company-16/Page_ODTS System/a_Xem Hp ng' is clicked on

2019-04-03 16:16:52 - [TEST_STEP][PASSED] - click(findTestObject("Company/Company-16/Page_ODTS System/fieldSearch")): Object: 'Object Repository/Company/Company-16/Page_ODTS System/fieldSearch' is clicked on

2019-04-03 16:16:52 - [MESSAGE][PASSED] - Object: 'Object Repository/Company/Company-16/Page_ODTS System/fieldSearch' is clicked on

2019-04-03 16:16:52 - [TEST_STEP][PASSED] - setText(findTestObject("Company/Company-16/Page_ODTS System/input"), "25/04/2019"): Text '25/04/2019' is set on object 'Object Repository/Company/Company-16/Page_ODTS System/input'

2019-04-03 16:16:52 - [MESSAGE][PASSED] - Text '25/04/2019' is set on object 'Object Repository/Company/Company-16/Page_ODTS System/input'

2019-04-03 16:16:52 - [TEST_STEP][PASSED] - click(findTestObject("Company/Company-16/Page_ODTS System/button_Cn Hn Hp ng_btn btn-war")): Object: 'Object Repository/Company/Company-16/Page_ODTS System/button_Cn Hn Hp ng_btn btn-war' is clicked on

2019-04-03 16:16:53 - [MESSAGE][PASSED] - Object: 'Object Repository/Company/Company-16/Page_ODTS System/button_Cn Hn Hp ng_btn btn-war' is clicked on

2019-04-03 16:16:53 - [TEST_STEP][PASSED] - waitForAlert(2): No alert found after 2 second(s).

2019-04-03 16:16:55 - [MESSAGE][WARNING] - No alert found after 2 second(s).

2019-04-03 16:16:55 - [TEST_STEP][PASSED] - setText(findTestObject("Company/Company-16/Page_ODTS System/input_M T Hp ng_conNameE"), "anhtest22"): Text 'anhtest22' is set on object 'Object Repository/Company/Company-16/Page_ODTS System/input_M T Hp ng_conNameE'

2019-04-03 16:16:55 - [MESSAGE][PASSED] - Text 'anhtest22' is set on object 'Object Repository/Company/Company-16/Page_ODTS System/input_M T Hp ng_conNameE'

2019-04-03 16:16:55 - [TEST_STEP][PASSED] - waitForAlert(1): No alert found after 1 second(s).

2019-04-03 16:16:56 - [MESSAGE][WARNING] - No alert found after 1 second(s).

2019-04-03 16:16:56 - [TEST_STEP][PASSED] - click(findTestObject("Company/Company-16/Page_ODTS System/ul_WIFI")): Object: 'Object Repository/Company/Company-16/Page_ODTS System/ul_WIFI' is clicked on

2019-04-03 16:16:56 - [MESSAGE][PASSED] - Object: 'Object Repository/Company/Company-16/Page_ODTS System/ul_WIFI' is clicked on

2019-04-03 16:16:56 - [TEST_STEP][PASSED] - setText(findTestObject("Company/Company-16/Page_ODTS System/input__select2-search__field"), "camera"): Text 'camera' is set on object 'Object Repository/Company/Company-16/Page_ODTS System/input__select2-search__field'

2019-04-03 16:16:56 - [MESSAGE][PASSED] - Text 'camera' is set on object 'Object Repository/Company/Company-16/Page_ODTS System/input__select2-search__field'

2019-04-03 16:16:56 - [TEST_STEP][PASSED] - sendKeys(findTestObject("Company/Company-16/Page_ODTS System/input__select2-search__field"), Keys.chord(ENTER)): Keys 'ENTER + ' sent to object: 'Object Repository/Company/Company-16/Page_ODTS System/input__select2-search__field'

2019-04-03 16:16:56 - [MESSAGE][PASSED] - Keys 'ENTER + ' sent to object: 'Object Repository/Company/Company-16/Page_ODTS System/input__select2-search__field'

2019-04-03 16:16:56 - [TEST_STEP][PASSED] - waitForAlert(1): No alert found after 1 second(s).

2019-04-03 16:16:57 - [MESSAGE][WARNING] - No alert found after 1 second(s).

2019-04-03 16:16:57 - [TEST_STEP][PASSED] - click(findTestObject("Company/Company-16/Page_ODTS System/input_Ngy Bt u_conStartDateE")): Object: 'Object Repository/Company/Company-16/Page_ODTS System/input_Ngy Bt u_conStartDateE' is clicked on

2019-04-03 16:16:58 - [MESSAGE][PASSED] - Object: 'Object Repository/Company/Company-16/Page_ODTS System/input_Ngy Bt u_conStartDateE' is clicked on

2019-04-03 16:16:58 - [TEST_STEP][PASSED] - click(findTestObject("Company/Company-16/Page_ODTS System/th_February 2019")): Object: 'Object Repository/Company/Company-16/Page_ODTS System/th_February 2019' is clicked on

2019-04-03 16:16:58 - [MESSAGE][PASSED] - Object: 'Object Repository/Company/Company-16/Page_ODTS System/th_February 2019' is clicked on

2019-04-03 16:16:58 - [TEST_STEP][PASSED] - click(findTestObject("Company/Company-16/Page_ODTS System/span_Feb")): Object: 'Object Repository/Company/Company-16/Page_ODTS System/span_Feb' is clicked on

2019-04-03 16:16:58 - [MESSAGE][PASSED] - Object: 'Object Repository/Company/Company-16/Page_ODTS System/span_Feb' is clicked on

2019-04-03 16:16:58 - [TEST_STEP][PASSED] - click(findTestObject("Company/Company-16/Page_ODTS System/td_10")): Object: 'Object Repository/Company/Company-16/Page_ODTS System/td_10' is clicked on

2019-04-03 16:16:58 - [MESSAGE][PASSED] - Object: 'Object Repository/Company/Company-16/Page_ODTS System/td_10' is clicked on

2019-04-03 16:16:58 - [TEST_STEP][PASSED] - waitForAlert(1): No alert found after 1 second(s).

2019-04-03 16:16:59 - [MESSAGE][WARNING] - No alert found after 1 second(s).

2019-04-03 16:16:59 - [TEST_STEP][PASSED] - click(findTestObject("Company/Company-16/Page_ODTS System/input_Ngy Kt Thc_conEndDateE")): Object: 'Object Repository/Company/Company-16/Page_ODTS System/input_Ngy Kt Thc_conEndDateE' is clicked on

2019-04-03 16:16:59 - [MESSAGE][PASSED] - Object: 'Object Repository/Company/Company-16/Page_ODTS System/input_Ngy Kt Thc_conEndDateE' is clicked on

2019-04-03 16:16:59 - [TEST_STEP][PASSED] - click(findTestObject("Company/Company-16/Page_ODTS System/th_February 2019")): Object: 'Object Repository/Company/Company-16/Page_ODTS System/th_February 2019' is clicked on

2019-04-03 16:16:59 - [MESSAGE][PASSED] - Object: 'Object Repository/Company/Company-16/Page_ODTS System/th_February 2019' is clicked on

2019-04-03 16:16:59 - [TEST_STEP][PASSED] - click(findTestObject("Company/Company-16/Page_ODTS System/span_Apr")): Object: 'Object Repository/Company/Company-16/Page_ODTS System/span_Apr' is clicked on

2019-04-03 16:16:59 - [MESSAGE][PASSED] - Object: 'Object Repository/Company/Company-16/Page_ODTS System/span_Apr' is clicked on

2019-04-03 16:16:59 - [TEST_STEP][PASSED] - click(findTestObject("Company/Company-16/Page_ODTS System/td_30")): Object: 'Object Repository/Company/Company-16/Page_ODTS System/td_30' is clicked on

2019-04-03 16:17:00 - [MESSAGE][PASSED] - Object: 'Object Repository/Company/Company-16/Page_ODTS System/td_30' is clicked on

2019-04-03 16:17:00 - [TEST_STEP][PASSED] - waitForAlert(1): No alert found after 1 second(s).

2019-04-03 16:17:01 - [MESSAGE][WARNING] - No alert found after 1 second(s).

2019-04-03 16:17:01 - [TEST_STEP][PASSED] - setText(findTestObject("Company/Company-16/Page_ODTS System/input_Gi Hp ng_conPriceE"), "20022"): Text '20022' is set on object 'Object Repository/Company/Company-16/Page_ODTS System/input_Gi Hp ng_conPriceE'

2019-04-03 16:17:01 - [MESSAGE][PASSED] - Text '20022' is set on object 'Object Repository/Company/Company-16/Page_ODTS System/input_Gi Hp ng_conPriceE'

2019-04-03 16:17:01 - [TEST_STEP][PASSED] - LASTEDIT = SimpleDateFormat(dd/MM/yyyy).format(getInstance().getTime()): null

2019-04-03 16:17:01 - [TEST_STEP][PASSED] - writer = null: null

2019-04-03 16:17:01 - [TEST_STEP][PASSED] - fileNameCre = "creDateContract.txt": null

2019-04-03 16:17:01 - [TEST_STEP][PASSED] - workingDirectory = System.getProperty("user.dir"): null

2019-04-03 16:17:01 - [TEST_STEP][PASSED] - absoluteFilePathCre = workingDirectory + separator + fileNameCre: null

2019-04-03 16:17:01 - [TEST_STEP][PASSED] - try: null

2019-04-03 16:17:01 - [TEST_STEP][PASSED] - writer = new java.io.BufferedWriter(new java.io.OutputStreamWriter(new java.io.FileOutputStream(absoluteFilePathCre), utf-8)): null

2019-04-03 16:17:01 - [TEST_STEP][PASSED] - writer.write(LASTEDIT): null

2019-04-03 16:17:01 - [TEST_STEP][PASSED] - Finally: null

2019-04-03 16:17:01 - [TEST_STEP][PASSED] - try: null

2019-04-03 16:17:01 - [TEST_STEP][PASSED] - writer.close(): null

2019-04-03 16:17:01 - [TEST_STEP][PASSED] - waitForAlert(1): No alert found after 1 second(s).

2019-04-03 16:17:02 - [MESSAGE][WARNING] - No alert found after 1 second(s).

2019-04-03 16:17:02 - [TEST_STEP][PASSED] - click(findTestObject("Company/Company-16/Page_ODTS System/button_Cp Nht")): Object: 'Object Repository/Company/Company-16/Page_ODTS System/button_Cp Nht' is clicked on

2019-04-03 16:17:02 - [MESSAGE][PASSED] - Object: 'Object Repository/Company/Company-16/Page_ODTS System/button_Cp Nht' is clicked on

2019-04-03 16:17:02 - [TEST_STEP][PASSED] - waitForAlert(1): No alert found after 1 second(s).

2019-04-03 16:17:03 - [MESSAGE][WARNING] - No alert found after 1 second(s).

2019-04-03 16:17:03 - [TEST_STEP][PASSED] - click(findTestObject("Company/Company-16/Page_ODTS System/button_OK")): Object: 'Object Repository/Company/Company-16/Page_ODTS System/button_OK' is clicked on

2019-04-03 16:17:03 - [MESSAGE][PASSED] - Object: 'Object Repository/Company/Company-16/Page_ODTS System/button_OK' is clicked on

2019-04-03 16:17:03 - [TEST_STEP][PASSED] - click(findTestObject("Company/Company-16/Page_ODTS System/fieldSearch")): Object: 'Object Repository/Company/Company-16/Page_ODTS System/fieldSearch' is clicked on

2019-04-03 16:17:04 - [MESSAGE][PASSED] - Object: 'Object Repository/Company/Company-16/Page_ODTS System/fieldSearch' is clicked on

2019-04-03 16:17:04 - [TEST_STEP][PASSED] - setText(findTestObject("Company/Company-16/Page_ODTS System/input"), "30/04/2019"): Text '30/04/2019' is set on object 'Object Repository/Company/Company-16/Page_ODTS System/input'

2019-04-03 16:17:04 - [MESSAGE][PASSED] - Text '30/04/2019' is set on object 'Object Repository/Company/Company-16/Page_ODTS System/input'

2019-04-03 16:17:04 - [TEST_STEP][PASSED] - click(findTestObject("Company/Company-16/Page_ODTS System/button_Cn Hn Hp ng_btn btn-inf")): Object: 'Object Repository/Company/Company-16/Page_ODTS System/button_Cn Hn Hp ng_btn btn-inf' is clicked on

2019-04-03 16:17:04 - [MESSAGE][PASSED] - Object: 'Object Repository/Company/Company-16/Page_ODTS System/button_Cn Hn Hp ng_btn btn-inf' is clicked on

2019-04-03 16:17:04 - [TEST_STEP][PASSED] - waitForAlert(1): No alert found after 1 second(s).

2019-04-03 16:17:05 - [MESSAGE][WARNING] - No alert found after 1 second(s).

2019-04-03 16:17:05 - [TEST_STEP][PASSED] - verifyElementText(findTestObject("Company/Company-16/Page_ODTS System/p_Passio"), "Passio"): Actual text and expected text of test object 'Object Repository/Company/Company-16/Page_ODTS System/p_Passio' are matched.

2019-04-03 16:17:05 - [MESSAGE][PASSED] - Actual text and expected text of test object 'Object Repository/Company/Company-16/Page_ODTS System/p_Passio' are matched.

2019-04-03 16:17:05 - [TEST_STEP][PASSED] - EXPIREDDATE = getText(findTestObject("Company/Company-16/Page_ODTS System/p_30042019")): Text of object 'Object Repository/Company/Company-16/Page_ODTS System/p_30042019' is: '30/04/2019'

2019-04-03 16:17:05 - [MESSAGE][PASSED] - Text of object 'Object Repository/Company/Company-16/Page_ODTS System/p_30042019' is: '30/04/2019'

2019-04-03 16:17:05 - [TEST_STEP][PASSED] - DATE = SimpleDateFormat(dd/MM/yyyy).format(getInstance().getTime()): null

2019-04-03 16:17:05 - [TEST_STEP][PASSED] - DATE1 = SimpleDateFormat(dd/MM/yyyy).parse(DATE): null

2019-04-03 16:17:05 - [TEST_STEP][PASSED] - EXPIREDDATE1 = SimpleDateFormat(dd/MM/yyyy).parse(EXPIREDDATE): null

2019-04-03 16:17:05 - [TEST_STEP][PASSED] - DATE2 = SimpleDateFormat(yyyy/MM/dd).format(DATE1): null

2019-04-03 16:17:05 - [TEST_STEP][PASSED] - EXPIREDDATE2 = SimpleDateFormat(yyyy/MM/dd).format(EXPIREDDATE1): null

2019-04-03 16:17:05 - [TEST_STEP][PASSED] - if (EXPIREDDATE2.compareTo(DATE2) >= 0): Actual text and expected text of test object 'Object Repository/Company/Company-16/Page_ODTS System/p_Cn Hn Hp ng' are matched.

2019-04-03 16:17:05 - [TEST_STEP][PASSED] - verifyElementText(findTestObject("Company/Company-16/Page_ODTS System/p_Cn Hn Hp ng"), "Còn Hạn Hợp Đồng"): Actual text and expected text of test object 'Object Repository/Company/Company-16/Page_ODTS System/p_Cn Hn Hp ng' are matched.

2019-04-03 16:17:05 - [MESSAGE][PASSED] - Actual text and expected text of test object 'Object Repository/Company/Company-16/Page_ODTS System/p_Cn Hn Hp ng' are matched.

2019-04-03 16:17:05 - [TEST_STEP][PASSED] - verifyElementText(findTestObject("Company/Company-16/Page_ODTS System/p_10022019"), "10/02/2019"): Actual text and expected text of test object 'Object Repository/Company/Company-16/Page_ODTS System/p_10022019' are matched.

2019-04-03 16:17:05 - [MESSAGE][PASSED] - Actual text and expected text of test object 'Object Repository/Company/Company-16/Page_ODTS System/p_10022019' are matched.

2019-04-03 16:17:05 - [TEST_STEP][PASSED] - verifyElementText(findTestObject("Company/Company-16/Page_ODTS System/p_30042019"), "30/04/2019"): Actual text and expected text of test object 'Object Repository/Company/Company-16/Page_ODTS System/p_30042019' are matched.

2019-04-03 16:17:05 - [MESSAGE][PASSED] - Actual text and expected text of test object 'Object Repository/Company/Company-16/Page_ODTS System/p_30042019' are matched.

2019-04-03 16:17:05 - [TEST_STEP][PASSED] - verifyElementText(findTestObject("Company/Company-16/Page_ODTS System/td_1"), "1"): Actual text and expected text of test object 'Object Repository/Company/Company-16/Page_ODTS System/td_1' are matched.

2019-04-03 16:17:06 - [MESSAGE][PASSED] - Actual text and expected text of test object 'Object Repository/Company/Company-16/Page_ODTS System/td_1' are matched.

2019-04-03 16:17:06 - [TEST_STEP][PASSED] - verifyElementText(findTestObject("Company/Company-16/Page_ODTS System/td_WIFI"), "Wifi Marketing"): Actual text and expected text of test object 'Object Repository/Company/Company-16/Page_ODTS System/td_WIFI' are matched.

2019-04-03 16:17:06 - [MESSAGE][PASSED] - Actual text and expected text of test object 'Object Repository/Company/Company-16/Page_ODTS System/td_WIFI' are matched.

2019-04-03 16:17:06 - [TEST_STEP][PASSED] - verifyElementText(findTestObject("Company/Company-16/Page_ODTS System/td_2"), "2"): Actual text and expected text of test object 'Object Repository/Company/Company-16/Page_ODTS System/td_2' are matched.

2019-04-03 16:17:06 - [MESSAGE][PASSED] - Actual text and expected text of test object 'Object Repository/Company/Company-16/Page_ODTS System/td_2' are matched.

2019-04-03 16:17:06 - [TEST_STEP][PASSED] - verifyElementText(findTestObject("Company/Company-16/Page_ODTS System/td_CAMERA"), "Camera"): Actual text and expected text of test object 'Object Repository/Company/Company-16/Page_ODTS System/td_CAMERA' are matched.

2019-04-03 16:17:06 - [MESSAGE][PASSED] - Actual text and expected text of test object 'Object Repository/Company/Company-16/Page_ODTS System/td_CAMERA' are matched.

2019-04-03 16:17:06 - [TEST_STEP][PASSED] - verifyElementText(findTestObject("Company/Company-16/Page_ODTS System/p_anhtest22"), "anhtest22"): Actual text and expected text of test object 'Object Repository/Company/Company-16/Page_ODTS System/p_anhtest22' are matched.

2019-04-03 16:17:06 - [MESSAGE][PASSED] - Actual text and expected text of test object 'Object Repository/Company/Company-16/Page_ODTS System/p_anhtest22' are matched.

2019-04-03 16:17:06 - [TEST_STEP][PASSED] - date1 = SimpleDateFormat(dd/MM/yyyy).parse(EXPIREDDATE): null

2019-04-03 16:17:06 - [TEST_STEP][PASSED] - date2 = SimpleDateFormat(dd/MM/yyyy).parse(DATE): null

2019-04-03 16:17:06 - [TEST_STEP][PASSED] - between = DAYS.between(date2.toInstant(), date1.toInstant()): null

2019-04-03 16:17:06 - [TEST_STEP][PASSED] - if (between > 0): Actual text and expected text of test object 'Object Repository/Company/Company-16/Page_ODTS System/p_Cn 66 ngy' are matched.

2019-04-03 16:17:06 - [TEST_STEP][PASSED] - verifyElementText(findTestObject("Company/Company-16/Page_ODTS System/p_Cn 66 ngy"), "Còn " + between + " ngày"): Actual text and expected text of test object 'Object Repository/Company/Company-16/Page_ODTS System/p_Cn 66 ngy' are matched.

2019-04-03 16:17:06 - [MESSAGE][PASSED] - Actual text and expected text of test object 'Object Repository/Company/Company-16/Page_ODTS System/p_Cn 66 ngy' are matched.

2019-04-03 16:17:06 - [TEST_STEP][PASSED] - verifyElementText(findTestObject("Company/Company-16/Page_ODTS System/p_20022 VN"), "20022 VNĐ"): Actual text and expected text of test object 'Object Repository/Company/Company-16/Page_ODTS System/p_20022 VN' are matched.

2019-04-03 16:17:06 - [MESSAGE][PASSED] - Actual text and expected text of test object 'Object Repository/Company/Company-16/Page_ODTS System/p_20022 VN' are matched.

2019-04-03 16:17:06 - [TEST_STEP][PASSED] - LASTEDITFROMFILE = null: null

2019-04-03 16:17:06 - [TEST_STEP][PASSED] - br = null: null

2019-04-03 16:17:06 - [TEST_STEP][PASSED] - try: null

2019-04-03 16:17:06 - [TEST_STEP][PASSED] - br = new java.io.BufferedReader(new java.io.FileReader(absoluteFilePathCre)): null

2019-04-03 16:17:06 - [TEST_STEP][PASSED] - sCurrentLine = <not implemented yet for class: org.codehaus.groovy.ast.expr.EmptyExpression>: null

2019-04-03 16:17:06 - [TEST_STEP][PASSED] - while (sCurrentLine = br.readLine() != null): null

2019-04-03 16:17:06 - [TEST_STEP][PASSED] - LASTEDITFROMFILE = sCurrentLine: null

2019-04-03 16:17:06 - [TEST_STEP][PASSED] - Finally: null

2019-04-03 16:17:06 - [TEST_STEP][PASSED] - br.close(): null

2019-04-03 16:17:06 - [TEST_STEP][PASSED] - verifyElementText(findTestObject("Company/Company-16/Page_ODTS System/p_23022019"), LASTEDITFROMFILE): Actual text and expected text of test object 'Object Repository/Company/Company-16/Page_ODTS System/p_23022019' are matched.

2019-04-03 16:17:06 - [MESSAGE][PASSED] - Actual text and expected text of test object 'Object Repository/Company/Company-16/Page_ODTS System/p_23022019' are matched.

2019-04-03 16:17:06 - [TEST_STEP][PASSED] - click(findTestObject("Company/Company-16/Page_ODTS System/button_ng")): Object: 'Object Repository/Company/Company-16/Page_ODTS System/button_ng' is clicked on

2019-04-03 16:17:06 - [MESSAGE][PASSED] - Object: 'Object Repository/Company/Company-16/Page_ODTS System/button_ng' is clicked on

2019-04-03 16:17:06 - [TEST_STEP][PASSED] - closeBrowser(): Browser is closed

2019-04-03 16:17:07 - [MESSAGE][PASSED] - Browser is closed]]></system-out>
         <system-err><![CDATA[]]></system-err>
      </testcase>
      <testcase name="Test Cases/Company/Company-17" classname="Test Cases/Company/Company-17" status="PASSED">
         <system-out><![CDATA[2019-04-03 16:17:07 - [TEST_CASE][PASSED] - Test Cases/Company/Company-17: Test Cases/Company/Company-17

2019-04-03 16:17:07 - [TEST_STEP][PASSED] - openBrowser(""): Browser is opened with url: ''

2019-04-03 16:17:07 - [MESSAGE][INFO] - Starting 'Chrome' driver

2019-04-03 16:17:10 - [MESSAGE][PASSED] - Browser is opened with url: ''

2019-04-03 16:17:10 - [TEST_STEP][PASSED] - navigateToUrl("http://helpdesk.unicode.edu.vn/"): Navigate to 'http://helpdesk.unicode.edu.vn/' successfully

2019-04-03 16:17:17 - [MESSAGE][PASSED] - Navigate to 'http://helpdesk.unicode.edu.vn/' successfully

2019-04-03 16:17:17 - [TEST_STEP][PASSED] - setText(findTestObject("Company/Company-17/Page_ODTS System/input_ODTS_username"), "admin01"): Text 'admin01' is set on object 'Object Repository/Company/Company-17/Page_ODTS System/input_ODTS_username'

2019-04-03 16:17:17 - [MESSAGE][PASSED] - Text 'admin01' is set on object 'Object Repository/Company/Company-17/Page_ODTS System/input_ODTS_username'

2019-04-03 16:17:17 - [TEST_STEP][PASSED] - setEncryptedText(findTestObject("Company/Company-17/Page_ODTS System/input_ODTS_password"), "aeHFOx8jV/A="): Text ****** has been set on object 'Object Repository/Company/Company-17/Page_ODTS System/input_ODTS_password'

2019-04-03 16:17:17 - [MESSAGE][PASSED] - Text ****** has been set on object 'Object Repository/Company/Company-17/Page_ODTS System/input_ODTS_password'

2019-04-03 16:17:17 - [TEST_STEP][PASSED] - click(findTestObject("Company/Company-17/Page_ODTS System/button_ng Nhp")): Object: 'Object Repository/Company/Company-17/Page_ODTS System/button_ng Nhp' is clicked on

2019-04-03 16:17:18 - [MESSAGE][PASSED] - Object: 'Object Repository/Company/Company-17/Page_ODTS System/button_ng Nhp' is clicked on

2019-04-03 16:17:18 - [TEST_STEP][PASSED] - click(findTestObject("Company/Company-17/Page_ODTS System/a_Cng Ty")): Object: 'Object Repository/Company/Company-17/Page_ODTS System/a_Cng Ty' is clicked on

2019-04-03 16:17:29 - [MESSAGE][PASSED] - Object: 'Object Repository/Company/Company-17/Page_ODTS System/a_Cng Ty' is clicked on

2019-04-03 16:17:29 - [TEST_STEP][PASSED] - click(findTestObject("Company/Company-17/Page_ODTS System/a_Xem Hp ng")): Object: 'Object Repository/Company/Company-17/Page_ODTS System/a_Xem Hp ng' is clicked on

2019-04-03 16:17:40 - [MESSAGE][PASSED] - Object: 'Object Repository/Company/Company-17/Page_ODTS System/a_Xem Hp ng' is clicked on

2019-04-03 16:17:40 - [TEST_STEP][PASSED] - click(findTestObject("Company/Company-17/Page_ODTS System/fieldSearch")): Object: 'Object Repository/Company/Company-17/Page_ODTS System/fieldSearch' is clicked on

2019-04-03 16:17:41 - [MESSAGE][PASSED] - Object: 'Object Repository/Company/Company-17/Page_ODTS System/fieldSearch' is clicked on

2019-04-03 16:17:41 - [TEST_STEP][PASSED] - setText(findTestObject("Company/Company-17/Page_ODTS System/input"), "30/04/2019"): Text '30/04/2019' is set on object 'Object Repository/Company/Company-17/Page_ODTS System/input'

2019-04-03 16:17:42 - [MESSAGE][PASSED] - Text '30/04/2019' is set on object 'Object Repository/Company/Company-17/Page_ODTS System/input'

2019-04-03 16:17:42 - [TEST_STEP][PASSED] - click(findTestObject("Company/Company-17/Page_ODTS System/button_Cn Hn Hp ng_btn btn-dan")): Object: 'Object Repository/Company/Company-17/Page_ODTS System/button_Cn Hn Hp ng_btn btn-dan' is clicked on

2019-04-03 16:17:42 - [MESSAGE][PASSED] - Object: 'Object Repository/Company/Company-17/Page_ODTS System/button_Cn Hn Hp ng_btn btn-dan' is clicked on

2019-04-03 16:17:42 - [TEST_STEP][PASSED] - click(findTestObject("Company/Company-17/Page_ODTS System/button_Chp Nhn Xa")): Object: 'Object Repository/Company/Company-17/Page_ODTS System/button_Chp Nhn Xa' is clicked on

2019-04-03 16:17:42 - [MESSAGE][PASSED] - Object: 'Object Repository/Company/Company-17/Page_ODTS System/button_Chp Nhn Xa' is clicked on

2019-04-03 16:17:42 - [TEST_STEP][PASSED] - waitForAlert(1): No alert found after 1 second(s).

2019-04-03 16:17:43 - [MESSAGE][WARNING] - No alert found after 1 second(s).

2019-04-03 16:17:43 - [TEST_STEP][PASSED] - click(findTestObject("Company/Company-17/Page_ODTS System/button_OK")): Object: 'Object Repository/Company/Company-17/Page_ODTS System/button_OK' is clicked on

2019-04-03 16:17:43 - [MESSAGE][PASSED] - Object: 'Object Repository/Company/Company-17/Page_ODTS System/button_OK' is clicked on

2019-04-03 16:17:43 - [TEST_STEP][PASSED] - waitForAlert(1): No alert found after 1 second(s).

2019-04-03 16:17:44 - [MESSAGE][WARNING] - No alert found after 1 second(s).

2019-04-03 16:17:44 - [TEST_STEP][PASSED] - verifyElementVisible(findTestObject("Company/Company-17/Page_ODTS System/td_Khng c d liu ph hp")): Object 'Object Repository/Company/Company-17/Page_ODTS System/td_Khng c d liu ph hp' is visible

2019-04-03 16:17:44 - [MESSAGE][PASSED] - Object 'Object Repository/Company/Company-17/Page_ODTS System/td_Khng c d liu ph hp' is visible

2019-04-03 16:17:44 - [TEST_STEP][PASSED] - fileNameCre = "creDateContract.txt": null

2019-04-03 16:17:44 - [TEST_STEP][PASSED] - workingDirectory = System.getProperty("user.dir"): null

2019-04-03 16:17:44 - [TEST_STEP][PASSED] - absoluteFilePathCre = workingDirectory + separator + fileNameCre: null

2019-04-03 16:17:44 - [TEST_STEP][PASSED] - writer2 = new java.io.PrintWriter(absoluteFilePathCre): null

2019-04-03 16:17:44 - [TEST_STEP][PASSED] - writer2.print(""): null

2019-04-03 16:17:44 - [TEST_STEP][PASSED] - writer2.close(): null

2019-04-03 16:17:44 - [TEST_STEP][PASSED] - closeBrowser(): Browser is closed

2019-04-03 16:17:45 - [MESSAGE][PASSED] - Browser is closed]]></system-out>
         <system-err><![CDATA[]]></system-err>
      </testcase>
      <system-out><![CDATA[2019-04-03 16:16:11 - [TEST_SUITE][PASSED] - Company14-15-16-17: Test Cases/Company/Company-17]]></system-out>
      <system-err><![CDATA[]]></system-err>
   </testsuite>
</testsuites>
