<?xml version="1.0" encoding="UTF-8"?>
<testsuites name="Company10-11-12-13" time="65" tests="3" failures="0" errors="0">
   <testsuite name="Company10-11-12-13" tests="3" failures="0" errors="0" time="65" timestamp="2019-04-03 16:12:34" hostname="Ninja - AnhNVSE63446" id="Test Suites/Company10-11-12-13">
      <properties>
         <property name="deviceName" value=""/>
         <property name="devicePlatform" value=""/>
         <property name="logFolder" value="C:\\Users\\pc\\HelpdeskAutomation\\Reports\\Company10-11-12-13\\20190403_161227"/>
         <property name="logFiles" value="C:\\Users\\pc\\HelpdeskAutomation\\Reports\\Company10-11-12-13\\20190403_161227\\execution0.log"/>
         <property name="attachments" value=""/>
         <property name="hostName" value="Ninja - AnhNVSE63446"/>
         <property name="os" value="Windows 10 64bit"/>
         <property name="katalonVersion" value="6.0.5.4"/>
         <property name="browser" value="Chrome 73.0.3683.86"/>
         <property name="hostAddress" value="192.168.175.1"/>
         <property name="sessionId" value="27c8fceb368228aebbb22309a751dce7"/>
         <property name="seleniumVersion" value="3.7.1"/>
         <property name="proxyInformation" value="ProxyInformation{proxyOption=NO_PROXY, proxyServerType=HTTP, password=, proxyServerAddress=, proxyServerPort=0}"/>
         <property name="platform" value="Windows 10"/>
      </properties>
      <testcase name="Test Cases/Company/Company-11" classname="Test Cases/Company/Company-11" status="PASSED">
         <system-out><![CDATA[2019-04-03 16:12:34 - [TEST_CASE][PASSED] - Test Cases/Company/Company-11: Test Cases/Company/Company-11

2019-04-03 16:12:35 - [TEST_STEP][PASSED] - openBrowser(""): Browser is opened with url: ''

2019-04-03 16:12:36 - [MESSAGE][INFO] - Starting 'Chrome' driver

2019-04-03 16:12:36 - [MESSAGE][INFO] - Action delay is set to 0 seconds

2019-04-03 16:12:40 - [MESSAGE][PASSED] - Browser is opened with url: ''

2019-04-03 16:12:40 - [TEST_STEP][PASSED] - navigateToUrl(url): Navigate to 'http://helpdesk.wisky.vn' successfully

2019-04-03 16:12:42 - [MESSAGE][PASSED] - Navigate to 'http://helpdesk.wisky.vn' successfully

2019-04-03 16:12:42 - [TEST_STEP][PASSED] - setText(findTestObject("Company/Company-11/Page_ODTS System/input_ODTS_username"), "admin01"): Text 'admin01' is set on object 'Object Repository/Company/Company-11/Page_ODTS System/input_ODTS_username'

2019-04-03 16:12:42 - [MESSAGE][PASSED] - Text 'admin01' is set on object 'Object Repository/Company/Company-11/Page_ODTS System/input_ODTS_username'

2019-04-03 16:12:42 - [TEST_STEP][PASSED] - setEncryptedText(findTestObject("Company/Company-11/Page_ODTS System/input_ODTS_password"), "aeHFOx8jV/A="): Text ****** has been set on object 'Object Repository/Company/Company-11/Page_ODTS System/input_ODTS_password'

2019-04-03 16:12:42 - [MESSAGE][PASSED] - Text ****** has been set on object 'Object Repository/Company/Company-11/Page_ODTS System/input_ODTS_password'

2019-04-03 16:12:42 - [TEST_STEP][PASSED] - click(findTestObject("Company/Company-11/Page_ODTS System/button_ng Nhp")): Object: 'Object Repository/Company/Company-11/Page_ODTS System/button_ng Nhp' is clicked on

2019-04-03 16:12:42 - [MESSAGE][PASSED] - Object: 'Object Repository/Company/Company-11/Page_ODTS System/button_ng Nhp' is clicked on

2019-04-03 16:12:42 - [TEST_STEP][PASSED] - click(findTestObject("Company/Company-11/Page_ODTS System/a_Cng Ty")): Object: 'Object Repository/Company/Company-11/Page_ODTS System/a_Cng Ty' is clicked on

2019-04-03 16:12:45 - [MESSAGE][PASSED] - Object: 'Object Repository/Company/Company-11/Page_ODTS System/a_Cng Ty' is clicked on

2019-04-03 16:12:45 - [TEST_STEP][PASSED] - click(findTestObject("Company/Company-11/Page_ODTS System/a_Xem Chi Nhnh")): Object: 'Object Repository/Company/Company-11/Page_ODTS System/a_Xem Chi Nhnh' is clicked on

2019-04-03 16:12:46 - [MESSAGE][PASSED] - Object: 'Object Repository/Company/Company-11/Page_ODTS System/a_Xem Chi Nhnh' is clicked on

2019-04-03 16:12:46 - [TEST_STEP][PASSED] - click(findTestObject("Company/Company-11/Page_ODTS System/a_Xem Thit b")): Object: 'Object Repository/Company/Company-11/Page_ODTS System/a_Xem Thit b' is clicked on

2019-04-03 16:12:46 - [MESSAGE][PASSED] - Object: 'Object Repository/Company/Company-11/Page_ODTS System/a_Xem Thit b' is clicked on

2019-04-03 16:12:46 - [TEST_STEP][PASSED] - waitForAlert(1): No alert found after 1 second(s).

2019-04-03 16:12:48 - [MESSAGE][WARNING] - No alert found after 1 second(s).

2019-04-03 16:12:48 - [TEST_STEP][PASSED] - click(findTestObject("Company/Company-11/Page_ODTS System/fieldSearch")): Object: 'Object Repository/Company/Company-11/Page_ODTS System/fieldSearch' is clicked on

2019-04-03 16:12:48 - [MESSAGE][PASSED] - Object: 'Object Repository/Company/Company-11/Page_ODTS System/fieldSearch' is clicked on

2019-04-03 16:12:48 - [TEST_STEP][PASSED] - setText(findTestObject("Company/Company-11/Page_ODTS System/input"), "anhtest"): Text 'anhtest' is set on object 'Object Repository/Company/Company-11/Page_ODTS System/input'

2019-04-03 16:12:48 - [MESSAGE][PASSED] - Text 'anhtest' is set on object 'Object Repository/Company/Company-11/Page_ODTS System/input'

2019-04-03 16:12:48 - [TEST_STEP][PASSED] - waitForAlert(1): No alert found after 1 second(s).

2019-04-03 16:12:49 - [MESSAGE][WARNING] - No alert found after 1 second(s).

2019-04-03 16:12:49 - [TEST_STEP][PASSED] - click(findTestObject("Company/Company-11/Page_ODTS System/button_hihi_btn btn-info fa fa")): Object: 'Object Repository/Company/Company-11/Page_ODTS System/button_hihi_btn btn-info fa fa' is clicked on

2019-04-03 16:12:49 - [MESSAGE][PASSED] - Object: 'Object Repository/Company/Company-11/Page_ODTS System/button_hihi_btn btn-info fa fa' is clicked on

2019-04-03 16:12:49 - [TEST_STEP][PASSED] - waitForAlert(1): No alert found after 1 second(s).

2019-04-03 16:12:50 - [MESSAGE][WARNING] - No alert found after 1 second(s).

2019-04-03 16:12:50 - [TEST_STEP][PASSED] - verifyElementText(findTestObject("Company/Company-11/Page_ODTS System/p_anhtest"), "anhtest"): Actual text and expected text of test object 'Object Repository/Company/Company-11/Page_ODTS System/p_anhtest' are matched.

2019-04-03 16:12:50 - [MESSAGE][PASSED] - Actual text and expected text of test object 'Object Repository/Company/Company-11/Page_ODTS System/p_anhtest' are matched.

2019-04-03 16:12:50 - [TEST_STEP][PASSED] - verifyElementText(findTestObject("Company/Company-11/Page_ODTS System/p_Wifi"), "Camera"): Actual text and expected text of test object 'Object Repository/Company/Company-11/Page_ODTS System/p_Wifi' are matched.

2019-04-03 16:12:50 - [MESSAGE][PASSED] - Actual text and expected text of test object 'Object Repository/Company/Company-11/Page_ODTS System/p_Wifi' are matched.

2019-04-03 16:12:50 - [TEST_STEP][PASSED] - verifyElementText(findTestObject("Company/Company-11/Page_ODTS System/p_hihi"), "hihi"): Actual text and expected text of test object 'Object Repository/Company/Company-11/Page_ODTS System/p_hihi' are matched.

2019-04-03 16:12:50 - [MESSAGE][PASSED] - Actual text and expected text of test object 'Object Repository/Company/Company-11/Page_ODTS System/p_hihi' are matched.

2019-04-03 16:12:50 - [TEST_STEP][PASSED] - verifyElementText(findTestObject("Company/Company-11/Page_ODTS System/p_01022019"), "01/02/2019"): Actual text and expected text of test object 'Object Repository/Company/Company-11/Page_ODTS System/p_01022019' are matched.

2019-04-03 16:12:50 - [MESSAGE][PASSED] - Actual text and expected text of test object 'Object Repository/Company/Company-11/Page_ODTS System/p_01022019' are matched.

2019-04-03 16:12:50 - [TEST_STEP][PASSED] - verifyElementText(findTestObject("Company/Company-11/Page_ODTS System/p_05042019"), "05/04/2019"): Actual text and expected text of test object 'Object Repository/Company/Company-11/Page_ODTS System/p_05042019' are matched.

2019-04-03 16:12:50 - [MESSAGE][PASSED] - Actual text and expected text of test object 'Object Repository/Company/Company-11/Page_ODTS System/p_05042019' are matched.

2019-04-03 16:12:50 - [TEST_STEP][PASSED] - verifyElementText(findTestObject("Company/Company-11/Page_ODTS System/p_192.168.1.1"), "192.168.1.1"): Actual text and expected text of test object 'Object Repository/Company/Company-11/Page_ODTS System/p_192.168.1.1' are matched.

2019-04-03 16:12:51 - [MESSAGE][PASSED] - Actual text and expected text of test object 'Object Repository/Company/Company-11/Page_ODTS System/p_192.168.1.1' are matched.

2019-04-03 16:12:51 - [TEST_STEP][PASSED] - verifyElementText(findTestObject("Company/Company-11/Page_ODTS System/p_443"), "443"): Actual text and expected text of test object 'Object Repository/Company/Company-11/Page_ODTS System/p_443' are matched.

2019-04-03 16:12:51 - [MESSAGE][PASSED] - Actual text and expected text of test object 'Object Repository/Company/Company-11/Page_ODTS System/p_443' are matched.

2019-04-03 16:12:51 - [TEST_STEP][PASSED] - verifyElementText(findTestObject("Company/Company-11/Page_ODTS System/p_anh"), "anh"): Actual text and expected text of test object 'Object Repository/Company/Company-11/Page_ODTS System/p_anh' are matched.

2019-04-03 16:12:51 - [MESSAGE][PASSED] - Actual text and expected text of test object 'Object Repository/Company/Company-11/Page_ODTS System/p_anh' are matched.

2019-04-03 16:12:51 - [TEST_STEP][PASSED] - verifyElementText(findTestObject("Company/Company-11/Page_ODTS System/p_123"), "123"): Actual text and expected text of test object 'Object Repository/Company/Company-11/Page_ODTS System/p_123' are matched.

2019-04-03 16:12:51 - [MESSAGE][PASSED] - Actual text and expected text of test object 'Object Repository/Company/Company-11/Page_ODTS System/p_123' are matched.

2019-04-03 16:12:51 - [TEST_STEP][PASSED] - verifyElementText(findTestObject("Company/Company-11/Page_ODTS System/p_20022019"), "20/02/2019"): Actual text and expected text of test object 'Object Repository/Company/Company-11/Page_ODTS System/p_20022019' are matched.

2019-04-03 16:12:51 - [MESSAGE][PASSED] - Actual text and expected text of test object 'Object Repository/Company/Company-11/Page_ODTS System/p_20022019' are matched.

2019-04-03 16:12:51 - [TEST_STEP][PASSED] - verifyElementText(findTestObject("Company/Company-11/Page_ODTS System/lastEdit"), ""): Actual text and expected text of test object 'Object Repository/Company/Company-11/Page_ODTS System/lastEdit' are matched.

2019-04-03 16:12:51 - [MESSAGE][PASSED] - Actual text and expected text of test object 'Object Repository/Company/Company-11/Page_ODTS System/lastEdit' are matched.

2019-04-03 16:12:51 - [TEST_STEP][PASSED] - verifyElementText(findTestObject("Company/Company-11/Page_ODTS System/p_testdevice"), "testdevice"): Actual text and expected text of test object 'Object Repository/Company/Company-11/Page_ODTS System/p_testdevice' are matched.

2019-04-03 16:12:51 - [MESSAGE][PASSED] - Actual text and expected text of test object 'Object Repository/Company/Company-11/Page_ODTS System/p_testdevice' are matched.

2019-04-03 16:12:51 - [TEST_STEP][PASSED] - click(findTestObject("Company/Company-11/Page_ODTS System/button_ng")): Object: 'Object Repository/Company/Company-11/Page_ODTS System/button_ng' is clicked on

2019-04-03 16:12:51 - [MESSAGE][PASSED] - Object: 'Object Repository/Company/Company-11/Page_ODTS System/button_ng' is clicked on

2019-04-03 16:12:51 - [TEST_STEP][PASSED] - closeBrowser(): Browser is closed

2019-04-03 16:12:52 - [MESSAGE][PASSED] - Browser is closed]]></system-out>
         <system-err><![CDATA[]]></system-err>
      </testcase>
      <testcase name="Test Cases/Company/Company-12" classname="Test Cases/Company/Company-12" status="PASSED">
         <system-out><![CDATA[2019-04-03 16:12:52 - [TEST_CASE][PASSED] - Test Cases/Company/Company-12: Test Cases/Company/Company-12

2019-04-03 16:12:52 - [TEST_STEP][PASSED] - openBrowser(""): Browser is opened with url: ''

2019-04-03 16:12:52 - [MESSAGE][INFO] - Starting 'Chrome' driver

2019-04-03 16:12:55 - [MESSAGE][PASSED] - Browser is opened with url: ''

2019-04-03 16:12:55 - [TEST_STEP][PASSED] - navigateToUrl(url): Navigate to 'http://helpdesk.wisky.vn' successfully

2019-04-03 16:12:56 - [MESSAGE][PASSED] - Navigate to 'http://helpdesk.wisky.vn' successfully

2019-04-03 16:12:56 - [TEST_STEP][PASSED] - setText(findTestObject("Company/Company-12/Page_ODTS System/input_ODTS_username"), "admin01"): Text 'admin01' is set on object 'Object Repository/Company/Company-12/Page_ODTS System/input_ODTS_username'

2019-04-03 16:12:56 - [MESSAGE][PASSED] - Text 'admin01' is set on object 'Object Repository/Company/Company-12/Page_ODTS System/input_ODTS_username'

2019-04-03 16:12:56 - [TEST_STEP][PASSED] - setEncryptedText(findTestObject("Company/Company-12/Page_ODTS System/input_ODTS_password"), "aeHFOx8jV/A="): Text ****** has been set on object 'Object Repository/Company/Company-12/Page_ODTS System/input_ODTS_password'

2019-04-03 16:12:56 - [MESSAGE][PASSED] - Text ****** has been set on object 'Object Repository/Company/Company-12/Page_ODTS System/input_ODTS_password'

2019-04-03 16:12:56 - [TEST_STEP][PASSED] - click(findTestObject("Company/Company-12/Page_ODTS System/button_ng Nhp")): Object: 'Object Repository/Company/Company-12/Page_ODTS System/button_ng Nhp' is clicked on

2019-04-03 16:12:56 - [MESSAGE][PASSED] - Object: 'Object Repository/Company/Company-12/Page_ODTS System/button_ng Nhp' is clicked on

2019-04-03 16:12:56 - [TEST_STEP][PASSED] - click(findTestObject("Company/Company-12/Page_ODTS System/span_Cng Ty")): Object: 'Object Repository/Company/Company-12/Page_ODTS System/span_Cng Ty' is clicked on

2019-04-03 16:12:59 - [MESSAGE][PASSED] - Object: 'Object Repository/Company/Company-12/Page_ODTS System/span_Cng Ty' is clicked on

2019-04-03 16:12:59 - [TEST_STEP][PASSED] - click(findTestObject("Company/Company-12/Page_ODTS System/a_Xem Chi Nhnh")): Object: 'Object Repository/Company/Company-12/Page_ODTS System/a_Xem Chi Nhnh' is clicked on

2019-04-03 16:12:59 - [MESSAGE][PASSED] - Object: 'Object Repository/Company/Company-12/Page_ODTS System/a_Xem Chi Nhnh' is clicked on

2019-04-03 16:12:59 - [TEST_STEP][PASSED] - click(findTestObject("Company/Company-12/Page_ODTS System/a_Xem Thit b")): Object: 'Object Repository/Company/Company-12/Page_ODTS System/a_Xem Thit b' is clicked on

2019-04-03 16:13:00 - [MESSAGE][PASSED] - Object: 'Object Repository/Company/Company-12/Page_ODTS System/a_Xem Thit b' is clicked on

2019-04-03 16:13:00 - [TEST_STEP][PASSED] - waitForAlert(1): No alert found after 1 second(s).

2019-04-03 16:13:01 - [MESSAGE][WARNING] - No alert found after 1 second(s).

2019-04-03 16:13:01 - [TEST_STEP][PASSED] - click(findTestObject("Company/Company-12/Page_ODTS System/fieldSearch")): Object: 'Object Repository/Company/Company-12/Page_ODTS System/fieldSearch' is clicked on

2019-04-03 16:13:01 - [MESSAGE][PASSED] - Object: 'Object Repository/Company/Company-12/Page_ODTS System/fieldSearch' is clicked on

2019-04-03 16:13:01 - [TEST_STEP][PASSED] - setText(findTestObject("Company/Company-12/Page_ODTS System/input"), "anhtest"): Text 'anhtest' is set on object 'Object Repository/Company/Company-12/Page_ODTS System/input'

2019-04-03 16:13:01 - [MESSAGE][PASSED] - Text 'anhtest' is set on object 'Object Repository/Company/Company-12/Page_ODTS System/input'

2019-04-03 16:13:01 - [TEST_STEP][PASSED] - waitForAlert(1): No alert found after 1 second(s).

2019-04-03 16:13:02 - [MESSAGE][WARNING] - No alert found after 1 second(s).

2019-04-03 16:13:02 - [TEST_STEP][PASSED] - click(findTestObject("Company/Company-12/Page_ODTS System/button_hihi_btn btn-warning fa")): Object: 'Object Repository/Company/Company-12/Page_ODTS System/button_hihi_btn btn-warning fa' is clicked on

2019-04-03 16:13:02 - [MESSAGE][PASSED] - Object: 'Object Repository/Company/Company-12/Page_ODTS System/button_hihi_btn btn-warning fa' is clicked on

2019-04-03 16:13:02 - [TEST_STEP][PASSED] - waitForAlert(1): No alert found after 1 second(s).

2019-04-03 16:13:03 - [MESSAGE][WARNING] - No alert found after 1 second(s).

2019-04-03 16:13:03 - [TEST_STEP][PASSED] - selectOptionByValue(findTestObject("Object Repository/Company/Company-12/Page_ODTS System/select_--Chn loi thit b--Access PointCameraPos My In BillMn HnhRouterFingerThit B in Lnhn Trong NhSwitch"), "4", true): All options with value '4' are selected in object 'Object Repository/Company/Company-12/Page_ODTS System/select_--Chn loi thit b--Access PointCameraPos My In BillMn HnhRouterFingerThit B in Lnhn Trong NhSwitch'  using regular expression

2019-04-03 16:13:04 - [MESSAGE][PASSED] - All options with value '4' are selected in object 'Object Repository/Company/Company-12/Page_ODTS System/select_--Chn loi thit b--Access PointCameraPos My In BillMn HnhRouterFingerThit B in Lnhn Trong NhSwitch'  using regular expression

2019-04-03 16:13:04 - [TEST_STEP][PASSED] - waitForAlert(1): No alert found after 1 second(s).

2019-04-03 16:13:05 - [MESSAGE][WARNING] - No alert found after 1 second(s).

2019-04-03 16:13:05 - [TEST_STEP][PASSED] - setText(findTestObject("Company/Company-12/Page_ODTS System/input_Tn Thit B_dvNameE"), "anhtest22"): Text 'anhtest22' is set on object 'Object Repository/Company/Company-12/Page_ODTS System/input_Tn Thit B_dvNameE'

2019-04-03 16:13:05 - [MESSAGE][PASSED] - Text 'anhtest22' is set on object 'Object Repository/Company/Company-12/Page_ODTS System/input_Tn Thit B_dvNameE'

2019-04-03 16:13:05 - [TEST_STEP][PASSED] - waitForAlert(1): No alert found after 1 second(s).

2019-04-03 16:13:06 - [MESSAGE][WARNING] - No alert found after 1 second(s).

2019-04-03 16:13:06 - [TEST_STEP][PASSED] - setText(findTestObject("Company/Company-12/Page_ODTS System/input_Code_dvCodeE"), "hihi22"): Text 'hihi22' is set on object 'Object Repository/Company/Company-12/Page_ODTS System/input_Code_dvCodeE'

2019-04-03 16:13:06 - [MESSAGE][PASSED] - Text 'hihi22' is set on object 'Object Repository/Company/Company-12/Page_ODTS System/input_Code_dvCodeE'

2019-04-03 16:13:06 - [TEST_STEP][PASSED] - waitForAlert(1): No alert found after 1 second(s).

2019-04-03 16:13:07 - [MESSAGE][WARNING] - No alert found after 1 second(s).

2019-04-03 16:13:07 - [TEST_STEP][PASSED] - click(findTestObject("Company/Company-12/Page_ODTS System/input_Ngy Bo Hnh_dvGDateE")): Object: 'Object Repository/Company/Company-12/Page_ODTS System/input_Ngy Bo Hnh_dvGDateE' is clicked on

2019-04-03 16:13:07 - [MESSAGE][PASSED] - Object: 'Object Repository/Company/Company-12/Page_ODTS System/input_Ngy Bo Hnh_dvGDateE' is clicked on

2019-04-03 16:13:07 - [TEST_STEP][PASSED] - waitForAlert(1): No alert found after 1 second(s).

2019-04-03 16:13:08 - [MESSAGE][WARNING] - No alert found after 1 second(s).

2019-04-03 16:13:08 - [TEST_STEP][PASSED] - click(findTestObject("Company/Company-12/Page_ODTS System/chonNgayBaoHanh")): Object: 'Object Repository/Company/Company-12/Page_ODTS System/chonNgayBaoHanh' is clicked on

2019-04-03 16:13:08 - [MESSAGE][PASSED] - Object: 'Object Repository/Company/Company-12/Page_ODTS System/chonNgayBaoHanh' is clicked on

2019-04-03 16:13:08 - [TEST_STEP][PASSED] - waitForAlert(1): No alert found after 1 second(s).

2019-04-03 16:13:10 - [MESSAGE][WARNING] - No alert found after 1 second(s).

2019-04-03 16:13:10 - [TEST_STEP][PASSED] - thangBaoHanh = getText(findTestObject("Company/Company-12/Page_ODTS System/chonNgayBaoHanh2")): Text of object 'Object Repository/Company/Company-12/Page_ODTS System/chonNgayBaoHanh2' is: 'Feb'

2019-04-03 16:13:10 - [MESSAGE][PASSED] - Text of object 'Object Repository/Company/Company-12/Page_ODTS System/chonNgayBaoHanh2' is: 'Feb'

2019-04-03 16:13:10 - [TEST_STEP][PASSED] - if (thangBaoHanh.compareTo("Feb") == 0): Object: 'Object Repository/Company/Company-12/Page_ODTS System/chonNgayBaoHanh2' is clicked on

2019-04-03 16:13:10 - [TEST_STEP][PASSED] - click(findTestObject("Company/Company-12/Page_ODTS System/chonNgayBaoHanh2")): Object: 'Object Repository/Company/Company-12/Page_ODTS System/chonNgayBaoHanh2' is clicked on

2019-04-03 16:13:10 - [MESSAGE][PASSED] - Object: 'Object Repository/Company/Company-12/Page_ODTS System/chonNgayBaoHanh2' is clicked on

2019-04-03 16:13:10 - [TEST_STEP][PASSED] - click(findTestObject("Company/Company-12/Page_ODTS System/td_4")): Object: 'Object Repository/Company/Company-12/Page_ODTS System/td_4' is clicked on

2019-04-03 16:13:10 - [MESSAGE][PASSED] - Object: 'Object Repository/Company/Company-12/Page_ODTS System/td_4' is clicked on

2019-04-03 16:13:10 - [TEST_STEP][PASSED] - waitForAlert(1): No alert found after 1 second(s).

2019-04-03 16:13:11 - [MESSAGE][WARNING] - No alert found after 1 second(s).

2019-04-03 16:13:11 - [TEST_STEP][PASSED] - click(findTestObject("Company/Company-12/Page_ODTS System/input_Hn Bo Hnh_dvGEndDateE")): Object: 'Object Repository/Company/Company-12/Page_ODTS System/input_Hn Bo Hnh_dvGEndDateE' is clicked on

2019-04-03 16:13:11 - [MESSAGE][PASSED] - Object: 'Object Repository/Company/Company-12/Page_ODTS System/input_Hn Bo Hnh_dvGEndDateE' is clicked on

2019-04-03 16:13:11 - [TEST_STEP][PASSED] - waitForAlert(1): No alert found after 1 second(s).

2019-04-03 16:13:12 - [MESSAGE][WARNING] - No alert found after 1 second(s).

2019-04-03 16:13:12 - [TEST_STEP][PASSED] - click(findTestObject("Company/Company-12/Page_ODTS System/chonNgayBaoHanh")): Object: 'Object Repository/Company/Company-12/Page_ODTS System/chonNgayBaoHanh' is clicked on

2019-04-03 16:13:12 - [MESSAGE][PASSED] - Object: 'Object Repository/Company/Company-12/Page_ODTS System/chonNgayBaoHanh' is clicked on

2019-04-03 16:13:12 - [TEST_STEP][PASSED] - waitForAlert(1): No alert found after 1 second(s).

2019-04-03 16:13:13 - [MESSAGE][WARNING] - No alert found after 1 second(s).

2019-04-03 16:13:13 - [TEST_STEP][PASSED] - thangBaoHanh2 = getText(findTestObject("Company/Company-10/Page_ODTS System/chonHanBaoHanh")): Text of object 'Object Repository/Company/Company-10/Page_ODTS System/chonHanBaoHanh' is: 'Mar'

2019-04-03 16:13:13 - [MESSAGE][PASSED] - Text of object 'Object Repository/Company/Company-10/Page_ODTS System/chonHanBaoHanh' is: 'Mar'

2019-04-03 16:13:13 - [TEST_STEP][PASSED] - if (thangBaoHanh2.compareTo("Apr") == 0): null

2019-04-03 16:13:13 - [TEST_STEP][PASSED] - else: Object: 'Object Repository/Company/Company-10/Page_ODTS System/BaoHanhFocus' is clicked on

2019-04-03 16:13:13 - [TEST_STEP][PASSED] - click(findTestObject("Company/Company-10/Page_ODTS System/BaoHanhFocus")): Object: 'Object Repository/Company/Company-10/Page_ODTS System/BaoHanhFocus' is clicked on

2019-04-03 16:13:13 - [MESSAGE][PASSED] - Object: 'Object Repository/Company/Company-10/Page_ODTS System/BaoHanhFocus' is clicked on

2019-04-03 16:13:13 - [TEST_STEP][PASSED] - click(findTestObject("Company/Company-12/Page_ODTS System/td_10")): Object: 'Object Repository/Company/Company-12/Page_ODTS System/td_10' is clicked on

2019-04-03 16:13:13 - [MESSAGE][PASSED] - Object: 'Object Repository/Company/Company-12/Page_ODTS System/td_10' is clicked on

2019-04-03 16:13:13 - [TEST_STEP][PASSED] - waitForAlert(1): No alert found after 1 second(s).

2019-04-03 16:13:14 - [MESSAGE][WARNING] - No alert found after 1 second(s).

2019-04-03 16:13:14 - [TEST_STEP][PASSED] - setText(findTestObject("Company/Company-12/Page_ODTS System/input_Ip_dvIpE"), "192.168.1.2"): Text '192.168.1.2' is set on object 'Object Repository/Company/Company-12/Page_ODTS System/input_Ip_dvIpE'

2019-04-03 16:13:15 - [MESSAGE][PASSED] - Text '192.168.1.2' is set on object 'Object Repository/Company/Company-12/Page_ODTS System/input_Ip_dvIpE'

2019-04-03 16:13:15 - [TEST_STEP][PASSED] - waitForAlert(1): No alert found after 1 second(s).

2019-04-03 16:13:16 - [MESSAGE][WARNING] - No alert found after 1 second(s).

2019-04-03 16:13:16 - [TEST_STEP][PASSED] - setText(findTestObject("Company/Company-12/Page_ODTS System/input_Port_dvPortE"), "80"): Text '80' is set on object 'Object Repository/Company/Company-12/Page_ODTS System/input_Port_dvPortE'

2019-04-03 16:13:16 - [MESSAGE][PASSED] - Text '80' is set on object 'Object Repository/Company/Company-12/Page_ODTS System/input_Port_dvPortE'

2019-04-03 16:13:16 - [TEST_STEP][PASSED] - waitForAlert(1): No alert found after 1 second(s).

2019-04-03 16:13:17 - [MESSAGE][WARNING] - No alert found after 1 second(s).

2019-04-03 16:13:17 - [TEST_STEP][PASSED] - setText(findTestObject("Company/Company-12/Page_ODTS System/input_Device Account_dvAccE"), "anh22"): Text 'anh22' is set on object 'Object Repository/Company/Company-12/Page_ODTS System/input_Device Account_dvAccE'

2019-04-03 16:13:17 - [MESSAGE][PASSED] - Text 'anh22' is set on object 'Object Repository/Company/Company-12/Page_ODTS System/input_Device Account_dvAccE'

2019-04-03 16:13:17 - [TEST_STEP][PASSED] - waitForAlert(1): No alert found after 1 second(s).

2019-04-03 16:13:18 - [MESSAGE][WARNING] - No alert found after 1 second(s).

2019-04-03 16:13:18 - [TEST_STEP][PASSED] - setText(findTestObject("Company/Company-12/Page_ODTS System/input_Device Password_dvPassE"), "12322"): Text '12322' is set on object 'Object Repository/Company/Company-12/Page_ODTS System/input_Device Password_dvPassE'

2019-04-03 16:13:18 - [MESSAGE][PASSED] - Text '12322' is set on object 'Object Repository/Company/Company-12/Page_ODTS System/input_Device Password_dvPassE'

2019-04-03 16:13:18 - [TEST_STEP][PASSED] - waitForAlert(1): No alert found after 1 second(s).

2019-04-03 16:13:19 - [MESSAGE][WARNING] - No alert found after 1 second(s).

2019-04-03 16:13:19 - [TEST_STEP][PASSED] - setText(findTestObject("Company/Company-12/Page_ODTS System/input_Thng Tin_dvOtherE"), "testdevice22"): Text 'testdevice22' is set on object 'Object Repository/Company/Company-12/Page_ODTS System/input_Thng Tin_dvOtherE'

2019-04-03 16:13:19 - [MESSAGE][PASSED] - Text 'testdevice22' is set on object 'Object Repository/Company/Company-12/Page_ODTS System/input_Thng Tin_dvOtherE'

2019-04-03 16:13:19 - [TEST_STEP][PASSED] - waitForAlert(1): No alert found after 1 second(s).

2019-04-03 16:13:20 - [MESSAGE][WARNING] - No alert found after 1 second(s).

2019-04-03 16:13:20 - [TEST_STEP][PASSED] - UDATE = SimpleDateFormat(dd/MM/yyyy).format(getInstance().getTime()): null

2019-04-03 16:13:20 - [TEST_STEP][PASSED] - click(findTestObject("Company/Company-12/Page_ODTS System/button_Cp Nht")): Object: 'Object Repository/Company/Company-12/Page_ODTS System/button_Cp Nht' is clicked on

2019-04-03 16:13:21 - [MESSAGE][PASSED] - Object: 'Object Repository/Company/Company-12/Page_ODTS System/button_Cp Nht' is clicked on

2019-04-03 16:13:21 - [TEST_STEP][PASSED] - waitForAlert(1): No alert found after 1 second(s).

2019-04-03 16:13:22 - [MESSAGE][WARNING] - No alert found after 1 second(s).

2019-04-03 16:13:22 - [TEST_STEP][PASSED] - click(findTestObject("Company/Company-12/Page_ODTS System/button_OK")): Object: 'Object Repository/Company/Company-12/Page_ODTS System/button_OK' is clicked on

2019-04-03 16:13:22 - [MESSAGE][PASSED] - Object: 'Object Repository/Company/Company-12/Page_ODTS System/button_OK' is clicked on

2019-04-03 16:13:22 - [TEST_STEP][PASSED] - waitForAlert(1): No alert found after 1 second(s).

2019-04-03 16:13:23 - [MESSAGE][WARNING] - No alert found after 1 second(s).

2019-04-03 16:13:23 - [TEST_STEP][PASSED] - click(findTestObject("Company/Company-12/Page_ODTS System/button_hihi22_btn btn-info fa")): Object: 'Object Repository/Company/Company-12/Page_ODTS System/button_hihi22_btn btn-info fa' is clicked on

2019-04-03 16:13:23 - [MESSAGE][PASSED] - Object: 'Object Repository/Company/Company-12/Page_ODTS System/button_hihi22_btn btn-info fa' is clicked on

2019-04-03 16:13:23 - [TEST_STEP][PASSED] - waitForAlert(1): No alert found after 1 second(s).

2019-04-03 16:13:24 - [MESSAGE][WARNING] - No alert found after 1 second(s).

2019-04-03 16:13:24 - [TEST_STEP][PASSED] - verifyElementText(findTestObject("Company/Company-12/Page_ODTS System/p_anhtest22"), "anhtest22"): Actual text and expected text of test object 'Object Repository/Company/Company-12/Page_ODTS System/p_anhtest22' are matched.

2019-04-03 16:13:24 - [MESSAGE][PASSED] - Actual text and expected text of test object 'Object Repository/Company/Company-12/Page_ODTS System/p_anhtest22' are matched.

2019-04-03 16:13:24 - [TEST_STEP][PASSED] - verifyElementText(findTestObject("Company/Company-12/Page_ODTS System/p_Camera"), "Pos"): Actual text and expected text of test object 'Object Repository/Company/Company-12/Page_ODTS System/p_Camera' are matched.

2019-04-03 16:13:24 - [MESSAGE][PASSED] - Actual text and expected text of test object 'Object Repository/Company/Company-12/Page_ODTS System/p_Camera' are matched.

2019-04-03 16:13:24 - [TEST_STEP][PASSED] - verifyElementText(findTestObject("Company/Company-12/Page_ODTS System/p_hihi22"), "hihi22"): Actual text and expected text of test object 'Object Repository/Company/Company-12/Page_ODTS System/p_hihi22' are matched.

2019-04-03 16:13:24 - [MESSAGE][PASSED] - Actual text and expected text of test object 'Object Repository/Company/Company-12/Page_ODTS System/p_hihi22' are matched.

2019-04-03 16:13:24 - [TEST_STEP][PASSED] - verifyElementText(findTestObject("Company/Company-12/Page_ODTS System/p_04022019"), "04/02/2019"): Actual text and expected text of test object 'Object Repository/Company/Company-12/Page_ODTS System/p_04022019' are matched.

2019-04-03 16:13:24 - [MESSAGE][PASSED] - Actual text and expected text of test object 'Object Repository/Company/Company-12/Page_ODTS System/p_04022019' are matched.

2019-04-03 16:13:24 - [TEST_STEP][PASSED] - verifyElementText(findTestObject("Company/Company-12/Page_ODTS System/p_10042019"), "10/04/2019"): Actual text and expected text of test object 'Object Repository/Company/Company-12/Page_ODTS System/p_10042019' are matched.

2019-04-03 16:13:24 - [MESSAGE][PASSED] - Actual text and expected text of test object 'Object Repository/Company/Company-12/Page_ODTS System/p_10042019' are matched.

2019-04-03 16:13:24 - [TEST_STEP][PASSED] - verifyElementText(findTestObject("Company/Company-12/Page_ODTS System/p_192.168.1.2"), "192.168.1.2"): Actual text and expected text of test object 'Object Repository/Company/Company-12/Page_ODTS System/p_192.168.1.2' are matched.

2019-04-03 16:13:24 - [MESSAGE][PASSED] - Actual text and expected text of test object 'Object Repository/Company/Company-12/Page_ODTS System/p_192.168.1.2' are matched.

2019-04-03 16:13:24 - [TEST_STEP][PASSED] - verifyElementText(findTestObject("Company/Company-12/Page_ODTS System/p_80"), "80"): Actual text and expected text of test object 'Object Repository/Company/Company-12/Page_ODTS System/p_80' are matched.

2019-04-03 16:13:24 - [MESSAGE][PASSED] - Actual text and expected text of test object 'Object Repository/Company/Company-12/Page_ODTS System/p_80' are matched.

2019-04-03 16:13:24 - [TEST_STEP][PASSED] - verifyElementText(findTestObject("Company/Company-12/Page_ODTS System/p_anh22"), "anh22"): Actual text and expected text of test object 'Object Repository/Company/Company-12/Page_ODTS System/p_anh22' are matched.

2019-04-03 16:13:24 - [MESSAGE][PASSED] - Actual text and expected text of test object 'Object Repository/Company/Company-12/Page_ODTS System/p_anh22' are matched.

2019-04-03 16:13:24 - [TEST_STEP][PASSED] - verifyElementText(findTestObject("Company/Company-12/Page_ODTS System/p_12322"), "12322"): Actual text and expected text of test object 'Object Repository/Company/Company-12/Page_ODTS System/p_12322' are matched.

2019-04-03 16:13:24 - [MESSAGE][PASSED] - Actual text and expected text of test object 'Object Repository/Company/Company-12/Page_ODTS System/p_12322' are matched.

2019-04-03 16:13:24 - [TEST_STEP][PASSED] - verifyElementText(findTestObject("Company/Company-12/Page_ODTS System/p_20022019"), "20/02/2019"): Actual text and expected text of test object 'Object Repository/Company/Company-12/Page_ODTS System/p_20022019' are matched.

2019-04-03 16:13:24 - [MESSAGE][PASSED] - Actual text and expected text of test object 'Object Repository/Company/Company-12/Page_ODTS System/p_20022019' are matched.

2019-04-03 16:13:24 - [TEST_STEP][PASSED] - verifyElementText(findTestObject("Company/Company-12/Page_ODTS System/p_22022019"), UDATE): Actual text and expected text of test object 'Object Repository/Company/Company-12/Page_ODTS System/p_22022019' are matched.

2019-04-03 16:13:24 - [MESSAGE][PASSED] - Actual text and expected text of test object 'Object Repository/Company/Company-12/Page_ODTS System/p_22022019' are matched.

2019-04-03 16:13:24 - [TEST_STEP][PASSED] - verifyElementText(findTestObject("Company/Company-12/Page_ODTS System/p_testdevice22"), "testdevice22"): Actual text and expected text of test object 'Object Repository/Company/Company-12/Page_ODTS System/p_testdevice22' are matched.

2019-04-03 16:13:25 - [MESSAGE][PASSED] - Actual text and expected text of test object 'Object Repository/Company/Company-12/Page_ODTS System/p_testdevice22' are matched.

2019-04-03 16:13:25 - [TEST_STEP][PASSED] - click(findTestObject("Company/Company-12/Page_ODTS System/button_ng")): Object: 'Object Repository/Company/Company-12/Page_ODTS System/button_ng' is clicked on

2019-04-03 16:13:25 - [MESSAGE][PASSED] - Object: 'Object Repository/Company/Company-12/Page_ODTS System/button_ng' is clicked on

2019-04-03 16:13:25 - [TEST_STEP][PASSED] - closeBrowser(): Browser is closed

2019-04-03 16:13:25 - [MESSAGE][PASSED] - Browser is closed]]></system-out>
         <system-err><![CDATA[]]></system-err>
      </testcase>
      <testcase name="Test Cases/Company/Company-13" classname="Test Cases/Company/Company-13" status="PASSED">
         <system-out><![CDATA[2019-04-03 16:13:25 - [TEST_CASE][PASSED] - Test Cases/Company/Company-13: Test Cases/Company/Company-13

2019-04-03 16:13:26 - [TEST_STEP][PASSED] - openBrowser(""): Browser is opened with url: ''

2019-04-03 16:13:26 - [MESSAGE][INFO] - Starting 'Chrome' driver

2019-04-03 16:13:28 - [MESSAGE][PASSED] - Browser is opened with url: ''

2019-04-03 16:13:28 - [TEST_STEP][PASSED] - navigateToUrl(url): Navigate to 'http://helpdesk.wisky.vn' successfully

2019-04-03 16:13:31 - [MESSAGE][PASSED] - Navigate to 'http://helpdesk.wisky.vn' successfully

2019-04-03 16:13:31 - [TEST_STEP][PASSED] - setText(findTestObject("Company/Company-13/Page_ODTS System/input_ODTS_username"), "admin01"): Text 'admin01' is set on object 'Object Repository/Company/Company-13/Page_ODTS System/input_ODTS_username'

2019-04-03 16:13:31 - [MESSAGE][PASSED] - Text 'admin01' is set on object 'Object Repository/Company/Company-13/Page_ODTS System/input_ODTS_username'

2019-04-03 16:13:31 - [TEST_STEP][PASSED] - setEncryptedText(findTestObject("Company/Company-13/Page_ODTS System/input_ODTS_password"), "aeHFOx8jV/A="): Text ****** has been set on object 'Object Repository/Company/Company-13/Page_ODTS System/input_ODTS_password'

2019-04-03 16:13:31 - [MESSAGE][PASSED] - Text ****** has been set on object 'Object Repository/Company/Company-13/Page_ODTS System/input_ODTS_password'

2019-04-03 16:13:31 - [TEST_STEP][PASSED] - click(findTestObject("Company/Company-13/Page_ODTS System/button_ng Nhp")): Object: 'Object Repository/Company/Company-13/Page_ODTS System/button_ng Nhp' is clicked on

2019-04-03 16:13:31 - [MESSAGE][PASSED] - Object: 'Object Repository/Company/Company-13/Page_ODTS System/button_ng Nhp' is clicked on

2019-04-03 16:13:31 - [TEST_STEP][PASSED] - click(findTestObject("Company/Company-13/Page_ODTS System/a_Cng Ty")): Object: 'Object Repository/Company/Company-13/Page_ODTS System/a_Cng Ty' is clicked on

2019-04-03 16:13:34 - [MESSAGE][PASSED] - Object: 'Object Repository/Company/Company-13/Page_ODTS System/a_Cng Ty' is clicked on

2019-04-03 16:13:34 - [TEST_STEP][PASSED] - click(findTestObject("Company/Company-13/Page_ODTS System/a_Xem Chi Nhnh")): Object: 'Object Repository/Company/Company-13/Page_ODTS System/a_Xem Chi Nhnh' is clicked on

2019-04-03 16:13:34 - [MESSAGE][PASSED] - Object: 'Object Repository/Company/Company-13/Page_ODTS System/a_Xem Chi Nhnh' is clicked on

2019-04-03 16:13:34 - [TEST_STEP][PASSED] - click(findTestObject("Company/Company-13/Page_ODTS System/a_Xem Thit b")): Object: 'Object Repository/Company/Company-13/Page_ODTS System/a_Xem Thit b' is clicked on

2019-04-03 16:13:35 - [MESSAGE][PASSED] - Object: 'Object Repository/Company/Company-13/Page_ODTS System/a_Xem Thit b' is clicked on

2019-04-03 16:13:35 - [TEST_STEP][PASSED] - waitForAlert(1): No alert found after 1 second(s).

2019-04-03 16:13:36 - [MESSAGE][WARNING] - No alert found after 1 second(s).

2019-04-03 16:13:36 - [TEST_STEP][PASSED] - click(findTestObject("Company/Company-13/Page_ODTS System/fieldSearch")): Object: 'Object Repository/Company/Company-13/Page_ODTS System/fieldSearch' is clicked on

2019-04-03 16:13:37 - [MESSAGE][PASSED] - Object: 'Object Repository/Company/Company-13/Page_ODTS System/fieldSearch' is clicked on

2019-04-03 16:13:37 - [TEST_STEP][PASSED] - setText(findTestObject("Company/Company-13/Page_ODTS System/input"), "anhtest"): Text 'anhtest' is set on object 'Object Repository/Company/Company-13/Page_ODTS System/input'

2019-04-03 16:13:37 - [MESSAGE][PASSED] - Text 'anhtest' is set on object 'Object Repository/Company/Company-13/Page_ODTS System/input'

2019-04-03 16:13:37 - [TEST_STEP][PASSED] - click(findTestObject("Company/Company-13/Page_ODTS System/button_hihi22_btn btn-danger f")): Object: 'Object Repository/Company/Company-13/Page_ODTS System/button_hihi22_btn btn-danger f' is clicked on

2019-04-03 16:13:37 - [MESSAGE][PASSED] - Object: 'Object Repository/Company/Company-13/Page_ODTS System/button_hihi22_btn btn-danger f' is clicked on

2019-04-03 16:13:37 - [TEST_STEP][PASSED] - click(findTestObject("Company/Company-13/Page_ODTS System/button_Chp Nhn Xa")): Object: 'Object Repository/Company/Company-13/Page_ODTS System/button_Chp Nhn Xa' is clicked on

2019-04-03 16:13:37 - [MESSAGE][PASSED] - Object: 'Object Repository/Company/Company-13/Page_ODTS System/button_Chp Nhn Xa' is clicked on

2019-04-03 16:13:37 - [TEST_STEP][PASSED] - waitForAlert(1): No alert found after 1 second(s).

2019-04-03 16:13:38 - [MESSAGE][WARNING] - No alert found after 1 second(s).

2019-04-03 16:13:38 - [TEST_STEP][PASSED] - click(findTestObject("Company/Company-13/Page_ODTS System/button_OK")): Object: 'Object Repository/Company/Company-13/Page_ODTS System/button_OK' is clicked on

2019-04-03 16:13:38 - [MESSAGE][PASSED] - Object: 'Object Repository/Company/Company-13/Page_ODTS System/button_OK' is clicked on

2019-04-03 16:13:38 - [TEST_STEP][PASSED] - verifyElementVisible(findTestObject("Company/Company-13/Page_ODTS System/td_Khng c d liu ph hp")): Object 'Object Repository/Company/Company-13/Page_ODTS System/td_Khng c d liu ph hp' is visible

2019-04-03 16:13:38 - [MESSAGE][PASSED] - Object 'Object Repository/Company/Company-13/Page_ODTS System/td_Khng c d liu ph hp' is visible

2019-04-03 16:13:38 - [TEST_STEP][PASSED] - closeBrowser(): Browser is closed

2019-04-03 16:13:39 - [MESSAGE][PASSED] - Browser is closed]]></system-out>
         <system-err><![CDATA[]]></system-err>
      </testcase>
      <system-out><![CDATA[2019-04-03 16:12:34 - [TEST_SUITE][PASSED] - Company10-11-12-13: Test Cases/Company/Company-13]]></system-out>
      <system-err><![CDATA[]]></system-err>
   </testsuite>
</testsuites>
