<?xml version="1.0" encoding="UTF-8"?>
<testsuites name="TypeOfService01-02-03-04" time="50" tests="4" failures="0" errors="0">
   <testsuite name="TypeOfService01-02-03-04" tests="4" failures="0" errors="0" time="50" timestamp="2019-03-25 09:53:51" hostname="Ninja - AnhNVSE63446" id="Test Suites/TypeOfService01-02-03-04">
      <properties>
         <property name="deviceName" value=""/>
         <property name="devicePlatform" value=""/>
         <property name="logFolder" value="C:\\Users\\pc\\HelpdeskAutomation\\Reports\\TypeOfService01-02-03-04\\20190325_095344"/>
         <property name="logFiles" value="C:\\Users\\pc\\HelpdeskAutomation\\Reports\\TypeOfService01-02-03-04\\20190325_095344\\execution0.log"/>
         <property name="attachments" value=""/>
         <property name="hostName" value="Ninja - AnhNVSE63446"/>
         <property name="os" value="Windows 10 64bit"/>
         <property name="katalonVersion" value="6.0.5.4"/>
         <property name="browser" value="Chrome 72.0.3626.121"/>
         <property name="hostAddress" value="192.168.175.1"/>
         <property name="sessionId" value="b8bf462648e5097e233a70a0436cc933"/>
         <property name="seleniumVersion" value="3.7.1"/>
         <property name="proxyInformation" value="ProxyInformation{proxyOption=NO_PROXY, proxyServerType=HTTP, password=, proxyServerAddress=, proxyServerPort=0}"/>
         <property name="platform" value="Windows 10"/>
      </properties>
      <testcase name="Test Cases/TypeOfService/Type of service-01" classname="Test Cases/TypeOfService/Type of service-01" status="PASSED">
         <system-out><![CDATA[2019-03-25 09:53:52 - [TEST_CASE][PASSED] - Test Cases/TypeOfService/Type of service-01: Test Cases/TypeOfService/Type of service-01

2019-03-25 09:53:52 - [TEST_STEP][PASSED] - openBrowser(""): Browser is opened with url: ''

2019-03-25 09:53:53 - [MESSAGE][INFO] - Starting 'Chrome' driver

2019-03-25 09:53:53 - [MESSAGE][INFO] - Action delay is set to 0 seconds

2019-03-25 09:53:56 - [MESSAGE][PASSED] - Browser is opened with url: ''

2019-03-25 09:53:56 - [TEST_STEP][PASSED] - navigateToUrl("http://helpdesk.wisky.vn/"): Navigate to 'http://helpdesk.wisky.vn/' successfully

2019-03-25 09:53:58 - [MESSAGE][PASSED] - Navigate to 'http://helpdesk.wisky.vn/' successfully

2019-03-25 09:53:58 - [TEST_STEP][PASSED] - setText(findTestObject("TypeOfService/Type of service-01/Page_ODTS System/input_ODTS_username"), "admin01"): Text 'admin01' is set on object 'Object Repository/TypeOfService/Type of service-01/Page_ODTS System/input_ODTS_username'

2019-03-25 09:53:58 - [MESSAGE][PASSED] - Text 'admin01' is set on object 'Object Repository/TypeOfService/Type of service-01/Page_ODTS System/input_ODTS_username'

2019-03-25 09:53:58 - [TEST_STEP][PASSED] - setEncryptedText(findTestObject("TypeOfService/Type of service-01/Page_ODTS System/input_ODTS_password"), "aeHFOx8jV/A="): Text ****** has been set on object 'Object Repository/TypeOfService/Type of service-01/Page_ODTS System/input_ODTS_password'

2019-03-25 09:53:58 - [MESSAGE][PASSED] - Text ****** has been set on object 'Object Repository/TypeOfService/Type of service-01/Page_ODTS System/input_ODTS_password'

2019-03-25 09:53:58 - [TEST_STEP][PASSED] - click(findTestObject("TypeOfService/Type of service-01/Page_ODTS System/button_ng Nhp")): Object: 'Object Repository/TypeOfService/Type of service-01/Page_ODTS System/button_ng Nhp' is clicked on

2019-03-25 09:53:58 - [MESSAGE][PASSED] - Object: 'Object Repository/TypeOfService/Type of service-01/Page_ODTS System/button_ng Nhp' is clicked on

2019-03-25 09:53:58 - [TEST_STEP][PASSED] - click(findTestObject("TypeOfService/Type of service-01/Page_ODTS System/a_Loi Dch V")): Object: 'Object Repository/TypeOfService/Type of service-01/Page_ODTS System/a_Loi Dch V' is clicked on

2019-03-25 09:54:00 - [MESSAGE][PASSED] - Object: 'Object Repository/TypeOfService/Type of service-01/Page_ODTS System/a_Loi Dch V' is clicked on

2019-03-25 09:54:00 - [TEST_STEP][PASSED] - waitForAlert(1): No alert found after 1 second(s).

2019-03-25 09:54:01 - [MESSAGE][WARNING] - No alert found after 1 second(s).

2019-03-25 09:54:01 - [TEST_STEP][PASSED] - click(findTestObject("TypeOfService/Type of service-01/Page_ODTS System/button_To Loi Dch V")): Object: 'Object Repository/TypeOfService/Type of service-01/Page_ODTS System/button_To Loi Dch V' is clicked on

2019-03-25 09:54:01 - [MESSAGE][PASSED] - Object: 'Object Repository/TypeOfService/Type of service-01/Page_ODTS System/button_To Loi Dch V' is clicked on

2019-03-25 09:54:01 - [TEST_STEP][PASSED] - waitForAlert(1): No alert found after 1 second(s).

2019-03-25 09:54:02 - [MESSAGE][WARNING] - No alert found after 1 second(s).

2019-03-25 09:54:02 - [TEST_STEP][PASSED] - setText(findTestObject("TypeOfService/Type of service-01/Page_ODTS System/input_Tn Dch V_stsNameCreate"), "anhtest"): Text 'anhtest' is set on object 'Object Repository/TypeOfService/Type of service-01/Page_ODTS System/input_Tn Dch V_stsNameCreate'

2019-03-25 09:54:02 - [MESSAGE][PASSED] - Text 'anhtest' is set on object 'Object Repository/TypeOfService/Type of service-01/Page_ODTS System/input_Tn Dch V_stsNameCreate'

2019-03-25 09:54:02 - [TEST_STEP][PASSED] - waitForAlert(1): No alert found after 1 second(s).

2019-03-25 09:54:03 - [MESSAGE][WARNING] - No alert found after 1 second(s).

2019-03-25 09:54:03 - [TEST_STEP][PASSED] - setText(findTestObject("TypeOfService/Type of service-01/Page_ODTS System/input_M T_sisDescriptionCreate"), "hihi"): Text 'hihi' is set on object 'Object Repository/TypeOfService/Type of service-01/Page_ODTS System/input_M T_sisDescriptionCreate'

2019-03-25 09:54:03 - [MESSAGE][PASSED] - Text 'hihi' is set on object 'Object Repository/TypeOfService/Type of service-01/Page_ODTS System/input_M T_sisDescriptionCreate'

2019-03-25 09:54:03 - [TEST_STEP][PASSED] - CDATE = SimpleDateFormat(dd/MM/yyyy).format(getInstance().getTime()): null

2019-03-25 09:54:03 - [TEST_STEP][PASSED] - writer = null: null

2019-03-25 09:54:03 - [TEST_STEP][PASSED] - writer2 = null: null

2019-03-25 09:54:03 - [TEST_STEP][PASSED] - try: null

2019-03-25 09:54:03 - [TEST_STEP][PASSED] - writer = new java.io.BufferedWriter(new java.io.OutputStreamWriter(new java.io.FileOutputStream(C:\Users\pc\HelpdeskAutomation\creDateTypeOfService.txt), utf-8)): null

2019-03-25 09:54:03 - [TEST_STEP][PASSED] - writer.write(CDATE): null

2019-03-25 09:54:03 - [TEST_STEP][PASSED] - writer2 = new java.io.BufferedWriter(new java.io.OutputStreamWriter(new java.io.FileOutputStream(C:\Users\pc\HelpdeskAutomation\upDateTypeOfService.txt), utf-8)): null

2019-03-25 09:54:03 - [TEST_STEP][PASSED] - writer2.write(CDATE): null

2019-03-25 09:54:03 - [TEST_STEP][PASSED] - Finally: null

2019-03-25 09:54:03 - [TEST_STEP][PASSED] - try: null

2019-03-25 09:54:03 - [TEST_STEP][PASSED] - writer.close(): null

2019-03-25 09:54:04 - [TEST_STEP][PASSED] - writer2.close(): null

2019-03-25 09:54:04 - [TEST_STEP][PASSED] - waitForAlert(1): No alert found after 1 second(s).

2019-03-25 09:54:05 - [MESSAGE][WARNING] - No alert found after 1 second(s).

2019-03-25 09:54:05 - [TEST_STEP][PASSED] - click(findTestObject("TypeOfService/Type of service-01/Page_ODTS System/button_To Mi")): Object: 'Object Repository/TypeOfService/Type of service-01/Page_ODTS System/button_To Mi' is clicked on

2019-03-25 09:54:05 - [MESSAGE][PASSED] - Object: 'Object Repository/TypeOfService/Type of service-01/Page_ODTS System/button_To Mi' is clicked on

2019-03-25 09:54:05 - [TEST_STEP][PASSED] - waitForAlert(1): No alert found after 1 second(s).

2019-03-25 09:54:06 - [MESSAGE][WARNING] - No alert found after 1 second(s).

2019-03-25 09:54:06 - [TEST_STEP][PASSED] - click(findTestObject("TypeOfService/Type of service-01/Page_ODTS System/button_OK")): Object: 'Object Repository/TypeOfService/Type of service-01/Page_ODTS System/button_OK' is clicked on

2019-03-25 09:54:06 - [MESSAGE][PASSED] - Object: 'Object Repository/TypeOfService/Type of service-01/Page_ODTS System/button_OK' is clicked on

2019-03-25 09:54:06 - [TEST_STEP][PASSED] - click(findTestObject("TypeOfService/Type of service-01/Page_ODTS System/fieldSearch")): Object: 'Object Repository/TypeOfService/Type of service-01/Page_ODTS System/fieldSearch' is clicked on

2019-03-25 09:54:06 - [MESSAGE][PASSED] - Object: 'Object Repository/TypeOfService/Type of service-01/Page_ODTS System/fieldSearch' is clicked on

2019-03-25 09:54:06 - [TEST_STEP][PASSED] - setText(findTestObject("TypeOfService/Type of service-01/Page_ODTS System/input"), "anhtest"): Text 'anhtest' is set on object 'Object Repository/TypeOfService/Type of service-01/Page_ODTS System/input'

2019-03-25 09:54:07 - [MESSAGE][PASSED] - Text 'anhtest' is set on object 'Object Repository/TypeOfService/Type of service-01/Page_ODTS System/input'

2019-03-25 09:54:07 - [TEST_STEP][PASSED] - verifyElementText(findTestObject("TypeOfService/Type of service-01/Page_ODTS System/td_anhtest"), "anhtest"): Actual text and expected text of test object 'Object Repository/TypeOfService/Type of service-01/Page_ODTS System/td_anhtest' are matched.

2019-03-25 09:54:07 - [MESSAGE][PASSED] - Actual text and expected text of test object 'Object Repository/TypeOfService/Type of service-01/Page_ODTS System/td_anhtest' are matched.

2019-03-25 09:54:07 - [TEST_STEP][PASSED] - verifyElementText(findTestObject("TypeOfService/Type of service-01/Page_ODTS System/td_hihi"), "hihi"): Actual text and expected text of test object 'Object Repository/TypeOfService/Type of service-01/Page_ODTS System/td_hihi' are matched.

2019-03-25 09:54:07 - [MESSAGE][PASSED] - Actual text and expected text of test object 'Object Repository/TypeOfService/Type of service-01/Page_ODTS System/td_hihi' are matched.

2019-03-25 09:54:07 - [TEST_STEP][PASSED] - verifyElementText(findTestObject("TypeOfService/Type of service-01/Page_ODTS System/td_25022019"), CDATE): Actual text and expected text of test object 'Object Repository/TypeOfService/Type of service-01/Page_ODTS System/td_25022019' are matched.

2019-03-25 09:54:07 - [MESSAGE][PASSED] - Actual text and expected text of test object 'Object Repository/TypeOfService/Type of service-01/Page_ODTS System/td_25022019' are matched.

2019-03-25 09:54:07 - [TEST_STEP][PASSED] - closeBrowser(): Browser is closed

2019-03-25 09:54:08 - [MESSAGE][PASSED] - Browser is closed]]></system-out>
         <system-err><![CDATA[]]></system-err>
      </testcase>
      <testcase name="Test Cases/TypeOfService/Type of service-02" classname="Test Cases/TypeOfService/Type of service-02" status="PASSED">
         <system-out><![CDATA[2019-03-25 09:54:08 - [TEST_CASE][PASSED] - Test Cases/TypeOfService/Type of service-02: Test Cases/TypeOfService/Type of service-02

2019-03-25 09:54:08 - [TEST_STEP][PASSED] - openBrowser(""): Browser is opened with url: ''

2019-03-25 09:54:08 - [MESSAGE][INFO] - Starting 'Chrome' driver

2019-03-25 09:54:10 - [MESSAGE][PASSED] - Browser is opened with url: ''

2019-03-25 09:54:10 - [TEST_STEP][PASSED] - navigateToUrl("http://helpdesk.wisky.vn/"): Navigate to 'http://helpdesk.wisky.vn/' successfully

2019-03-25 09:54:12 - [MESSAGE][PASSED] - Navigate to 'http://helpdesk.wisky.vn/' successfully

2019-03-25 09:54:12 - [TEST_STEP][PASSED] - setText(findTestObject("TypeOfService/Type of service-02/Page_ODTS System/input_ODTS_username"), "admin01"): Text 'admin01' is set on object 'Object Repository/TypeOfService/Type of service-02/Page_ODTS System/input_ODTS_username'

2019-03-25 09:54:12 - [MESSAGE][PASSED] - Text 'admin01' is set on object 'Object Repository/TypeOfService/Type of service-02/Page_ODTS System/input_ODTS_username'

2019-03-25 09:54:12 - [TEST_STEP][PASSED] - setEncryptedText(findTestObject("TypeOfService/Type of service-02/Page_ODTS System/input_ODTS_password"), "aeHFOx8jV/A="): Text ****** has been set on object 'Object Repository/TypeOfService/Type of service-02/Page_ODTS System/input_ODTS_password'

2019-03-25 09:54:12 - [MESSAGE][PASSED] - Text ****** has been set on object 'Object Repository/TypeOfService/Type of service-02/Page_ODTS System/input_ODTS_password'

2019-03-25 09:54:12 - [TEST_STEP][PASSED] - click(findTestObject("TypeOfService/Type of service-02/Page_ODTS System/button_ng Nhp")): Object: 'Object Repository/TypeOfService/Type of service-02/Page_ODTS System/button_ng Nhp' is clicked on

2019-03-25 09:54:12 - [MESSAGE][PASSED] - Object: 'Object Repository/TypeOfService/Type of service-02/Page_ODTS System/button_ng Nhp' is clicked on

2019-03-25 09:54:12 - [TEST_STEP][PASSED] - click(findTestObject("TypeOfService/Type of service-02/Page_ODTS System/a_Loi Dch V")): Object: 'Object Repository/TypeOfService/Type of service-02/Page_ODTS System/a_Loi Dch V' is clicked on

2019-03-25 09:54:14 - [MESSAGE][PASSED] - Object: 'Object Repository/TypeOfService/Type of service-02/Page_ODTS System/a_Loi Dch V' is clicked on

2019-03-25 09:54:14 - [TEST_STEP][PASSED] - click(findTestObject("TypeOfService/Type of service-02/Page_ODTS System/fieldSearch")): Object: 'Object Repository/TypeOfService/Type of service-02/Page_ODTS System/fieldSearch' is clicked on

2019-03-25 09:54:15 - [MESSAGE][PASSED] - Object: 'Object Repository/TypeOfService/Type of service-02/Page_ODTS System/fieldSearch' is clicked on

2019-03-25 09:54:15 - [TEST_STEP][PASSED] - setText(findTestObject("TypeOfService/Type of service-02/Page_ODTS System/input"), "anhtest"): Text 'anhtest' is set on object 'Object Repository/TypeOfService/Type of service-02/Page_ODTS System/input'

2019-03-25 09:54:15 - [MESSAGE][PASSED] - Text 'anhtest' is set on object 'Object Repository/TypeOfService/Type of service-02/Page_ODTS System/input'

2019-03-25 09:54:15 - [TEST_STEP][PASSED] - click(findTestObject("TypeOfService/Type of service-02/Page_ODTS System/button_Xem Dch V_btn btn-info")): Object: 'Object Repository/TypeOfService/Type of service-02/Page_ODTS System/button_Xem Dch V_btn btn-info' is clicked on

2019-03-25 09:54:15 - [MESSAGE][PASSED] - Object: 'Object Repository/TypeOfService/Type of service-02/Page_ODTS System/button_Xem Dch V_btn btn-info' is clicked on

2019-03-25 09:54:15 - [TEST_STEP][PASSED] - waitForAlert(1): No alert found after 1 second(s).

2019-03-25 09:54:16 - [MESSAGE][WARNING] - No alert found after 1 second(s).

2019-03-25 09:54:16 - [TEST_STEP][PASSED] - verifyElementText(findTestObject("TypeOfService/Type of service-02/Page_ODTS System/p_anhtest"), "anhtest"): Actual text and expected text of test object 'Object Repository/TypeOfService/Type of service-02/Page_ODTS System/p_anhtest' are matched.

2019-03-25 09:54:16 - [MESSAGE][PASSED] - Actual text and expected text of test object 'Object Repository/TypeOfService/Type of service-02/Page_ODTS System/p_anhtest' are matched.

2019-03-25 09:54:16 - [TEST_STEP][PASSED] - verifyElementText(findTestObject("TypeOfService/Type of service-02/Page_ODTS System/p_hihi"), "hihi"): Actual text and expected text of test object 'Object Repository/TypeOfService/Type of service-02/Page_ODTS System/p_hihi' are matched.

2019-03-25 09:54:16 - [MESSAGE][PASSED] - Actual text and expected text of test object 'Object Repository/TypeOfService/Type of service-02/Page_ODTS System/p_hihi' are matched.

2019-03-25 09:54:16 - [TEST_STEP][PASSED] - CDATE = null: null

2019-03-25 09:54:16 - [TEST_STEP][PASSED] - UDATE = null: null

2019-03-25 09:54:16 - [TEST_STEP][PASSED] - br = null: null

2019-03-25 09:54:16 - [TEST_STEP][PASSED] - try: null

2019-03-25 09:54:16 - [TEST_STEP][PASSED] - br = new java.io.BufferedReader(new java.io.FileReader(C:\Users\pc\HelpdeskAutomation\creDateTypeOfService.txt)): null

2019-03-25 09:54:16 - [TEST_STEP][PASSED] - sCurrentLine = <not implemented yet for class: org.codehaus.groovy.ast.expr.EmptyExpression>: null

2019-03-25 09:54:16 - [TEST_STEP][PASSED] - while (sCurrentLine = br.readLine() != null): null

2019-03-25 09:54:16 - [TEST_STEP][PASSED] - CDATE = sCurrentLine: null

2019-03-25 09:54:16 - [TEST_STEP][PASSED] - br = new java.io.BufferedReader(new java.io.FileReader(C:\Users\pc\HelpdeskAutomation\upDateTypeOfService.txt)): null

2019-03-25 09:54:16 - [TEST_STEP][PASSED] - sCurrentLine: null

2019-03-25 09:54:16 - [TEST_STEP][PASSED] - while (sCurrentLine = br.readLine() != null): null

2019-03-25 09:54:16 - [TEST_STEP][PASSED] - UDATE = sCurrentLine: null

2019-03-25 09:54:16 - [TEST_STEP][PASSED] - Finally: null

2019-03-25 09:54:16 - [TEST_STEP][PASSED] - br.close(): null

2019-03-25 09:54:16 - [TEST_STEP][PASSED] - verifyElementText(findTestObject("TypeOfService/Type of service-02/Page_ODTS System/p_25022019"), CDATE): Actual text and expected text of test object 'Object Repository/TypeOfService/Type of service-02/Page_ODTS System/p_25022019' are matched.

2019-03-25 09:54:17 - [MESSAGE][PASSED] - Actual text and expected text of test object 'Object Repository/TypeOfService/Type of service-02/Page_ODTS System/p_25022019' are matched.

2019-03-25 09:54:17 - [TEST_STEP][PASSED] - verifyElementText(findTestObject("TypeOfService/Type of service-02/Page_ODTS System/p_25022019_1"), UDATE): Actual text and expected text of test object 'Object Repository/TypeOfService/Type of service-02/Page_ODTS System/p_25022019_1' are matched.

2019-03-25 09:54:17 - [MESSAGE][PASSED] - Actual text and expected text of test object 'Object Repository/TypeOfService/Type of service-02/Page_ODTS System/p_25022019_1' are matched.

2019-03-25 09:54:17 - [TEST_STEP][PASSED] - click(findTestObject("TypeOfService/Type of service-02/Page_ODTS System/button_ng")): Object: 'Object Repository/TypeOfService/Type of service-02/Page_ODTS System/button_ng' is clicked on

2019-03-25 09:54:17 - [MESSAGE][PASSED] - Object: 'Object Repository/TypeOfService/Type of service-02/Page_ODTS System/button_ng' is clicked on

2019-03-25 09:54:17 - [TEST_STEP][PASSED] - closeBrowser(): Browser is closed

2019-03-25 09:54:17 - [MESSAGE][PASSED] - Browser is closed]]></system-out>
         <system-err><![CDATA[]]></system-err>
      </testcase>
      <testcase name="Test Cases/TypeOfService/Type of service-03" classname="Test Cases/TypeOfService/Type of service-03" status="PASSED">
         <system-out><![CDATA[2019-03-25 09:54:17 - [TEST_CASE][PASSED] - Test Cases/TypeOfService/Type of service-03: Test Cases/TypeOfService/Type of service-03

2019-03-25 09:54:18 - [TEST_STEP][PASSED] - openBrowser(""): Browser is opened with url: ''

2019-03-25 09:54:18 - [MESSAGE][INFO] - Starting 'Chrome' driver

2019-03-25 09:54:20 - [MESSAGE][PASSED] - Browser is opened with url: ''

2019-03-25 09:54:20 - [TEST_STEP][PASSED] - navigateToUrl("http://helpdesk.wisky.vn/"): Navigate to 'http://helpdesk.wisky.vn/' successfully

2019-03-25 09:54:21 - [MESSAGE][PASSED] - Navigate to 'http://helpdesk.wisky.vn/' successfully

2019-03-25 09:54:21 - [TEST_STEP][PASSED] - setText(findTestObject("TypeOfService/Type of service-03/Page_ODTS System/input_ODTS_username"), "admin01"): Text 'admin01' is set on object 'Object Repository/TypeOfService/Type of service-03/Page_ODTS System/input_ODTS_username'

2019-03-25 09:54:22 - [MESSAGE][PASSED] - Text 'admin01' is set on object 'Object Repository/TypeOfService/Type of service-03/Page_ODTS System/input_ODTS_username'

2019-03-25 09:54:22 - [TEST_STEP][PASSED] - setEncryptedText(findTestObject("TypeOfService/Type of service-03/Page_ODTS System/input_ODTS_password"), "aeHFOx8jV/A="): Text ****** has been set on object 'Object Repository/TypeOfService/Type of service-03/Page_ODTS System/input_ODTS_password'

2019-03-25 09:54:22 - [MESSAGE][PASSED] - Text ****** has been set on object 'Object Repository/TypeOfService/Type of service-03/Page_ODTS System/input_ODTS_password'

2019-03-25 09:54:22 - [TEST_STEP][PASSED] - click(findTestObject("TypeOfService/Type of service-03/Page_ODTS System/button_ng Nhp")): Object: 'Object Repository/TypeOfService/Type of service-03/Page_ODTS System/button_ng Nhp' is clicked on

2019-03-25 09:54:22 - [MESSAGE][PASSED] - Object: 'Object Repository/TypeOfService/Type of service-03/Page_ODTS System/button_ng Nhp' is clicked on

2019-03-25 09:54:22 - [TEST_STEP][PASSED] - click(findTestObject("TypeOfService/Type of service-03/Page_ODTS System/a_Loi Dch V")): Object: 'Object Repository/TypeOfService/Type of service-03/Page_ODTS System/a_Loi Dch V' is clicked on

2019-03-25 09:54:23 - [MESSAGE][PASSED] - Object: 'Object Repository/TypeOfService/Type of service-03/Page_ODTS System/a_Loi Dch V' is clicked on

2019-03-25 09:54:23 - [TEST_STEP][PASSED] - click(findTestObject("TypeOfService/Type of service-03/Page_ODTS System/fieldSearch")): Object: 'Object Repository/TypeOfService/Type of service-03/Page_ODTS System/fieldSearch' is clicked on

2019-03-25 09:54:24 - [MESSAGE][PASSED] - Object: 'Object Repository/TypeOfService/Type of service-03/Page_ODTS System/fieldSearch' is clicked on

2019-03-25 09:54:24 - [TEST_STEP][PASSED] - setText(findTestObject("TypeOfService/Type of service-03/Page_ODTS System/input"), "anhtest"): Text 'anhtest' is set on object 'Object Repository/TypeOfService/Type of service-03/Page_ODTS System/input'

2019-03-25 09:54:25 - [MESSAGE][PASSED] - Text 'anhtest' is set on object 'Object Repository/TypeOfService/Type of service-03/Page_ODTS System/input'

2019-03-25 09:54:25 - [TEST_STEP][PASSED] - click(findTestObject("TypeOfService/Type of service-03/Page_ODTS System/button_Xem Dch V_btn btn-warni")): Object: 'Object Repository/TypeOfService/Type of service-03/Page_ODTS System/button_Xem Dch V_btn btn-warni' is clicked on

2019-03-25 09:54:25 - [MESSAGE][PASSED] - Object: 'Object Repository/TypeOfService/Type of service-03/Page_ODTS System/button_Xem Dch V_btn btn-warni' is clicked on

2019-03-25 09:54:25 - [TEST_STEP][PASSED] - waitForAlert(1): No alert found after 1 second(s).

2019-03-25 09:54:26 - [MESSAGE][WARNING] - No alert found after 1 second(s).

2019-03-25 09:54:26 - [TEST_STEP][PASSED] - setText(findTestObject("TypeOfService/Type of service-03/Page_ODTS System/input_Tn Loi Dch V_stsNameEdit"), "anhtest22"): Text 'anhtest22' is set on object 'Object Repository/TypeOfService/Type of service-03/Page_ODTS System/input_Tn Loi Dch V_stsNameEdit'

2019-03-25 09:54:26 - [MESSAGE][PASSED] - Text 'anhtest22' is set on object 'Object Repository/TypeOfService/Type of service-03/Page_ODTS System/input_Tn Loi Dch V_stsNameEdit'

2019-03-25 09:54:26 - [TEST_STEP][PASSED] - waitForAlert(1): No alert found after 1 second(s).

2019-03-25 09:54:27 - [MESSAGE][WARNING] - No alert found after 1 second(s).

2019-03-25 09:54:27 - [TEST_STEP][PASSED] - setText(findTestObject("TypeOfService/Type of service-03/Page_ODTS System/input_M T_stsDescriptionEdit"), "hihi22"): Text 'hihi22' is set on object 'Object Repository/TypeOfService/Type of service-03/Page_ODTS System/input_M T_stsDescriptionEdit'

2019-03-25 09:54:27 - [MESSAGE][PASSED] - Text 'hihi22' is set on object 'Object Repository/TypeOfService/Type of service-03/Page_ODTS System/input_M T_stsDescriptionEdit'

2019-03-25 09:54:27 - [TEST_STEP][PASSED] - UDATE = SimpleDateFormat(dd/MM/yyyy).format(getInstance().getTime()): null

2019-03-25 09:54:27 - [TEST_STEP][PASSED] - writer = null: null

2019-03-25 09:54:27 - [TEST_STEP][PASSED] - try: null

2019-03-25 09:54:27 - [TEST_STEP][PASSED] - writer = new java.io.BufferedWriter(new java.io.OutputStreamWriter(new java.io.FileOutputStream(C:\Users\pc\HelpdeskAutomation\upDateTypeOfService.txt), utf-8)): null

2019-03-25 09:54:27 - [TEST_STEP][PASSED] - writer.write(UDATE): null

2019-03-25 09:54:27 - [TEST_STEP][PASSED] - Finally: null

2019-03-25 09:54:27 - [TEST_STEP][PASSED] - try: null

2019-03-25 09:54:27 - [TEST_STEP][PASSED] - writer.close(): null

2019-03-25 09:54:27 - [TEST_STEP][PASSED] - waitForAlert(1): No alert found after 1 second(s).

2019-03-25 09:54:28 - [MESSAGE][WARNING] - No alert found after 1 second(s).

2019-03-25 09:54:28 - [TEST_STEP][PASSED] - click(findTestObject("TypeOfService/Type of service-03/Page_ODTS System/button_Cp Nht")): Object: 'Object Repository/TypeOfService/Type of service-03/Page_ODTS System/button_Cp Nht' is clicked on

2019-03-25 09:54:28 - [MESSAGE][PASSED] - Object: 'Object Repository/TypeOfService/Type of service-03/Page_ODTS System/button_Cp Nht' is clicked on

2019-03-25 09:54:28 - [TEST_STEP][PASSED] - waitForAlert(1): No alert found after 1 second(s).

2019-03-25 09:54:29 - [MESSAGE][WARNING] - No alert found after 1 second(s).

2019-03-25 09:54:29 - [TEST_STEP][PASSED] - click(findTestObject("TypeOfService/Type of service-03/Page_ODTS System/button_OK")): Object: 'Object Repository/TypeOfService/Type of service-03/Page_ODTS System/button_OK' is clicked on

2019-03-25 09:54:29 - [MESSAGE][PASSED] - Object: 'Object Repository/TypeOfService/Type of service-03/Page_ODTS System/button_OK' is clicked on

2019-03-25 09:54:29 - [TEST_STEP][PASSED] - waitForAlert(1): No alert found after 1 second(s).

2019-03-25 09:54:30 - [MESSAGE][WARNING] - No alert found after 1 second(s).

2019-03-25 09:54:30 - [TEST_STEP][PASSED] - click(findTestObject("TypeOfService/Type of service-03/Page_ODTS System/button_Xem Dch V_btn btn-info")): Object: 'Object Repository/TypeOfService/Type of service-03/Page_ODTS System/button_Xem Dch V_btn btn-info' is clicked on

2019-03-25 09:54:30 - [MESSAGE][PASSED] - Object: 'Object Repository/TypeOfService/Type of service-03/Page_ODTS System/button_Xem Dch V_btn btn-info' is clicked on

2019-03-25 09:54:30 - [TEST_STEP][PASSED] - waitForAlert(1): No alert found after 1 second(s).

2019-03-25 09:54:31 - [MESSAGE][WARNING] - No alert found after 1 second(s).

2019-03-25 09:54:31 - [TEST_STEP][PASSED] - verifyElementText(findTestObject("TypeOfService/Type of service-03/Page_ODTS System/p_anhtest22"), "anhtest22"): Actual text and expected text of test object 'Object Repository/TypeOfService/Type of service-03/Page_ODTS System/p_anhtest22' are matched.

2019-03-25 09:54:32 - [MESSAGE][PASSED] - Actual text and expected text of test object 'Object Repository/TypeOfService/Type of service-03/Page_ODTS System/p_anhtest22' are matched.

2019-03-25 09:54:32 - [TEST_STEP][PASSED] - verifyElementText(findTestObject("TypeOfService/Type of service-03/Page_ODTS System/p_hihi22"), "hihi22"): Actual text and expected text of test object 'Object Repository/TypeOfService/Type of service-03/Page_ODTS System/p_hihi22' are matched.

2019-03-25 09:54:32 - [MESSAGE][PASSED] - Actual text and expected text of test object 'Object Repository/TypeOfService/Type of service-03/Page_ODTS System/p_hihi22' are matched.

2019-03-25 09:54:32 - [TEST_STEP][PASSED] - CDATE = null: null

2019-03-25 09:54:32 - [TEST_STEP][PASSED] - br = null: null

2019-03-25 09:54:32 - [TEST_STEP][PASSED] - try: null

2019-03-25 09:54:32 - [TEST_STEP][PASSED] - br = new java.io.BufferedReader(new java.io.FileReader(C:\Users\pc\HelpdeskAutomation\creDateTypeOfService.txt)): null

2019-03-25 09:54:32 - [TEST_STEP][PASSED] - sCurrentLine = <not implemented yet for class: org.codehaus.groovy.ast.expr.EmptyExpression>: null

2019-03-25 09:54:32 - [TEST_STEP][PASSED] - while (sCurrentLine = br.readLine() != null): null

2019-03-25 09:54:32 - [TEST_STEP][PASSED] - CDATE = sCurrentLine: null

2019-03-25 09:54:32 - [TEST_STEP][PASSED] - Finally: null

2019-03-25 09:54:32 - [TEST_STEP][PASSED] - br.close(): null

2019-03-25 09:54:32 - [TEST_STEP][PASSED] - verifyElementText(findTestObject("TypeOfService/Type of service-03/Page_ODTS System/p_25022019"), CDATE): Actual text and expected text of test object 'Object Repository/TypeOfService/Type of service-03/Page_ODTS System/p_25022019' are matched.

2019-03-25 09:54:32 - [MESSAGE][PASSED] - Actual text and expected text of test object 'Object Repository/TypeOfService/Type of service-03/Page_ODTS System/p_25022019' are matched.

2019-03-25 09:54:32 - [TEST_STEP][PASSED] - verifyElementText(findTestObject("TypeOfService/Type of service-03/Page_ODTS System/p_25022019_1"), UDATE): Actual text and expected text of test object 'Object Repository/TypeOfService/Type of service-03/Page_ODTS System/p_25022019_1' are matched.

2019-03-25 09:54:32 - [MESSAGE][PASSED] - Actual text and expected text of test object 'Object Repository/TypeOfService/Type of service-03/Page_ODTS System/p_25022019_1' are matched.

2019-03-25 09:54:32 - [TEST_STEP][PASSED] - click(findTestObject("TypeOfService/Type of service-03/Page_ODTS System/button_ng")): Object: 'Object Repository/TypeOfService/Type of service-03/Page_ODTS System/button_ng' is clicked on

2019-03-25 09:54:32 - [MESSAGE][PASSED] - Object: 'Object Repository/TypeOfService/Type of service-03/Page_ODTS System/button_ng' is clicked on

2019-03-25 09:54:32 - [TEST_STEP][PASSED] - closeBrowser(): Browser is closed

2019-03-25 09:54:33 - [MESSAGE][PASSED] - Browser is closed]]></system-out>
         <system-err><![CDATA[]]></system-err>
      </testcase>
      <testcase name="Test Cases/TypeOfService/Type of service-04" classname="Test Cases/TypeOfService/Type of service-04" status="PASSED">
         <system-out><![CDATA[2019-03-25 09:54:33 - [TEST_CASE][PASSED] - Test Cases/TypeOfService/Type of service-04: Test Cases/TypeOfService/Type of service-04

2019-03-25 09:54:33 - [TEST_STEP][PASSED] - openBrowser(""): Browser is opened with url: ''

2019-03-25 09:54:33 - [MESSAGE][INFO] - Starting 'Chrome' driver

2019-03-25 09:54:35 - [MESSAGE][PASSED] - Browser is opened with url: ''

2019-03-25 09:54:35 - [TEST_STEP][PASSED] - navigateToUrl("http://helpdesk.wisky.vn/"): Navigate to 'http://helpdesk.wisky.vn/' successfully

2019-03-25 09:54:37 - [MESSAGE][PASSED] - Navigate to 'http://helpdesk.wisky.vn/' successfully

2019-03-25 09:54:37 - [TEST_STEP][PASSED] - setText(findTestObject("TypeOfService/Type of service-04/Page_ODTS System/input_ODTS_username"), "admin01"): Text 'admin01' is set on object 'Object Repository/TypeOfService/Type of service-04/Page_ODTS System/input_ODTS_username'

2019-03-25 09:54:37 - [MESSAGE][PASSED] - Text 'admin01' is set on object 'Object Repository/TypeOfService/Type of service-04/Page_ODTS System/input_ODTS_username'

2019-03-25 09:54:37 - [TEST_STEP][PASSED] - setEncryptedText(findTestObject("TypeOfService/Type of service-04/Page_ODTS System/input_ODTS_password"), "aeHFOx8jV/A="): Text ****** has been set on object 'Object Repository/TypeOfService/Type of service-04/Page_ODTS System/input_ODTS_password'

2019-03-25 09:54:37 - [MESSAGE][PASSED] - Text ****** has been set on object 'Object Repository/TypeOfService/Type of service-04/Page_ODTS System/input_ODTS_password'

2019-03-25 09:54:37 - [TEST_STEP][PASSED] - click(findTestObject("TypeOfService/Type of service-04/Page_ODTS System/button_ng Nhp")): Object: 'Object Repository/TypeOfService/Type of service-04/Page_ODTS System/button_ng Nhp' is clicked on

2019-03-25 09:54:37 - [MESSAGE][PASSED] - Object: 'Object Repository/TypeOfService/Type of service-04/Page_ODTS System/button_ng Nhp' is clicked on

2019-03-25 09:54:37 - [TEST_STEP][PASSED] - click(findTestObject("TypeOfService/Type of service-04/Page_ODTS System/a_Loi Dch V")): Object: 'Object Repository/TypeOfService/Type of service-04/Page_ODTS System/a_Loi Dch V' is clicked on

2019-03-25 09:54:38 - [MESSAGE][PASSED] - Object: 'Object Repository/TypeOfService/Type of service-04/Page_ODTS System/a_Loi Dch V' is clicked on

2019-03-25 09:54:38 - [TEST_STEP][PASSED] - click(findTestObject("TypeOfService/Type of service-04/Page_ODTS System/fieldSearch")): Object: 'Object Repository/TypeOfService/Type of service-04/Page_ODTS System/fieldSearch' is clicked on

2019-03-25 09:54:39 - [MESSAGE][PASSED] - Object: 'Object Repository/TypeOfService/Type of service-04/Page_ODTS System/fieldSearch' is clicked on

2019-03-25 09:54:39 - [TEST_STEP][PASSED] - setText(findTestObject("TypeOfService/Type of service-04/Page_ODTS System/input"), "anhtest22"): Text 'anhtest22' is set on object 'Object Repository/TypeOfService/Type of service-04/Page_ODTS System/input'

2019-03-25 09:54:39 - [MESSAGE][PASSED] - Text 'anhtest22' is set on object 'Object Repository/TypeOfService/Type of service-04/Page_ODTS System/input'

2019-03-25 09:54:39 - [TEST_STEP][PASSED] - waitForAlert(1): No alert found after 1 second(s).

2019-03-25 09:54:40 - [MESSAGE][WARNING] - No alert found after 1 second(s).

2019-03-25 09:54:40 - [TEST_STEP][PASSED] - click(findTestObject("TypeOfService/Type of service-04/Page_ODTS System/button_Xem Dch V_btn btn-dange")): Object: 'Object Repository/TypeOfService/Type of service-04/Page_ODTS System/button_Xem Dch V_btn btn-dange' is clicked on

2019-03-25 09:54:40 - [MESSAGE][PASSED] - Object: 'Object Repository/TypeOfService/Type of service-04/Page_ODTS System/button_Xem Dch V_btn btn-dange' is clicked on

2019-03-25 09:54:40 - [TEST_STEP][PASSED] - click(findTestObject("TypeOfService/Type of service-04/Page_ODTS System/button_Chp Nhn Xa")): Object: 'Object Repository/TypeOfService/Type of service-04/Page_ODTS System/button_Chp Nhn Xa' is clicked on

2019-03-25 09:54:40 - [MESSAGE][PASSED] - Object: 'Object Repository/TypeOfService/Type of service-04/Page_ODTS System/button_Chp Nhn Xa' is clicked on

2019-03-25 09:54:40 - [TEST_STEP][PASSED] - waitForAlert(1): No alert found after 1 second(s).

2019-03-25 09:54:41 - [MESSAGE][WARNING] - No alert found after 1 second(s).

2019-03-25 09:54:41 - [TEST_STEP][PASSED] - click(findTestObject("TypeOfService/Type of service-04/Page_ODTS System/button_OK")): Object: 'Object Repository/TypeOfService/Type of service-04/Page_ODTS System/button_OK' is clicked on

2019-03-25 09:54:41 - [MESSAGE][PASSED] - Object: 'Object Repository/TypeOfService/Type of service-04/Page_ODTS System/button_OK' is clicked on

2019-03-25 09:54:41 - [TEST_STEP][PASSED] - verifyElementVisible(findTestObject("TypeOfService/Type of service-04/Page_ODTS System/td_Khng c d liu ph hp")): Object 'Object Repository/TypeOfService/Type of service-04/Page_ODTS System/td_Khng c d liu ph hp' is visible

2019-03-25 09:54:41 - [MESSAGE][PASSED] - Object 'Object Repository/TypeOfService/Type of service-04/Page_ODTS System/td_Khng c d liu ph hp' is visible

2019-03-25 09:54:41 - [TEST_STEP][PASSED] - writer2 = new java.io.PrintWriter(C:\Users\pc\HelpdeskAutomation\creDateTypeOfService.txt): null

2019-03-25 09:54:41 - [TEST_STEP][PASSED] - writer2.print(""): null

2019-03-25 09:54:41 - [TEST_STEP][PASSED] - writer2.close(): null

2019-03-25 09:54:41 - [TEST_STEP][PASSED] - writer = new java.io.PrintWriter(C:\Users\pc\HelpdeskAutomation\upDateTypeOfService.txt): null

2019-03-25 09:54:41 - [TEST_STEP][PASSED] - writer.print(""): null

2019-03-25 09:54:41 - [TEST_STEP][PASSED] - writer.close(): null

2019-03-25 09:54:41 - [TEST_STEP][PASSED] - closeBrowser(): Browser is closed

2019-03-25 09:54:42 - [MESSAGE][PASSED] - Browser is closed]]></system-out>
         <system-err><![CDATA[]]></system-err>
      </testcase>
      <system-out><![CDATA[2019-03-25 09:53:51 - [TEST_SUITE][PASSED] - TypeOfService01-02-03-04: Test Cases/TypeOfService/Type of service-04]]></system-out>
      <system-err><![CDATA[]]></system-err>
   </testsuite>
</testsuites>
