<?xml version="1.0" encoding="UTF-8"?>
<testsuites name="TypeOfService05-06-07-08" time="54" tests="4" failures="0" errors="0">
   <testsuite name="TypeOfService05-06-07-08" tests="4" failures="0" errors="0" time="54" timestamp="2019-03-25 09:55:03" hostname="Ninja - AnhNVSE63446" id="Test Suites/TypeOfService05-06-07-08">
      <properties>
         <property name="deviceName" value=""/>
         <property name="devicePlatform" value=""/>
         <property name="logFolder" value="C:\\Users\\pc\\HelpdeskAutomation\\Reports\\TypeOfService05-06-07-08\\20190325_095456"/>
         <property name="logFiles" value="C:\\Users\\pc\\HelpdeskAutomation\\Reports\\TypeOfService05-06-07-08\\20190325_095456\\execution0.log"/>
         <property name="attachments" value=""/>
         <property name="hostName" value="Ninja - AnhNVSE63446"/>
         <property name="os" value="Windows 10 64bit"/>
         <property name="katalonVersion" value="6.0.5.4"/>
         <property name="browser" value="Chrome 72.0.3626.121"/>
         <property name="hostAddress" value="192.168.175.1"/>
         <property name="sessionId" value="ada4a61b478b87c6ee4c07d5c5ed25c8"/>
         <property name="seleniumVersion" value="3.7.1"/>
         <property name="proxyInformation" value="ProxyInformation{proxyOption=NO_PROXY, proxyServerType=HTTP, password=, proxyServerAddress=, proxyServerPort=0}"/>
         <property name="platform" value="Windows 10"/>
      </properties>
      <testcase name="Test Cases/TypeOfService/Type of service-05" classname="Test Cases/TypeOfService/Type of service-05" status="PASSED">
         <system-out><![CDATA[2019-03-25 09:55:03 - [TEST_CASE][PASSED] - Test Cases/TypeOfService/Type of service-05: Test Cases/TypeOfService/Type of service-05

2019-03-25 09:55:04 - [TEST_STEP][PASSED] - openBrowser(""): Browser is opened with url: ''

2019-03-25 09:55:04 - [MESSAGE][INFO] - Starting 'Chrome' driver

2019-03-25 09:55:04 - [MESSAGE][INFO] - Action delay is set to 0 seconds

2019-03-25 09:55:08 - [MESSAGE][PASSED] - Browser is opened with url: ''

2019-03-25 09:55:08 - [TEST_STEP][PASSED] - navigateToUrl("http://helpdesk.wisky.vn/"): Navigate to 'http://helpdesk.wisky.vn/' successfully

2019-03-25 09:55:10 - [MESSAGE][PASSED] - Navigate to 'http://helpdesk.wisky.vn/' successfully

2019-03-25 09:55:10 - [TEST_STEP][PASSED] - setText(findTestObject("TypeOfService/Type of service-05/Page_ODTS System/input_ODTS_username"), "admin01"): Text 'admin01' is set on object 'Object Repository/TypeOfService/Type of service-05/Page_ODTS System/input_ODTS_username'

2019-03-25 09:55:10 - [MESSAGE][PASSED] - Text 'admin01' is set on object 'Object Repository/TypeOfService/Type of service-05/Page_ODTS System/input_ODTS_username'

2019-03-25 09:55:10 - [TEST_STEP][PASSED] - setEncryptedText(findTestObject("TypeOfService/Type of service-05/Page_ODTS System/input_ODTS_password"), "aeHFOx8jV/A="): Text ****** has been set on object 'Object Repository/TypeOfService/Type of service-05/Page_ODTS System/input_ODTS_password'

2019-03-25 09:55:10 - [MESSAGE][PASSED] - Text ****** has been set on object 'Object Repository/TypeOfService/Type of service-05/Page_ODTS System/input_ODTS_password'

2019-03-25 09:55:10 - [TEST_STEP][PASSED] - click(findTestObject("TypeOfService/Type of service-05/Page_ODTS System/button_ng Nhp")): Object: 'Object Repository/TypeOfService/Type of service-05/Page_ODTS System/button_ng Nhp' is clicked on

2019-03-25 09:55:11 - [MESSAGE][PASSED] - Object: 'Object Repository/TypeOfService/Type of service-05/Page_ODTS System/button_ng Nhp' is clicked on

2019-03-25 09:55:11 - [TEST_STEP][PASSED] - click(findTestObject("TypeOfService/Type of service-05/Page_ODTS System/a_Loi Dch V")): Object: 'Object Repository/TypeOfService/Type of service-05/Page_ODTS System/a_Loi Dch V' is clicked on

2019-03-25 09:55:13 - [MESSAGE][PASSED] - Object: 'Object Repository/TypeOfService/Type of service-05/Page_ODTS System/a_Loi Dch V' is clicked on

2019-03-25 09:55:13 - [TEST_STEP][PASSED] - click(findTestObject("TypeOfService/Type of service-05/Page_ODTS System/a_Xem Dch V")): Object: 'Object Repository/TypeOfService/Type of service-05/Page_ODTS System/a_Xem Dch V' is clicked on

2019-03-25 09:55:14 - [MESSAGE][PASSED] - Object: 'Object Repository/TypeOfService/Type of service-05/Page_ODTS System/a_Xem Dch V' is clicked on

2019-03-25 09:55:14 - [TEST_STEP][PASSED] - waitForAlert(1): No alert found after 1 second(s).

2019-03-25 09:55:15 - [MESSAGE][WARNING] - No alert found after 1 second(s).

2019-03-25 09:55:15 - [TEST_STEP][PASSED] - click(findTestObject("TypeOfService/Type of service-05/Page_ODTS System/button_To Dch V")): Object: 'Object Repository/TypeOfService/Type of service-05/Page_ODTS System/button_To Dch V' is clicked on

2019-03-25 09:55:15 - [MESSAGE][PASSED] - Object: 'Object Repository/TypeOfService/Type of service-05/Page_ODTS System/button_To Dch V' is clicked on

2019-03-25 09:55:15 - [TEST_STEP][PASSED] - waitForAlert(1): No alert found after 1 second(s).

2019-03-25 09:55:16 - [MESSAGE][WARNING] - No alert found after 1 second(s).

2019-03-25 09:55:16 - [TEST_STEP][PASSED] - setText(findTestObject("TypeOfService/Type of service-05/Page_ODTS System/input_Tn Dch V_siNameC"), "anhtest"): Text 'anhtest' is set on object 'Object Repository/TypeOfService/Type of service-05/Page_ODTS System/input_Tn Dch V_siNameC'

2019-03-25 09:55:16 - [MESSAGE][PASSED] - Text 'anhtest' is set on object 'Object Repository/TypeOfService/Type of service-05/Page_ODTS System/input_Tn Dch V_siNameC'

2019-03-25 09:55:16 - [TEST_STEP][PASSED] - waitForAlert(1): No alert found after 1 second(s).

2019-03-25 09:55:17 - [MESSAGE][WARNING] - No alert found after 1 second(s).

2019-03-25 09:55:17 - [TEST_STEP][PASSED] - setText(findTestObject("TypeOfService/Type of service-05/Page_ODTS System/input_M T Dch V_siDescriptionC"), "haha"): Text 'haha' is set on object 'Object Repository/TypeOfService/Type of service-05/Page_ODTS System/input_M T Dch V_siDescriptionC'

2019-03-25 09:55:17 - [MESSAGE][PASSED] - Text 'haha' is set on object 'Object Repository/TypeOfService/Type of service-05/Page_ODTS System/input_M T Dch V_siDescriptionC'

2019-03-25 09:55:17 - [TEST_STEP][PASSED] - CDATE = SimpleDateFormat(HH:mm dd/MM/yyyy).format(getInstance().getTime()): null

2019-03-25 09:55:17 - [TEST_STEP][PASSED] - writer = null: null

2019-03-25 09:55:17 - [TEST_STEP][PASSED] - writer2 = null: null

2019-03-25 09:55:17 - [TEST_STEP][PASSED] - try: null

2019-03-25 09:55:17 - [TEST_STEP][PASSED] - writer = new java.io.BufferedWriter(new java.io.OutputStreamWriter(new java.io.FileOutputStream(C:\Users\pc\HelpdeskAutomation\creDateService.txt), utf-8)): null

2019-03-25 09:55:17 - [TEST_STEP][PASSED] - writer.write(CDATE): null

2019-03-25 09:55:17 - [TEST_STEP][PASSED] - writer2 = new java.io.BufferedWriter(new java.io.OutputStreamWriter(new java.io.FileOutputStream(C:\Users\pc\HelpdeskAutomation\upDateService.txt), utf-8)): null

2019-03-25 09:55:17 - [TEST_STEP][PASSED] - writer2.write(CDATE): null

2019-03-25 09:55:17 - [TEST_STEP][PASSED] - Finally: null

2019-03-25 09:55:17 - [TEST_STEP][PASSED] - try: null

2019-03-25 09:55:17 - [TEST_STEP][PASSED] - writer.close(): null

2019-03-25 09:55:17 - [TEST_STEP][PASSED] - writer2.close(): null

2019-03-25 09:55:17 - [TEST_STEP][PASSED] - waitForAlert(1): No alert found after 1 second(s).

2019-03-25 09:55:18 - [MESSAGE][WARNING] - No alert found after 1 second(s).

2019-03-25 09:55:18 - [TEST_STEP][PASSED] - click(findTestObject("TypeOfService/Type of service-05/Page_ODTS System/button_To Mi")): Object: 'Object Repository/TypeOfService/Type of service-05/Page_ODTS System/button_To Mi' is clicked on

2019-03-25 09:55:18 - [MESSAGE][PASSED] - Object: 'Object Repository/TypeOfService/Type of service-05/Page_ODTS System/button_To Mi' is clicked on

2019-03-25 09:55:18 - [TEST_STEP][PASSED] - waitForAlert(1): No alert found after 1 second(s).

2019-03-25 09:55:19 - [MESSAGE][WARNING] - No alert found after 1 second(s).

2019-03-25 09:55:19 - [TEST_STEP][PASSED] - click(findTestObject("TypeOfService/Type of service-05/Page_ODTS System/button_OK")): Object: 'Object Repository/TypeOfService/Type of service-05/Page_ODTS System/button_OK' is clicked on

2019-03-25 09:55:20 - [MESSAGE][PASSED] - Object: 'Object Repository/TypeOfService/Type of service-05/Page_ODTS System/button_OK' is clicked on

2019-03-25 09:55:20 - [TEST_STEP][PASSED] - click(findTestObject("TypeOfService/Type of service-05/Page_ODTS System/fieldSearch")): Object: 'Object Repository/TypeOfService/Type of service-05/Page_ODTS System/fieldSearch' is clicked on

2019-03-25 09:55:20 - [MESSAGE][PASSED] - Object: 'Object Repository/TypeOfService/Type of service-05/Page_ODTS System/fieldSearch' is clicked on

2019-03-25 09:55:20 - [TEST_STEP][PASSED] - setText(findTestObject("TypeOfService/Type of service-05/Page_ODTS System/input"), "anhtest"): Text 'anhtest' is set on object 'Object Repository/TypeOfService/Type of service-05/Page_ODTS System/input'

2019-03-25 09:55:20 - [MESSAGE][PASSED] - Text 'anhtest' is set on object 'Object Repository/TypeOfService/Type of service-05/Page_ODTS System/input'

2019-03-25 09:55:20 - [TEST_STEP][PASSED] - verifyElementText(findTestObject("TypeOfService/Type of service-05/Page_ODTS System/td_anhtest"), "anhtest"): Actual text and expected text of test object 'Object Repository/TypeOfService/Type of service-05/Page_ODTS System/td_anhtest' are matched.

2019-03-25 09:55:20 - [MESSAGE][PASSED] - Actual text and expected text of test object 'Object Repository/TypeOfService/Type of service-05/Page_ODTS System/td_anhtest' are matched.

2019-03-25 09:55:20 - [TEST_STEP][PASSED] - verifyElementText(findTestObject("TypeOfService/Type of service-05/Page_ODTS System/td_haha"), "haha"): Actual text and expected text of test object 'Object Repository/TypeOfService/Type of service-05/Page_ODTS System/td_haha' are matched.

2019-03-25 09:55:20 - [MESSAGE][PASSED] - Actual text and expected text of test object 'Object Repository/TypeOfService/Type of service-05/Page_ODTS System/td_haha' are matched.

2019-03-25 09:55:20 - [TEST_STEP][PASSED] - verifyElementText(findTestObject("TypeOfService/Type of service-05/Page_ODTS System/td_1340 25022019"), CDATE): Actual text and expected text of test object 'Object Repository/TypeOfService/Type of service-05/Page_ODTS System/td_1340 25022019' are matched.

2019-03-25 09:55:21 - [MESSAGE][PASSED] - Actual text and expected text of test object 'Object Repository/TypeOfService/Type of service-05/Page_ODTS System/td_1340 25022019' are matched.

2019-03-25 09:55:21 - [TEST_STEP][PASSED] - closeBrowser(): Browser is closed

2019-03-25 09:55:21 - [MESSAGE][PASSED] - Browser is closed]]></system-out>
         <system-err><![CDATA[]]></system-err>
      </testcase>
      <testcase name="Test Cases/TypeOfService/Type of service-06" classname="Test Cases/TypeOfService/Type of service-06" status="PASSED">
         <system-out><![CDATA[2019-03-25 09:55:21 - [TEST_CASE][PASSED] - Test Cases/TypeOfService/Type of service-06: Test Cases/TypeOfService/Type of service-06

2019-03-25 09:55:22 - [TEST_STEP][PASSED] - openBrowser(""): Browser is opened with url: ''

2019-03-25 09:55:22 - [MESSAGE][INFO] - Starting 'Chrome' driver

2019-03-25 09:55:24 - [MESSAGE][PASSED] - Browser is opened with url: ''

2019-03-25 09:55:24 - [TEST_STEP][PASSED] - navigateToUrl("http://helpdesk.wisky.vn/"): Navigate to 'http://helpdesk.wisky.vn/' successfully

2019-03-25 09:55:26 - [MESSAGE][PASSED] - Navigate to 'http://helpdesk.wisky.vn/' successfully

2019-03-25 09:55:26 - [TEST_STEP][PASSED] - setText(findTestObject("TypeOfService/Type of service-06/Page_ODTS System/input_ODTS_username"), "admin01"): Text 'admin01' is set on object 'Object Repository/TypeOfService/Type of service-06/Page_ODTS System/input_ODTS_username'

2019-03-25 09:55:26 - [MESSAGE][PASSED] - Text 'admin01' is set on object 'Object Repository/TypeOfService/Type of service-06/Page_ODTS System/input_ODTS_username'

2019-03-25 09:55:26 - [TEST_STEP][PASSED] - setEncryptedText(findTestObject("TypeOfService/Type of service-06/Page_ODTS System/input_ODTS_password"), "aeHFOx8jV/A="): Text ****** has been set on object 'Object Repository/TypeOfService/Type of service-06/Page_ODTS System/input_ODTS_password'

2019-03-25 09:55:26 - [MESSAGE][PASSED] - Text ****** has been set on object 'Object Repository/TypeOfService/Type of service-06/Page_ODTS System/input_ODTS_password'

2019-03-25 09:55:26 - [TEST_STEP][PASSED] - click(findTestObject("TypeOfService/Type of service-06/Page_ODTS System/button_ng Nhp")): Object: 'Object Repository/TypeOfService/Type of service-06/Page_ODTS System/button_ng Nhp' is clicked on

2019-03-25 09:55:26 - [MESSAGE][PASSED] - Object: 'Object Repository/TypeOfService/Type of service-06/Page_ODTS System/button_ng Nhp' is clicked on

2019-03-25 09:55:26 - [TEST_STEP][PASSED] - click(findTestObject("TypeOfService/Type of service-06/Page_ODTS System/a_Loi Dch V")): Object: 'Object Repository/TypeOfService/Type of service-06/Page_ODTS System/a_Loi Dch V' is clicked on

2019-03-25 09:55:28 - [MESSAGE][PASSED] - Object: 'Object Repository/TypeOfService/Type of service-06/Page_ODTS System/a_Loi Dch V' is clicked on

2019-03-25 09:55:28 - [TEST_STEP][PASSED] - click(findTestObject("TypeOfService/Type of service-06/Page_ODTS System/a_Xem Dch V")): Object: 'Object Repository/TypeOfService/Type of service-06/Page_ODTS System/a_Xem Dch V' is clicked on

2019-03-25 09:55:28 - [MESSAGE][PASSED] - Object: 'Object Repository/TypeOfService/Type of service-06/Page_ODTS System/a_Xem Dch V' is clicked on

2019-03-25 09:55:28 - [TEST_STEP][PASSED] - waitForAlert(1): No alert found after 1 second(s).

2019-03-25 09:55:29 - [MESSAGE][WARNING] - No alert found after 1 second(s).

2019-03-25 09:55:29 - [TEST_STEP][PASSED] - click(findTestObject("TypeOfService/Type of service-06/Page_ODTS System/fieldSearch")): Object: 'Object Repository/TypeOfService/Type of service-06/Page_ODTS System/fieldSearch' is clicked on

2019-03-25 09:55:29 - [MESSAGE][PASSED] - Object: 'Object Repository/TypeOfService/Type of service-06/Page_ODTS System/fieldSearch' is clicked on

2019-03-25 09:55:29 - [TEST_STEP][PASSED] - setText(findTestObject("TypeOfService/Type of service-06/Page_ODTS System/input"), "anhtest"): Text 'anhtest' is set on object 'Object Repository/TypeOfService/Type of service-06/Page_ODTS System/input'

2019-03-25 09:55:29 - [MESSAGE][PASSED] - Text 'anhtest' is set on object 'Object Repository/TypeOfService/Type of service-06/Page_ODTS System/input'

2019-03-25 09:55:29 - [TEST_STEP][PASSED] - click(findTestObject("TypeOfService/Type of service-06/Page_ODTS System/button_Xem Hng Dn_btn btn-info")): Object: 'Object Repository/TypeOfService/Type of service-06/Page_ODTS System/button_Xem Hng Dn_btn btn-info' is clicked on

2019-03-25 09:55:29 - [MESSAGE][PASSED] - Object: 'Object Repository/TypeOfService/Type of service-06/Page_ODTS System/button_Xem Hng Dn_btn btn-info' is clicked on

2019-03-25 09:55:29 - [TEST_STEP][PASSED] - waitForAlert(1): No alert found after 1 second(s).

2019-03-25 09:55:30 - [MESSAGE][WARNING] - No alert found after 1 second(s).

2019-03-25 09:55:30 - [TEST_STEP][PASSED] - verifyElementText(findTestObject("TypeOfService/Type of service-06/Page_ODTS System/p_anhtest"), "anhtest"): Actual text and expected text of test object 'Object Repository/TypeOfService/Type of service-06/Page_ODTS System/p_anhtest' are matched.

2019-03-25 09:55:30 - [MESSAGE][PASSED] - Actual text and expected text of test object 'Object Repository/TypeOfService/Type of service-06/Page_ODTS System/p_anhtest' are matched.

2019-03-25 09:55:30 - [TEST_STEP][PASSED] - verifyElementText(findTestObject("TypeOfService/Type of service-06/Page_ODTS System/p_haha"), "haha"): Actual text and expected text of test object 'Object Repository/TypeOfService/Type of service-06/Page_ODTS System/p_haha' are matched.

2019-03-25 09:55:30 - [MESSAGE][PASSED] - Actual text and expected text of test object 'Object Repository/TypeOfService/Type of service-06/Page_ODTS System/p_haha' are matched.

2019-03-25 09:55:30 - [TEST_STEP][PASSED] - CDATE = null: null

2019-03-25 09:55:30 - [TEST_STEP][PASSED] - UDATE = null: null

2019-03-25 09:55:30 - [TEST_STEP][PASSED] - br = null: null

2019-03-25 09:55:30 - [TEST_STEP][PASSED] - try: null

2019-03-25 09:55:30 - [TEST_STEP][PASSED] - br = new java.io.BufferedReader(new java.io.FileReader(C:\Users\pc\HelpdeskAutomation\creDateService.txt)): null

2019-03-25 09:55:30 - [TEST_STEP][PASSED] - sCurrentLine = <not implemented yet for class: org.codehaus.groovy.ast.expr.EmptyExpression>: null

2019-03-25 09:55:30 - [TEST_STEP][PASSED] - while (sCurrentLine = br.readLine() != null): null

2019-03-25 09:55:30 - [TEST_STEP][PASSED] - CDATE = sCurrentLine: null

2019-03-25 09:55:30 - [TEST_STEP][PASSED] - br = new java.io.BufferedReader(new java.io.FileReader(C:\Users\pc\HelpdeskAutomation\upDateService.txt)): null

2019-03-25 09:55:30 - [TEST_STEP][PASSED] - sCurrentLine: null

2019-03-25 09:55:30 - [TEST_STEP][PASSED] - while (sCurrentLine = br.readLine() != null): null

2019-03-25 09:55:30 - [TEST_STEP][PASSED] - UDATE = sCurrentLine: null

2019-03-25 09:55:30 - [TEST_STEP][PASSED] - Finally: null

2019-03-25 09:55:30 - [TEST_STEP][PASSED] - br.close(): null

2019-03-25 09:55:30 - [TEST_STEP][PASSED] - verifyElementText(findTestObject("TypeOfService/Type of service-06/Page_ODTS System/p_1417 25022019"), CDATE): Actual text and expected text of test object 'Object Repository/TypeOfService/Type of service-06/Page_ODTS System/p_1417 25022019' are matched.

2019-03-25 09:55:31 - [MESSAGE][PASSED] - Actual text and expected text of test object 'Object Repository/TypeOfService/Type of service-06/Page_ODTS System/p_1417 25022019' are matched.

2019-03-25 09:55:31 - [TEST_STEP][PASSED] - verifyElementText(findTestObject("TypeOfService/Type of service-06/Page_ODTS System/p_1417 25022019_1"), UDATE): Actual text and expected text of test object 'Object Repository/TypeOfService/Type of service-06/Page_ODTS System/p_1417 25022019_1' are matched.

2019-03-25 09:55:31 - [MESSAGE][PASSED] - Actual text and expected text of test object 'Object Repository/TypeOfService/Type of service-06/Page_ODTS System/p_1417 25022019_1' are matched.

2019-03-25 09:55:31 - [TEST_STEP][PASSED] - click(findTestObject("TypeOfService/Type of service-06/Page_ODTS System/button_ng")): Object: 'Object Repository/TypeOfService/Type of service-06/Page_ODTS System/button_ng' is clicked on

2019-03-25 09:55:31 - [MESSAGE][PASSED] - Object: 'Object Repository/TypeOfService/Type of service-06/Page_ODTS System/button_ng' is clicked on

2019-03-25 09:55:31 - [TEST_STEP][PASSED] - closeBrowser(): Browser is closed

2019-03-25 09:55:31 - [MESSAGE][PASSED] - Browser is closed]]></system-out>
         <system-err><![CDATA[]]></system-err>
      </testcase>
      <testcase name="Test Cases/TypeOfService/Type of service-07" classname="Test Cases/TypeOfService/Type of service-07" status="PASSED">
         <system-out><![CDATA[2019-03-25 09:55:31 - [TEST_CASE][PASSED] - Test Cases/TypeOfService/Type of service-07: Test Cases/TypeOfService/Type of service-07

2019-03-25 09:55:32 - [TEST_STEP][PASSED] - openBrowser(""): Browser is opened with url: ''

2019-03-25 09:55:32 - [MESSAGE][INFO] - Starting 'Chrome' driver

2019-03-25 09:55:34 - [MESSAGE][PASSED] - Browser is opened with url: ''

2019-03-25 09:55:34 - [TEST_STEP][PASSED] - navigateToUrl("http://helpdesk.wisky.vn/"): Navigate to 'http://helpdesk.wisky.vn/' successfully

2019-03-25 09:55:35 - [MESSAGE][PASSED] - Navigate to 'http://helpdesk.wisky.vn/' successfully

2019-03-25 09:55:35 - [TEST_STEP][PASSED] - setText(findTestObject("TypeOfService/Type of service-07/Page_ODTS System/input_ODTS_username"), "admin01"): Text 'admin01' is set on object 'Object Repository/TypeOfService/Type of service-07/Page_ODTS System/input_ODTS_username'

2019-03-25 09:55:36 - [MESSAGE][PASSED] - Text 'admin01' is set on object 'Object Repository/TypeOfService/Type of service-07/Page_ODTS System/input_ODTS_username'

2019-03-25 09:55:36 - [TEST_STEP][PASSED] - setEncryptedText(findTestObject("TypeOfService/Type of service-07/Page_ODTS System/input_ODTS_password"), "aeHFOx8jV/A="): Text ****** has been set on object 'Object Repository/TypeOfService/Type of service-07/Page_ODTS System/input_ODTS_password'

2019-03-25 09:55:36 - [MESSAGE][PASSED] - Text ****** has been set on object 'Object Repository/TypeOfService/Type of service-07/Page_ODTS System/input_ODTS_password'

2019-03-25 09:55:36 - [TEST_STEP][PASSED] - click(findTestObject("TypeOfService/Type of service-07/Page_ODTS System/button_ng Nhp")): Object: 'Object Repository/TypeOfService/Type of service-07/Page_ODTS System/button_ng Nhp' is clicked on

2019-03-25 09:55:36 - [MESSAGE][PASSED] - Object: 'Object Repository/TypeOfService/Type of service-07/Page_ODTS System/button_ng Nhp' is clicked on

2019-03-25 09:55:36 - [TEST_STEP][PASSED] - click(findTestObject("TypeOfService/Type of service-06/Page_ODTS System/a_Loi Dch V")): Object: 'Object Repository/TypeOfService/Type of service-06/Page_ODTS System/a_Loi Dch V' is clicked on

2019-03-25 09:55:37 - [MESSAGE][PASSED] - Object: 'Object Repository/TypeOfService/Type of service-06/Page_ODTS System/a_Loi Dch V' is clicked on

2019-03-25 09:55:37 - [TEST_STEP][PASSED] - click(findTestObject("TypeOfService/Type of service-07/Page_ODTS System/a_Xem Dch V")): Object: 'Object Repository/TypeOfService/Type of service-07/Page_ODTS System/a_Xem Dch V' is clicked on

2019-03-25 09:55:38 - [MESSAGE][PASSED] - Object: 'Object Repository/TypeOfService/Type of service-07/Page_ODTS System/a_Xem Dch V' is clicked on

2019-03-25 09:55:38 - [TEST_STEP][PASSED] - waitForAlert(1): No alert found after 1 second(s).

2019-03-25 09:55:39 - [MESSAGE][WARNING] - No alert found after 1 second(s).

2019-03-25 09:55:39 - [TEST_STEP][PASSED] - click(findTestObject("TypeOfService/Type of service-07/Page_ODTS System/fieldSearch")): Object: 'Object Repository/TypeOfService/Type of service-07/Page_ODTS System/fieldSearch' is clicked on

2019-03-25 09:55:39 - [MESSAGE][PASSED] - Object: 'Object Repository/TypeOfService/Type of service-07/Page_ODTS System/fieldSearch' is clicked on

2019-03-25 09:55:39 - [TEST_STEP][PASSED] - setText(findTestObject("TypeOfService/Type of service-07/Page_ODTS System/input"), "anhtest"): Text 'anhtest' is set on object 'Object Repository/TypeOfService/Type of service-07/Page_ODTS System/input'

2019-03-25 09:55:39 - [MESSAGE][PASSED] - Text 'anhtest' is set on object 'Object Repository/TypeOfService/Type of service-07/Page_ODTS System/input'

2019-03-25 09:55:39 - [TEST_STEP][PASSED] - click(findTestObject("TypeOfService/Type of service-07/Page_ODTS System/button_Xem Hng Dn_btn btn-warn")): Object: 'Object Repository/TypeOfService/Type of service-07/Page_ODTS System/button_Xem Hng Dn_btn btn-warn' is clicked on

2019-03-25 09:55:39 - [MESSAGE][PASSED] - Object: 'Object Repository/TypeOfService/Type of service-07/Page_ODTS System/button_Xem Hng Dn_btn btn-warn' is clicked on

2019-03-25 09:55:39 - [TEST_STEP][PASSED] - waitForAlert(1): No alert found after 1 second(s).

2019-03-25 09:55:40 - [MESSAGE][WARNING] - No alert found after 1 second(s).

2019-03-25 09:55:40 - [TEST_STEP][PASSED] - setText(findTestObject("TypeOfService/Type of service-07/Page_ODTS System/input_Tn Dch V_siNameE"), "anhtest22"): Text 'anhtest22' is set on object 'Object Repository/TypeOfService/Type of service-07/Page_ODTS System/input_Tn Dch V_siNameE'

2019-03-25 09:55:41 - [MESSAGE][PASSED] - Text 'anhtest22' is set on object 'Object Repository/TypeOfService/Type of service-07/Page_ODTS System/input_Tn Dch V_siNameE'

2019-03-25 09:55:41 - [TEST_STEP][PASSED] - waitForAlert(1): No alert found after 1 second(s).

2019-03-25 09:55:42 - [MESSAGE][WARNING] - No alert found after 1 second(s).

2019-03-25 09:55:42 - [TEST_STEP][PASSED] - setText(findTestObject("TypeOfService/Type of service-07/Page_ODTS System/input_M T Dch V_siDescriptionE"), "haha22"): Text 'haha22' is set on object 'Object Repository/TypeOfService/Type of service-07/Page_ODTS System/input_M T Dch V_siDescriptionE'

2019-03-25 09:55:42 - [MESSAGE][PASSED] - Text 'haha22' is set on object 'Object Repository/TypeOfService/Type of service-07/Page_ODTS System/input_M T Dch V_siDescriptionE'

2019-03-25 09:55:42 - [TEST_STEP][PASSED] - UDATE = SimpleDateFormat(HH:mm dd/MM/yyyy).format(getInstance().getTime()): null

2019-03-25 09:55:42 - [TEST_STEP][PASSED] - writer = null: null

2019-03-25 09:55:42 - [TEST_STEP][PASSED] - try: null

2019-03-25 09:55:42 - [TEST_STEP][PASSED] - writer = new java.io.BufferedWriter(new java.io.OutputStreamWriter(new java.io.FileOutputStream(C:\Users\pc\HelpdeskAutomation\upDateService.txt), utf-8)): null

2019-03-25 09:55:42 - [TEST_STEP][PASSED] - writer.write(UDATE): null

2019-03-25 09:55:42 - [TEST_STEP][PASSED] - Finally: null

2019-03-25 09:55:42 - [TEST_STEP][PASSED] - try: null

2019-03-25 09:55:42 - [TEST_STEP][PASSED] - writer.close(): null

2019-03-25 09:55:42 - [TEST_STEP][PASSED] - waitForAlert(1): No alert found after 1 second(s).

2019-03-25 09:55:43 - [MESSAGE][WARNING] - No alert found after 1 second(s).

2019-03-25 09:55:43 - [TEST_STEP][PASSED] - click(findTestObject("TypeOfService/Type of service-07/Page_ODTS System/button_Cp Nht")): Object: 'Object Repository/TypeOfService/Type of service-07/Page_ODTS System/button_Cp Nht' is clicked on

2019-03-25 09:55:43 - [MESSAGE][PASSED] - Object: 'Object Repository/TypeOfService/Type of service-07/Page_ODTS System/button_Cp Nht' is clicked on

2019-03-25 09:55:43 - [TEST_STEP][PASSED] - waitForAlert(1): No alert found after 1 second(s).

2019-03-25 09:55:44 - [MESSAGE][WARNING] - No alert found after 1 second(s).

2019-03-25 09:55:44 - [TEST_STEP][PASSED] - click(findTestObject("TypeOfService/Type of service-07/Page_ODTS System/button_OK")): Object: 'Object Repository/TypeOfService/Type of service-07/Page_ODTS System/button_OK' is clicked on

2019-03-25 09:55:44 - [MESSAGE][PASSED] - Object: 'Object Repository/TypeOfService/Type of service-07/Page_ODTS System/button_OK' is clicked on

2019-03-25 09:55:44 - [TEST_STEP][PASSED] - waitForAlert(1): No alert found after 1 second(s).

2019-03-25 09:55:45 - [MESSAGE][WARNING] - No alert found after 1 second(s).

2019-03-25 09:55:45 - [TEST_STEP][PASSED] - click(findTestObject("TypeOfService/Type of service-07/Page_ODTS System/button_Xem Hng Dn_btn btn-info")): Object: 'Object Repository/TypeOfService/Type of service-07/Page_ODTS System/button_Xem Hng Dn_btn btn-info' is clicked on

2019-03-25 09:55:45 - [MESSAGE][PASSED] - Object: 'Object Repository/TypeOfService/Type of service-07/Page_ODTS System/button_Xem Hng Dn_btn btn-info' is clicked on

2019-03-25 09:55:45 - [TEST_STEP][PASSED] - waitForAlert(1): No alert found after 1 second(s).

2019-03-25 09:55:46 - [MESSAGE][WARNING] - No alert found after 1 second(s).

2019-03-25 09:55:46 - [TEST_STEP][PASSED] - verifyElementText(findTestObject("TypeOfService/Type of service-07/Page_ODTS System/p_anhtest22"), "anhtest22"): Actual text and expected text of test object 'Object Repository/TypeOfService/Type of service-07/Page_ODTS System/p_anhtest22' are matched.

2019-03-25 09:55:46 - [MESSAGE][PASSED] - Actual text and expected text of test object 'Object Repository/TypeOfService/Type of service-07/Page_ODTS System/p_anhtest22' are matched.

2019-03-25 09:55:46 - [TEST_STEP][PASSED] - verifyElementText(findTestObject("TypeOfService/Type of service-07/Page_ODTS System/p_haha22"), "haha22"): Actual text and expected text of test object 'Object Repository/TypeOfService/Type of service-07/Page_ODTS System/p_haha22' are matched.

2019-03-25 09:55:46 - [MESSAGE][PASSED] - Actual text and expected text of test object 'Object Repository/TypeOfService/Type of service-07/Page_ODTS System/p_haha22' are matched.

2019-03-25 09:55:46 - [TEST_STEP][PASSED] - CDATE = null: null

2019-03-25 09:55:46 - [TEST_STEP][PASSED] - br = null: null

2019-03-25 09:55:46 - [TEST_STEP][PASSED] - try: null

2019-03-25 09:55:46 - [TEST_STEP][PASSED] - br = new java.io.BufferedReader(new java.io.FileReader(C:\Users\pc\HelpdeskAutomation\creDateService.txt)): null

2019-03-25 09:55:46 - [TEST_STEP][PASSED] - sCurrentLine = <not implemented yet for class: org.codehaus.groovy.ast.expr.EmptyExpression>: null

2019-03-25 09:55:46 - [TEST_STEP][PASSED] - while (sCurrentLine = br.readLine() != null): null

2019-03-25 09:55:46 - [TEST_STEP][PASSED] - CDATE = sCurrentLine: null

2019-03-25 09:55:46 - [TEST_STEP][PASSED] - Finally: null

2019-03-25 09:55:46 - [TEST_STEP][PASSED] - br.close(): null

2019-03-25 09:55:46 - [TEST_STEP][PASSED] - verifyElementText(findTestObject("TypeOfService/Type of service-07/Page_ODTS System/p_1417 25022019"), CDATE): Actual text and expected text of test object 'Object Repository/TypeOfService/Type of service-07/Page_ODTS System/p_1417 25022019' are matched.

2019-03-25 09:55:46 - [MESSAGE][PASSED] - Actual text and expected text of test object 'Object Repository/TypeOfService/Type of service-07/Page_ODTS System/p_1417 25022019' are matched.

2019-03-25 09:55:46 - [TEST_STEP][PASSED] - verifyElementText(findTestObject("TypeOfService/Type of service-07/Page_ODTS System/p_1424 25022019"), UDATE): Actual text and expected text of test object 'Object Repository/TypeOfService/Type of service-07/Page_ODTS System/p_1424 25022019' are matched.

2019-03-25 09:55:47 - [MESSAGE][PASSED] - Actual text and expected text of test object 'Object Repository/TypeOfService/Type of service-07/Page_ODTS System/p_1424 25022019' are matched.

2019-03-25 09:55:47 - [TEST_STEP][PASSED] - click(findTestObject("TypeOfService/Type of service-07/Page_ODTS System/button_ng")): Object: 'Object Repository/TypeOfService/Type of service-07/Page_ODTS System/button_ng' is clicked on

2019-03-25 09:55:47 - [MESSAGE][PASSED] - Object: 'Object Repository/TypeOfService/Type of service-07/Page_ODTS System/button_ng' is clicked on

2019-03-25 09:55:47 - [TEST_STEP][PASSED] - closeBrowser(): Browser is closed

2019-03-25 09:55:47 - [MESSAGE][PASSED] - Browser is closed]]></system-out>
         <system-err><![CDATA[]]></system-err>
      </testcase>
      <testcase name="Test Cases/TypeOfService/Type of service-08" classname="Test Cases/TypeOfService/Type of service-08" status="PASSED">
         <system-out><![CDATA[2019-03-25 09:55:47 - [TEST_CASE][PASSED] - Test Cases/TypeOfService/Type of service-08: Test Cases/TypeOfService/Type of service-08

2019-03-25 09:55:48 - [TEST_STEP][PASSED] - openBrowser(""): Browser is opened with url: ''

2019-03-25 09:55:48 - [MESSAGE][INFO] - Starting 'Chrome' driver

2019-03-25 09:55:50 - [MESSAGE][PASSED] - Browser is opened with url: ''

2019-03-25 09:55:50 - [TEST_STEP][PASSED] - navigateToUrl("http://helpdesk.wisky.vn/"): Navigate to 'http://helpdesk.wisky.vn/' successfully

2019-03-25 09:55:51 - [MESSAGE][PASSED] - Navigate to 'http://helpdesk.wisky.vn/' successfully

2019-03-25 09:55:51 - [TEST_STEP][PASSED] - setText(findTestObject("TypeOfService/Type of service-08/Page_ODTS System/input_ODTS_username"), "admin01"): Text 'admin01' is set on object 'Object Repository/TypeOfService/Type of service-08/Page_ODTS System/input_ODTS_username'

2019-03-25 09:55:51 - [MESSAGE][PASSED] - Text 'admin01' is set on object 'Object Repository/TypeOfService/Type of service-08/Page_ODTS System/input_ODTS_username'

2019-03-25 09:55:51 - [TEST_STEP][PASSED] - setEncryptedText(findTestObject("TypeOfService/Type of service-08/Page_ODTS System/input_ODTS_password"), "aeHFOx8jV/A="): Text ****** has been set on object 'Object Repository/TypeOfService/Type of service-08/Page_ODTS System/input_ODTS_password'

2019-03-25 09:55:51 - [MESSAGE][PASSED] - Text ****** has been set on object 'Object Repository/TypeOfService/Type of service-08/Page_ODTS System/input_ODTS_password'

2019-03-25 09:55:51 - [TEST_STEP][PASSED] - click(findTestObject("TypeOfService/Type of service-08/Page_ODTS System/button_ng Nhp")): Object: 'Object Repository/TypeOfService/Type of service-08/Page_ODTS System/button_ng Nhp' is clicked on

2019-03-25 09:55:52 - [MESSAGE][PASSED] - Object: 'Object Repository/TypeOfService/Type of service-08/Page_ODTS System/button_ng Nhp' is clicked on

2019-03-25 09:55:52 - [TEST_STEP][PASSED] - click(findTestObject("TypeOfService/Type of service-06/Page_ODTS System/a_Loi Dch V")): Object: 'Object Repository/TypeOfService/Type of service-06/Page_ODTS System/a_Loi Dch V' is clicked on

2019-03-25 09:55:53 - [MESSAGE][PASSED] - Object: 'Object Repository/TypeOfService/Type of service-06/Page_ODTS System/a_Loi Dch V' is clicked on

2019-03-25 09:55:53 - [TEST_STEP][PASSED] - click(findTestObject("TypeOfService/Type of service-08/Page_ODTS System/a_Xem Dch V")): Object: 'Object Repository/TypeOfService/Type of service-08/Page_ODTS System/a_Xem Dch V' is clicked on

2019-03-25 09:55:53 - [MESSAGE][PASSED] - Object: 'Object Repository/TypeOfService/Type of service-08/Page_ODTS System/a_Xem Dch V' is clicked on

2019-03-25 09:55:53 - [TEST_STEP][PASSED] - click(findTestObject("TypeOfService/Type of service-08/Page_ODTS System/fieldSearch")): Object: 'Object Repository/TypeOfService/Type of service-08/Page_ODTS System/fieldSearch' is clicked on

2019-03-25 09:55:54 - [MESSAGE][PASSED] - Object: 'Object Repository/TypeOfService/Type of service-08/Page_ODTS System/fieldSearch' is clicked on

2019-03-25 09:55:54 - [TEST_STEP][PASSED] - setText(findTestObject("TypeOfService/Type of service-08/Page_ODTS System/input"), "anhtest"): Text 'anhtest' is set on object 'Object Repository/TypeOfService/Type of service-08/Page_ODTS System/input'

2019-03-25 09:55:54 - [MESSAGE][PASSED] - Text 'anhtest' is set on object 'Object Repository/TypeOfService/Type of service-08/Page_ODTS System/input'

2019-03-25 09:55:54 - [TEST_STEP][PASSED] - click(findTestObject("TypeOfService/Type of service-08/Page_ODTS System/button_Xem Hng Dn_btn btn-dang")): Object: 'Object Repository/TypeOfService/Type of service-08/Page_ODTS System/button_Xem Hng Dn_btn btn-dang' is clicked on

2019-03-25 09:55:54 - [MESSAGE][PASSED] - Object: 'Object Repository/TypeOfService/Type of service-08/Page_ODTS System/button_Xem Hng Dn_btn btn-dang' is clicked on

2019-03-25 09:55:54 - [TEST_STEP][PASSED] - waitForAlert(1): No alert found after 1 second(s).

2019-03-25 09:55:55 - [MESSAGE][WARNING] - No alert found after 1 second(s).

2019-03-25 09:55:55 - [TEST_STEP][PASSED] - click(findTestObject("TypeOfService/Type of service-08/Page_ODTS System/button_Chp Nhn Xa")): Object: 'Object Repository/TypeOfService/Type of service-08/Page_ODTS System/button_Chp Nhn Xa' is clicked on

2019-03-25 09:55:55 - [MESSAGE][PASSED] - Object: 'Object Repository/TypeOfService/Type of service-08/Page_ODTS System/button_Chp Nhn Xa' is clicked on

2019-03-25 09:55:55 - [TEST_STEP][PASSED] - waitForAlert(1): No alert found after 1 second(s).

2019-03-25 09:55:56 - [MESSAGE][WARNING] - No alert found after 1 second(s).

2019-03-25 09:55:56 - [TEST_STEP][PASSED] - click(findTestObject("TypeOfService/Type of service-08/Page_ODTS System/button_OK")): Object: 'Object Repository/TypeOfService/Type of service-08/Page_ODTS System/button_OK' is clicked on

2019-03-25 09:55:56 - [MESSAGE][PASSED] - Object: 'Object Repository/TypeOfService/Type of service-08/Page_ODTS System/button_OK' is clicked on

2019-03-25 09:55:56 - [TEST_STEP][PASSED] - verifyElementVisible(findTestObject("TypeOfService/Type of service-08/Page_ODTS System/td_Khng c d liu ph hp")): Object 'Object Repository/TypeOfService/Type of service-08/Page_ODTS System/td_Khng c d liu ph hp' is visible

2019-03-25 09:55:57 - [MESSAGE][PASSED] - Object 'Object Repository/TypeOfService/Type of service-08/Page_ODTS System/td_Khng c d liu ph hp' is visible

2019-03-25 09:55:57 - [TEST_STEP][PASSED] - writer2 = new java.io.PrintWriter(C:\Users\pc\HelpdeskAutomation\creDateService.txt): null

2019-03-25 09:55:57 - [TEST_STEP][PASSED] - writer2.print(""): null

2019-03-25 09:55:57 - [TEST_STEP][PASSED] - writer2.close(): null

2019-03-25 09:55:57 - [TEST_STEP][PASSED] - writer = new java.io.PrintWriter(C:\Users\pc\HelpdeskAutomation\upDateService.txt): null

2019-03-25 09:55:57 - [TEST_STEP][PASSED] - writer.print(""): null

2019-03-25 09:55:57 - [TEST_STEP][PASSED] - writer.close(): null

2019-03-25 09:55:57 - [TEST_STEP][PASSED] - closeBrowser(): Browser is closed

2019-03-25 09:55:57 - [MESSAGE][PASSED] - Browser is closed]]></system-out>
         <system-err><![CDATA[]]></system-err>
      </testcase>
      <system-out><![CDATA[2019-03-25 09:55:03 - [TEST_SUITE][PASSED] - TypeOfService05-06-07-08: Test Cases/TypeOfService/Type of service-08]]></system-out>
      <system-err><![CDATA[]]></system-err>
   </testsuite>
</testsuites>
