<?xml version="1.0" encoding="UTF-8"?>
<testsuites name="Company01-03-04-05" time="130" tests="4" failures="0" errors="0">
   <testsuite name="Company01-03-04-05" tests="4" failures="0" errors="0" time="130" timestamp="2019-04-03 13:26:37" hostname="Ninja - AnhNVSE63446" id="Test Suites/Company01-03-04-05">
      <properties>
         <property name="deviceName" value=""/>
         <property name="devicePlatform" value=""/>
         <property name="logFolder" value="C:\\Users\\pc\\HelpdeskAutomation\\Reports\\Company01-03-04-05\\20190403_132534"/>
         <property name="logFiles" value="C:\\Users\\pc\\HelpdeskAutomation\\Reports\\Company01-03-04-05\\20190403_132534\\execution0.log"/>
         <property name="attachments" value=""/>
         <property name="hostName" value="Ninja - AnhNVSE63446"/>
         <property name="os" value="Windows 10 64bit"/>
         <property name="katalonVersion" value="6.0.5.4"/>
         <property name="browser" value="Chrome 73.0.3683.86"/>
         <property name="hostAddress" value="192.168.175.1"/>
         <property name="sessionId" value="d0fa5d3a65e9c4eb14f221ebd005d951"/>
         <property name="seleniumVersion" value="3.7.1"/>
         <property name="proxyInformation" value="ProxyInformation{proxyOption=NO_PROXY, proxyServerType=HTTP, password=, proxyServerAddress=, proxyServerPort=0}"/>
         <property name="platform" value="Windows 10"/>
      </properties>
      <testcase name="Test Cases/Company/Company-01" classname="Test Cases/Company/Company-01" status="PASSED">
         <system-out><![CDATA[2019-04-03 13:26:38 - [TEST_CASE][PASSED] - Test Cases/Company/Company-01: Test Cases/Company/Company-01

2019-04-03 13:26:40 - [TEST_STEP][PASSED] - openBrowser(""): Browser is opened with url: ''

2019-04-03 13:26:41 - [MESSAGE][INFO] - Starting 'Chrome' driver

2019-04-03 13:26:41 - [MESSAGE][INFO] - Action delay is set to 0 seconds

2019-04-03 13:27:07 - [MESSAGE][PASSED] - Browser is opened with url: ''

2019-04-03 13:27:07 - [TEST_STEP][PASSED] - navigateToUrl("http://helpdesk.unicode.edu.vn/"): Navigate to 'http://helpdesk.unicode.edu.vn/' successfully

2019-04-03 13:27:15 - [MESSAGE][PASSED] - Navigate to 'http://helpdesk.unicode.edu.vn/' successfully

2019-04-03 13:27:15 - [TEST_STEP][PASSED] - setText(findTestObject("Company/Company-01/Page_ODTS System/input_ODTS_username"), "admin01"): Text 'admin01' is set on object 'Object Repository/Company/Company-01/Page_ODTS System/input_ODTS_username'

2019-04-03 13:27:17 - [MESSAGE][PASSED] - Text 'admin01' is set on object 'Object Repository/Company/Company-01/Page_ODTS System/input_ODTS_username'

2019-04-03 13:27:17 - [TEST_STEP][PASSED] - waitForAlert(2): No alert found after 2 second(s).

2019-04-03 13:27:19 - [MESSAGE][WARNING] - No alert found after 2 second(s).

2019-04-03 13:27:19 - [TEST_STEP][PASSED] - setEncryptedText(findTestObject("Company/Company-01/Page_ODTS System/input_ODTS_password"), "aeHFOx8jV/A="): Text ****** has been set on object 'Object Repository/Company/Company-01/Page_ODTS System/input_ODTS_password'

2019-04-03 13:27:20 - [MESSAGE][PASSED] - Text ****** has been set on object 'Object Repository/Company/Company-01/Page_ODTS System/input_ODTS_password'

2019-04-03 13:27:20 - [TEST_STEP][PASSED] - waitForAlert(2): No alert found after 2 second(s).

2019-04-03 13:27:22 - [MESSAGE][WARNING] - No alert found after 2 second(s).

2019-04-03 13:27:22 - [TEST_STEP][PASSED] - click(findTestObject("Company/Company-01/Page_ODTS System/button_ng Nhp")): Object: 'Object Repository/Company/Company-01/Page_ODTS System/button_ng Nhp' is clicked on

2019-04-03 13:27:22 - [MESSAGE][PASSED] - Object: 'Object Repository/Company/Company-01/Page_ODTS System/button_ng Nhp' is clicked on

2019-04-03 13:27:22 - [TEST_STEP][PASSED] - waitForAlert(2): No alert found after 2 second(s).

2019-04-03 13:27:24 - [MESSAGE][WARNING] - No alert found after 2 second(s).

2019-04-03 13:27:24 - [TEST_STEP][PASSED] - click(findTestObject("Company/Company-01/Page_ODTS System/span_Cng Ty")): Object: 'Object Repository/Company/Company-01/Page_ODTS System/span_Cng Ty' is clicked on

2019-04-03 13:27:31 - [MESSAGE][PASSED] - Object: 'Object Repository/Company/Company-01/Page_ODTS System/span_Cng Ty' is clicked on

2019-04-03 13:27:31 - [TEST_STEP][PASSED] - waitForAlert(2): No alert found after 2 second(s).

2019-04-03 13:27:33 - [MESSAGE][WARNING] - No alert found after 2 second(s).

2019-04-03 13:27:33 - [TEST_STEP][PASSED] - click(findTestObject("Company/Company-01/Page_ODTS System/button_To Cng Ty")): Object: 'Object Repository/Company/Company-01/Page_ODTS System/button_To Cng Ty' is clicked on

2019-04-03 13:27:33 - [MESSAGE][PASSED] - Object: 'Object Repository/Company/Company-01/Page_ODTS System/button_To Cng Ty' is clicked on

2019-04-03 13:27:33 - [TEST_STEP][PASSED] - waitForAlert(2): No alert found after 2 second(s).

2019-04-03 13:27:35 - [MESSAGE][WARNING] - No alert found after 2 second(s).

2019-04-03 13:27:35 - [TEST_STEP][PASSED] - setText(findTestObject("Company/Company-01/Page_ODTS System/input_Tn Cng Ty_comNameCreate"), "anhtest"): Text 'anhtest' is set on object 'Object Repository/Company/Company-01/Page_ODTS System/input_Tn Cng Ty_comNameCreate'

2019-04-03 13:27:36 - [MESSAGE][PASSED] - Text 'anhtest' is set on object 'Object Repository/Company/Company-01/Page_ODTS System/input_Tn Cng Ty_comNameCreate'

2019-04-03 13:27:36 - [TEST_STEP][PASSED] - waitForAlert(2): No alert found after 2 second(s).

2019-04-03 13:27:38 - [MESSAGE][WARNING] - No alert found after 2 second(s).

2019-04-03 13:27:38 - [TEST_STEP][PASSED] - setText(findTestObject("Company/Company-01/Page_ODTS System/input_M T_comDescriptionCreate"), "hihi"): Text 'hihi' is set on object 'Object Repository/Company/Company-01/Page_ODTS System/input_M T_comDescriptionCreate'

2019-04-03 13:27:38 - [MESSAGE][PASSED] - Text 'hihi' is set on object 'Object Repository/Company/Company-01/Page_ODTS System/input_M T_comDescriptionCreate'

2019-04-03 13:27:38 - [TEST_STEP][PASSED] - waitForAlert(2): No alert found after 2 second(s).

2019-04-03 13:27:40 - [MESSAGE][WARNING] - No alert found after 2 second(s).

2019-04-03 13:27:40 - [TEST_STEP][PASSED] - setText(findTestObject("Company/Company-01/Page_ODTS System/input_im Bnh Chn()_comPercentF"), "50"): Text '50' is set on object 'Object Repository/Company/Company-01/Page_ODTS System/input_im Bnh Chn()_comPercentF'

2019-04-03 13:27:40 - [MESSAGE][PASSED] - Text '50' is set on object 'Object Repository/Company/Company-01/Page_ODTS System/input_im Bnh Chn()_comPercentF'

2019-04-03 13:27:40 - [TEST_STEP][PASSED] - waitForAlert(2): No alert found after 2 second(s).

2019-04-03 13:27:43 - [MESSAGE][WARNING] - No alert found after 2 second(s).

2019-04-03 13:27:43 - [TEST_STEP][PASSED] - setText(findTestObject("Company/Company-01/Page_ODTS System/input_Kinh Nghim()_comPercentF"), "12"): Text '12' is set on object 'Object Repository/Company/Company-01/Page_ODTS System/input_Kinh Nghim()_comPercentF'

2019-04-03 13:27:43 - [MESSAGE][PASSED] - Text '12' is set on object 'Object Repository/Company/Company-01/Page_ODTS System/input_Kinh Nghim()_comPercentF'

2019-04-03 13:27:43 - [TEST_STEP][PASSED] - waitForAlert(2): No alert found after 2 second(s).

2019-04-03 13:27:45 - [MESSAGE][WARNING] - No alert found after 2 second(s).

2019-04-03 13:27:45 - [TEST_STEP][PASSED] - setText(findTestObject("Company/Company-01/Page_ODTS System/input_ Thn Thuc()_comPercentFo"), "65"): Text '65' is set on object 'Object Repository/Company/Company-01/Page_ODTS System/input_ Thn Thuc()_comPercentFo'

2019-04-03 13:27:45 - [MESSAGE][PASSED] - Text '65' is set on object 'Object Repository/Company/Company-01/Page_ODTS System/input_ Thn Thuc()_comPercentFo'

2019-04-03 13:27:45 - [TEST_STEP][PASSED] - waitForAlert(2): No alert found after 2 second(s).

2019-04-03 13:27:47 - [MESSAGE][WARNING] - No alert found after 2 second(s).

2019-04-03 13:27:47 - [TEST_STEP][PASSED] - setText(findTestObject("Company/Company-01/Page_ODTS System/input_Kinh Nghim()_comPercentF"), "15"): Text '15' is set on object 'Object Repository/Company/Company-01/Page_ODTS System/input_Kinh Nghim()_comPercentF'

2019-04-03 13:27:47 - [MESSAGE][PASSED] - Text '15' is set on object 'Object Repository/Company/Company-01/Page_ODTS System/input_Kinh Nghim()_comPercentF'

2019-04-03 13:27:47 - [TEST_STEP][PASSED] - waitForAlert(2): No alert found after 2 second(s).

2019-04-03 13:27:49 - [MESSAGE][WARNING] - No alert found after 2 second(s).

2019-04-03 13:27:49 - [TEST_STEP][PASSED] - click(findTestObject("Company/Company-01/Page_ODTS System/button_To Mi")): Object: 'Object Repository/Company/Company-01/Page_ODTS System/button_To Mi' is clicked on

2019-04-03 13:27:49 - [MESSAGE][PASSED] - Object: 'Object Repository/Company/Company-01/Page_ODTS System/button_To Mi' is clicked on

2019-04-03 13:27:49 - [TEST_STEP][PASSED] - waitForAlert(2): No alert found after 2 second(s).

2019-04-03 13:27:51 - [MESSAGE][WARNING] - No alert found after 2 second(s).

2019-04-03 13:27:51 - [TEST_STEP][PASSED] - CDATE = SimpleDateFormat(dd/MM/yyyy).format(getInstance().getTime()): null

2019-04-03 13:27:52 - [TEST_STEP][PASSED] - DATE = SimpleDateFormat(HH:mm dd/MM/yyyy).format(getInstance().getTime()): null

2019-04-03 13:27:52 - [TEST_STEP][PASSED] - writer = null: null

2019-04-03 13:27:52 - [TEST_STEP][PASSED] - writer2 = null: null

2019-04-03 13:27:52 - [TEST_STEP][PASSED] - try: null

2019-04-03 13:27:52 - [TEST_STEP][PASSED] - writer = new java.io.BufferedWriter(new java.io.OutputStreamWriter(new java.io.FileOutputStream(C:\Users\pc\HelpdeskAutomation\creDateCompany.txt), utf-8)): null

2019-04-03 13:27:52 - [TEST_STEP][PASSED] - writer.write(DATE): null

2019-04-03 13:27:52 - [TEST_STEP][PASSED] - writer2 = new java.io.BufferedWriter(new java.io.OutputStreamWriter(new java.io.FileOutputStream(C:\Users\pc\HelpdeskAutomation\upDateCompany.txt), utf-8)): null

2019-04-03 13:27:52 - [TEST_STEP][PASSED] - writer2.write(DATE): null

2019-04-03 13:27:52 - [TEST_STEP][PASSED] - Finally: null

2019-04-03 13:27:52 - [TEST_STEP][PASSED] - try: null

2019-04-03 13:27:52 - [TEST_STEP][PASSED] - writer.close(): null

2019-04-03 13:27:52 - [TEST_STEP][PASSED] - writer2.close(): null

2019-04-03 13:27:52 - [TEST_STEP][PASSED] - click(findTestObject("Company/Company-01/Page_ODTS System/button_OK")): Object: 'Object Repository/Company/Company-01/Page_ODTS System/button_OK' is clicked on

2019-04-03 13:27:52 - [MESSAGE][PASSED] - Object: 'Object Repository/Company/Company-01/Page_ODTS System/button_OK' is clicked on

2019-04-03 13:27:52 - [TEST_STEP][PASSED] - waitForAlert(2): No alert found after 2 second(s).

2019-04-03 13:27:54 - [MESSAGE][WARNING] - No alert found after 2 second(s).

2019-04-03 13:27:54 - [TEST_STEP][PASSED] - click(findTestObject("Company/Company-01/Page_ODTS System/fieldSearch")): Object: 'Object Repository/Company/Company-01/Page_ODTS System/fieldSearch' is clicked on

2019-04-03 13:27:54 - [MESSAGE][PASSED] - Object: 'Object Repository/Company/Company-01/Page_ODTS System/fieldSearch' is clicked on

2019-04-03 13:27:54 - [TEST_STEP][PASSED] - setText(findTestObject("Company/Company-01/Page_ODTS System/input"), "anhtest"): Text 'anhtest' is set on object 'Object Repository/Company/Company-01/Page_ODTS System/input'

2019-04-03 13:27:55 - [MESSAGE][PASSED] - Text 'anhtest' is set on object 'Object Repository/Company/Company-01/Page_ODTS System/input'

2019-04-03 13:27:55 - [TEST_STEP][PASSED] - verifyElementText(findTestObject("Company/Company-01/Page_ODTS System/td_anhtest"), "anhtest"): Actual text and expected text of test object 'Object Repository/Company/Company-01/Page_ODTS System/td_anhtest' are matched.

2019-04-03 13:27:55 - [MESSAGE][PASSED] - Actual text and expected text of test object 'Object Repository/Company/Company-01/Page_ODTS System/td_anhtest' are matched.

2019-04-03 13:27:55 - [TEST_STEP][PASSED] - verifyElementText(findTestObject("Company/Company-01/Page_ODTS System/td_hihi"), "hihi"): Actual text and expected text of test object 'Object Repository/Company/Company-01/Page_ODTS System/td_hihi' are matched.

2019-04-03 13:27:55 - [MESSAGE][PASSED] - Actual text and expected text of test object 'Object Repository/Company/Company-01/Page_ODTS System/td_hihi' are matched.

2019-04-03 13:27:55 - [TEST_STEP][PASSED] - verifyElementText(findTestObject("Company/Company-01/Page_ODTS System/td_21022019"), CDATE): Actual text and expected text of test object 'Object Repository/Company/Company-01/Page_ODTS System/td_21022019' are matched.

2019-04-03 13:27:55 - [MESSAGE][PASSED] - Actual text and expected text of test object 'Object Repository/Company/Company-01/Page_ODTS System/td_21022019' are matched.

2019-04-03 13:27:55 - [TEST_STEP][PASSED] - closeBrowser(): Browser is closed

2019-04-03 13:27:56 - [MESSAGE][PASSED] - Browser is closed]]></system-out>
         <system-err><![CDATA[]]></system-err>
      </testcase>
      <testcase name="Test Cases/Company/Company-03" classname="Test Cases/Company/Company-03" status="PASSED">
         <system-out><![CDATA[2019-04-03 13:27:56 - [TEST_CASE][PASSED] - Test Cases/Company/Company-03: Test Cases/Company/Company-03

2019-04-03 13:27:56 - [TEST_STEP][PASSED] - openBrowser(""): Browser is opened with url: ''

2019-04-03 13:27:56 - [MESSAGE][INFO] - Starting 'Chrome' driver

2019-04-03 13:27:59 - [MESSAGE][PASSED] - Browser is opened with url: ''

2019-04-03 13:27:59 - [TEST_STEP][PASSED] - navigateToUrl("http://helpdesk.unicode.edu.vn/"): Navigate to 'http://helpdesk.unicode.edu.vn/' successfully

2019-04-03 13:28:01 - [MESSAGE][PASSED] - Navigate to 'http://helpdesk.unicode.edu.vn/' successfully

2019-04-03 13:28:01 - [TEST_STEP][PASSED] - setText(findTestObject("Company/Company-03/Page_ODTS System/input_ODTS_username"), "admin01"): Text 'admin01' is set on object 'Object Repository/Company/Company-03/Page_ODTS System/input_ODTS_username'

2019-04-03 13:28:01 - [MESSAGE][PASSED] - Text 'admin01' is set on object 'Object Repository/Company/Company-03/Page_ODTS System/input_ODTS_username'

2019-04-03 13:28:01 - [TEST_STEP][PASSED] - setEncryptedText(findTestObject("Company/Company-03/Page_ODTS System/input_ODTS_password"), "aeHFOx8jV/A="): Text ****** has been set on object 'Object Repository/Company/Company-03/Page_ODTS System/input_ODTS_password'

2019-04-03 13:28:01 - [MESSAGE][PASSED] - Text ****** has been set on object 'Object Repository/Company/Company-03/Page_ODTS System/input_ODTS_password'

2019-04-03 13:28:01 - [TEST_STEP][PASSED] - click(findTestObject("Company/Company-03/Page_ODTS System/button_ng Nhp")): Object: 'Object Repository/Company/Company-03/Page_ODTS System/button_ng Nhp' is clicked on

2019-04-03 13:28:01 - [MESSAGE][PASSED] - Object: 'Object Repository/Company/Company-03/Page_ODTS System/button_ng Nhp' is clicked on

2019-04-03 13:28:01 - [TEST_STEP][PASSED] - click(findTestObject("Company/Company-03/Page_ODTS System/clickCompanyMenu")): Object: 'Object Repository/Company/Company-03/Page_ODTS System/clickCompanyMenu' is clicked on

2019-04-03 13:28:03 - [MESSAGE][PASSED] - Object: 'Object Repository/Company/Company-03/Page_ODTS System/clickCompanyMenu' is clicked on

2019-04-03 13:28:03 - [TEST_STEP][PASSED] - click(findTestObject("Company/Company-03/Page_ODTS System/fieldSearch")): Object: 'Object Repository/Company/Company-03/Page_ODTS System/fieldSearch' is clicked on

2019-04-03 13:28:03 - [MESSAGE][PASSED] - Object: 'Object Repository/Company/Company-03/Page_ODTS System/fieldSearch' is clicked on

2019-04-03 13:28:03 - [TEST_STEP][PASSED] - setText(findTestObject("Company/Company-03/Page_ODTS System/input"), "anhtest"): Text 'anhtest' is set on object 'Object Repository/Company/Company-03/Page_ODTS System/input'

2019-04-03 13:28:03 - [MESSAGE][PASSED] - Text 'anhtest' is set on object 'Object Repository/Company/Company-03/Page_ODTS System/input'

2019-04-03 13:28:03 - [TEST_STEP][PASSED] - waitForAlert(2): No alert found after 2 second(s).

2019-04-03 13:28:05 - [MESSAGE][WARNING] - No alert found after 2 second(s).

2019-04-03 13:28:05 - [TEST_STEP][PASSED] - click(findTestObject("Company/Company-03/Page_ODTS System/button_Xem Hp ng_btn btn-info")): Object: 'Object Repository/Company/Company-03/Page_ODTS System/button_Xem Hp ng_btn btn-info' is clicked on

2019-04-03 13:28:05 - [MESSAGE][PASSED] - Object: 'Object Repository/Company/Company-03/Page_ODTS System/button_Xem Hp ng_btn btn-info' is clicked on

2019-04-03 13:28:05 - [TEST_STEP][PASSED] - waitForAlert(2): No alert found after 2 second(s).

2019-04-03 13:28:08 - [MESSAGE][WARNING] - No alert found after 2 second(s).

2019-04-03 13:28:08 - [TEST_STEP][PASSED] - verifyElementText(findTestObject("Company/Company-03/Page_ODTS System/anhtest"), "anhtest"): Actual text and expected text of test object 'Object Repository/Company/Company-03/Page_ODTS System/anhtest' are matched.

2019-04-03 13:28:08 - [MESSAGE][PASSED] - Actual text and expected text of test object 'Object Repository/Company/Company-03/Page_ODTS System/anhtest' are matched.

2019-04-03 13:28:08 - [TEST_STEP][PASSED] - verifyElementText(findTestObject("Company/Company-03/Page_ODTS System/p_hihi"), "hihi"): Actual text and expected text of test object 'Object Repository/Company/Company-03/Page_ODTS System/p_hihi' are matched.

2019-04-03 13:28:08 - [MESSAGE][PASSED] - Actual text and expected text of test object 'Object Repository/Company/Company-03/Page_ODTS System/p_hihi' are matched.

2019-04-03 13:28:08 - [TEST_STEP][PASSED] - CDATE = null: null

2019-04-03 13:28:08 - [TEST_STEP][PASSED] - UDATE = null: null

2019-04-03 13:28:08 - [TEST_STEP][PASSED] - br = null: null

2019-04-03 13:28:08 - [TEST_STEP][PASSED] - try: null

2019-04-03 13:28:08 - [TEST_STEP][PASSED] - br = new java.io.BufferedReader(new java.io.FileReader(C:\Users\pc\HelpdeskAutomation\creDateCompany.txt)): null

2019-04-03 13:28:08 - [TEST_STEP][PASSED] - sCurrentLine = <not implemented yet for class: org.codehaus.groovy.ast.expr.EmptyExpression>: null

2019-04-03 13:28:08 - [TEST_STEP][PASSED] - while (sCurrentLine = br.readLine() != null): null

2019-04-03 13:28:08 - [TEST_STEP][PASSED] - CDATE = sCurrentLine: null

2019-04-03 13:28:08 - [TEST_STEP][PASSED] - br = new java.io.BufferedReader(new java.io.FileReader(C:\Users\pc\HelpdeskAutomation\upDateCompany.txt)): null

2019-04-03 13:28:08 - [TEST_STEP][PASSED] - sCurrentLine: null

2019-04-03 13:28:08 - [TEST_STEP][PASSED] - while (sCurrentLine = br.readLine() != null): null

2019-04-03 13:28:08 - [TEST_STEP][PASSED] - UDATE = sCurrentLine: null

2019-04-03 13:28:08 - [TEST_STEP][PASSED] - Finally: null

2019-04-03 13:28:08 - [TEST_STEP][PASSED] - br.close(): null

2019-04-03 13:28:08 - [TEST_STEP][PASSED] - verifyElementText(findTestObject("Company/Company-03/Page_ODTS System/p_1031 21022019"), CDATE): Actual text and expected text of test object 'Object Repository/Company/Company-03/Page_ODTS System/p_1031 21022019' are matched.

2019-04-03 13:28:08 - [MESSAGE][PASSED] - Actual text and expected text of test object 'Object Repository/Company/Company-03/Page_ODTS System/p_1031 21022019' are matched.

2019-04-03 13:28:08 - [TEST_STEP][PASSED] - verifyElementText(findTestObject("Company/Company-03/Page_ODTS System/p_1031 21022019_1"), UDATE): Actual text and expected text of test object 'Object Repository/Company/Company-03/Page_ODTS System/p_1031 21022019_1' are matched.

2019-04-03 13:28:08 - [MESSAGE][PASSED] - Actual text and expected text of test object 'Object Repository/Company/Company-03/Page_ODTS System/p_1031 21022019_1' are matched.

2019-04-03 13:28:08 - [TEST_STEP][PASSED] - verifyElementText(findTestObject("Company/Company-03/Page_ODTS System/span_50"), "50"): Actual text and expected text of test object 'Object Repository/Company/Company-03/Page_ODTS System/span_50' are matched.

2019-04-03 13:28:08 - [MESSAGE][PASSED] - Actual text and expected text of test object 'Object Repository/Company/Company-03/Page_ODTS System/span_50' are matched.

2019-04-03 13:28:08 - [TEST_STEP][PASSED] - verifyElementText(findTestObject("Company/Company-03/Page_ODTS System/span_15"), "15"): Actual text and expected text of test object 'Object Repository/Company/Company-03/Page_ODTS System/span_15' are matched.

2019-04-03 13:28:08 - [MESSAGE][PASSED] - Actual text and expected text of test object 'Object Repository/Company/Company-03/Page_ODTS System/span_15' are matched.

2019-04-03 13:28:08 - [TEST_STEP][PASSED] - verifyElementText(findTestObject("Company/Company-03/Page_ODTS System/span_65"), "65"): Actual text and expected text of test object 'Object Repository/Company/Company-03/Page_ODTS System/span_65' are matched.

2019-04-03 13:28:08 - [MESSAGE][PASSED] - Actual text and expected text of test object 'Object Repository/Company/Company-03/Page_ODTS System/span_65' are matched.

2019-04-03 13:28:08 - [TEST_STEP][PASSED] - click(findTestObject("Company/Company-03/Page_ODTS System/button_ng")): Object: 'Object Repository/Company/Company-03/Page_ODTS System/button_ng' is clicked on

2019-04-03 13:28:08 - [MESSAGE][PASSED] - Object: 'Object Repository/Company/Company-03/Page_ODTS System/button_ng' is clicked on

2019-04-03 13:28:08 - [TEST_STEP][PASSED] - closeBrowser(): Browser is closed

2019-04-03 13:28:10 - [MESSAGE][PASSED] - Browser is closed]]></system-out>
         <system-err><![CDATA[]]></system-err>
      </testcase>
      <testcase name="Test Cases/Company/Company-04" classname="Test Cases/Company/Company-04" status="PASSED">
         <system-out><![CDATA[2019-04-03 13:28:10 - [TEST_CASE][PASSED] - Test Cases/Company/Company-04: Test Cases/Company/Company-04

2019-04-03 13:28:10 - [TEST_STEP][PASSED] - openBrowser(""): Browser is opened with url: ''

2019-04-03 13:28:10 - [MESSAGE][INFO] - Starting 'Chrome' driver

2019-04-03 13:28:12 - [MESSAGE][PASSED] - Browser is opened with url: ''

2019-04-03 13:28:12 - [TEST_STEP][PASSED] - navigateToUrl("http://helpdesk.unicode.edu.vn/"): Navigate to 'http://helpdesk.unicode.edu.vn/' successfully

2019-04-03 13:28:14 - [MESSAGE][PASSED] - Navigate to 'http://helpdesk.unicode.edu.vn/' successfully

2019-04-03 13:28:14 - [TEST_STEP][PASSED] - setText(findTestObject("Company/Company-04/Page_ODTS System/input_ODTS_username"), "admin01"): Text 'admin01' is set on object 'Object Repository/Company/Company-04/Page_ODTS System/input_ODTS_username'

2019-04-03 13:28:14 - [MESSAGE][PASSED] - Text 'admin01' is set on object 'Object Repository/Company/Company-04/Page_ODTS System/input_ODTS_username'

2019-04-03 13:28:14 - [TEST_STEP][PASSED] - setEncryptedText(findTestObject("Company/Company-04/Page_ODTS System/input_ODTS_password"), "aeHFOx8jV/A="): Text ****** has been set on object 'Object Repository/Company/Company-04/Page_ODTS System/input_ODTS_password'

2019-04-03 13:28:14 - [MESSAGE][PASSED] - Text ****** has been set on object 'Object Repository/Company/Company-04/Page_ODTS System/input_ODTS_password'

2019-04-03 13:28:14 - [TEST_STEP][PASSED] - click(findTestObject("Company/Company-04/Page_ODTS System/button_ng Nhp")): Object: 'Object Repository/Company/Company-04/Page_ODTS System/button_ng Nhp' is clicked on

2019-04-03 13:28:14 - [MESSAGE][PASSED] - Object: 'Object Repository/Company/Company-04/Page_ODTS System/button_ng Nhp' is clicked on

2019-04-03 13:28:14 - [TEST_STEP][PASSED] - click(findTestObject("Company/Company-05/Page_ODTS System/a_Cng Ty")): Object: 'Object Repository/Company/Company-05/Page_ODTS System/a_Cng Ty' is clicked on

2019-04-03 13:28:16 - [MESSAGE][PASSED] - Object: 'Object Repository/Company/Company-05/Page_ODTS System/a_Cng Ty' is clicked on

2019-04-03 13:28:16 - [TEST_STEP][PASSED] - click(findTestObject("Company/Company-04/Page_ODTS System/fieldSearch")): Object: 'Object Repository/Company/Company-04/Page_ODTS System/fieldSearch' is clicked on

2019-04-03 13:28:17 - [MESSAGE][PASSED] - Object: 'Object Repository/Company/Company-04/Page_ODTS System/fieldSearch' is clicked on

2019-04-03 13:28:17 - [TEST_STEP][PASSED] - setText(findTestObject("Company/Company-04/Page_ODTS System/input"), "anhtest"): Text 'anhtest' is set on object 'Object Repository/Company/Company-04/Page_ODTS System/input'

2019-04-03 13:28:17 - [MESSAGE][PASSED] - Text 'anhtest' is set on object 'Object Repository/Company/Company-04/Page_ODTS System/input'

2019-04-03 13:28:17 - [TEST_STEP][PASSED] - click(findTestObject("Company/Company-04/Page_ODTS System/button_Xem Hp ng_btn btn-warni")): Object: 'Object Repository/Company/Company-04/Page_ODTS System/button_Xem Hp ng_btn btn-warni' is clicked on

2019-04-03 13:28:17 - [MESSAGE][PASSED] - Object: 'Object Repository/Company/Company-04/Page_ODTS System/button_Xem Hp ng_btn btn-warni' is clicked on

2019-04-03 13:28:17 - [TEST_STEP][PASSED] - waitForAlert(2): No alert found after 2 second(s).

2019-04-03 13:28:19 - [MESSAGE][WARNING] - No alert found after 2 second(s).

2019-04-03 13:28:19 - [TEST_STEP][PASSED] - setText(findTestObject("Company/Company-04/Page_ODTS System/input_Tn Cng Ty_comNameEdit"), "anhtest22"): Text 'anhtest22' is set on object 'Object Repository/Company/Company-04/Page_ODTS System/input_Tn Cng Ty_comNameEdit'

2019-04-03 13:28:20 - [MESSAGE][PASSED] - Text 'anhtest22' is set on object 'Object Repository/Company/Company-04/Page_ODTS System/input_Tn Cng Ty_comNameEdit'

2019-04-03 13:28:20 - [TEST_STEP][PASSED] - waitForAlert(2): No alert found after 2 second(s).

2019-04-03 13:28:22 - [MESSAGE][WARNING] - No alert found after 2 second(s).

2019-04-03 13:28:22 - [TEST_STEP][PASSED] - setText(findTestObject("Company/Company-04/Page_ODTS System/input_M T_comDescriptionEdit"), "hihi22"): Text 'hihi22' is set on object 'Object Repository/Company/Company-04/Page_ODTS System/input_M T_comDescriptionEdit'

2019-04-03 13:28:22 - [MESSAGE][PASSED] - Text 'hihi22' is set on object 'Object Repository/Company/Company-04/Page_ODTS System/input_M T_comDescriptionEdit'

2019-04-03 13:28:22 - [TEST_STEP][PASSED] - waitForAlert(2): No alert found after 2 second(s).

2019-04-03 13:28:24 - [MESSAGE][WARNING] - No alert found after 2 second(s).

2019-04-03 13:28:24 - [TEST_STEP][PASSED] - setText(findTestObject("Company/Company-04/Page_ODTS System/input_im Bnh Chn()_editPercent"), "70"): Text '70' is set on object 'Object Repository/Company/Company-04/Page_ODTS System/input_im Bnh Chn()_editPercent'

2019-04-03 13:28:24 - [MESSAGE][PASSED] - Text '70' is set on object 'Object Repository/Company/Company-04/Page_ODTS System/input_im Bnh Chn()_editPercent'

2019-04-03 13:28:24 - [TEST_STEP][PASSED] - waitForAlert(2): No alert found after 2 second(s).

2019-04-03 13:28:26 - [MESSAGE][WARNING] - No alert found after 2 second(s).

2019-04-03 13:28:26 - [TEST_STEP][PASSED] - setText(findTestObject("Company/Company-04/Page_ODTS System/input_Kinh Nghim()_editPercent"), "70"): Text '70' is set on object 'Object Repository/Company/Company-04/Page_ODTS System/input_Kinh Nghim()_editPercent'

2019-04-03 13:28:26 - [MESSAGE][PASSED] - Text '70' is set on object 'Object Repository/Company/Company-04/Page_ODTS System/input_Kinh Nghim()_editPercent'

2019-04-03 13:28:26 - [TEST_STEP][PASSED] - waitForAlert(2): No alert found after 2 second(s).

2019-04-03 13:28:28 - [MESSAGE][WARNING] - No alert found after 2 second(s).

2019-04-03 13:28:28 - [TEST_STEP][PASSED] - setText(findTestObject("Company/Company-04/Page_ODTS System/input_ Thn Thuc()_editPercentF"), "70"): Text '70' is set on object 'Object Repository/Company/Company-04/Page_ODTS System/input_ Thn Thuc()_editPercentF'

2019-04-03 13:28:29 - [MESSAGE][PASSED] - Text '70' is set on object 'Object Repository/Company/Company-04/Page_ODTS System/input_ Thn Thuc()_editPercentF'

2019-04-03 13:28:29 - [TEST_STEP][PASSED] - waitForAlert(2): No alert found after 2 second(s).

2019-04-03 13:28:31 - [MESSAGE][WARNING] - No alert found after 2 second(s).

2019-04-03 13:28:31 - [TEST_STEP][PASSED] - UDATE = SimpleDateFormat(HH:mm dd/MM/yyyy).format(getInstance().getTime()): null

2019-04-03 13:28:31 - [TEST_STEP][PASSED] - writer = null: null

2019-04-03 13:28:31 - [TEST_STEP][PASSED] - try: null

2019-04-03 13:28:31 - [TEST_STEP][PASSED] - writer = new java.io.BufferedWriter(new java.io.OutputStreamWriter(new java.io.FileOutputStream(C:\Users\pc\HelpdeskAutomation\upDateCompany.txt), utf-8)): null

2019-04-03 13:28:31 - [TEST_STEP][PASSED] - writer.write(UDATE): null

2019-04-03 13:28:31 - [TEST_STEP][PASSED] - Finally: null

2019-04-03 13:28:31 - [TEST_STEP][PASSED] - try: null

2019-04-03 13:28:31 - [TEST_STEP][PASSED] - writer.close(): null

2019-04-03 13:28:31 - [TEST_STEP][PASSED] - click(findTestObject("Company/Company-04/Page_ODTS System/button_Cp Nht")): Object: 'Object Repository/Company/Company-04/Page_ODTS System/button_Cp Nht' is clicked on

2019-04-03 13:28:31 - [MESSAGE][PASSED] - Object: 'Object Repository/Company/Company-04/Page_ODTS System/button_Cp Nht' is clicked on

2019-04-03 13:28:31 - [TEST_STEP][PASSED] - click(findTestObject("Company/Company-04/Page_ODTS System/button_OK")): Object: 'Object Repository/Company/Company-04/Page_ODTS System/button_OK' is clicked on

2019-04-03 13:28:32 - [MESSAGE][PASSED] - Object: 'Object Repository/Company/Company-04/Page_ODTS System/button_OK' is clicked on

2019-04-03 13:28:32 - [TEST_STEP][PASSED] - waitForAlert(1): No alert found after 1 second(s).

2019-04-03 13:28:33 - [MESSAGE][WARNING] - No alert found after 1 second(s).

2019-04-03 13:28:33 - [TEST_STEP][PASSED] - click(findTestObject("Company/Company-04/Page_ODTS System/button_Xem Hp ng_btn btn-info")): Object: 'Object Repository/Company/Company-04/Page_ODTS System/button_Xem Hp ng_btn btn-info' is clicked on

2019-04-03 13:28:33 - [MESSAGE][PASSED] - Object: 'Object Repository/Company/Company-04/Page_ODTS System/button_Xem Hp ng_btn btn-info' is clicked on

2019-04-03 13:28:33 - [TEST_STEP][PASSED] - waitForAlert(2): No alert found after 2 second(s).

2019-04-03 13:28:35 - [MESSAGE][WARNING] - No alert found after 2 second(s).

2019-04-03 13:28:35 - [TEST_STEP][PASSED] - verifyElementText(findTestObject("Company/Company-04/Page_ODTS System/p_anhtest22"), "anhtest22"): Actual text and expected text of test object 'Object Repository/Company/Company-04/Page_ODTS System/p_anhtest22' are matched.

2019-04-03 13:28:35 - [MESSAGE][PASSED] - Actual text and expected text of test object 'Object Repository/Company/Company-04/Page_ODTS System/p_anhtest22' are matched.

2019-04-03 13:28:35 - [TEST_STEP][PASSED] - verifyElementText(findTestObject("Company/Company-04/Page_ODTS System/p_hihi22"), "hihi22"): Actual text and expected text of test object 'Object Repository/Company/Company-04/Page_ODTS System/p_hihi22' are matched.

2019-04-03 13:28:35 - [MESSAGE][PASSED] - Actual text and expected text of test object 'Object Repository/Company/Company-04/Page_ODTS System/p_hihi22' are matched.

2019-04-03 13:28:35 - [TEST_STEP][PASSED] - CDATE = null: null

2019-04-03 13:28:35 - [TEST_STEP][PASSED] - br = null: null

2019-04-03 13:28:35 - [TEST_STEP][PASSED] - try: null

2019-04-03 13:28:35 - [TEST_STEP][PASSED] - br = new java.io.BufferedReader(new java.io.FileReader(C:\Users\pc\HelpdeskAutomation\creDateCompany.txt)): null

2019-04-03 13:28:35 - [TEST_STEP][PASSED] - sCurrentLine = <not implemented yet for class: org.codehaus.groovy.ast.expr.EmptyExpression>: null

2019-04-03 13:28:35 - [TEST_STEP][PASSED] - while (sCurrentLine = br.readLine() != null): null

2019-04-03 13:28:35 - [TEST_STEP][PASSED] - CDATE = sCurrentLine: null

2019-04-03 13:28:35 - [TEST_STEP][PASSED] - Finally: null

2019-04-03 13:28:35 - [TEST_STEP][PASSED] - br.close(): null

2019-04-03 13:28:35 - [TEST_STEP][PASSED] - verifyElementText(findTestObject("Company/Company-04/Page_ODTS System/p_1458 21022019"), CDATE): Actual text and expected text of test object 'Object Repository/Company/Company-04/Page_ODTS System/p_1458 21022019' are matched.

2019-04-03 13:28:35 - [MESSAGE][PASSED] - Actual text and expected text of test object 'Object Repository/Company/Company-04/Page_ODTS System/p_1458 21022019' are matched.

2019-04-03 13:28:35 - [TEST_STEP][PASSED] - verifyElementText(findTestObject("Company/Company-04/Page_ODTS System/p_1503 21022019"), UDATE): Actual text and expected text of test object 'Object Repository/Company/Company-04/Page_ODTS System/p_1503 21022019' are matched.

2019-04-03 13:28:35 - [MESSAGE][PASSED] - Actual text and expected text of test object 'Object Repository/Company/Company-04/Page_ODTS System/p_1503 21022019' are matched.

2019-04-03 13:28:35 - [TEST_STEP][PASSED] - verifyElementText(findTestObject("Company/Company-04/Page_ODTS System/span_70"), "70"): Actual text and expected text of test object 'Object Repository/Company/Company-04/Page_ODTS System/span_70' are matched.

2019-04-03 13:28:36 - [MESSAGE][PASSED] - Actual text and expected text of test object 'Object Repository/Company/Company-04/Page_ODTS System/span_70' are matched.

2019-04-03 13:28:36 - [TEST_STEP][PASSED] - verifyElementText(findTestObject("Company/Company-04/Page_ODTS System/span_70_1"), "70"): Actual text and expected text of test object 'Object Repository/Company/Company-04/Page_ODTS System/span_70_1' are matched.

2019-04-03 13:28:36 - [MESSAGE][PASSED] - Actual text and expected text of test object 'Object Repository/Company/Company-04/Page_ODTS System/span_70_1' are matched.

2019-04-03 13:28:36 - [TEST_STEP][PASSED] - verifyElementText(findTestObject("Company/Company-04/Page_ODTS System/span_70_2"), "70"): Actual text and expected text of test object 'Object Repository/Company/Company-04/Page_ODTS System/span_70_2' are matched.

2019-04-03 13:28:36 - [MESSAGE][PASSED] - Actual text and expected text of test object 'Object Repository/Company/Company-04/Page_ODTS System/span_70_2' are matched.

2019-04-03 13:28:36 - [TEST_STEP][PASSED] - click(findTestObject("Company/Company-04/Page_ODTS System/button_ng")): Object: 'Object Repository/Company/Company-04/Page_ODTS System/button_ng' is clicked on

2019-04-03 13:28:36 - [MESSAGE][PASSED] - Object: 'Object Repository/Company/Company-04/Page_ODTS System/button_ng' is clicked on

2019-04-03 13:28:36 - [TEST_STEP][PASSED] - closeBrowser(): Browser is closed

2019-04-03 13:28:37 - [MESSAGE][PASSED] - Browser is closed]]></system-out>
         <system-err><![CDATA[]]></system-err>
      </testcase>
      <testcase name="Test Cases/Company/Company-05" classname="Test Cases/Company/Company-05" status="PASSED">
         <system-out><![CDATA[2019-04-03 13:28:37 - [TEST_CASE][PASSED] - Test Cases/Company/Company-05: Test Cases/Company/Company-05

2019-04-03 13:28:38 - [TEST_STEP][PASSED] - openBrowser(""): Browser is opened with url: ''

2019-04-03 13:28:38 - [MESSAGE][INFO] - Starting 'Chrome' driver

2019-04-03 13:28:40 - [MESSAGE][PASSED] - Browser is opened with url: ''

2019-04-03 13:28:40 - [TEST_STEP][PASSED] - navigateToUrl("http://helpdesk.unicode.edu.vn/"): Navigate to 'http://helpdesk.unicode.edu.vn/' successfully

2019-04-03 13:28:42 - [MESSAGE][PASSED] - Navigate to 'http://helpdesk.unicode.edu.vn/' successfully

2019-04-03 13:28:42 - [TEST_STEP][PASSED] - setText(findTestObject("Company/Company-05/Page_ODTS System/input_ODTS_username"), "admin01"): Text 'admin01' is set on object 'Object Repository/Company/Company-05/Page_ODTS System/input_ODTS_username'

2019-04-03 13:28:43 - [MESSAGE][PASSED] - Text 'admin01' is set on object 'Object Repository/Company/Company-05/Page_ODTS System/input_ODTS_username'

2019-04-03 13:28:43 - [TEST_STEP][PASSED] - setEncryptedText(findTestObject("Company/Company-05/Page_ODTS System/input_ODTS_password"), "aeHFOx8jV/A="): Text ****** has been set on object 'Object Repository/Company/Company-05/Page_ODTS System/input_ODTS_password'

2019-04-03 13:28:43 - [MESSAGE][PASSED] - Text ****** has been set on object 'Object Repository/Company/Company-05/Page_ODTS System/input_ODTS_password'

2019-04-03 13:28:43 - [TEST_STEP][PASSED] - click(findTestObject("Company/Company-05/Page_ODTS System/button_ng Nhp")): Object: 'Object Repository/Company/Company-05/Page_ODTS System/button_ng Nhp' is clicked on

2019-04-03 13:28:43 - [MESSAGE][PASSED] - Object: 'Object Repository/Company/Company-05/Page_ODTS System/button_ng Nhp' is clicked on

2019-04-03 13:28:43 - [TEST_STEP][PASSED] - click(findTestObject("Company/Company-05/Page_ODTS System/a_Cng Ty")): Object: 'Object Repository/Company/Company-05/Page_ODTS System/a_Cng Ty' is clicked on

2019-04-03 13:28:44 - [MESSAGE][PASSED] - Object: 'Object Repository/Company/Company-05/Page_ODTS System/a_Cng Ty' is clicked on

2019-04-03 13:28:45 - [TEST_STEP][PASSED] - click(findTestObject("Company/Company-05/Page_ODTS System/fieldSearch")): Object: 'Object Repository/Company/Company-05/Page_ODTS System/fieldSearch' is clicked on

2019-04-03 13:28:45 - [MESSAGE][PASSED] - Object: 'Object Repository/Company/Company-05/Page_ODTS System/fieldSearch' is clicked on

2019-04-03 13:28:45 - [TEST_STEP][PASSED] - setText(findTestObject("Company/Company-05/Page_ODTS System/input"), "anhtest"): Text 'anhtest' is set on object 'Object Repository/Company/Company-05/Page_ODTS System/input'

2019-04-03 13:28:45 - [MESSAGE][PASSED] - Text 'anhtest' is set on object 'Object Repository/Company/Company-05/Page_ODTS System/input'

2019-04-03 13:28:45 - [TEST_STEP][PASSED] - click(findTestObject("Company/Company-05/Page_ODTS System/button_Xem Hp ng_btn btn-dange")): Object: 'Object Repository/Company/Company-05/Page_ODTS System/button_Xem Hp ng_btn btn-dange' is clicked on

2019-04-03 13:28:45 - [MESSAGE][PASSED] - Object: 'Object Repository/Company/Company-05/Page_ODTS System/button_Xem Hp ng_btn btn-dange' is clicked on

2019-04-03 13:28:45 - [TEST_STEP][PASSED] - click(findTestObject("Company/Company-05/Page_ODTS System/button_Chp Nhn Xa")): Object: 'Object Repository/Company/Company-05/Page_ODTS System/button_Chp Nhn Xa' is clicked on

2019-04-03 13:28:45 - [MESSAGE][PASSED] - Object: 'Object Repository/Company/Company-05/Page_ODTS System/button_Chp Nhn Xa' is clicked on

2019-04-03 13:28:45 - [TEST_STEP][PASSED] - click(findTestObject("Company/Company-05/Page_ODTS System/button_OK")): Object: 'Object Repository/Company/Company-05/Page_ODTS System/button_OK' is clicked on

2019-04-03 13:28:45 - [MESSAGE][PASSED] - Object: 'Object Repository/Company/Company-05/Page_ODTS System/button_OK' is clicked on

2019-04-03 13:28:45 - [TEST_STEP][PASSED] - writer2 = new java.io.PrintWriter(C:\Users\pc\HelpdeskAutomation\creDateCompany.txt): null

2019-04-03 13:28:45 - [TEST_STEP][PASSED] - writer2.print(""): null

2019-04-03 13:28:46 - [TEST_STEP][PASSED] - writer2.close(): null

2019-04-03 13:28:46 - [TEST_STEP][PASSED] - writer = new java.io.PrintWriter(C:\Users\pc\HelpdeskAutomation\upDateCompany.txt): null

2019-04-03 13:28:46 - [TEST_STEP][PASSED] - writer.print(""): null

2019-04-03 13:28:46 - [TEST_STEP][PASSED] - writer.close(): null

2019-04-03 13:28:46 - [TEST_STEP][PASSED] - verifyElementVisible(findTestObject("Company/Company-05/Page_ODTS System/td_Khng c d liu ph hp")): Object 'Object Repository/Company/Company-05/Page_ODTS System/td_Khng c d liu ph hp' is visible

2019-04-03 13:28:46 - [MESSAGE][PASSED] - Object 'Object Repository/Company/Company-05/Page_ODTS System/td_Khng c d liu ph hp' is visible

2019-04-03 13:28:46 - [TEST_STEP][PASSED] - closeBrowser(): Browser is closed

2019-04-03 13:28:47 - [MESSAGE][PASSED] - Browser is closed]]></system-out>
         <system-err><![CDATA[]]></system-err>
      </testcase>
      <system-out><![CDATA[2019-04-03 13:26:37 - [TEST_SUITE][PASSED] - Company01-03-04-05: Test Cases/Company/Company-05]]></system-out>
      <system-err><![CDATA[]]></system-err>
   </testsuite>
</testsuites>
