<?xml version="1.0" encoding="UTF-8"?>
<testsuites name="AccountSystem01-02-03-04" time="72" tests="4" failures="0" errors="0">
   <testsuite name="AccountSystem01-02-03-04" tests="4" failures="0" errors="0" time="72" timestamp="2019-03-01 11:48:30" hostname="Ninja - AnhNVSE63446" id="Test Suites/AccountSystem01-02-03-04">
      <properties>
         <property name="deviceName" value=""/>
         <property name="devicePlatform" value=""/>
         <property name="logFolder" value="C:\\Users\\pc\\HelpdeskAutomation\\Reports\\AccountSystem01-02-03-04\\20190301_114820"/>
         <property name="logFiles" value="C:\\Users\\pc\\HelpdeskAutomation\\Reports\\AccountSystem01-02-03-04\\20190301_114820\\execution0.log"/>
         <property name="attachments" value=""/>
         <property name="hostName" value="Ninja - AnhNVSE63446"/>
         <property name="os" value="Windows 10 64bit"/>
         <property name="katalonVersion" value="5.10.0.1"/>
         <property name="browser" value="Chrome 72.0.3626.119"/>
         <property name="hostAddress" value="192.168.175.1"/>
         <property name="sessionId" value="3db3052f66106647c26efd086fbab2f1"/>
         <property name="seleniumVersion" value="3.7.1"/>
         <property name="proxyInformation" value="ProxyInformation{proxyOption=NO_PROXY, proxyServerType=HTTP, password=, proxyServerAddress=, proxyServerPort=0}"/>
         <property name="platform" value="Windows 10"/>
      </properties>
      <testcase name="Test Cases/AccountSystem/AccountSystem-01" classname="Test Cases/AccountSystem/AccountSystem-01" status="PASSED">
         <system-out><![CDATA[2019-03-01 11:48:31 - [TEST_CASE][PASSED] - Test Cases/AccountSystem/AccountSystem-01: Test Cases/AccountSystem/AccountSystem-01

2019-03-01 11:48:32 - [TEST_STEP][PASSED] - openBrowser(""): Browser is opened with url: ''

2019-03-01 11:48:33 - [MESSAGE][INFO] - Starting 'Chrome' driver

2019-03-01 11:48:33 - [MESSAGE][INFO] - Action delay is set to 0 seconds

2019-03-01 11:48:38 - [MESSAGE][PASSED] - Browser is opened with url: ''

2019-03-01 11:48:38 - [TEST_STEP][PASSED] - navigateToUrl("http://helpdesk.wisky.vn/"): Navigate to 'http://helpdesk.wisky.vn/' successfully

2019-03-01 11:48:40 - [MESSAGE][PASSED] - Navigate to 'http://helpdesk.wisky.vn/' successfully

2019-03-01 11:48:40 - [TEST_STEP][PASSED] - setText(findTestObject("Object Repository/AccountSystem/AccountSystem-01/Page_ODTS System/input_ODTS_username"), "admin01"): Text 'admin01' is set on object 'Object Repository/AccountSystem/AccountSystem-01/Page_ODTS System/input_ODTS_username'

2019-03-01 11:48:40 - [MESSAGE][PASSED] - Text 'admin01' is set on object 'Object Repository/AccountSystem/AccountSystem-01/Page_ODTS System/input_ODTS_username'

2019-03-01 11:48:40 - [TEST_STEP][PASSED] - setEncryptedText(findTestObject("Object Repository/AccountSystem/AccountSystem-01/Page_ODTS System/input_ODTS_password"), "aeHFOx8jV/A="): Text ****** has been set on object 'Object Repository/AccountSystem/AccountSystem-01/Page_ODTS System/input_ODTS_password'

2019-03-01 11:48:40 - [MESSAGE][PASSED] - Text ****** has been set on object 'Object Repository/AccountSystem/AccountSystem-01/Page_ODTS System/input_ODTS_password'

2019-03-01 11:48:40 - [TEST_STEP][PASSED] - click(findTestObject("Object Repository/AccountSystem/AccountSystem-01/Page_ODTS System/button_ng Nhp")): Object: 'Object Repository/AccountSystem/AccountSystem-01/Page_ODTS System/button_ng Nhp' is clicked on

2019-03-01 11:48:42 - [MESSAGE][PASSED] - Object: 'Object Repository/AccountSystem/AccountSystem-01/Page_ODTS System/button_ng Nhp' is clicked on

2019-03-01 11:48:42 - [TEST_STEP][PASSED] - click(findTestObject("Object Repository/AccountSystem/AccountSystem-01/Page_ODTS System/a_H Thng Ti Khon")): Object: 'Object Repository/AccountSystem/AccountSystem-01/Page_ODTS System/a_H Thng Ti Khon' is clicked on

2019-03-01 11:48:43 - [MESSAGE][PASSED] - Object: 'Object Repository/AccountSystem/AccountSystem-01/Page_ODTS System/a_H Thng Ti Khon' is clicked on

2019-03-01 11:48:43 - [TEST_STEP][PASSED] - click(findTestObject("Object Repository/AccountSystem/AccountSystem-01/Page_ODTS System/button_To Ti Khon")): Object: 'Object Repository/AccountSystem/AccountSystem-01/Page_ODTS System/button_To Ti Khon' is clicked on

2019-03-01 11:48:43 - [MESSAGE][PASSED] - Object: 'Object Repository/AccountSystem/AccountSystem-01/Page_ODTS System/button_To Ti Khon' is clicked on

2019-03-01 11:48:43 - [TEST_STEP][PASSED] - waitForAlert(1): No alert found after 1 second(s).

2019-03-01 11:48:44 - [MESSAGE][WARNING] - No alert found after 1 second(s).

2019-03-01 11:48:44 - [TEST_STEP][PASSED] - click(findTestObject("Object Repository/AccountSystem/AccountSystem-01/Page_ODTS System/span_--Chn quyn ti khon--")): Object: 'Object Repository/AccountSystem/AccountSystem-01/Page_ODTS System/span_--Chn quyn ti khon--' is clicked on

2019-03-01 11:48:44 - [MESSAGE][PASSED] - Object: 'Object Repository/AccountSystem/AccountSystem-01/Page_ODTS System/span_--Chn quyn ti khon--' is clicked on

2019-03-01 11:48:44 - [TEST_STEP][PASSED] - setText(findTestObject("Object Repository/AccountSystem/AccountSystem-01/Page_ODTS System/input_ng_select2-search__field"), "Admin"): Text 'Admin' is set on object 'Object Repository/AccountSystem/AccountSystem-01/Page_ODTS System/input_ng_select2-search__field'

2019-03-01 11:48:45 - [MESSAGE][PASSED] - Text 'Admin' is set on object 'Object Repository/AccountSystem/AccountSystem-01/Page_ODTS System/input_ng_select2-search__field'

2019-03-01 11:48:45 - [TEST_STEP][PASSED] - sendKeys(findTestObject("Object Repository/AccountSystem/AccountSystem-01/Page_ODTS System/input_ng_select2-search__field"), Keys.chord(ENTER)): Keys 'ENTER + ' sent to object: 'Object Repository/AccountSystem/AccountSystem-01/Page_ODTS System/input_ng_select2-search__field'

2019-03-01 11:48:45 - [MESSAGE][PASSED] - Keys 'ENTER + ' sent to object: 'Object Repository/AccountSystem/AccountSystem-01/Page_ODTS System/input_ng_select2-search__field'

2019-03-01 11:48:45 - [TEST_STEP][PASSED] - waitForAlert(1): No alert found after 1 second(s).

2019-03-01 11:48:46 - [MESSAGE][WARNING] - No alert found after 1 second(s).

2019-03-01 11:48:46 - [TEST_STEP][PASSED] - setText(findTestObject("Object Repository/AccountSystem/AccountSystem-01/Page_ODTS System/input_Tn ng Nhp_accNameCreate"), "anhtest"): Text 'anhtest' is set on object 'Object Repository/AccountSystem/AccountSystem-01/Page_ODTS System/input_Tn ng Nhp_accNameCreate'

2019-03-01 11:48:46 - [MESSAGE][PASSED] - Text 'anhtest' is set on object 'Object Repository/AccountSystem/AccountSystem-01/Page_ODTS System/input_Tn ng Nhp_accNameCreate'

2019-03-01 11:48:46 - [TEST_STEP][PASSED] - waitForAlert(1): No alert found after 1 second(s).

2019-03-01 11:48:47 - [MESSAGE][WARNING] - No alert found after 1 second(s).

2019-03-01 11:48:47 - [TEST_STEP][PASSED] - setEncryptedText(findTestObject("Object Repository/AccountSystem/AccountSystem-01/Page_ODTS System/input_Mt Khu_accPassCreate"), "aeHFOx8jV/A="): Text ****** has been set on object 'Object Repository/AccountSystem/AccountSystem-01/Page_ODTS System/input_Mt Khu_accPassCreate'

2019-03-01 11:48:48 - [MESSAGE][PASSED] - Text ****** has been set on object 'Object Repository/AccountSystem/AccountSystem-01/Page_ODTS System/input_Mt Khu_accPassCreate'

2019-03-01 11:48:48 - [TEST_STEP][PASSED] - waitForAlert(1): No alert found after 1 second(s).

2019-03-01 11:48:49 - [MESSAGE][WARNING] - No alert found after 1 second(s).

2019-03-01 11:48:49 - [TEST_STEP][PASSED] - CDATE = SimpleDateFormat(HH:mm dd/MM/yyyy).format(getInstance().getTime()): null

2019-03-01 11:48:49 - [TEST_STEP][PASSED] - writer = null: null

2019-03-01 11:48:49 - [TEST_STEP][PASSED] - writer2 = null: null

2019-03-01 11:48:49 - [TEST_STEP][PASSED] - try: null

2019-03-01 11:48:49 - [TEST_STEP][PASSED] - writer = new java.io.BufferedWriter(new java.io.OutputStreamWriter(new java.io.FileOutputStream(C:\Users\pc\HelpdeskAutomation\creDateAccountSystem.txt), utf-8)): null

2019-03-01 11:48:49 - [TEST_STEP][PASSED] - writer.write(CDATE): null

2019-03-01 11:48:49 - [TEST_STEP][PASSED] - writer2 = new java.io.BufferedWriter(new java.io.OutputStreamWriter(new java.io.FileOutputStream(C:\Users\pc\HelpdeskAutomation\upDateAccountSystem.txt), utf-8)): null

2019-03-01 11:48:49 - [TEST_STEP][PASSED] - writer2.write(CDATE): null

2019-03-01 11:48:49 - [TEST_STEP][PASSED] - Finally: null

2019-03-01 11:48:49 - [TEST_STEP][PASSED] - try: null

2019-03-01 11:48:49 - [TEST_STEP][PASSED] - writer.close(): null

2019-03-01 11:48:49 - [TEST_STEP][PASSED] - writer2.close(): null

2019-03-01 11:48:49 - [TEST_STEP][PASSED] - click(findTestObject("Object Repository/AccountSystem/AccountSystem-01/Page_ODTS System/button_To Mi")): Object: 'Object Repository/AccountSystem/AccountSystem-01/Page_ODTS System/button_To Mi' is clicked on

2019-03-01 11:48:50 - [MESSAGE][PASSED] - Object: 'Object Repository/AccountSystem/AccountSystem-01/Page_ODTS System/button_To Mi' is clicked on

2019-03-01 11:48:50 - [TEST_STEP][PASSED] - waitForAlert(1): No alert found after 1 second(s).

2019-03-01 11:48:51 - [MESSAGE][WARNING] - No alert found after 1 second(s).

2019-03-01 11:48:51 - [TEST_STEP][PASSED] - click(findTestObject("Object Repository/AccountSystem/AccountSystem-01/Page_ODTS System/button_OK")): Object: 'Object Repository/AccountSystem/AccountSystem-01/Page_ODTS System/button_OK' is clicked on

2019-03-01 11:48:51 - [MESSAGE][PASSED] - Object: 'Object Repository/AccountSystem/AccountSystem-01/Page_ODTS System/button_OK' is clicked on

2019-03-01 11:48:51 - [TEST_STEP][PASSED] - click(findTestObject("Object Repository/AccountSystem/AccountSystem-01/Page_ODTS System/fieldSearch2")): Object: 'Object Repository/AccountSystem/AccountSystem-01/Page_ODTS System/fieldSearch2' is clicked on

2019-03-01 11:48:52 - [MESSAGE][PASSED] - Object: 'Object Repository/AccountSystem/AccountSystem-01/Page_ODTS System/fieldSearch2' is clicked on

2019-03-01 11:48:52 - [TEST_STEP][PASSED] - setText(findTestObject("Object Repository/AccountSystem/AccountSystem-01/Page_ODTS System/input"), "admin anhtest"): Text 'admin anhtest' is set on object 'Object Repository/AccountSystem/AccountSystem-01/Page_ODTS System/input'

2019-03-01 11:48:53 - [MESSAGE][PASSED] - Text 'admin anhtest' is set on object 'Object Repository/AccountSystem/AccountSystem-01/Page_ODTS System/input'

2019-03-01 11:48:53 - [TEST_STEP][PASSED] - verifyElementText(findTestObject("Object Repository/AccountSystem/AccountSystem-01/Page_ODTS System/td_Admin"), "Admin"): Actual text and expected text of test object 'Object Repository/AccountSystem/AccountSystem-01/Page_ODTS System/td_Admin' are matched.

2019-03-01 11:48:53 - [MESSAGE][PASSED] - Actual text and expected text of test object 'Object Repository/AccountSystem/AccountSystem-01/Page_ODTS System/td_Admin' are matched.

2019-03-01 11:48:53 - [TEST_STEP][PASSED] - verifyElementText(findTestObject("Object Repository/AccountSystem/AccountSystem-01/Page_ODTS System/td_anhtest"), "anhtest"): Actual text and expected text of test object 'Object Repository/AccountSystem/AccountSystem-01/Page_ODTS System/td_anhtest' are matched.

2019-03-01 11:48:53 - [MESSAGE][PASSED] - Actual text and expected text of test object 'Object Repository/AccountSystem/AccountSystem-01/Page_ODTS System/td_anhtest' are matched.

2019-03-01 11:48:53 - [TEST_STEP][PASSED] - verifyElementText(findTestObject("Object Repository/AccountSystem/AccountSystem-01/Page_ODTS System/td_1109 01032019"), CDATE): Actual text and expected text of test object 'Object Repository/AccountSystem/AccountSystem-01/Page_ODTS System/td_1109 01032019' are matched.

2019-03-01 11:48:53 - [MESSAGE][PASSED] - Actual text and expected text of test object 'Object Repository/AccountSystem/AccountSystem-01/Page_ODTS System/td_1109 01032019' are matched.

2019-03-01 11:48:53 - [TEST_STEP][PASSED] - closeBrowser(): Browser is closed

2019-03-01 11:48:54 - [MESSAGE][PASSED] - Browser is closed]]></system-out>
         <system-err><![CDATA[]]></system-err>
      </testcase>
      <testcase name="Test Cases/AccountSystem/AccountSystem-02" classname="Test Cases/AccountSystem/AccountSystem-02" status="PASSED">
         <system-out><![CDATA[2019-03-01 11:48:54 - [TEST_CASE][PASSED] - Test Cases/AccountSystem/AccountSystem-02: Test Cases/AccountSystem/AccountSystem-02

2019-03-01 11:48:55 - [TEST_STEP][PASSED] - openBrowser(""): Browser is opened with url: ''

2019-03-01 11:48:55 - [MESSAGE][INFO] - Starting 'Chrome' driver

2019-03-01 11:48:57 - [MESSAGE][PASSED] - Browser is opened with url: ''

2019-03-01 11:48:57 - [TEST_STEP][PASSED] - navigateToUrl("http://helpdesk.wisky.vn/"): Navigate to 'http://helpdesk.wisky.vn/' successfully

2019-03-01 11:48:59 - [MESSAGE][PASSED] - Navigate to 'http://helpdesk.wisky.vn/' successfully

2019-03-01 11:48:59 - [TEST_STEP][PASSED] - setText(findTestObject("Object Repository/AccountSystem/AccountSystem-02/Page_ODTS System/input_ODTS_username"), "admin01"): Text 'admin01' is set on object 'Object Repository/AccountSystem/AccountSystem-02/Page_ODTS System/input_ODTS_username'

2019-03-01 11:48:59 - [MESSAGE][PASSED] - Text 'admin01' is set on object 'Object Repository/AccountSystem/AccountSystem-02/Page_ODTS System/input_ODTS_username'

2019-03-01 11:48:59 - [TEST_STEP][PASSED] - setEncryptedText(findTestObject("Object Repository/AccountSystem/AccountSystem-02/Page_ODTS System/input_ODTS_password"), "aeHFOx8jV/A="): Text ****** has been set on object 'Object Repository/AccountSystem/AccountSystem-02/Page_ODTS System/input_ODTS_password'

2019-03-01 11:48:59 - [MESSAGE][PASSED] - Text ****** has been set on object 'Object Repository/AccountSystem/AccountSystem-02/Page_ODTS System/input_ODTS_password'

2019-03-01 11:48:59 - [TEST_STEP][PASSED] - click(findTestObject("Object Repository/AccountSystem/AccountSystem-02/Page_ODTS System/button_ng Nhp")): Object: 'Object Repository/AccountSystem/AccountSystem-02/Page_ODTS System/button_ng Nhp' is clicked on

2019-03-01 11:49:00 - [MESSAGE][PASSED] - Object: 'Object Repository/AccountSystem/AccountSystem-02/Page_ODTS System/button_ng Nhp' is clicked on

2019-03-01 11:49:00 - [TEST_STEP][PASSED] - click(findTestObject("Object Repository/AccountSystem/AccountSystem-02/Page_ODTS System/a_H Thng Ti Khon")): Object: 'Object Repository/AccountSystem/AccountSystem-02/Page_ODTS System/a_H Thng Ti Khon' is clicked on

2019-03-01 11:49:02 - [MESSAGE][PASSED] - Object: 'Object Repository/AccountSystem/AccountSystem-02/Page_ODTS System/a_H Thng Ti Khon' is clicked on

2019-03-01 11:49:02 - [TEST_STEP][PASSED] - click(findTestObject("Object Repository/AccountSystem/AccountSystem-02/Page_ODTS System/fieldSearch2")): Object: 'Object Repository/AccountSystem/AccountSystem-02/Page_ODTS System/fieldSearch2' is clicked on

2019-03-01 11:49:02 - [MESSAGE][PASSED] - Object: 'Object Repository/AccountSystem/AccountSystem-02/Page_ODTS System/fieldSearch2' is clicked on

2019-03-01 11:49:02 - [TEST_STEP][PASSED] - setText(findTestObject("Object Repository/AccountSystem/AccountSystem-02/Page_ODTS System/input"), "admin anhtest"): Text 'admin anhtest' is set on object 'Object Repository/AccountSystem/AccountSystem-02/Page_ODTS System/input'

2019-03-01 11:49:03 - [MESSAGE][PASSED] - Text 'admin anhtest' is set on object 'Object Repository/AccountSystem/AccountSystem-02/Page_ODTS System/input'

2019-03-01 11:49:03 - [TEST_STEP][PASSED] - click(findTestObject("Object Repository/AccountSystem/AccountSystem-02/Page_ODTS System/button_anhtest_btn btn-info fa")): Object: 'Object Repository/AccountSystem/AccountSystem-02/Page_ODTS System/button_anhtest_btn btn-info fa' is clicked on

2019-03-01 11:49:03 - [MESSAGE][PASSED] - Object: 'Object Repository/AccountSystem/AccountSystem-02/Page_ODTS System/button_anhtest_btn btn-info fa' is clicked on

2019-03-01 11:49:03 - [TEST_STEP][PASSED] - waitForAlert(1): No alert found after 1 second(s).

2019-03-01 11:49:04 - [MESSAGE][WARNING] - No alert found after 1 second(s).

2019-03-01 11:49:04 - [TEST_STEP][PASSED] - verifyElementText(findTestObject("Object Repository/AccountSystem/AccountSystem-02/Page_ODTS System/p_Admin"), "Admin"): Actual text and expected text of test object 'Object Repository/AccountSystem/AccountSystem-02/Page_ODTS System/p_Admin' are matched.

2019-03-01 11:49:04 - [MESSAGE][PASSED] - Actual text and expected text of test object 'Object Repository/AccountSystem/AccountSystem-02/Page_ODTS System/p_Admin' are matched.

2019-03-01 11:49:04 - [TEST_STEP][PASSED] - verifyElementText(findTestObject("Object Repository/AccountSystem/AccountSystem-02/Page_ODTS System/p_anhtest"), "anhtest"): Actual text and expected text of test object 'Object Repository/AccountSystem/AccountSystem-02/Page_ODTS System/p_anhtest' are matched.

2019-03-01 11:49:04 - [MESSAGE][PASSED] - Actual text and expected text of test object 'Object Repository/AccountSystem/AccountSystem-02/Page_ODTS System/p_anhtest' are matched.

2019-03-01 11:49:04 - [TEST_STEP][PASSED] - CDATE = null: null

2019-03-01 11:49:04 - [TEST_STEP][PASSED] - UDATE = null: null

2019-03-01 11:49:04 - [TEST_STEP][PASSED] - br = null: null

2019-03-01 11:49:04 - [TEST_STEP][PASSED] - try: null

2019-03-01 11:49:04 - [TEST_STEP][PASSED] - br = new java.io.BufferedReader(new java.io.FileReader(C:\Users\pc\HelpdeskAutomation\creDateAccountSystem.txt)): null

2019-03-01 11:49:04 - [TEST_STEP][PASSED] - sCurrentLine = <not implemented yet for class: org.codehaus.groovy.ast.expr.EmptyExpression>: null

2019-03-01 11:49:04 - [TEST_STEP][PASSED] - while (sCurrentLine = br.readLine() != null): null

2019-03-01 11:49:04 - [TEST_STEP][PASSED] - CDATE = sCurrentLine: null

2019-03-01 11:49:04 - [TEST_STEP][PASSED] - br = new java.io.BufferedReader(new java.io.FileReader(C:\Users\pc\HelpdeskAutomation\upDateAccountSystem.txt)): null

2019-03-01 11:49:04 - [TEST_STEP][PASSED] - sCurrentLine: null

2019-03-01 11:49:04 - [TEST_STEP][PASSED] - while (sCurrentLine = br.readLine() != null): null

2019-03-01 11:49:04 - [TEST_STEP][PASSED] - UDATE = sCurrentLine: null

2019-03-01 11:49:04 - [TEST_STEP][PASSED] - Finally: null

2019-03-01 11:49:04 - [TEST_STEP][PASSED] - br.close(): null

2019-03-01 11:49:04 - [TEST_STEP][PASSED] - verifyElementText(findTestObject("Object Repository/AccountSystem/AccountSystem-02/Page_ODTS System/p_1118 01032019"), CDATE): Actual text and expected text of test object 'Object Repository/AccountSystem/AccountSystem-02/Page_ODTS System/p_1118 01032019' are matched.

2019-03-01 11:49:05 - [MESSAGE][PASSED] - Actual text and expected text of test object 'Object Repository/AccountSystem/AccountSystem-02/Page_ODTS System/p_1118 01032019' are matched.

2019-03-01 11:49:05 - [TEST_STEP][PASSED] - verifyElementText(findTestObject("Object Repository/AccountSystem/AccountSystem-02/Page_ODTS System/p_1118 01032019_1"), UDATE): Actual text and expected text of test object 'Object Repository/AccountSystem/AccountSystem-02/Page_ODTS System/p_1118 01032019_1' are matched.

2019-03-01 11:49:05 - [MESSAGE][PASSED] - Actual text and expected text of test object 'Object Repository/AccountSystem/AccountSystem-02/Page_ODTS System/p_1118 01032019_1' are matched.

2019-03-01 11:49:05 - [TEST_STEP][PASSED] - click(findTestObject("Object Repository/AccountSystem/AccountSystem-02/Page_ODTS System/button_ng")): Object: 'Object Repository/AccountSystem/AccountSystem-02/Page_ODTS System/button_ng' is clicked on

2019-03-01 11:49:05 - [MESSAGE][PASSED] - Object: 'Object Repository/AccountSystem/AccountSystem-02/Page_ODTS System/button_ng' is clicked on

2019-03-01 11:49:05 - [TEST_STEP][PASSED] - closeBrowser(): Browser is closed

2019-03-01 11:49:06 - [MESSAGE][PASSED] - Browser is closed]]></system-out>
         <system-err><![CDATA[]]></system-err>
      </testcase>
      <testcase name="Test Cases/AccountSystem/AccountSystem-03" classname="Test Cases/AccountSystem/AccountSystem-03" status="PASSED">
         <system-out><![CDATA[2019-03-01 11:49:06 - [TEST_CASE][PASSED] - Test Cases/AccountSystem/AccountSystem-03: Test Cases/AccountSystem/AccountSystem-03

2019-03-01 11:49:07 - [TEST_STEP][PASSED] - openBrowser(""): Browser is opened with url: ''

2019-03-01 11:49:07 - [MESSAGE][INFO] - Starting 'Chrome' driver

2019-03-01 11:49:09 - [MESSAGE][PASSED] - Browser is opened with url: ''

2019-03-01 11:49:09 - [TEST_STEP][PASSED] - navigateToUrl("http://helpdesk.wisky.vn/"): Navigate to 'http://helpdesk.wisky.vn/' successfully

2019-03-01 11:49:10 - [MESSAGE][PASSED] - Navigate to 'http://helpdesk.wisky.vn/' successfully

2019-03-01 11:49:10 - [TEST_STEP][PASSED] - setText(findTestObject("Object Repository/AccountSystem/AccountSystem-03/Page_ODTS System/input_ODTS_username"), "admin01"): Text 'admin01' is set on object 'Object Repository/AccountSystem/AccountSystem-03/Page_ODTS System/input_ODTS_username'

2019-03-01 11:49:11 - [MESSAGE][PASSED] - Text 'admin01' is set on object 'Object Repository/AccountSystem/AccountSystem-03/Page_ODTS System/input_ODTS_username'

2019-03-01 11:49:11 - [TEST_STEP][PASSED] - setEncryptedText(findTestObject("Object Repository/AccountSystem/AccountSystem-03/Page_ODTS System/input_ODTS_password"), "aeHFOx8jV/A="): Text ****** has been set on object 'Object Repository/AccountSystem/AccountSystem-03/Page_ODTS System/input_ODTS_password'

2019-03-01 11:49:12 - [MESSAGE][PASSED] - Text ****** has been set on object 'Object Repository/AccountSystem/AccountSystem-03/Page_ODTS System/input_ODTS_password'

2019-03-01 11:49:12 - [TEST_STEP][PASSED] - click(findTestObject("Object Repository/AccountSystem/AccountSystem-03/Page_ODTS System/button_ng Nhp")): Object: 'Object Repository/AccountSystem/AccountSystem-03/Page_ODTS System/button_ng Nhp' is clicked on

2019-03-01 11:49:15 - [MESSAGE][PASSED] - Object: 'Object Repository/AccountSystem/AccountSystem-03/Page_ODTS System/button_ng Nhp' is clicked on

2019-03-01 11:49:15 - [TEST_STEP][PASSED] - click(findTestObject("Object Repository/AccountSystem/AccountSystem-03/Page_ODTS System/a_H Thng Ti Khon")): Object: 'Object Repository/AccountSystem/AccountSystem-03/Page_ODTS System/a_H Thng Ti Khon' is clicked on

2019-03-01 11:49:16 - [MESSAGE][PASSED] - Object: 'Object Repository/AccountSystem/AccountSystem-03/Page_ODTS System/a_H Thng Ti Khon' is clicked on

2019-03-01 11:49:16 - [TEST_STEP][PASSED] - click(findTestObject("Object Repository/AccountSystem/AccountSystem-03/Page_ODTS System/fieldSearch2")): Object: 'Object Repository/AccountSystem/AccountSystem-03/Page_ODTS System/fieldSearch2' is clicked on

2019-03-01 11:49:17 - [MESSAGE][PASSED] - Object: 'Object Repository/AccountSystem/AccountSystem-03/Page_ODTS System/fieldSearch2' is clicked on

2019-03-01 11:49:17 - [TEST_STEP][PASSED] - setText(findTestObject("Object Repository/AccountSystem/AccountSystem-03/Page_ODTS System/input"), "admin anhtest"): Text 'admin anhtest' is set on object 'Object Repository/AccountSystem/AccountSystem-03/Page_ODTS System/input'

2019-03-01 11:49:18 - [MESSAGE][PASSED] - Text 'admin anhtest' is set on object 'Object Repository/AccountSystem/AccountSystem-03/Page_ODTS System/input'

2019-03-01 11:49:18 - [TEST_STEP][PASSED] - click(findTestObject("Object Repository/AccountSystem/AccountSystem-03/Page_ODTS System/button_anhtest_btn btn-warning")): Object: 'Object Repository/AccountSystem/AccountSystem-03/Page_ODTS System/button_anhtest_btn btn-warning' is clicked on

2019-03-01 11:49:18 - [MESSAGE][PASSED] - Object: 'Object Repository/AccountSystem/AccountSystem-03/Page_ODTS System/button_anhtest_btn btn-warning' is clicked on

2019-03-01 11:49:18 - [TEST_STEP][PASSED] - waitForAlert(1): No alert found after 1 second(s).

2019-03-01 11:49:19 - [MESSAGE][WARNING] - No alert found after 1 second(s).

2019-03-01 11:49:19 - [TEST_STEP][PASSED] - setText(findTestObject("Object Repository/AccountSystem/AccountSystem-03/Page_ODTS System/input_Tn ng Nhp_accNameEdit"), "anhtest22"): Text 'anhtest22' is set on object 'Object Repository/AccountSystem/AccountSystem-03/Page_ODTS System/input_Tn ng Nhp_accNameEdit'

2019-03-01 11:49:20 - [MESSAGE][PASSED] - Text 'anhtest22' is set on object 'Object Repository/AccountSystem/AccountSystem-03/Page_ODTS System/input_Tn ng Nhp_accNameEdit'

2019-03-01 11:49:20 - [TEST_STEP][PASSED] - waitForAlert(1): No alert found after 1 second(s).

2019-03-01 11:49:21 - [MESSAGE][WARNING] - No alert found after 1 second(s).

2019-03-01 11:49:21 - [TEST_STEP][PASSED] - UDATE = SimpleDateFormat(HH:mm dd/MM/yyyy).format(getInstance().getTime()): null

2019-03-01 11:49:21 - [TEST_STEP][PASSED] - writer = null: null

2019-03-01 11:49:21 - [TEST_STEP][PASSED] - try: null

2019-03-01 11:49:21 - [TEST_STEP][PASSED] - writer = new java.io.BufferedWriter(new java.io.OutputStreamWriter(new java.io.FileOutputStream(C:\Users\pc\HelpdeskAutomation\upDateAccountSystem.txt), utf-8)): null

2019-03-01 11:49:21 - [TEST_STEP][PASSED] - writer.write(UDATE): null

2019-03-01 11:49:21 - [TEST_STEP][PASSED] - Finally: null

2019-03-01 11:49:21 - [TEST_STEP][PASSED] - try: null

2019-03-01 11:49:21 - [TEST_STEP][PASSED] - writer.close(): null

2019-03-01 11:49:21 - [TEST_STEP][PASSED] - click(findTestObject("Object Repository/AccountSystem/AccountSystem-03/Page_ODTS System/button_Cp Nht")): Object: 'Object Repository/AccountSystem/AccountSystem-03/Page_ODTS System/button_Cp Nht' is clicked on

2019-03-01 11:49:22 - [MESSAGE][PASSED] - Object: 'Object Repository/AccountSystem/AccountSystem-03/Page_ODTS System/button_Cp Nht' is clicked on

2019-03-01 11:49:22 - [TEST_STEP][PASSED] - waitForAlert(1): No alert found after 1 second(s).

2019-03-01 11:49:23 - [MESSAGE][WARNING] - No alert found after 1 second(s).

2019-03-01 11:49:23 - [TEST_STEP][PASSED] - click(findTestObject("Object Repository/AccountSystem/AccountSystem-03/Page_ODTS System/button_OK")): Object: 'Object Repository/AccountSystem/AccountSystem-03/Page_ODTS System/button_OK' is clicked on

2019-03-01 11:49:23 - [MESSAGE][PASSED] - Object: 'Object Repository/AccountSystem/AccountSystem-03/Page_ODTS System/button_OK' is clicked on

2019-03-01 11:49:23 - [TEST_STEP][PASSED] - click(findTestObject("Object Repository/AccountSystem/AccountSystem-03/Page_ODTS System/button_anhtest22_btn btn-info")): Object: 'Object Repository/AccountSystem/AccountSystem-03/Page_ODTS System/button_anhtest22_btn btn-info' is clicked on

2019-03-01 11:49:24 - [MESSAGE][PASSED] - Object: 'Object Repository/AccountSystem/AccountSystem-03/Page_ODTS System/button_anhtest22_btn btn-info' is clicked on

2019-03-01 11:49:24 - [TEST_STEP][PASSED] - waitForAlert(1): No alert found after 1 second(s).

2019-03-01 11:49:26 - [MESSAGE][WARNING] - No alert found after 1 second(s).

2019-03-01 11:49:26 - [TEST_STEP][PASSED] - verifyElementText(findTestObject("Object Repository/AccountSystem/AccountSystem-03/Page_ODTS System/p_Admin"), "Admin"): Actual text and expected text of test object 'Object Repository/AccountSystem/AccountSystem-03/Page_ODTS System/p_Admin' are matched.

2019-03-01 11:49:26 - [MESSAGE][PASSED] - Actual text and expected text of test object 'Object Repository/AccountSystem/AccountSystem-03/Page_ODTS System/p_Admin' are matched.

2019-03-01 11:49:26 - [TEST_STEP][PASSED] - verifyElementText(findTestObject("Object Repository/AccountSystem/AccountSystem-03/Page_ODTS System/p_anhtest22"), "anhtest22"): Actual text and expected text of test object 'Object Repository/AccountSystem/AccountSystem-03/Page_ODTS System/p_anhtest22' are matched.

2019-03-01 11:49:26 - [MESSAGE][PASSED] - Actual text and expected text of test object 'Object Repository/AccountSystem/AccountSystem-03/Page_ODTS System/p_anhtest22' are matched.

2019-03-01 11:49:26 - [TEST_STEP][PASSED] - CDATE = null: null

2019-03-01 11:49:26 - [TEST_STEP][PASSED] - br = null: null

2019-03-01 11:49:26 - [TEST_STEP][PASSED] - try: null

2019-03-01 11:49:26 - [TEST_STEP][PASSED] - br = new java.io.BufferedReader(new java.io.FileReader(C:\Users\pc\HelpdeskAutomation\creDateAccountSystem.txt)): null

2019-03-01 11:49:26 - [TEST_STEP][PASSED] - sCurrentLine = <not implemented yet for class: org.codehaus.groovy.ast.expr.EmptyExpression>: null

2019-03-01 11:49:26 - [TEST_STEP][PASSED] - while (sCurrentLine = br.readLine() != null): null

2019-03-01 11:49:26 - [TEST_STEP][PASSED] - CDATE = sCurrentLine: null

2019-03-01 11:49:26 - [TEST_STEP][PASSED] - Finally: null

2019-03-01 11:49:26 - [TEST_STEP][PASSED] - br.close(): null

2019-03-01 11:49:26 - [TEST_STEP][PASSED] - verifyElementText(findTestObject("Object Repository/AccountSystem/AccountSystem-03/Page_ODTS System/p_1118 01032019"), CDATE): Actual text and expected text of test object 'Object Repository/AccountSystem/AccountSystem-03/Page_ODTS System/p_1118 01032019' are matched.

2019-03-01 11:49:26 - [MESSAGE][PASSED] - Actual text and expected text of test object 'Object Repository/AccountSystem/AccountSystem-03/Page_ODTS System/p_1118 01032019' are matched.

2019-03-01 11:49:26 - [TEST_STEP][PASSED] - verifyElementText(findTestObject("Object Repository/AccountSystem/AccountSystem-03/Page_ODTS System/p_1124 01032019"), UDATE): Actual text and expected text of test object 'Object Repository/AccountSystem/AccountSystem-03/Page_ODTS System/p_1124 01032019' are matched.

2019-03-01 11:49:26 - [MESSAGE][PASSED] - Actual text and expected text of test object 'Object Repository/AccountSystem/AccountSystem-03/Page_ODTS System/p_1124 01032019' are matched.

2019-03-01 11:49:26 - [TEST_STEP][PASSED] - click(findTestObject("Object Repository/AccountSystem/AccountSystem-03/Page_ODTS System/button_ng")): Object: 'Object Repository/AccountSystem/AccountSystem-03/Page_ODTS System/button_ng' is clicked on

2019-03-01 11:49:27 - [MESSAGE][PASSED] - Object: 'Object Repository/AccountSystem/AccountSystem-03/Page_ODTS System/button_ng' is clicked on

2019-03-01 11:49:27 - [TEST_STEP][PASSED] - closeBrowser(): Browser is closed

2019-03-01 11:49:28 - [MESSAGE][PASSED] - Browser is closed]]></system-out>
         <system-err><![CDATA[]]></system-err>
      </testcase>
      <testcase name="Test Cases/AccountSystem/AccountSystem-04" classname="Test Cases/AccountSystem/AccountSystem-04" status="PASSED">
         <system-out><![CDATA[2019-03-01 11:49:28 - [TEST_CASE][PASSED] - Test Cases/AccountSystem/AccountSystem-04: Test Cases/AccountSystem/AccountSystem-04

2019-03-01 11:49:29 - [TEST_STEP][PASSED] - openBrowser(""): Browser is opened with url: ''

2019-03-01 11:49:29 - [MESSAGE][INFO] - Starting 'Chrome' driver

2019-03-01 11:49:31 - [MESSAGE][PASSED] - Browser is opened with url: ''

2019-03-01 11:49:31 - [TEST_STEP][PASSED] - navigateToUrl("http://helpdesk.wisky.vn/"): Navigate to 'http://helpdesk.wisky.vn/' successfully

2019-03-01 11:49:33 - [MESSAGE][PASSED] - Navigate to 'http://helpdesk.wisky.vn/' successfully

2019-03-01 11:49:33 - [TEST_STEP][PASSED] - setText(findTestObject("Object Repository/AccountSystem/AccountSystem-04/Page_ODTS System/input_ODTS_username"), "admin01"): Text 'admin01' is set on object 'Object Repository/AccountSystem/AccountSystem-04/Page_ODTS System/input_ODTS_username'

2019-03-01 11:49:33 - [MESSAGE][PASSED] - Text 'admin01' is set on object 'Object Repository/AccountSystem/AccountSystem-04/Page_ODTS System/input_ODTS_username'

2019-03-01 11:49:33 - [TEST_STEP][PASSED] - setEncryptedText(findTestObject("Object Repository/AccountSystem/AccountSystem-04/Page_ODTS System/input_ODTS_password"), "aeHFOx8jV/A="): Text ****** has been set on object 'Object Repository/AccountSystem/AccountSystem-04/Page_ODTS System/input_ODTS_password'

2019-03-01 11:49:33 - [MESSAGE][PASSED] - Text ****** has been set on object 'Object Repository/AccountSystem/AccountSystem-04/Page_ODTS System/input_ODTS_password'

2019-03-01 11:49:33 - [TEST_STEP][PASSED] - click(findTestObject("Object Repository/AccountSystem/AccountSystem-04/Page_ODTS System/button_ng Nhp")): Object: 'Object Repository/AccountSystem/AccountSystem-04/Page_ODTS System/button_ng Nhp' is clicked on

2019-03-01 11:49:33 - [MESSAGE][PASSED] - Object: 'Object Repository/AccountSystem/AccountSystem-04/Page_ODTS System/button_ng Nhp' is clicked on

2019-03-01 11:49:33 - [TEST_STEP][PASSED] - click(findTestObject("Object Repository/AccountSystem/AccountSystem-04/Page_ODTS System/a_H Thng Ti Khon")): Object: 'Object Repository/AccountSystem/AccountSystem-04/Page_ODTS System/a_H Thng Ti Khon' is clicked on

2019-03-01 11:49:36 - [MESSAGE][PASSED] - Object: 'Object Repository/AccountSystem/AccountSystem-04/Page_ODTS System/a_H Thng Ti Khon' is clicked on

2019-03-01 11:49:36 - [TEST_STEP][PASSED] - click(findTestObject("Object Repository/AccountSystem/AccountSystem-04/Page_ODTS System/fieldSearch2")): Object: 'Object Repository/AccountSystem/AccountSystem-04/Page_ODTS System/fieldSearch2' is clicked on

2019-03-01 11:49:37 - [MESSAGE][PASSED] - Object: 'Object Repository/AccountSystem/AccountSystem-04/Page_ODTS System/fieldSearch2' is clicked on

2019-03-01 11:49:37 - [TEST_STEP][PASSED] - setText(findTestObject("Object Repository/AccountSystem/AccountSystem-04/Page_ODTS System/input"), "admin anhtest22"): Text 'admin anhtest22' is set on object 'Object Repository/AccountSystem/AccountSystem-04/Page_ODTS System/input'

2019-03-01 11:49:37 - [MESSAGE][PASSED] - Text 'admin anhtest22' is set on object 'Object Repository/AccountSystem/AccountSystem-04/Page_ODTS System/input'

2019-03-01 11:49:37 - [TEST_STEP][PASSED] - click(findTestObject("Object Repository/AccountSystem/AccountSystem-04/Page_ODTS System/button_anhtest22_btn btn-dange")): Object: 'Object Repository/AccountSystem/AccountSystem-04/Page_ODTS System/button_anhtest22_btn btn-dange' is clicked on

2019-03-01 11:49:37 - [MESSAGE][PASSED] - Object: 'Object Repository/AccountSystem/AccountSystem-04/Page_ODTS System/button_anhtest22_btn btn-dange' is clicked on

2019-03-01 11:49:37 - [TEST_STEP][PASSED] - waitForAlert(1): No alert found after 1 second(s).

2019-03-01 11:49:39 - [MESSAGE][WARNING] - No alert found after 1 second(s).

2019-03-01 11:49:39 - [TEST_STEP][PASSED] - click(findTestObject("Object Repository/AccountSystem/AccountSystem-04/Page_ODTS System/button_Chp Nhn Xa")): Object: 'Object Repository/AccountSystem/AccountSystem-04/Page_ODTS System/button_Chp Nhn Xa' is clicked on

2019-03-01 11:49:39 - [MESSAGE][PASSED] - Object: 'Object Repository/AccountSystem/AccountSystem-04/Page_ODTS System/button_Chp Nhn Xa' is clicked on

2019-03-01 11:49:39 - [TEST_STEP][PASSED] - waitForAlert(1): No alert found after 1 second(s).

2019-03-01 11:49:40 - [MESSAGE][WARNING] - No alert found after 1 second(s).

2019-03-01 11:49:40 - [TEST_STEP][PASSED] - click(findTestObject("Object Repository/AccountSystem/AccountSystem-04/Page_ODTS System/button_OK")): Object: 'Object Repository/AccountSystem/AccountSystem-04/Page_ODTS System/button_OK' is clicked on

2019-03-01 11:49:40 - [MESSAGE][PASSED] - Object: 'Object Repository/AccountSystem/AccountSystem-04/Page_ODTS System/button_OK' is clicked on

2019-03-01 11:49:40 - [TEST_STEP][PASSED] - waitForAlert(1): No alert found after 1 second(s).

2019-03-01 11:49:41 - [MESSAGE][WARNING] - No alert found after 1 second(s).

2019-03-01 11:49:41 - [TEST_STEP][PASSED] - verifyElementVisible(findTestObject("Object Repository/AccountSystem/AccountSystem-04/Page_ODTS System/td_Khng c d liu ph hp")): Object 'Object Repository/AccountSystem/AccountSystem-04/Page_ODTS System/td_Khng c d liu ph hp' is visible

2019-03-01 11:49:41 - [MESSAGE][PASSED] - Object 'Object Repository/AccountSystem/AccountSystem-04/Page_ODTS System/td_Khng c d liu ph hp' is visible

2019-03-01 11:49:41 - [TEST_STEP][PASSED] - closeBrowser(): Browser is closed

2019-03-01 11:49:42 - [MESSAGE][PASSED] - Browser is closed]]></system-out>
         <system-err><![CDATA[]]></system-err>
      </testcase>
      <system-out><![CDATA[2019-03-01 11:48:30 - [TEST_SUITE][PASSED] - AccountSystem01-02-03-04: Test Cases/AccountSystem/AccountSystem-04]]></system-out>
      <system-err><![CDATA[]]></system-err>
   </testsuite>
</testsuites>
