<?xml version="1.0" encoding="UTF-8"?>
<testsuites name="TypeOfService09-10-11" time="61" tests="3" failures="0" errors="0">
   <testsuite name="TypeOfService09-10-11" tests="3" failures="0" errors="0" time="61" timestamp="2019-04-03 16:41:45" hostname="Ninja - AnhNVSE63446" id="Test Suites/TypeOfService09-10-11">
      <properties>
         <property name="deviceName" value=""/>
         <property name="devicePlatform" value=""/>
         <property name="logFolder" value="C:\\Users\\pc\\HelpdeskAutomation\\Reports\\TypeOfService09-10-11\\20190403_164138"/>
         <property name="logFiles" value="C:\\Users\\pc\\HelpdeskAutomation\\Reports\\TypeOfService09-10-11\\20190403_164138\\execution0.log"/>
         <property name="attachments" value=""/>
         <property name="hostName" value="Ninja - AnhNVSE63446"/>
         <property name="os" value="Windows 10 64bit"/>
         <property name="katalonVersion" value="6.0.5.4"/>
         <property name="browser" value="Chrome 73.0.3683.86"/>
         <property name="hostAddress" value="192.168.175.1"/>
         <property name="sessionId" value="deae5ecc525c536a27b7cc33d48adc93"/>
         <property name="seleniumVersion" value="3.7.1"/>
         <property name="proxyInformation" value="ProxyInformation{proxyOption=NO_PROXY, proxyServerType=HTTP, password=, proxyServerAddress=, proxyServerPort=0}"/>
         <property name="platform" value="Windows 10"/>
      </properties>
      <testcase name="Test Cases/TypeOfService/Type of service-09" classname="Test Cases/TypeOfService/Type of service-09" status="PASSED">
         <system-out><![CDATA[2019-04-03 16:41:45 - [TEST_CASE][PASSED] - Test Cases/TypeOfService/Type of service-09: Test Cases/TypeOfService/Type of service-09

2019-04-03 16:41:46 - [TEST_STEP][PASSED] - openBrowser(""): Browser is opened with url: ''

2019-04-03 16:41:46 - [MESSAGE][INFO] - Starting 'Chrome' driver

2019-04-03 16:41:47 - [MESSAGE][INFO] - Action delay is set to 0 seconds

2019-04-03 16:41:52 - [MESSAGE][PASSED] - Browser is opened with url: ''

2019-04-03 16:41:52 - [TEST_STEP][PASSED] - navigateToUrl(url): Navigate to 'http://helpdesk.wisky.vn' successfully

2019-04-03 16:41:54 - [MESSAGE][PASSED] - Navigate to 'http://helpdesk.wisky.vn' successfully

2019-04-03 16:41:54 - [TEST_STEP][PASSED] - setText(findTestObject("TypeOfService/Type of service-09/Page_ODTS System/input_ODTS_username"), "admin01"): Text 'admin01' is set on object 'Object Repository/TypeOfService/Type of service-09/Page_ODTS System/input_ODTS_username'

2019-04-03 16:41:54 - [MESSAGE][PASSED] - Text 'admin01' is set on object 'Object Repository/TypeOfService/Type of service-09/Page_ODTS System/input_ODTS_username'

2019-04-03 16:41:54 - [TEST_STEP][PASSED] - setEncryptedText(findTestObject("TypeOfService/Type of service-09/Page_ODTS System/input_ODTS_password"), "aeHFOx8jV/A="): Text ****** has been set on object 'Object Repository/TypeOfService/Type of service-09/Page_ODTS System/input_ODTS_password'

2019-04-03 16:41:55 - [MESSAGE][PASSED] - Text ****** has been set on object 'Object Repository/TypeOfService/Type of service-09/Page_ODTS System/input_ODTS_password'

2019-04-03 16:41:55 - [TEST_STEP][PASSED] - click(findTestObject("TypeOfService/Type of service-09/Page_ODTS System/button_ng Nhp")): Object: 'Object Repository/TypeOfService/Type of service-09/Page_ODTS System/button_ng Nhp' is clicked on

2019-04-03 16:41:55 - [MESSAGE][PASSED] - Object: 'Object Repository/TypeOfService/Type of service-09/Page_ODTS System/button_ng Nhp' is clicked on

2019-04-03 16:41:55 - [TEST_STEP][PASSED] - click(findTestObject("TypeOfService/Type of service-09/Page_ODTS System/a_Loi Dch V")): Object: 'Object Repository/TypeOfService/Type of service-09/Page_ODTS System/a_Loi Dch V' is clicked on

2019-04-03 16:41:57 - [MESSAGE][PASSED] - Object: 'Object Repository/TypeOfService/Type of service-09/Page_ODTS System/a_Loi Dch V' is clicked on

2019-04-03 16:41:57 - [TEST_STEP][PASSED] - waitForAlert(1): No alert found after 1 second(s).

2019-04-03 16:41:58 - [MESSAGE][WARNING] - No alert found after 1 second(s).

2019-04-03 16:41:58 - [TEST_STEP][PASSED] - click(findTestObject("TypeOfService/Type of service-09/Page_ODTS System/a_Xem Dch V")): Object: 'Object Repository/TypeOfService/Type of service-09/Page_ODTS System/a_Xem Dch V' is clicked on

2019-04-03 16:41:59 - [MESSAGE][PASSED] - Object: 'Object Repository/TypeOfService/Type of service-09/Page_ODTS System/a_Xem Dch V' is clicked on

2019-04-03 16:41:59 - [TEST_STEP][PASSED] - waitForAlert(1): No alert found after 1 second(s).

2019-04-03 16:42:00 - [MESSAGE][WARNING] - No alert found after 1 second(s).

2019-04-03 16:42:00 - [TEST_STEP][PASSED] - click(findTestObject("TypeOfService/Type of service-09/Page_ODTS System/a_Xem Hng Dn")): Object: 'Object Repository/TypeOfService/Type of service-09/Page_ODTS System/a_Xem Hng Dn' is clicked on

2019-04-03 16:42:07 - [MESSAGE][PASSED] - Object: 'Object Repository/TypeOfService/Type of service-09/Page_ODTS System/a_Xem Hng Dn' is clicked on

2019-04-03 16:42:07 - [TEST_STEP][PASSED] - waitForAlert(1): No alert found after 1 second(s).

2019-04-03 16:42:08 - [MESSAGE][WARNING] - No alert found after 1 second(s).

2019-04-03 16:42:08 - [TEST_STEP][PASSED] - click(findTestObject("TypeOfService/Type of service-09/Page_ODTS System/font_To Hng Dn")): Object: 'Object Repository/TypeOfService/Type of service-09/Page_ODTS System/font_To Hng Dn' is clicked on

2019-04-03 16:42:08 - [MESSAGE][PASSED] - Object: 'Object Repository/TypeOfService/Type of service-09/Page_ODTS System/font_To Hng Dn' is clicked on

2019-04-03 16:42:08 - [TEST_STEP][PASSED] - waitForAlert(1): No alert found after 1 second(s).

2019-04-03 16:42:09 - [MESSAGE][WARNING] - No alert found after 1 second(s).

2019-04-03 16:42:09 - [TEST_STEP][PASSED] - setText(findTestObject("TypeOfService/Type of service-09/Page_ODTS System/input_Ni dung hng dn_siGuideli"), "anhtest"): Text 'anhtest' is set on object 'Object Repository/TypeOfService/Type of service-09/Page_ODTS System/input_Ni dung hng dn_siGuideli'

2019-04-03 16:42:10 - [MESSAGE][PASSED] - Text 'anhtest' is set on object 'Object Repository/TypeOfService/Type of service-09/Page_ODTS System/input_Ni dung hng dn_siGuideli'

2019-04-03 16:42:10 - [TEST_STEP][PASSED] - CDATE = SimpleDateFormat(dd/MM/yyyy).format(getInstance().getTime()): null

2019-04-03 16:42:10 - [TEST_STEP][PASSED] - writer = null: null

2019-04-03 16:42:10 - [TEST_STEP][PASSED] - writer2 = null: null

2019-04-03 16:42:10 - [TEST_STEP][PASSED] - fileNameCre = "creDateGuide.txt": null

2019-04-03 16:42:10 - [TEST_STEP][PASSED] - fileNameUp = "upDateGuide.txt": null

2019-04-03 16:42:10 - [TEST_STEP][PASSED] - workingDirectory = System.getProperty("user.dir"): null

2019-04-03 16:42:10 - [TEST_STEP][PASSED] - absoluteFilePathCre = workingDirectory + separator + fileNameCre: null

2019-04-03 16:42:10 - [TEST_STEP][PASSED] - absoluteFilePathUp = workingDirectory + separator + fileNameUp: null

2019-04-03 16:42:10 - [TEST_STEP][PASSED] - try: null

2019-04-03 16:42:10 - [TEST_STEP][PASSED] - writer = new java.io.BufferedWriter(new java.io.OutputStreamWriter(new java.io.FileOutputStream(absoluteFilePathCre), utf-8)): null

2019-04-03 16:42:10 - [TEST_STEP][PASSED] - writer.write(CDATE): null

2019-04-03 16:42:10 - [TEST_STEP][PASSED] - writer2 = new java.io.BufferedWriter(new java.io.OutputStreamWriter(new java.io.FileOutputStream(absoluteFilePathUp), utf-8)): null

2019-04-03 16:42:10 - [TEST_STEP][PASSED] - writer2.write(CDATE): null

2019-04-03 16:42:10 - [TEST_STEP][PASSED] - Finally: null

2019-04-03 16:42:10 - [TEST_STEP][PASSED] - try: null

2019-04-03 16:42:10 - [TEST_STEP][PASSED] - writer.close(): null

2019-04-03 16:42:10 - [TEST_STEP][PASSED] - writer2.close(): null

2019-04-03 16:42:10 - [TEST_STEP][PASSED] - waitForAlert(1): No alert found after 1 second(s).

2019-04-03 16:42:11 - [MESSAGE][WARNING] - No alert found after 1 second(s).

2019-04-03 16:42:11 - [TEST_STEP][PASSED] - click(findTestObject("TypeOfService/Type of service-09/Page_ODTS System/button_To Mi")): Object: 'Object Repository/TypeOfService/Type of service-09/Page_ODTS System/button_To Mi' is clicked on

2019-04-03 16:42:11 - [MESSAGE][PASSED] - Object: 'Object Repository/TypeOfService/Type of service-09/Page_ODTS System/button_To Mi' is clicked on

2019-04-03 16:42:11 - [TEST_STEP][PASSED] - waitForAlert(1): No alert found after 1 second(s).

2019-04-03 16:42:12 - [MESSAGE][WARNING] - No alert found after 1 second(s).

2019-04-03 16:42:12 - [TEST_STEP][PASSED] - click(findTestObject("TypeOfService/Type of service-09/Page_ODTS System/button_OK")): Object: 'Object Repository/TypeOfService/Type of service-09/Page_ODTS System/button_OK' is clicked on

2019-04-03 16:42:12 - [MESSAGE][PASSED] - Object: 'Object Repository/TypeOfService/Type of service-09/Page_ODTS System/button_OK' is clicked on

2019-04-03 16:42:12 - [TEST_STEP][PASSED] - waitForAlert(1): No alert found after 1 second(s).

2019-04-03 16:42:13 - [MESSAGE][WARNING] - No alert found after 1 second(s).

2019-04-03 16:42:13 - [TEST_STEP][PASSED] - click(findTestObject("TypeOfService/Type of service-09/Page_ODTS System/fieldSearch")): Object: 'Object Repository/TypeOfService/Type of service-09/Page_ODTS System/fieldSearch' is clicked on

2019-04-03 16:42:13 - [MESSAGE][PASSED] - Object: 'Object Repository/TypeOfService/Type of service-09/Page_ODTS System/fieldSearch' is clicked on

2019-04-03 16:42:13 - [TEST_STEP][PASSED] - setText(findTestObject("TypeOfService/Type of service-09/Page_ODTS System/input"), "anhtest"): Text 'anhtest' is set on object 'Object Repository/TypeOfService/Type of service-09/Page_ODTS System/input'

2019-04-03 16:42:14 - [MESSAGE][PASSED] - Text 'anhtest' is set on object 'Object Repository/TypeOfService/Type of service-09/Page_ODTS System/input'

2019-04-03 16:42:14 - [TEST_STEP][PASSED] - waitForAlert(1): No alert found after 1 second(s).

2019-04-03 16:42:15 - [MESSAGE][WARNING] - No alert found after 1 second(s).

2019-04-03 16:42:15 - [TEST_STEP][PASSED] - verifyElementText(findTestObject("TypeOfService/Type of service-09/Page_ODTS System/td_anhtest"), "anhtest"): Actual text and expected text of test object 'Object Repository/TypeOfService/Type of service-09/Page_ODTS System/td_anhtest' are matched.

2019-04-03 16:42:15 - [MESSAGE][PASSED] - Actual text and expected text of test object 'Object Repository/TypeOfService/Type of service-09/Page_ODTS System/td_anhtest' are matched.

2019-04-03 16:42:15 - [TEST_STEP][PASSED] - verifyElementText(findTestObject("TypeOfService/Type of service-09/Page_ODTS System/td_25022019"), CDATE): Actual text and expected text of test object 'Object Repository/TypeOfService/Type of service-09/Page_ODTS System/td_25022019' are matched.

2019-04-03 16:42:15 - [MESSAGE][PASSED] - Actual text and expected text of test object 'Object Repository/TypeOfService/Type of service-09/Page_ODTS System/td_25022019' are matched.

2019-04-03 16:42:15 - [TEST_STEP][PASSED] - verifyElementText(findTestObject("TypeOfService/Type of service-09/Page_ODTS System/td_25022019"), CDATE): Actual text and expected text of test object 'Object Repository/TypeOfService/Type of service-09/Page_ODTS System/td_25022019' are matched.

2019-04-03 16:42:15 - [MESSAGE][PASSED] - Actual text and expected text of test object 'Object Repository/TypeOfService/Type of service-09/Page_ODTS System/td_25022019' are matched.

2019-04-03 16:42:15 - [TEST_STEP][PASSED] - closeBrowser(): Browser is closed

2019-04-03 16:42:16 - [MESSAGE][PASSED] - Browser is closed]]></system-out>
         <system-err><![CDATA[]]></system-err>
      </testcase>
      <testcase name="Test Cases/TypeOfService/Type of service-10" classname="Test Cases/TypeOfService/Type of service-10" status="PASSED">
         <system-out><![CDATA[2019-04-03 16:42:16 - [TEST_CASE][PASSED] - Test Cases/TypeOfService/Type of service-10: Test Cases/TypeOfService/Type of service-10

2019-04-03 16:42:16 - [TEST_STEP][PASSED] - openBrowser(""): Browser is opened with url: ''

2019-04-03 16:42:16 - [MESSAGE][INFO] - Starting 'Chrome' driver

2019-04-03 16:42:19 - [MESSAGE][PASSED] - Browser is opened with url: ''

2019-04-03 16:42:19 - [TEST_STEP][PASSED] - navigateToUrl(url): Navigate to 'http://helpdesk.wisky.vn' successfully

2019-04-03 16:42:21 - [MESSAGE][PASSED] - Navigate to 'http://helpdesk.wisky.vn' successfully

2019-04-03 16:42:21 - [TEST_STEP][PASSED] - setText(findTestObject("TypeOfService/Type of service-10/Page_ODTS System/input_ODTS_username"), "admin01"): Text 'admin01' is set on object 'Object Repository/TypeOfService/Type of service-10/Page_ODTS System/input_ODTS_username'

2019-04-03 16:42:22 - [MESSAGE][PASSED] - Text 'admin01' is set on object 'Object Repository/TypeOfService/Type of service-10/Page_ODTS System/input_ODTS_username'

2019-04-03 16:42:22 - [TEST_STEP][PASSED] - setEncryptedText(findTestObject("TypeOfService/Type of service-10/Page_ODTS System/input_ODTS_password"), "aeHFOx8jV/A="): Text ****** has been set on object 'Object Repository/TypeOfService/Type of service-10/Page_ODTS System/input_ODTS_password'

2019-04-03 16:42:22 - [MESSAGE][PASSED] - Text ****** has been set on object 'Object Repository/TypeOfService/Type of service-10/Page_ODTS System/input_ODTS_password'

2019-04-03 16:42:22 - [TEST_STEP][PASSED] - click(findTestObject("TypeOfService/Type of service-10/Page_ODTS System/button_ng Nhp")): Object: 'Object Repository/TypeOfService/Type of service-10/Page_ODTS System/button_ng Nhp' is clicked on

2019-04-03 16:42:22 - [MESSAGE][PASSED] - Object: 'Object Repository/TypeOfService/Type of service-10/Page_ODTS System/button_ng Nhp' is clicked on

2019-04-03 16:42:22 - [TEST_STEP][PASSED] - click(findTestObject("TypeOfService/Type of service-09/Page_ODTS System/a_Loi Dch V")): Object: 'Object Repository/TypeOfService/Type of service-09/Page_ODTS System/a_Loi Dch V' is clicked on

2019-04-03 16:42:24 - [MESSAGE][PASSED] - Object: 'Object Repository/TypeOfService/Type of service-09/Page_ODTS System/a_Loi Dch V' is clicked on

2019-04-03 16:42:24 - [TEST_STEP][PASSED] - click(findTestObject("TypeOfService/Type of service-10/Page_ODTS System/a_Xem Dch V")): Object: 'Object Repository/TypeOfService/Type of service-10/Page_ODTS System/a_Xem Dch V' is clicked on

2019-04-03 16:42:25 - [MESSAGE][PASSED] - Object: 'Object Repository/TypeOfService/Type of service-10/Page_ODTS System/a_Xem Dch V' is clicked on

2019-04-03 16:42:25 - [TEST_STEP][PASSED] - waitForAlert(1): No alert found after 1 second(s).

2019-04-03 16:42:26 - [MESSAGE][WARNING] - No alert found after 1 second(s).

2019-04-03 16:42:26 - [TEST_STEP][PASSED] - click(findTestObject("TypeOfService/Type of service-10/Page_ODTS System/a_Xem Hng Dn")): Object: 'Object Repository/TypeOfService/Type of service-10/Page_ODTS System/a_Xem Hng Dn' is clicked on

2019-04-03 16:42:26 - [MESSAGE][PASSED] - Object: 'Object Repository/TypeOfService/Type of service-10/Page_ODTS System/a_Xem Hng Dn' is clicked on

2019-04-03 16:42:26 - [TEST_STEP][PASSED] - click(findTestObject("TypeOfService/Type of service-10/Page_ODTS System/fieldSearch")): Object: 'Object Repository/TypeOfService/Type of service-10/Page_ODTS System/fieldSearch' is clicked on

2019-04-03 16:42:26 - [MESSAGE][PASSED] - Object: 'Object Repository/TypeOfService/Type of service-10/Page_ODTS System/fieldSearch' is clicked on

2019-04-03 16:42:26 - [TEST_STEP][PASSED] - setText(findTestObject("TypeOfService/Type of service-10/Page_ODTS System/input"), "anhtest"): Text 'anhtest' is set on object 'Object Repository/TypeOfService/Type of service-10/Page_ODTS System/input'

2019-04-03 16:42:27 - [MESSAGE][PASSED] - Text 'anhtest' is set on object 'Object Repository/TypeOfService/Type of service-10/Page_ODTS System/input'

2019-04-03 16:42:27 - [TEST_STEP][PASSED] - waitForAlert(1): No alert found after 1 second(s).

2019-04-03 16:42:28 - [MESSAGE][WARNING] - No alert found after 1 second(s).

2019-04-03 16:42:28 - [TEST_STEP][PASSED] - click(findTestObject("TypeOfService/Type of service-10/Page_ODTS System/button_anhtest_btn btn-warning")): Object: 'Object Repository/TypeOfService/Type of service-10/Page_ODTS System/button_anhtest_btn btn-warning' is clicked on

2019-04-03 16:42:28 - [MESSAGE][PASSED] - Object: 'Object Repository/TypeOfService/Type of service-10/Page_ODTS System/button_anhtest_btn btn-warning' is clicked on

2019-04-03 16:42:28 - [TEST_STEP][PASSED] - waitForAlert(1): No alert found after 1 second(s).

2019-04-03 16:42:29 - [MESSAGE][WARNING] - No alert found after 1 second(s).

2019-04-03 16:42:29 - [TEST_STEP][PASSED] - setText(findTestObject("TypeOfService/Type of service-10/Page_ODTS System/input_Ni dung hng dn_siGuideli"), "anhtest22"): Text 'anhtest22' is set on object 'Object Repository/TypeOfService/Type of service-10/Page_ODTS System/input_Ni dung hng dn_siGuideli'

2019-04-03 16:42:29 - [MESSAGE][PASSED] - Text 'anhtest22' is set on object 'Object Repository/TypeOfService/Type of service-10/Page_ODTS System/input_Ni dung hng dn_siGuideli'

2019-04-03 16:42:29 - [TEST_STEP][PASSED] - UDATE = SimpleDateFormat(dd/MM/yyyy).format(getInstance().getTime()): null

2019-04-03 16:42:29 - [TEST_STEP][PASSED] - writer = null: null

2019-04-03 16:42:29 - [TEST_STEP][PASSED] - fileNameCre = "creDateGuide.txt": null

2019-04-03 16:42:29 - [TEST_STEP][PASSED] - fileNameUp = "upDateGuide.txt": null

2019-04-03 16:42:29 - [TEST_STEP][PASSED] - workingDirectory = System.getProperty("user.dir"): null

2019-04-03 16:42:29 - [TEST_STEP][PASSED] - absoluteFilePathCre = workingDirectory + separator + fileNameCre: null

2019-04-03 16:42:29 - [TEST_STEP][PASSED] - absoluteFilePathUp = workingDirectory + separator + fileNameUp: null

2019-04-03 16:42:29 - [TEST_STEP][PASSED] - try: null

2019-04-03 16:42:29 - [TEST_STEP][PASSED] - writer = new java.io.BufferedWriter(new java.io.OutputStreamWriter(new java.io.FileOutputStream(absoluteFilePathUp), utf-8)): null

2019-04-03 16:42:29 - [TEST_STEP][PASSED] - writer.write(UDATE): null

2019-04-03 16:42:29 - [TEST_STEP][PASSED] - Finally: null

2019-04-03 16:42:29 - [TEST_STEP][PASSED] - try: null

2019-04-03 16:42:29 - [TEST_STEP][PASSED] - writer.close(): null

2019-04-03 16:42:29 - [TEST_STEP][PASSED] - waitForAlert(1): No alert found after 1 second(s).

2019-04-03 16:42:30 - [MESSAGE][WARNING] - No alert found after 1 second(s).

2019-04-03 16:42:30 - [TEST_STEP][PASSED] - click(findTestObject("TypeOfService/Type of service-10/Page_ODTS System/button_Cp Nht")): Object: 'Object Repository/TypeOfService/Type of service-10/Page_ODTS System/button_Cp Nht' is clicked on

2019-04-03 16:42:31 - [MESSAGE][PASSED] - Object: 'Object Repository/TypeOfService/Type of service-10/Page_ODTS System/button_Cp Nht' is clicked on

2019-04-03 16:42:31 - [TEST_STEP][PASSED] - waitForAlert(1): No alert found after 1 second(s).

2019-04-03 16:42:32 - [MESSAGE][WARNING] - No alert found after 1 second(s).

2019-04-03 16:42:32 - [TEST_STEP][PASSED] - click(findTestObject("TypeOfService/Type of service-10/Page_ODTS System/button_OK")): Object: 'Object Repository/TypeOfService/Type of service-10/Page_ODTS System/button_OK' is clicked on

2019-04-03 16:42:32 - [MESSAGE][PASSED] - Object: 'Object Repository/TypeOfService/Type of service-10/Page_ODTS System/button_OK' is clicked on

2019-04-03 16:42:32 - [TEST_STEP][PASSED] - verifyElementText(findTestObject("TypeOfService/Type of service-10/Page_ODTS System/td_anhtest22"), "anhtest22"): Actual text and expected text of test object 'Object Repository/TypeOfService/Type of service-10/Page_ODTS System/td_anhtest22' are matched.

2019-04-03 16:42:32 - [MESSAGE][PASSED] - Actual text and expected text of test object 'Object Repository/TypeOfService/Type of service-10/Page_ODTS System/td_anhtest22' are matched.

2019-04-03 16:42:32 - [TEST_STEP][PASSED] - CDATE = null: null

2019-04-03 16:42:32 - [TEST_STEP][PASSED] - br = null: null

2019-04-03 16:42:32 - [TEST_STEP][PASSED] - try: null

2019-04-03 16:42:32 - [TEST_STEP][PASSED] - br = new java.io.BufferedReader(new java.io.FileReader(absoluteFilePathCre)): null

2019-04-03 16:42:32 - [TEST_STEP][PASSED] - sCurrentLine = <not implemented yet for class: org.codehaus.groovy.ast.expr.EmptyExpression>: null

2019-04-03 16:42:32 - [TEST_STEP][PASSED] - while (sCurrentLine = br.readLine() != null): null

2019-04-03 16:42:32 - [TEST_STEP][PASSED] - CDATE = sCurrentLine: null

2019-04-03 16:42:32 - [TEST_STEP][PASSED] - Finally: null

2019-04-03 16:42:32 - [TEST_STEP][PASSED] - br.close(): null

2019-04-03 16:42:32 - [TEST_STEP][PASSED] - verifyElementText(findTestObject("TypeOfService/Type of service-10/Page_ODTS System/td_25022019"), CDATE): Actual text and expected text of test object 'Object Repository/TypeOfService/Type of service-10/Page_ODTS System/td_25022019' are matched.

2019-04-03 16:42:32 - [MESSAGE][PASSED] - Actual text and expected text of test object 'Object Repository/TypeOfService/Type of service-10/Page_ODTS System/td_25022019' are matched.

2019-04-03 16:42:32 - [TEST_STEP][PASSED] - verifyElementText(findTestObject("TypeOfService/Type of service-10/Page_ODTS System/td_25022019"), UDATE): Actual text and expected text of test object 'Object Repository/TypeOfService/Type of service-10/Page_ODTS System/td_25022019' are matched.

2019-04-03 16:42:32 - [MESSAGE][PASSED] - Actual text and expected text of test object 'Object Repository/TypeOfService/Type of service-10/Page_ODTS System/td_25022019' are matched.

2019-04-03 16:42:32 - [TEST_STEP][PASSED] - closeBrowser(): Browser is closed

2019-04-03 16:42:33 - [MESSAGE][PASSED] - Browser is closed]]></system-out>
         <system-err><![CDATA[]]></system-err>
      </testcase>
      <testcase name="Test Cases/TypeOfService/Type of service-11" classname="Test Cases/TypeOfService/Type of service-11" status="PASSED">
         <system-out><![CDATA[2019-04-03 16:42:33 - [TEST_CASE][PASSED] - Test Cases/TypeOfService/Type of service-11: Test Cases/TypeOfService/Type of service-11

2019-04-03 16:42:33 - [TEST_STEP][PASSED] - openBrowser(""): Browser is opened with url: ''

2019-04-03 16:42:33 - [MESSAGE][INFO] - Starting 'Chrome' driver

2019-04-03 16:42:36 - [MESSAGE][PASSED] - Browser is opened with url: ''

2019-04-03 16:42:36 - [TEST_STEP][PASSED] - navigateToUrl(url): Navigate to 'http://helpdesk.wisky.vn' successfully

2019-04-03 16:42:39 - [MESSAGE][PASSED] - Navigate to 'http://helpdesk.wisky.vn' successfully

2019-04-03 16:42:39 - [TEST_STEP][PASSED] - setText(findTestObject("TypeOfService/Type of service-11/Page_ODTS System/input_ODTS_username"), "admin01"): Text 'admin01' is set on object 'Object Repository/TypeOfService/Type of service-11/Page_ODTS System/input_ODTS_username'

2019-04-03 16:42:39 - [MESSAGE][PASSED] - Text 'admin01' is set on object 'Object Repository/TypeOfService/Type of service-11/Page_ODTS System/input_ODTS_username'

2019-04-03 16:42:39 - [TEST_STEP][PASSED] - setEncryptedText(findTestObject("TypeOfService/Type of service-11/Page_ODTS System/input_ODTS_password"), "aeHFOx8jV/A="): Text ****** has been set on object 'Object Repository/TypeOfService/Type of service-11/Page_ODTS System/input_ODTS_password'

2019-04-03 16:42:39 - [MESSAGE][PASSED] - Text ****** has been set on object 'Object Repository/TypeOfService/Type of service-11/Page_ODTS System/input_ODTS_password'

2019-04-03 16:42:39 - [TEST_STEP][PASSED] - click(findTestObject("TypeOfService/Type of service-11/Page_ODTS System/button_ng Nhp")): Object: 'Object Repository/TypeOfService/Type of service-11/Page_ODTS System/button_ng Nhp' is clicked on

2019-04-03 16:42:40 - [MESSAGE][PASSED] - Object: 'Object Repository/TypeOfService/Type of service-11/Page_ODTS System/button_ng Nhp' is clicked on

2019-04-03 16:42:40 - [TEST_STEP][PASSED] - click(findTestObject("TypeOfService/Type of service-09/Page_ODTS System/a_Loi Dch V")): Object: 'Object Repository/TypeOfService/Type of service-09/Page_ODTS System/a_Loi Dch V' is clicked on

2019-04-03 16:42:42 - [MESSAGE][PASSED] - Object: 'Object Repository/TypeOfService/Type of service-09/Page_ODTS System/a_Loi Dch V' is clicked on

2019-04-03 16:42:42 - [TEST_STEP][PASSED] - click(findTestObject("TypeOfService/Type of service-11/Page_ODTS System/a_Xem Dch V")): Object: 'Object Repository/TypeOfService/Type of service-11/Page_ODTS System/a_Xem Dch V' is clicked on

2019-04-03 16:42:43 - [MESSAGE][PASSED] - Object: 'Object Repository/TypeOfService/Type of service-11/Page_ODTS System/a_Xem Dch V' is clicked on

2019-04-03 16:42:43 - [TEST_STEP][PASSED] - click(findTestObject("TypeOfService/Type of service-11/Page_ODTS System/a_Xem Hng Dn")): Object: 'Object Repository/TypeOfService/Type of service-11/Page_ODTS System/a_Xem Hng Dn' is clicked on

2019-04-03 16:42:43 - [MESSAGE][PASSED] - Object: 'Object Repository/TypeOfService/Type of service-11/Page_ODTS System/a_Xem Hng Dn' is clicked on

2019-04-03 16:42:43 - [TEST_STEP][PASSED] - click(findTestObject("TypeOfService/Type of service-11/Page_ODTS System/fieldSearch")): Object: 'Object Repository/TypeOfService/Type of service-11/Page_ODTS System/fieldSearch' is clicked on

2019-04-03 16:42:43 - [MESSAGE][PASSED] - Object: 'Object Repository/TypeOfService/Type of service-11/Page_ODTS System/fieldSearch' is clicked on

2019-04-03 16:42:43 - [TEST_STEP][PASSED] - setText(findTestObject("TypeOfService/Type of service-11/Page_ODTS System/input"), "anhtest22"): Text 'anhtest22' is set on object 'Object Repository/TypeOfService/Type of service-11/Page_ODTS System/input'

2019-04-03 16:42:43 - [MESSAGE][PASSED] - Text 'anhtest22' is set on object 'Object Repository/TypeOfService/Type of service-11/Page_ODTS System/input'

2019-04-03 16:42:43 - [TEST_STEP][PASSED] - waitForAlert(1): No alert found after 1 second(s).

2019-04-03 16:42:44 - [MESSAGE][WARNING] - No alert found after 1 second(s).

2019-04-03 16:42:44 - [TEST_STEP][PASSED] - click(findTestObject("TypeOfService/Type of service-11/Page_ODTS System/button_anhtest22_btn btn-dange")): Object: 'Object Repository/TypeOfService/Type of service-11/Page_ODTS System/button_anhtest22_btn btn-dange' is clicked on

2019-04-03 16:42:45 - [MESSAGE][PASSED] - Object: 'Object Repository/TypeOfService/Type of service-11/Page_ODTS System/button_anhtest22_btn btn-dange' is clicked on

2019-04-03 16:42:45 - [TEST_STEP][PASSED] - click(findTestObject("TypeOfService/Type of service-11/Page_ODTS System/button_Chp Nhn Xa")): Object: 'Object Repository/TypeOfService/Type of service-11/Page_ODTS System/button_Chp Nhn Xa' is clicked on

2019-04-03 16:42:45 - [MESSAGE][PASSED] - Object: 'Object Repository/TypeOfService/Type of service-11/Page_ODTS System/button_Chp Nhn Xa' is clicked on

2019-04-03 16:42:45 - [TEST_STEP][PASSED] - waitForAlert(1): No alert found after 1 second(s).

2019-04-03 16:42:46 - [MESSAGE][WARNING] - No alert found after 1 second(s).

2019-04-03 16:42:46 - [TEST_STEP][PASSED] - click(findTestObject("TypeOfService/Type of service-11/Page_ODTS System/button_OK")): Object: 'Object Repository/TypeOfService/Type of service-11/Page_ODTS System/button_OK' is clicked on

2019-04-03 16:42:46 - [MESSAGE][PASSED] - Object: 'Object Repository/TypeOfService/Type of service-11/Page_ODTS System/button_OK' is clicked on

2019-04-03 16:42:46 - [TEST_STEP][PASSED] - verifyElementVisible(findTestObject("TypeOfService/Type of service-11/Page_ODTS System/td_Khng c d liu ph hp")): Object 'Object Repository/TypeOfService/Type of service-11/Page_ODTS System/td_Khng c d liu ph hp' is visible

2019-04-03 16:42:46 - [MESSAGE][PASSED] - Object 'Object Repository/TypeOfService/Type of service-11/Page_ODTS System/td_Khng c d liu ph hp' is visible

2019-04-03 16:42:46 - [TEST_STEP][PASSED] - fileNameCre = "creDateGuide.txt": null

2019-04-03 16:42:46 - [TEST_STEP][PASSED] - fileNameUp = "upDateGuide.txt": null

2019-04-03 16:42:46 - [TEST_STEP][PASSED] - workingDirectory = System.getProperty("user.dir"): null

2019-04-03 16:42:46 - [TEST_STEP][PASSED] - absoluteFilePathCre = workingDirectory + separator + fileNameCre: null

2019-04-03 16:42:46 - [TEST_STEP][PASSED] - absoluteFilePathUp = workingDirectory + separator + fileNameUp: null

2019-04-03 16:42:46 - [TEST_STEP][PASSED] - writer2 = new java.io.PrintWriter(absoluteFilePathCre): null

2019-04-03 16:42:46 - [TEST_STEP][PASSED] - writer2.print(""): null

2019-04-03 16:42:46 - [TEST_STEP][PASSED] - writer2.close(): null

2019-04-03 16:42:46 - [TEST_STEP][PASSED] - writer = new java.io.PrintWriter(absoluteFilePathUp): null

2019-04-03 16:42:46 - [TEST_STEP][PASSED] - writer.print(""): null

2019-04-03 16:42:46 - [TEST_STEP][PASSED] - writer.close(): null

2019-04-03 16:42:46 - [TEST_STEP][PASSED] - closeBrowser(): Browser is closed

2019-04-03 16:42:47 - [MESSAGE][PASSED] - Browser is closed]]></system-out>
         <system-err><![CDATA[]]></system-err>
      </testcase>
      <system-out><![CDATA[2019-04-03 16:41:45 - [TEST_SUITE][PASSED] - TypeOfService09-10-11: Test Cases/TypeOfService/Type of service-11]]></system-out>
      <system-err><![CDATA[]]></system-err>
   </testsuite>
</testsuites>
