<?xml version="1.0" encoding="UTF-8"?>
<testsuites name="TypeOfDevice01-02-03-04" time="67" tests="4" failures="0" errors="0">
   <testsuite name="TypeOfDevice01-02-03-04" tests="4" failures="0" errors="0" time="67" timestamp="2019-04-03 16:36:44" hostname="Ninja - AnhNVSE63446" id="Test Suites/TypeOfDevice01-02-03-04">
      <properties>
         <property name="deviceName" value=""/>
         <property name="devicePlatform" value=""/>
         <property name="logFolder" value="C:\\Users\\pc\\HelpdeskAutomation\\Reports\\TypeOfDevice01-02-03-04\\20190403_163635"/>
         <property name="logFiles" value="C:\\Users\\pc\\HelpdeskAutomation\\Reports\\TypeOfDevice01-02-03-04\\20190403_163635\\execution0.log"/>
         <property name="attachments" value=""/>
         <property name="hostName" value="Ninja - AnhNVSE63446"/>
         <property name="os" value="Windows 10 64bit"/>
         <property name="katalonVersion" value="6.0.5.4"/>
         <property name="browser" value="Chrome 73.0.3683.86"/>
         <property name="hostAddress" value="192.168.175.1"/>
         <property name="sessionId" value="dc73f425cf8f8f14bd70d12693ba0e96"/>
         <property name="seleniumVersion" value="3.7.1"/>
         <property name="proxyInformation" value="ProxyInformation{proxyOption=NO_PROXY, proxyServerType=HTTP, password=, proxyServerAddress=, proxyServerPort=0}"/>
         <property name="platform" value="Windows 10"/>
      </properties>
      <testcase name="Test Cases/TypeOfDevice/Type of device-01" classname="Test Cases/TypeOfDevice/Type of device-01" status="PASSED">
         <system-out><![CDATA[2019-04-03 16:36:45 - [TEST_CASE][PASSED] - Test Cases/TypeOfDevice/Type of device-01: Test Cases/TypeOfDevice/Type of device-01

2019-04-03 16:36:45 - [TEST_STEP][PASSED] - openBrowser(""): Browser is opened with url: ''

2019-04-03 16:36:46 - [MESSAGE][INFO] - Starting 'Chrome' driver

2019-04-03 16:36:46 - [MESSAGE][INFO] - Action delay is set to 0 seconds

2019-04-03 16:36:52 - [MESSAGE][PASSED] - Browser is opened with url: ''

2019-04-03 16:36:52 - [TEST_STEP][PASSED] - navigateToUrl(url): Navigate to 'http://helpdesk.wisky.vn' successfully

2019-04-03 16:36:53 - [MESSAGE][PASSED] - Navigate to 'http://helpdesk.wisky.vn' successfully

2019-04-03 16:36:53 - [TEST_STEP][PASSED] - setText(findTestObject("TypeOfDevice/Type of device-01/Page_ODTS System/input_ODTS_username"), "admin01"): Text 'admin01' is set on object 'Object Repository/TypeOfDevice/Type of device-01/Page_ODTS System/input_ODTS_username'

2019-04-03 16:36:54 - [MESSAGE][PASSED] - Text 'admin01' is set on object 'Object Repository/TypeOfDevice/Type of device-01/Page_ODTS System/input_ODTS_username'

2019-04-03 16:36:54 - [TEST_STEP][PASSED] - setEncryptedText(findTestObject("TypeOfDevice/Type of device-01/Page_ODTS System/input_ODTS_password"), "aeHFOx8jV/A="): Text ****** has been set on object 'Object Repository/TypeOfDevice/Type of device-01/Page_ODTS System/input_ODTS_password'

2019-04-03 16:36:54 - [MESSAGE][PASSED] - Text ****** has been set on object 'Object Repository/TypeOfDevice/Type of device-01/Page_ODTS System/input_ODTS_password'

2019-04-03 16:36:54 - [TEST_STEP][PASSED] - click(findTestObject("TypeOfDevice/Type of device-01/Page_ODTS System/button_ng Nhp")): Object: 'Object Repository/TypeOfDevice/Type of device-01/Page_ODTS System/button_ng Nhp' is clicked on

2019-04-03 16:36:54 - [MESSAGE][PASSED] - Object: 'Object Repository/TypeOfDevice/Type of device-01/Page_ODTS System/button_ng Nhp' is clicked on

2019-04-03 16:36:54 - [TEST_STEP][PASSED] - click(findTestObject("TypeOfDevice/Type of device-01/Page_ODTS System/a_Loi Thit B")): Object: 'Object Repository/TypeOfDevice/Type of device-01/Page_ODTS System/a_Loi Thit B' is clicked on

2019-04-03 16:36:57 - [MESSAGE][PASSED] - Object: 'Object Repository/TypeOfDevice/Type of device-01/Page_ODTS System/a_Loi Thit B' is clicked on

2019-04-03 16:36:57 - [TEST_STEP][PASSED] - waitForAlert(1): No alert found after 1 second(s).

2019-04-03 16:36:59 - [MESSAGE][WARNING] - No alert found after 1 second(s).

2019-04-03 16:36:59 - [TEST_STEP][PASSED] - click(findTestObject("TypeOfDevice/Type of device-01/Page_ODTS System/font_To Loi Thit B")): Object: 'Object Repository/TypeOfDevice/Type of device-01/Page_ODTS System/font_To Loi Thit B' is clicked on

2019-04-03 16:36:59 - [MESSAGE][PASSED] - Object: 'Object Repository/TypeOfDevice/Type of device-01/Page_ODTS System/font_To Loi Thit B' is clicked on

2019-04-03 16:36:59 - [TEST_STEP][PASSED] - waitForAlert(1): No alert found after 1 second(s).

2019-04-03 16:37:00 - [MESSAGE][WARNING] - No alert found after 1 second(s).

2019-04-03 16:37:00 - [TEST_STEP][PASSED] - setText(findTestObject("TypeOfDevice/Type of device-01/Page_ODTS System/input_Tn Loi Thit B_dtNameCrea"), "anhtest"): Text 'anhtest' is set on object 'Object Repository/TypeOfDevice/Type of device-01/Page_ODTS System/input_Tn Loi Thit B_dtNameCrea'

2019-04-03 16:37:00 - [MESSAGE][PASSED] - Text 'anhtest' is set on object 'Object Repository/TypeOfDevice/Type of device-01/Page_ODTS System/input_Tn Loi Thit B_dtNameCrea'

2019-04-03 16:37:00 - [TEST_STEP][PASSED] - waitForAlert(1): No alert found after 1 second(s).

2019-04-03 16:37:01 - [MESSAGE][WARNING] - No alert found after 1 second(s).

2019-04-03 16:37:01 - [TEST_STEP][PASSED] - click(findTestObject("TypeOfDevice/Type of device-01/Page_ODTS System/span_--Chn Loi Dch V--")): Object: 'Object Repository/TypeOfDevice/Type of device-01/Page_ODTS System/span_--Chn Loi Dch V--' is clicked on

2019-04-03 16:37:01 - [MESSAGE][PASSED] - Object: 'Object Repository/TypeOfDevice/Type of device-01/Page_ODTS System/span_--Chn Loi Dch V--' is clicked on

2019-04-03 16:37:01 - [TEST_STEP][PASSED] - setText(findTestObject("TypeOfDevice/Type of device-01/Page_ODTS System/input_ng_select2-search__field"), "CAMERA"): Text 'CAMERA' is set on object 'Object Repository/TypeOfDevice/Type of device-01/Page_ODTS System/input_ng_select2-search__field'

2019-04-03 16:37:02 - [MESSAGE][PASSED] - Text 'CAMERA' is set on object 'Object Repository/TypeOfDevice/Type of device-01/Page_ODTS System/input_ng_select2-search__field'

2019-04-03 16:37:02 - [TEST_STEP][PASSED] - sendKeys(findTestObject("TypeOfDevice/Type of device-01/Page_ODTS System/input_ng_select2-search__field"), Keys.chord(ENTER)): Keys 'ENTER + ' sent to object: 'Object Repository/TypeOfDevice/Type of device-01/Page_ODTS System/input_ng_select2-search__field'

2019-04-03 16:37:02 - [MESSAGE][PASSED] - Keys 'ENTER + ' sent to object: 'Object Repository/TypeOfDevice/Type of device-01/Page_ODTS System/input_ng_select2-search__field'

2019-04-03 16:37:02 - [TEST_STEP][PASSED] - waitForAlert(1): No alert found after 1 second(s).

2019-04-03 16:37:03 - [MESSAGE][WARNING] - No alert found after 1 second(s).

2019-04-03 16:37:03 - [TEST_STEP][PASSED] - setText(findTestObject("TypeOfDevice/Type of device-01/Page_ODTS System/input_M T Loi Thit B_dtDescrip"), "hihi"): Text 'hihi' is set on object 'Object Repository/TypeOfDevice/Type of device-01/Page_ODTS System/input_M T Loi Thit B_dtDescrip'

2019-04-03 16:37:03 - [MESSAGE][PASSED] - Text 'hihi' is set on object 'Object Repository/TypeOfDevice/Type of device-01/Page_ODTS System/input_M T Loi Thit B_dtDescrip'

2019-04-03 16:37:03 - [TEST_STEP][PASSED] - CDATE = SimpleDateFormat(dd/MM/yyyy).format(getInstance().getTime()): null

2019-04-03 16:37:03 - [TEST_STEP][PASSED] - writer = null: null

2019-04-03 16:37:03 - [TEST_STEP][PASSED] - writer2 = null: null

2019-04-03 16:37:03 - [TEST_STEP][PASSED] - fileNameCre = "creDateTypeOfDevice.txt": null

2019-04-03 16:37:03 - [TEST_STEP][PASSED] - fileNameUp = "upDateTypeOfDevice.txt": null

2019-04-03 16:37:03 - [TEST_STEP][PASSED] - workingDirectory = System.getProperty("user.dir"): null

2019-04-03 16:37:03 - [TEST_STEP][PASSED] - absoluteFilePathCre = workingDirectory + separator + fileNameCre: null

2019-04-03 16:37:03 - [TEST_STEP][PASSED] - absoluteFilePathUp = workingDirectory + separator + fileNameUp: null

2019-04-03 16:37:03 - [TEST_STEP][PASSED] - try: null

2019-04-03 16:37:03 - [TEST_STEP][PASSED] - writer = new java.io.BufferedWriter(new java.io.OutputStreamWriter(new java.io.FileOutputStream(absoluteFilePathCre), utf-8)): null

2019-04-03 16:37:03 - [TEST_STEP][PASSED] - writer.write(CDATE): null

2019-04-03 16:37:03 - [TEST_STEP][PASSED] - writer2 = new java.io.BufferedWriter(new java.io.OutputStreamWriter(new java.io.FileOutputStream(absoluteFilePathUp), utf-8)): null

2019-04-03 16:37:03 - [TEST_STEP][PASSED] - writer2.write(CDATE): null

2019-04-03 16:37:03 - [TEST_STEP][PASSED] - Finally: null

2019-04-03 16:37:03 - [TEST_STEP][PASSED] - try: null

2019-04-03 16:37:03 - [TEST_STEP][PASSED] - writer.close(): null

2019-04-03 16:37:03 - [TEST_STEP][PASSED] - writer2.close(): null

2019-04-03 16:37:03 - [TEST_STEP][PASSED] - waitForAlert(1): No alert found after 1 second(s).

2019-04-03 16:37:04 - [MESSAGE][WARNING] - No alert found after 1 second(s).

2019-04-03 16:37:04 - [TEST_STEP][PASSED] - click(findTestObject("TypeOfDevice/Type of device-01/Page_ODTS System/button_To Mi")): Object: 'Object Repository/TypeOfDevice/Type of device-01/Page_ODTS System/button_To Mi' is clicked on

2019-04-03 16:37:05 - [MESSAGE][PASSED] - Object: 'Object Repository/TypeOfDevice/Type of device-01/Page_ODTS System/button_To Mi' is clicked on

2019-04-03 16:37:05 - [TEST_STEP][PASSED] - waitForAlert(1): No alert found after 1 second(s).

2019-04-03 16:37:06 - [MESSAGE][WARNING] - No alert found after 1 second(s).

2019-04-03 16:37:06 - [TEST_STEP][PASSED] - click(findTestObject("TypeOfDevice/Type of device-01/Page_ODTS System/button_OK")): Object: 'Object Repository/TypeOfDevice/Type of device-01/Page_ODTS System/button_OK' is clicked on

2019-04-03 16:37:06 - [MESSAGE][PASSED] - Object: 'Object Repository/TypeOfDevice/Type of device-01/Page_ODTS System/button_OK' is clicked on

2019-04-03 16:37:06 - [TEST_STEP][PASSED] - waitForAlert(1): No alert found after 1 second(s).

2019-04-03 16:37:07 - [MESSAGE][WARNING] - No alert found after 1 second(s).

2019-04-03 16:37:07 - [TEST_STEP][PASSED] - click(findTestObject("TypeOfDevice/Type of device-01/Page_ODTS System/fieldSearch")): Object: 'Object Repository/TypeOfDevice/Type of device-01/Page_ODTS System/fieldSearch' is clicked on

2019-04-03 16:37:07 - [MESSAGE][PASSED] - Object: 'Object Repository/TypeOfDevice/Type of device-01/Page_ODTS System/fieldSearch' is clicked on

2019-04-03 16:37:07 - [TEST_STEP][PASSED] - setText(findTestObject("TypeOfDevice/Type of device-01/Page_ODTS System/input"), "anhtest"): Text 'anhtest' is set on object 'Object Repository/TypeOfDevice/Type of device-01/Page_ODTS System/input'

2019-04-03 16:37:07 - [MESSAGE][PASSED] - Text 'anhtest' is set on object 'Object Repository/TypeOfDevice/Type of device-01/Page_ODTS System/input'

2019-04-03 16:37:07 - [TEST_STEP][PASSED] - verifyElementText(findTestObject("TypeOfDevice/Type of device-01/Page_ODTS System/td_anhtest"), "anhtest"): Actual text and expected text of test object 'Object Repository/TypeOfDevice/Type of device-01/Page_ODTS System/td_anhtest' are matched.

2019-04-03 16:37:07 - [MESSAGE][PASSED] - Actual text and expected text of test object 'Object Repository/TypeOfDevice/Type of device-01/Page_ODTS System/td_anhtest' are matched.

2019-04-03 16:37:07 - [TEST_STEP][PASSED] - verifyElementText(findTestObject("TypeOfDevice/Type of device-01/Page_ODTS System/td_CAMERA"), "Camera"): Actual text and expected text of test object 'Object Repository/TypeOfDevice/Type of device-01/Page_ODTS System/td_CAMERA' are matched.

2019-04-03 16:37:07 - [MESSAGE][PASSED] - Actual text and expected text of test object 'Object Repository/TypeOfDevice/Type of device-01/Page_ODTS System/td_CAMERA' are matched.

2019-04-03 16:37:07 - [TEST_STEP][PASSED] - verifyElementText(findTestObject("TypeOfDevice/Type of device-01/Page_ODTS System/td_hihi"), "hihi"): Actual text and expected text of test object 'Object Repository/TypeOfDevice/Type of device-01/Page_ODTS System/td_hihi' are matched.

2019-04-03 16:37:07 - [MESSAGE][PASSED] - Actual text and expected text of test object 'Object Repository/TypeOfDevice/Type of device-01/Page_ODTS System/td_hihi' are matched.

2019-04-03 16:37:07 - [TEST_STEP][PASSED] - verifyElementText(findTestObject("TypeOfDevice/Type of device-01/Page_ODTS System/td_25022019"), CDATE): Actual text and expected text of test object 'Object Repository/TypeOfDevice/Type of device-01/Page_ODTS System/td_25022019' are matched.

2019-04-03 16:37:07 - [MESSAGE][PASSED] - Actual text and expected text of test object 'Object Repository/TypeOfDevice/Type of device-01/Page_ODTS System/td_25022019' are matched.

2019-04-03 16:37:07 - [TEST_STEP][PASSED] - closeBrowser(): Browser is closed

2019-04-03 16:37:08 - [MESSAGE][PASSED] - Browser is closed]]></system-out>
         <system-err><![CDATA[]]></system-err>
      </testcase>
      <testcase name="Test Cases/TypeOfDevice/Type of device-02" classname="Test Cases/TypeOfDevice/Type of device-02" status="PASSED">
         <system-out><![CDATA[2019-04-03 16:37:08 - [TEST_CASE][PASSED] - Test Cases/TypeOfDevice/Type of device-02: Test Cases/TypeOfDevice/Type of device-02

2019-04-03 16:37:09 - [TEST_STEP][PASSED] - openBrowser(""): Browser is opened with url: ''

2019-04-03 16:37:09 - [MESSAGE][INFO] - Starting 'Chrome' driver

2019-04-03 16:37:11 - [MESSAGE][PASSED] - Browser is opened with url: ''

2019-04-03 16:37:11 - [TEST_STEP][PASSED] - navigateToUrl(url): Navigate to 'http://helpdesk.wisky.vn' successfully

2019-04-03 16:37:13 - [MESSAGE][PASSED] - Navigate to 'http://helpdesk.wisky.vn' successfully

2019-04-03 16:37:13 - [TEST_STEP][PASSED] - setText(findTestObject("TypeOfDevice/Type of device-02/Page_ODTS System/input_ODTS_username"), "admin01"): Text 'admin01' is set on object 'Object Repository/TypeOfDevice/Type of device-02/Page_ODTS System/input_ODTS_username'

2019-04-03 16:37:13 - [MESSAGE][PASSED] - Text 'admin01' is set on object 'Object Repository/TypeOfDevice/Type of device-02/Page_ODTS System/input_ODTS_username'

2019-04-03 16:37:13 - [TEST_STEP][PASSED] - setEncryptedText(findTestObject("TypeOfDevice/Type of device-02/Page_ODTS System/input_ODTS_password"), "aeHFOx8jV/A="): Text ****** has been set on object 'Object Repository/TypeOfDevice/Type of device-02/Page_ODTS System/input_ODTS_password'

2019-04-03 16:37:13 - [MESSAGE][PASSED] - Text ****** has been set on object 'Object Repository/TypeOfDevice/Type of device-02/Page_ODTS System/input_ODTS_password'

2019-04-03 16:37:13 - [TEST_STEP][PASSED] - click(findTestObject("TypeOfDevice/Type of device-02/Page_ODTS System/button_ng Nhp")): Object: 'Object Repository/TypeOfDevice/Type of device-02/Page_ODTS System/button_ng Nhp' is clicked on

2019-04-03 16:37:13 - [MESSAGE][PASSED] - Object: 'Object Repository/TypeOfDevice/Type of device-02/Page_ODTS System/button_ng Nhp' is clicked on

2019-04-03 16:37:13 - [TEST_STEP][PASSED] - click(findTestObject("TypeOfDevice/Type of device-02/Page_ODTS System/a_Loi Thit B")): Object: 'Object Repository/TypeOfDevice/Type of device-02/Page_ODTS System/a_Loi Thit B' is clicked on

2019-04-03 16:37:15 - [MESSAGE][PASSED] - Object: 'Object Repository/TypeOfDevice/Type of device-02/Page_ODTS System/a_Loi Thit B' is clicked on

2019-04-03 16:37:15 - [TEST_STEP][PASSED] - click(findTestObject("TypeOfDevice/Type of device-02/Page_ODTS System/fieldSearch")): Object: 'Object Repository/TypeOfDevice/Type of device-02/Page_ODTS System/fieldSearch' is clicked on

2019-04-03 16:37:16 - [MESSAGE][PASSED] - Object: 'Object Repository/TypeOfDevice/Type of device-02/Page_ODTS System/fieldSearch' is clicked on

2019-04-03 16:37:16 - [TEST_STEP][PASSED] - setText(findTestObject("TypeOfDevice/Type of device-02/Page_ODTS System/input"), "anhtest"): Text 'anhtest' is set on object 'Object Repository/TypeOfDevice/Type of device-02/Page_ODTS System/input'

2019-04-03 16:37:16 - [MESSAGE][PASSED] - Text 'anhtest' is set on object 'Object Repository/TypeOfDevice/Type of device-02/Page_ODTS System/input'

2019-04-03 16:37:16 - [TEST_STEP][PASSED] - click(findTestObject("TypeOfDevice/Type of device-02/Page_ODTS System/button_hihi_btn btn-info fa fa")): Object: 'Object Repository/TypeOfDevice/Type of device-02/Page_ODTS System/button_hihi_btn btn-info fa fa' is clicked on

2019-04-03 16:37:16 - [MESSAGE][PASSED] - Object: 'Object Repository/TypeOfDevice/Type of device-02/Page_ODTS System/button_hihi_btn btn-info fa fa' is clicked on

2019-04-03 16:37:16 - [TEST_STEP][PASSED] - waitForAlert(1): No alert found after 1 second(s).

2019-04-03 16:37:17 - [MESSAGE][WARNING] - No alert found after 1 second(s).

2019-04-03 16:37:17 - [TEST_STEP][PASSED] - verifyElementText(findTestObject("TypeOfDevice/Type of device-02/Page_ODTS System/p_anhtest"), "anhtest"): Actual text and expected text of test object 'Object Repository/TypeOfDevice/Type of device-02/Page_ODTS System/p_anhtest' are matched.

2019-04-03 16:37:17 - [MESSAGE][PASSED] - Actual text and expected text of test object 'Object Repository/TypeOfDevice/Type of device-02/Page_ODTS System/p_anhtest' are matched.

2019-04-03 16:37:17 - [TEST_STEP][PASSED] - verifyElementText(findTestObject("TypeOfDevice/Type of device-02/Page_ODTS System/p_CAMERA"), "Camera"): Actual text and expected text of test object 'Object Repository/TypeOfDevice/Type of device-02/Page_ODTS System/p_CAMERA' are matched.

2019-04-03 16:37:17 - [MESSAGE][PASSED] - Actual text and expected text of test object 'Object Repository/TypeOfDevice/Type of device-02/Page_ODTS System/p_CAMERA' are matched.

2019-04-03 16:37:17 - [TEST_STEP][PASSED] - verifyElementText(findTestObject("TypeOfDevice/Type of device-02/Page_ODTS System/p_hihi"), "hihi"): Actual text and expected text of test object 'Object Repository/TypeOfDevice/Type of device-02/Page_ODTS System/p_hihi' are matched.

2019-04-03 16:37:17 - [MESSAGE][PASSED] - Actual text and expected text of test object 'Object Repository/TypeOfDevice/Type of device-02/Page_ODTS System/p_hihi' are matched.

2019-04-03 16:37:17 - [TEST_STEP][PASSED] - CDATE = null: null

2019-04-03 16:37:17 - [TEST_STEP][PASSED] - UDATE = null: null

2019-04-03 16:37:17 - [TEST_STEP][PASSED] - br = null: null

2019-04-03 16:37:17 - [TEST_STEP][PASSED] - fileNameCre = "creDateTypeOfDevice.txt": null

2019-04-03 16:37:17 - [TEST_STEP][PASSED] - fileNameUp = "upDateTypeOfDevice.txt": null

2019-04-03 16:37:17 - [TEST_STEP][PASSED] - workingDirectory = System.getProperty("user.dir"): null

2019-04-03 16:37:17 - [TEST_STEP][PASSED] - absoluteFilePathCre = workingDirectory + separator + fileNameCre: null

2019-04-03 16:37:17 - [TEST_STEP][PASSED] - absoluteFilePathUp = workingDirectory + separator + fileNameUp: null

2019-04-03 16:37:17 - [TEST_STEP][PASSED] - try: null

2019-04-03 16:37:17 - [TEST_STEP][PASSED] - br = new java.io.BufferedReader(new java.io.FileReader(absoluteFilePathCre)): null

2019-04-03 16:37:17 - [TEST_STEP][PASSED] - sCurrentLine = <not implemented yet for class: org.codehaus.groovy.ast.expr.EmptyExpression>: null

2019-04-03 16:37:17 - [TEST_STEP][PASSED] - while (sCurrentLine = br.readLine() != null): null

2019-04-03 16:37:17 - [TEST_STEP][PASSED] - CDATE = sCurrentLine: null

2019-04-03 16:37:17 - [TEST_STEP][PASSED] - br = new java.io.BufferedReader(new java.io.FileReader(absoluteFilePathUp)): null

2019-04-03 16:37:17 - [TEST_STEP][PASSED] - sCurrentLine: null

2019-04-03 16:37:17 - [TEST_STEP][PASSED] - while (sCurrentLine = br.readLine() != null): null

2019-04-03 16:37:17 - [TEST_STEP][PASSED] - UDATE = sCurrentLine: null

2019-04-03 16:37:18 - [TEST_STEP][PASSED] - Finally: null

2019-04-03 16:37:18 - [TEST_STEP][PASSED] - br.close(): null

2019-04-03 16:37:18 - [TEST_STEP][PASSED] - verifyElementText(findTestObject("TypeOfDevice/Type of device-02/Page_ODTS System/p_25022019"), CDATE): Actual text and expected text of test object 'Object Repository/TypeOfDevice/Type of device-02/Page_ODTS System/p_25022019' are matched.

2019-04-03 16:37:18 - [MESSAGE][PASSED] - Actual text and expected text of test object 'Object Repository/TypeOfDevice/Type of device-02/Page_ODTS System/p_25022019' are matched.

2019-04-03 16:37:18 - [TEST_STEP][PASSED] - verifyElementText(findTestObject("TypeOfDevice/Type of device-02/Page_ODTS System/p_25022019_1"), UDATE): Actual text and expected text of test object 'Object Repository/TypeOfDevice/Type of device-02/Page_ODTS System/p_25022019_1' are matched.

2019-04-03 16:37:18 - [MESSAGE][PASSED] - Actual text and expected text of test object 'Object Repository/TypeOfDevice/Type of device-02/Page_ODTS System/p_25022019_1' are matched.

2019-04-03 16:37:18 - [TEST_STEP][PASSED] - click(findTestObject("TypeOfDevice/Type of device-02/Page_ODTS System/button_ng")): Object: 'Object Repository/TypeOfDevice/Type of device-02/Page_ODTS System/button_ng' is clicked on

2019-04-03 16:37:18 - [MESSAGE][PASSED] - Object: 'Object Repository/TypeOfDevice/Type of device-02/Page_ODTS System/button_ng' is clicked on

2019-04-03 16:37:18 - [TEST_STEP][PASSED] - closeBrowser(): Browser is closed

2019-04-03 16:37:19 - [MESSAGE][PASSED] - Browser is closed]]></system-out>
         <system-err><![CDATA[]]></system-err>
      </testcase>
      <testcase name="Test Cases/TypeOfDevice/Type of device-03" classname="Test Cases/TypeOfDevice/Type of device-03" status="PASSED">
         <system-out><![CDATA[2019-04-03 16:37:19 - [TEST_CASE][PASSED] - Test Cases/TypeOfDevice/Type of device-03: Test Cases/TypeOfDevice/Type of device-03

2019-04-03 16:37:19 - [TEST_STEP][PASSED] - openBrowser(""): Browser is opened with url: ''

2019-04-03 16:37:19 - [MESSAGE][INFO] - Starting 'Chrome' driver

2019-04-03 16:37:22 - [MESSAGE][PASSED] - Browser is opened with url: ''

2019-04-03 16:37:22 - [TEST_STEP][PASSED] - navigateToUrl(url): Navigate to 'http://helpdesk.wisky.vn' successfully

2019-04-03 16:37:23 - [MESSAGE][PASSED] - Navigate to 'http://helpdesk.wisky.vn' successfully

2019-04-03 16:37:23 - [TEST_STEP][PASSED] - setText(findTestObject("TypeOfDevice/Type of device-03/Page_ODTS System/input_ODTS_username"), "admin01"): Text 'admin01' is set on object 'Object Repository/TypeOfDevice/Type of device-03/Page_ODTS System/input_ODTS_username'

2019-04-03 16:37:24 - [MESSAGE][PASSED] - Text 'admin01' is set on object 'Object Repository/TypeOfDevice/Type of device-03/Page_ODTS System/input_ODTS_username'

2019-04-03 16:37:24 - [TEST_STEP][PASSED] - setEncryptedText(findTestObject("TypeOfDevice/Type of device-03/Page_ODTS System/input_ODTS_password"), "aeHFOx8jV/A="): Text ****** has been set on object 'Object Repository/TypeOfDevice/Type of device-03/Page_ODTS System/input_ODTS_password'

2019-04-03 16:37:24 - [MESSAGE][PASSED] - Text ****** has been set on object 'Object Repository/TypeOfDevice/Type of device-03/Page_ODTS System/input_ODTS_password'

2019-04-03 16:37:24 - [TEST_STEP][PASSED] - click(findTestObject("TypeOfDevice/Type of device-03/Page_ODTS System/button_ng Nhp")): Object: 'Object Repository/TypeOfDevice/Type of device-03/Page_ODTS System/button_ng Nhp' is clicked on

2019-04-03 16:37:24 - [MESSAGE][PASSED] - Object: 'Object Repository/TypeOfDevice/Type of device-03/Page_ODTS System/button_ng Nhp' is clicked on

2019-04-03 16:37:24 - [TEST_STEP][PASSED] - click(findTestObject("TypeOfDevice/Type of device-03/Page_ODTS System/a_Loi Thit B")): Object: 'Object Repository/TypeOfDevice/Type of device-03/Page_ODTS System/a_Loi Thit B' is clicked on

2019-04-03 16:37:26 - [MESSAGE][PASSED] - Object: 'Object Repository/TypeOfDevice/Type of device-03/Page_ODTS System/a_Loi Thit B' is clicked on

2019-04-03 16:37:26 - [TEST_STEP][PASSED] - click(findTestObject("TypeOfDevice/Type of device-03/Page_ODTS System/fieldSearch")): Object: 'Object Repository/TypeOfDevice/Type of device-03/Page_ODTS System/fieldSearch' is clicked on

2019-04-03 16:37:27 - [MESSAGE][PASSED] - Object: 'Object Repository/TypeOfDevice/Type of device-03/Page_ODTS System/fieldSearch' is clicked on

2019-04-03 16:37:27 - [TEST_STEP][PASSED] - setText(findTestObject("TypeOfDevice/Type of device-03/Page_ODTS System/input"), "anhtest"): Text 'anhtest' is set on object 'Object Repository/TypeOfDevice/Type of device-03/Page_ODTS System/input'

2019-04-03 16:37:27 - [MESSAGE][PASSED] - Text 'anhtest' is set on object 'Object Repository/TypeOfDevice/Type of device-03/Page_ODTS System/input'

2019-04-03 16:37:27 - [TEST_STEP][PASSED] - click(findTestObject("TypeOfDevice/Type of device-03/Page_ODTS System/button_hihi_btn btn-warning fa")): Object: 'Object Repository/TypeOfDevice/Type of device-03/Page_ODTS System/button_hihi_btn btn-warning fa' is clicked on

2019-04-03 16:37:27 - [MESSAGE][PASSED] - Object: 'Object Repository/TypeOfDevice/Type of device-03/Page_ODTS System/button_hihi_btn btn-warning fa' is clicked on

2019-04-03 16:37:27 - [TEST_STEP][PASSED] - waitForAlert(1): No alert found after 1 second(s).

2019-04-03 16:37:28 - [MESSAGE][WARNING] - No alert found after 1 second(s).

2019-04-03 16:37:28 - [TEST_STEP][PASSED] - setText(findTestObject("TypeOfDevice/Type of device-03/Page_ODTS System/input_Tn Loi Thit B_dtNameCrea"), "anhtest22"): Text 'anhtest22' is set on object 'Object Repository/TypeOfDevice/Type of device-03/Page_ODTS System/input_Tn Loi Thit B_dtNameCrea'

2019-04-03 16:37:28 - [MESSAGE][PASSED] - Text 'anhtest22' is set on object 'Object Repository/TypeOfDevice/Type of device-03/Page_ODTS System/input_Tn Loi Thit B_dtNameCrea'

2019-04-03 16:37:28 - [TEST_STEP][PASSED] - waitForAlert(1): No alert found after 1 second(s).

2019-04-03 16:37:29 - [MESSAGE][WARNING] - No alert found after 1 second(s).

2019-04-03 16:37:29 - [TEST_STEP][PASSED] - selectOptionByValue(findTestObject("Object Repository/TypeOfDevice/Type of device-03/Page_ODTS System/select_--Chn Loi Dch V--WIFICA"), "52", true): All options with value '52' are selected in object 'Object Repository/TypeOfDevice/Type of device-03/Page_ODTS System/select_--Chn Loi Dch V--WIFICA'  using regular expression

2019-04-03 16:37:30 - [MESSAGE][PASSED] - All options with value '52' are selected in object 'Object Repository/TypeOfDevice/Type of device-03/Page_ODTS System/select_--Chn Loi Dch V--WIFICA'  using regular expression

2019-04-03 16:37:30 - [TEST_STEP][PASSED] - waitForAlert(1): No alert found after 1 second(s).

2019-04-03 16:37:31 - [MESSAGE][WARNING] - No alert found after 1 second(s).

2019-04-03 16:37:31 - [TEST_STEP][PASSED] - setText(findTestObject("TypeOfDevice/Type of device-03/Page_ODTS System/input_M T Loi Thit B_dtDescrip"), "hihi22"): Text 'hihi22' is set on object 'Object Repository/TypeOfDevice/Type of device-03/Page_ODTS System/input_M T Loi Thit B_dtDescrip'

2019-04-03 16:37:31 - [MESSAGE][PASSED] - Text 'hihi22' is set on object 'Object Repository/TypeOfDevice/Type of device-03/Page_ODTS System/input_M T Loi Thit B_dtDescrip'

2019-04-03 16:37:31 - [TEST_STEP][PASSED] - waitForAlert(1): No alert found after 1 second(s).

2019-04-03 16:37:32 - [MESSAGE][WARNING] - No alert found after 1 second(s).

2019-04-03 16:37:32 - [TEST_STEP][PASSED] - UDATE = SimpleDateFormat(dd/MM/yyyy).format(getInstance().getTime()): null

2019-04-03 16:37:32 - [TEST_STEP][PASSED] - writer = null: null

2019-04-03 16:37:32 - [TEST_STEP][PASSED] - fileNameCre = "creDateTypeOfDevice.txt": null

2019-04-03 16:37:32 - [TEST_STEP][PASSED] - fileNameUp = "upDateTypeOfDevice.txt": null

2019-04-03 16:37:32 - [TEST_STEP][PASSED] - workingDirectory = System.getProperty("user.dir"): null

2019-04-03 16:37:32 - [TEST_STEP][PASSED] - absoluteFilePathCre = workingDirectory + separator + fileNameCre: null

2019-04-03 16:37:32 - [TEST_STEP][PASSED] - absoluteFilePathUp = workingDirectory + separator + fileNameUp: null

2019-04-03 16:37:32 - [TEST_STEP][PASSED] - try: null

2019-04-03 16:37:32 - [TEST_STEP][PASSED] - writer = new java.io.BufferedWriter(new java.io.OutputStreamWriter(new java.io.FileOutputStream(absoluteFilePathUp), utf-8)): null

2019-04-03 16:37:32 - [TEST_STEP][PASSED] - writer.write(UDATE): null

2019-04-03 16:37:32 - [TEST_STEP][PASSED] - Finally: null

2019-04-03 16:37:32 - [TEST_STEP][PASSED] - try: null

2019-04-03 16:37:32 - [TEST_STEP][PASSED] - writer.close(): null

2019-04-03 16:37:32 - [TEST_STEP][PASSED] - click(findTestObject("TypeOfDevice/Type of device-03/Page_ODTS System/button_Cp Nht")): Object: 'Object Repository/TypeOfDevice/Type of device-03/Page_ODTS System/button_Cp Nht' is clicked on

2019-04-03 16:37:32 - [MESSAGE][PASSED] - Object: 'Object Repository/TypeOfDevice/Type of device-03/Page_ODTS System/button_Cp Nht' is clicked on

2019-04-03 16:37:32 - [TEST_STEP][PASSED] - waitForAlert(1): No alert found after 1 second(s).

2019-04-03 16:37:33 - [MESSAGE][WARNING] - No alert found after 1 second(s).

2019-04-03 16:37:33 - [TEST_STEP][PASSED] - click(findTestObject("TypeOfDevice/Type of device-03/Page_ODTS System/button_OK")): Object: 'Object Repository/TypeOfDevice/Type of device-03/Page_ODTS System/button_OK' is clicked on

2019-04-03 16:37:34 - [MESSAGE][PASSED] - Object: 'Object Repository/TypeOfDevice/Type of device-03/Page_ODTS System/button_OK' is clicked on

2019-04-03 16:37:34 - [TEST_STEP][PASSED] - waitForAlert(1): No alert found after 1 second(s).

2019-04-03 16:37:35 - [MESSAGE][WARNING] - No alert found after 1 second(s).

2019-04-03 16:37:35 - [TEST_STEP][PASSED] - click(findTestObject("TypeOfDevice/Type of device-03/Page_ODTS System/button_hihi22_btn btn-info fa")): Object: 'Object Repository/TypeOfDevice/Type of device-03/Page_ODTS System/button_hihi22_btn btn-info fa' is clicked on

2019-04-03 16:37:35 - [MESSAGE][PASSED] - Object: 'Object Repository/TypeOfDevice/Type of device-03/Page_ODTS System/button_hihi22_btn btn-info fa' is clicked on

2019-04-03 16:37:35 - [TEST_STEP][PASSED] - waitForAlert(1): No alert found after 1 second(s).

2019-04-03 16:37:36 - [MESSAGE][WARNING] - No alert found after 1 second(s).

2019-04-03 16:37:36 - [TEST_STEP][PASSED] - verifyElementText(findTestObject("TypeOfDevice/Type of device-03/Page_ODTS System/p_anhtest22"), "anhtest22"): Actual text and expected text of test object 'Object Repository/TypeOfDevice/Type of device-03/Page_ODTS System/p_anhtest22' are matched.

2019-04-03 16:37:36 - [MESSAGE][PASSED] - Actual text and expected text of test object 'Object Repository/TypeOfDevice/Type of device-03/Page_ODTS System/p_anhtest22' are matched.

2019-04-03 16:37:36 - [TEST_STEP][PASSED] - verifyElementText(findTestObject("TypeOfDevice/Type of device-03/Page_ODTS System/p_WIFI"), "Wifi Marketing"): Actual text and expected text of test object 'Object Repository/TypeOfDevice/Type of device-03/Page_ODTS System/p_WIFI' are matched.

2019-04-03 16:37:36 - [MESSAGE][PASSED] - Actual text and expected text of test object 'Object Repository/TypeOfDevice/Type of device-03/Page_ODTS System/p_WIFI' are matched.

2019-04-03 16:37:36 - [TEST_STEP][PASSED] - verifyElementText(findTestObject("TypeOfDevice/Type of device-03/Page_ODTS System/p_hihi22"), "hihi22"): Actual text and expected text of test object 'Object Repository/TypeOfDevice/Type of device-03/Page_ODTS System/p_hihi22' are matched.

2019-04-03 16:37:36 - [MESSAGE][PASSED] - Actual text and expected text of test object 'Object Repository/TypeOfDevice/Type of device-03/Page_ODTS System/p_hihi22' are matched.

2019-04-03 16:37:36 - [TEST_STEP][PASSED] - CDATE = null: null

2019-04-03 16:37:36 - [TEST_STEP][PASSED] - br = null: null

2019-04-03 16:37:36 - [TEST_STEP][PASSED] - try: null

2019-04-03 16:37:36 - [TEST_STEP][PASSED] - br = new java.io.BufferedReader(new java.io.FileReader(absoluteFilePathCre)): null

2019-04-03 16:37:36 - [TEST_STEP][PASSED] - sCurrentLine = <not implemented yet for class: org.codehaus.groovy.ast.expr.EmptyExpression>: null

2019-04-03 16:37:36 - [TEST_STEP][PASSED] - while (sCurrentLine = br.readLine() != null): null

2019-04-03 16:37:36 - [TEST_STEP][PASSED] - CDATE = sCurrentLine: null

2019-04-03 16:37:36 - [TEST_STEP][PASSED] - Finally: null

2019-04-03 16:37:36 - [TEST_STEP][PASSED] - br.close(): null

2019-04-03 16:37:36 - [TEST_STEP][PASSED] - verifyElementText(findTestObject("TypeOfDevice/Type of device-03/Page_ODTS System/p_25022019"), CDATE): Actual text and expected text of test object 'Object Repository/TypeOfDevice/Type of device-03/Page_ODTS System/p_25022019' are matched.

2019-04-03 16:37:36 - [MESSAGE][PASSED] - Actual text and expected text of test object 'Object Repository/TypeOfDevice/Type of device-03/Page_ODTS System/p_25022019' are matched.

2019-04-03 16:37:36 - [TEST_STEP][PASSED] - verifyElementText(findTestObject("TypeOfDevice/Type of device-03/Page_ODTS System/p_25022019_1"), UDATE): Actual text and expected text of test object 'Object Repository/TypeOfDevice/Type of device-03/Page_ODTS System/p_25022019_1' are matched.

2019-04-03 16:37:36 - [MESSAGE][PASSED] - Actual text and expected text of test object 'Object Repository/TypeOfDevice/Type of device-03/Page_ODTS System/p_25022019_1' are matched.

2019-04-03 16:37:36 - [TEST_STEP][PASSED] - click(findTestObject("TypeOfDevice/Type of device-03/Page_ODTS System/button_ng")): Object: 'Object Repository/TypeOfDevice/Type of device-03/Page_ODTS System/button_ng' is clicked on

2019-04-03 16:37:36 - [MESSAGE][PASSED] - Object: 'Object Repository/TypeOfDevice/Type of device-03/Page_ODTS System/button_ng' is clicked on

2019-04-03 16:37:36 - [TEST_STEP][PASSED] - closeBrowser(): Browser is closed

2019-04-03 16:37:38 - [MESSAGE][PASSED] - Browser is closed]]></system-out>
         <system-err><![CDATA[]]></system-err>
      </testcase>
      <testcase name="Test Cases/TypeOfDevice/Type of device-04" classname="Test Cases/TypeOfDevice/Type of device-04" status="PASSED">
         <system-out><![CDATA[2019-04-03 16:37:38 - [TEST_CASE][PASSED] - Test Cases/TypeOfDevice/Type of device-04: Test Cases/TypeOfDevice/Type of device-04

2019-04-03 16:37:39 - [TEST_STEP][PASSED] - openBrowser(""): Browser is opened with url: ''

2019-04-03 16:37:39 - [MESSAGE][INFO] - Starting 'Chrome' driver

2019-04-03 16:37:42 - [MESSAGE][PASSED] - Browser is opened with url: ''

2019-04-03 16:37:42 - [TEST_STEP][PASSED] - navigateToUrl(url): Navigate to 'http://helpdesk.wisky.vn' successfully

2019-04-03 16:37:46 - [MESSAGE][PASSED] - Navigate to 'http://helpdesk.wisky.vn' successfully

2019-04-03 16:37:46 - [TEST_STEP][PASSED] - setText(findTestObject("TypeOfDevice/Type of device-04/Page_ODTS System/input_ODTS_username"), "admin01"): Text 'admin01' is set on object 'Object Repository/TypeOfDevice/Type of device-04/Page_ODTS System/input_ODTS_username'

2019-04-03 16:37:46 - [MESSAGE][PASSED] - Text 'admin01' is set on object 'Object Repository/TypeOfDevice/Type of device-04/Page_ODTS System/input_ODTS_username'

2019-04-03 16:37:46 - [TEST_STEP][PASSED] - setEncryptedText(findTestObject("TypeOfDevice/Type of device-04/Page_ODTS System/input_ODTS_password"), "aeHFOx8jV/A="): Text ****** has been set on object 'Object Repository/TypeOfDevice/Type of device-04/Page_ODTS System/input_ODTS_password'

2019-04-03 16:37:46 - [MESSAGE][PASSED] - Text ****** has been set on object 'Object Repository/TypeOfDevice/Type of device-04/Page_ODTS System/input_ODTS_password'

2019-04-03 16:37:46 - [TEST_STEP][PASSED] - click(findTestObject("TypeOfDevice/Type of device-04/Page_ODTS System/button_ng Nhp")): Object: 'Object Repository/TypeOfDevice/Type of device-04/Page_ODTS System/button_ng Nhp' is clicked on

2019-04-03 16:37:47 - [MESSAGE][PASSED] - Object: 'Object Repository/TypeOfDevice/Type of device-04/Page_ODTS System/button_ng Nhp' is clicked on

2019-04-03 16:37:47 - [TEST_STEP][PASSED] - click(findTestObject("TypeOfDevice/Type of device-04/Page_ODTS System/a_Loi Thit B")): Object: 'Object Repository/TypeOfDevice/Type of device-04/Page_ODTS System/a_Loi Thit B' is clicked on

2019-04-03 16:37:49 - [MESSAGE][PASSED] - Object: 'Object Repository/TypeOfDevice/Type of device-04/Page_ODTS System/a_Loi Thit B' is clicked on

2019-04-03 16:37:49 - [TEST_STEP][PASSED] - click(findTestObject("TypeOfDevice/Type of device-04/Page_ODTS System/fieldSearch")): Object: 'Object Repository/TypeOfDevice/Type of device-04/Page_ODTS System/fieldSearch' is clicked on

2019-04-03 16:37:49 - [MESSAGE][PASSED] - Object: 'Object Repository/TypeOfDevice/Type of device-04/Page_ODTS System/fieldSearch' is clicked on

2019-04-03 16:37:49 - [TEST_STEP][PASSED] - setText(findTestObject("TypeOfDevice/Type of device-04/Page_ODTS System/input"), "anhtest"): Text 'anhtest' is set on object 'Object Repository/TypeOfDevice/Type of device-04/Page_ODTS System/input'

2019-04-03 16:37:49 - [MESSAGE][PASSED] - Text 'anhtest' is set on object 'Object Repository/TypeOfDevice/Type of device-04/Page_ODTS System/input'

2019-04-03 16:37:49 - [TEST_STEP][PASSED] - click(findTestObject("TypeOfDevice/Type of device-04/Page_ODTS System/button_hihi22_btn btn-danger f")): Object: 'Object Repository/TypeOfDevice/Type of device-04/Page_ODTS System/button_hihi22_btn btn-danger f' is clicked on

2019-04-03 16:37:49 - [MESSAGE][PASSED] - Object: 'Object Repository/TypeOfDevice/Type of device-04/Page_ODTS System/button_hihi22_btn btn-danger f' is clicked on

2019-04-03 16:37:49 - [TEST_STEP][PASSED] - click(findTestObject("TypeOfDevice/Type of device-04/Page_ODTS System/button_Chp Nhn Xa")): Object: 'Object Repository/TypeOfDevice/Type of device-04/Page_ODTS System/button_Chp Nhn Xa' is clicked on

2019-04-03 16:37:49 - [MESSAGE][PASSED] - Object: 'Object Repository/TypeOfDevice/Type of device-04/Page_ODTS System/button_Chp Nhn Xa' is clicked on

2019-04-03 16:37:49 - [TEST_STEP][PASSED] - waitForAlert(1): No alert found after 1 second(s).

2019-04-03 16:37:50 - [MESSAGE][WARNING] - No alert found after 1 second(s).

2019-04-03 16:37:50 - [TEST_STEP][PASSED] - click(findTestObject("TypeOfDevice/Type of device-04/Page_ODTS System/button_OK")): Object: 'Object Repository/TypeOfDevice/Type of device-04/Page_ODTS System/button_OK' is clicked on

2019-04-03 16:37:51 - [MESSAGE][PASSED] - Object: 'Object Repository/TypeOfDevice/Type of device-04/Page_ODTS System/button_OK' is clicked on

2019-04-03 16:37:51 - [TEST_STEP][PASSED] - verifyElementVisible(findTestObject("TypeOfDevice/Type of device-04/Page_ODTS System/td_Khng c d liu ph hp")): Object 'Object Repository/TypeOfDevice/Type of device-04/Page_ODTS System/td_Khng c d liu ph hp' is visible

2019-04-03 16:37:51 - [MESSAGE][PASSED] - Object 'Object Repository/TypeOfDevice/Type of device-04/Page_ODTS System/td_Khng c d liu ph hp' is visible

2019-04-03 16:37:51 - [TEST_STEP][PASSED] - fileNameCre = "creDateTypeOfDevice.txt": null

2019-04-03 16:37:51 - [TEST_STEP][PASSED] - fileNameUp = "upDateTypeOfDevice.txt": null

2019-04-03 16:37:51 - [TEST_STEP][PASSED] - workingDirectory = System.getProperty("user.dir"): null

2019-04-03 16:37:51 - [TEST_STEP][PASSED] - absoluteFilePathCre = workingDirectory + separator + fileNameCre: null

2019-04-03 16:37:51 - [TEST_STEP][PASSED] - absoluteFilePathUp = workingDirectory + separator + fileNameUp: null

2019-04-03 16:37:51 - [TEST_STEP][PASSED] - writer2 = new java.io.PrintWriter(absoluteFilePathCre): null

2019-04-03 16:37:51 - [TEST_STEP][PASSED] - writer2.print(""): null

2019-04-03 16:37:51 - [TEST_STEP][PASSED] - writer2.close(): null

2019-04-03 16:37:51 - [TEST_STEP][PASSED] - writer = new java.io.PrintWriter(absoluteFilePathUp): null

2019-04-03 16:37:51 - [TEST_STEP][PASSED] - writer.print(""): null

2019-04-03 16:37:51 - [TEST_STEP][PASSED] - writer.close(): null

2019-04-03 16:37:51 - [TEST_STEP][PASSED] - closeBrowser(): Browser is closed

2019-04-03 16:37:51 - [MESSAGE][PASSED] - Browser is closed]]></system-out>
         <system-err><![CDATA[]]></system-err>
      </testcase>
      <system-out><![CDATA[2019-04-03 16:36:44 - [TEST_SUITE][PASSED] - TypeOfDevice01-02-03-04: Test Cases/TypeOfDevice/Type of device-04]]></system-out>
      <system-err><![CDATA[]]></system-err>
   </testsuite>
</testsuites>
